{"C:\\Users\\rafae\\OneDrive\\Escritorio\\Caso-1\\src\\App.tsx": {"path":"C:\\Users\\rafae\\OneDrive\\Escritorio\\Caso-1\\src\\App.tsx","statementMap":{"0":{"start":{"line":53,"column":0},"end":{"line":53,"column":24}},"1":{"start":{"line":1,"column":0},"end":{"line":1,"column":51}},"2":{"start":{"line":2,"column":0},"end":{"line":2,"column":72}},"3":{"start":{"line":4,"column":0},"end":{"line":4,"column":60}},"4":{"start":{"line":5,"column":0},"end":{"line":5,"column":84}},"5":{"start":{"line":6,"column":0},"end":{"line":6,"column":58}},"6":{"start":{"line":7,"column":0},"end":{"line":7,"column":42}},"7":{"start":{"line":8,"column":0},"end":{"line":8,"column":30}},"8":{"start":{"line":13,"column":82},"end":{"line":39,"column":1}},"9":{"start":{"line":18,"column":2},"end":{"line":38,"column":4}},"10":{"start":{"line":42,"column":35},"end":{"line":51,"column":1}},"11":{"start":{"line":43,"column":2},"end":{"line":50,"column":4}},"12":{"start":{"line":54,"column":26},"end":{"line":54,"column":53}},"13":{"start":{"line":55,"column":32},"end":{"line":55,"column":46}},"14":{"start":{"line":56,"column":19},"end":{"line":56,"column":32}},"15":{"start":{"line":58,"column":2},"end":{"line":121,"column":26}},"16":{"start":{"line":59,"column":18},"end":{"line":59,"column":22}},"17":{"start":{"line":62,"column":22},"end":{"line":79,"column":5}},"18":{"start":{"line":63,"column":6},"end":{"line":78,"column":7}},"19":{"start":{"line":66,"column":12},"end":{"line":66,"column":44}},"20":{"start":{"line":68,"column":8},"end":{"line":71,"column":9}},"21":{"start":{"line":69,"column":10},"end":{"line":69,"column":41}},"22":{"start":{"line":70,"column":10},"end":{"line":70,"column":28}},"23":{"start":{"line":73,"column":8},"end":{"line":73,"column":51}},"24":{"start":{"line":74,"column":8},"end":{"line":77,"column":9}},"25":{"start":{"line":75,"column":10},"end":{"line":75,"column":24}},"26":{"start":{"line":76,"column":10},"end":{"line":76,"column":28}},"27":{"start":{"line":82,"column":30},"end":{"line":88,"column":12}},"28":{"start":{"line":83,"column":6},"end":{"line":87,"column":7}},"29":{"start":{"line":84,"column":8},"end":{"line":84,"column":60}},"30":{"start":{"line":85,"column":8},"end":{"line":85,"column":22}},"31":{"start":{"line":86,"column":8},"end":{"line":86,"column":26}},"32":{"start":{"line":90,"column":4},"end":{"line":90,"column":16}},"33":{"start":{"line":95,"column":8},"end":{"line":114,"column":6}},"34":{"start":{"line":96,"column":6},"end":{"line":98,"column":7}},"35":{"start":{"line":97,"column":8},"end":{"line":97,"column":15}},"36":{"start":{"line":100,"column":6},"end":{"line":100,"column":47}},"37":{"start":{"line":101,"column":26},"end":{"line":101,"column":47}},"38":{"start":{"line":104,"column":6},"end":{"line":104,"column":27}},"39":{"start":{"line":107,"column":6},"end":{"line":113,"column":7}},"40":{"start":{"line":108,"column":8},"end":{"line":108,"column":26}},"41":{"start":{"line":109,"column":8},"end":{"line":109,"column":31}},"42":{"start":{"line":110,"column":13},"end":{"line":113,"column":7}},"43":{"start":{"line":111,"column":8},"end":{"line":111,"column":26}},"44":{"start":{"line":112,"column":8},"end":{"line":112,"column":27}},"45":{"start":{"line":116,"column":4},"end":{"line":120,"column":6}},"46":{"start":{"line":117,"column":6},"end":{"line":117,"column":22}},"47":{"start":{"line":118,"column":6},"end":{"line":118,"column":38}},"48":{"start":{"line":119,"column":6},"end":{"line":119,"column":33}},"49":{"start":{"line":123,"column":23},"end":{"line":145,"column":3}},"50":{"start":{"line":124,"column":4},"end":{"line":144,"column":5}},"51":{"start":{"line":125,"column":6},"end":{"line":125,"column":41}},"52":{"start":{"line":128,"column":6},"end":{"line":128,"column":23}},"53":{"start":{"line":131,"column":6},"end":{"line":131,"column":36}},"54":{"start":{"line":133,"column":6},"end":{"line":133,"column":39}},"55":{"start":{"line":138,"column":6},"end":{"line":138,"column":52}},"56":{"start":{"line":141,"column":6},"end":{"line":141,"column":20}},"57":{"start":{"line":142,"column":6},"end":{"line":142,"column":24}},"58":{"start":{"line":143,"column":6},"end":{"line":143,"column":25}},"59":{"start":{"line":148,"column":2},"end":{"line":160,"column":3}},"60":{"start":{"line":149,"column":4},"end":{"line":159,"column":6}},"61":{"start":{"line":162,"column":2},"end":{"line":197,"column":4}},"62":{"start":{"line":171,"column":53},"end":{"line":171,"column":75}}},"fnMap":{"0":{"name":"(anonymous_10)","decl":{"start":{"line":13,"column":82},"end":{"line":13,"column":83}},"loc":{"start":{"line":17,"column":5},"end":{"line":39,"column":1}}},"1":{"name":"(anonymous_11)","decl":{"start":{"line":42,"column":35},"end":{"line":42,"column":38}},"loc":{"start":{"line":42,"column":40},"end":{"line":51,"column":1}}},"2":{"name":"App","decl":{"start":{"line":53,"column":24},"end":{"line":53,"column":27}},"loc":{"start":{"line":53,"column":27},"end":{"line":198,"column":1}}},"3":{"name":"(anonymous_13)","decl":{"start":{"line":58,"column":12},"end":{"line":58,"column":15}},"loc":{"start":{"line":58,"column":17},"end":{"line":121,"column":3}}},"4":{"name":"(anonymous_14)","decl":{"start":{"line":62,"column":22},"end":{"line":62,"column":27}},"loc":{"start":{"line":62,"column":33},"end":{"line":79,"column":5}}},"5":{"name":"(anonymous_15)","decl":{"start":{"line":82,"column":41},"end":{"line":82,"column":44}},"loc":{"start":{"line":82,"column":46},"end":{"line":88,"column":5}}},"6":{"name":"(anonymous_16)","decl":{"start":{"line":95,"column":40},"end":{"line":95,"column":41}},"loc":{"start":{"line":95,"column":59},"end":{"line":114,"column":5}}},"7":{"name":"(anonymous_17)","decl":{"start":{"line":116,"column":11},"end":{"line":116,"column":14}},"loc":{"start":{"line":116,"column":16},"end":{"line":120,"column":5}}},"8":{"name":"(anonymous_18)","decl":{"start":{"line":123,"column":23},"end":{"line":123,"column":28}},"loc":{"start":{"line":123,"column":34},"end":{"line":145,"column":3}}},"9":{"name":"(anonymous_19)","decl":{"start":{"line":171,"column":47},"end":{"line":171,"column":50}},"loc":{"start":{"line":171,"column":53},"end":{"line":171,"column":75}}}},"branchMap":{"0":{"loc":{"start":{"line":16,"column":2},"end":{"line":16,"column":17}},"type":"default-arg","locations":[{"start":{"line":16,"column":12},"end":{"line":16,"column":17}}]},"1":{"loc":{"start":{"line":30,"column":13},"end":{"line":31,"column":null}},"type":"binary-expr","locations":[{"start":{"line":30,"column":13},"end":{"line":30,"column":20}},{"start":{"line":31,"column":14},"end":{"line":31,"column":91}}]},"2":{"loc":{"start":{"line":33,"column":13},"end":{"line":33,"column":50}},"type":"cond-expr","locations":[{"start":{"line":33,"column":23},"end":{"line":33,"column":39}},{"start":{"line":33,"column":42},"end":{"line":33,"column":50}}]},"3":{"loc":{"start":{"line":68,"column":8},"end":{"line":71,"column":9}},"type":"if","locations":[{"start":{"line":68,"column":8},"end":{"line":71,"column":9}}]},"4":{"loc":{"start":{"line":69,"column":18},"end":{"line":69,"column":39}},"type":"binary-expr","locations":[{"start":{"line":69,"column":18},"end":{"line":69,"column":31}},{"start":{"line":69,"column":35},"end":{"line":69,"column":39}}]},"5":{"loc":{"start":{"line":74,"column":8},"end":{"line":77,"column":9}},"type":"if","locations":[{"start":{"line":74,"column":8},"end":{"line":77,"column":9}}]},"6":{"loc":{"start":{"line":83,"column":6},"end":{"line":87,"column":7}},"type":"if","locations":[{"start":{"line":83,"column":6},"end":{"line":87,"column":7}}]},"7":{"loc":{"start":{"line":83,"column":10},"end":{"line":83,"column":28}},"type":"binary-expr","locations":[{"start":{"line":83,"column":10},"end":{"line":83,"column":17}},{"start":{"line":83,"column":21},"end":{"line":83,"column":28}}]},"8":{"loc":{"start":{"line":96,"column":6},"end":{"line":98,"column":7}},"type":"if","locations":[{"start":{"line":96,"column":6},"end":{"line":98,"column":7}}]},"9":{"loc":{"start":{"line":101,"column":26},"end":{"line":101,"column":47}},"type":"binary-expr","locations":[{"start":{"line":101,"column":26},"end":{"line":101,"column":39}},{"start":{"line":101,"column":43},"end":{"line":101,"column":47}}]},"10":{"loc":{"start":{"line":107,"column":6},"end":{"line":113,"column":7}},"type":"if","locations":[{"start":{"line":107,"column":6},"end":{"line":113,"column":7}},{"start":{"line":110,"column":13},"end":{"line":113,"column":7}}]},"11":{"loc":{"start":{"line":107,"column":10},"end":{"line":107,"column":46}},"type":"binary-expr","locations":[{"start":{"line":107,"column":10},"end":{"line":107,"column":31}},{"start":{"line":107,"column":35},"end":{"line":107,"column":46}}]},"12":{"loc":{"start":{"line":110,"column":13},"end":{"line":113,"column":7}},"type":"if","locations":[{"start":{"line":110,"column":13},"end":{"line":113,"column":7}}]},"13":{"loc":{"start":{"line":148,"column":2},"end":{"line":160,"column":3}},"type":"if","locations":[{"start":{"line":148,"column":2},"end":{"line":160,"column":3}}]},"14":{"loc":{"start":{"line":164,"column":7},"end":{"line":164,"column":36}},"type":"binary-expr","locations":[{"start":{"line":164,"column":7},"end":{"line":164,"column":12}},{"start":{"line":164,"column":16},"end":{"line":164,"column":36}}]},"15":{"loc":{"start":{"line":170,"column":12},"end":{"line":173,"column":null}},"type":"cond-expr","locations":[{"start":{"line":171,"column":14},"end":{"line":171,"column":79}},{"start":{"line":173,"column":14},"end":{"line":173,"column":42}}]},"16":{"loc":{"start":{"line":181,"column":12},"end":{"line":189,"column":null}},"type":"cond-expr","locations":[{"start":{"line":182,"column":14},"end":{"line":186,"column":null}},{"start":{"line":189,"column":14},"end":{"line":189,"column":38}}]},"17":{"loc":{"start":{"line":194,"column":47},"end":{"line":194,"column":77}},"type":"cond-expr","locations":[{"start":{"line":194,"column":54},"end":{"line":194,"column":66}},{"start":{"line":194,"column":69},"end":{"line":194,"column":77}}]}},"s":{"0":0,"1":0,"2":0,"3":0,"4":0,"5":0,"6":0,"7":0,"8":0,"9":0,"10":0,"11":0,"12":0,"13":0,"14":0,"15":0,"16":0,"17":0,"18":0,"19":0,"20":0,"21":0,"22":0,"23":0,"24":0,"25":0,"26":0,"27":0,"28":0,"29":0,"30":0,"31":0,"32":0,"33":0,"34":0,"35":0,"36":0,"37":0,"38":0,"39":0,"40":0,"41":0,"42":0,"43":0,"44":0,"45":0,"46":0,"47":0,"48":0,"49":0,"50":0,"51":0,"52":0,"53":0,"54":0,"55":0,"56":0,"57":0,"58":0,"59":0,"60":0,"61":0,"62":0},"f":{"0":0,"1":0,"2":0,"3":0,"4":0,"5":0,"6":0,"7":0,"8":0,"9":0},"b":{"0":[0],"1":[0,0],"2":[0,0],"3":[0],"4":[0,0],"5":[0],"6":[0],"7":[0,0],"8":[0],"9":[0,0],"10":[0,0],"11":[0,0],"12":[0],"13":[0],"14":[0,0],"15":[0,0],"16":[0,0],"17":[0,0]}}
,"C:\\Users\\rafae\\OneDrive\\Escritorio\\Caso-1\\src\\AppPrototype.tsx": {"path":"C:\\Users\\rafae\\OneDrive\\Escritorio\\Caso-1\\src\\AppPrototype.tsx","statementMap":{"0":{"start":{"line":1,"column":0},"end":{"line":1,"column":26}},"1":{"start":{"line":3,"column":0},"end":{"line":3,"column":84}},"2":{"start":{"line":6,"column":2},"end":{"line":10,"column":4}},"3":{"start":{"line":13,"column":0},"end":{"line":13,"column":19}}},"fnMap":{"0":{"name":"App","decl":{"start":{"line":5,"column":9},"end":{"line":5,"column":12}},"loc":{"start":{"line":5,"column":12},"end":{"line":11,"column":1}}}},"branchMap":{},"s":{"0":0,"1":0,"2":0,"3":0},"f":{"0":0},"b":{}}
,"C:\\Users\\rafae\\OneDrive\\Escritorio\\Caso-1\\src\\auth\\twoFactorAuth.ts": {"path":"C:\\Users\\rafae\\OneDrive\\Escritorio\\Caso-1\\src\\auth\\twoFactorAuth.ts","statementMap":{"0":{"start":{"line":3,"column":0},"end":{"line":3,"column":36}},"1":{"start":{"line":41,"column":10},"end":{"line":41,"column":59}},"2":{"start":{"line":42,"column":10},"end":{"line":42,"column":89}},"3":{"start":{"line":43,"column":10},"end":{"line":43,"column":26}},"4":{"start":{"line":44,"column":10},"end":{"line":44,"column":43}},"5":{"start":{"line":49,"column":4},"end":{"line":51,"column":5}},"6":{"start":{"line":50,"column":6},"end":{"line":50,"column":65}},"7":{"start":{"line":52,"column":4},"end":{"line":52,"column":41}},"8":{"start":{"line":62,"column":4},"end":{"line":107,"column":5}},"9":{"start":{"line":63,"column":6},"end":{"line":66,"column":9}},"10":{"start":{"line":69,"column":21},"end":{"line":69,"column":42}},"11":{"start":{"line":70,"column":26},"end":{"line":70,"column":52}},"12":{"start":{"line":73,"column":21},"end":{"line":73,"column":60}},"13":{"start":{"line":75,"column":38},"end":{"line":80,"column":8}},"14":{"start":{"line":83,"column":6},"end":{"line":83,"column":44}},"15":{"start":{"line":85,"column":6},"end":{"line":91,"column":9}},"16":{"start":{"line":93,"column":6},"end":{"line":98,"column":8}},"17":{"start":{"line":100,"column":6},"end":{"line":102,"column":9}},"18":{"start":{"line":103,"column":6},"end":{"line":106,"column":8}},"19":{"start":{"line":114,"column":4},"end":{"line":149,"column":5}},"20":{"start":{"line":115,"column":21},"end":{"line":115,"column":50}},"21":{"start":{"line":116,"column":6},"end":{"line":121,"column":7}},"22":{"start":{"line":117,"column":8},"end":{"line":120,"column":10}},"23":{"start":{"line":123,"column":22},"end":{"line":123,"column":64}},"24":{"start":{"line":125,"column":6},"end":{"line":140,"column":7}},"25":{"start":{"line":127,"column":8},"end":{"line":127,"column":30}},"26":{"start":{"line":128,"column":8},"end":{"line":128,"column":37}},"27":{"start":{"line":129,"column":8},"end":{"line":129,"column":46}},"28":{"start":{"line":131,"column":8},"end":{"line":131,"column":64}},"29":{"start":{"line":133,"column":8},"end":{"line":133,"column":33}},"30":{"start":{"line":135,"column":8},"end":{"line":135,"column":74}},"31":{"start":{"line":136,"column":8},"end":{"line":139,"column":10}},"32":{"start":{"line":142,"column":6},"end":{"line":144,"column":9}},"33":{"start":{"line":145,"column":6},"end":{"line":148,"column":8}},"34":{"start":{"line":156,"column":4},"end":{"line":218,"column":5}},"35":{"start":{"line":158,"column":6},"end":{"line":164,"column":7}},"36":{"start":{"line":159,"column":31},"end":{"line":159,"column":70}},"37":{"start":{"line":160,"column":8},"end":{"line":163,"column":10}},"38":{"start":{"line":166,"column":21},"end":{"line":166,"column":50}},"39":{"start":{"line":167,"column":6},"end":{"line":172,"column":7}},"40":{"start":{"line":168,"column":8},"end":{"line":171,"column":10}},"41":{"start":{"line":174,"column":20},"end":{"line":174,"column":25}},"42":{"start":{"line":177,"column":6},"end":{"line":182,"column":7}},"43":{"start":{"line":178,"column":8},"end":{"line":178,"column":55}},"44":{"start":{"line":181,"column":8},"end":{"line":181,"column":61}},"45":{"start":{"line":184,"column":6},"end":{"line":209,"column":7}},"46":{"start":{"line":186,"column":8},"end":{"line":186,"column":50}},"47":{"start":{"line":187,"column":8},"end":{"line":187,"column":37}},"48":{"start":{"line":189,"column":8},"end":{"line":189,"column":72}},"49":{"start":{"line":190,"column":8},"end":{"line":190,"column":33}},"50":{"start":{"line":193,"column":8},"end":{"line":193,"column":41}},"51":{"start":{"line":194,"column":25},"end":{"line":194,"column":63}},"52":{"start":{"line":195,"column":26},"end":{"line":195,"column":67}},"53":{"start":{"line":197,"column":8},"end":{"line":202,"column":11}},"54":{"start":{"line":204,"column":8},"end":{"line":208,"column":10}},"55":{"start":{"line":211,"column":6},"end":{"line":213,"column":9}},"56":{"start":{"line":214,"column":6},"end":{"line":217,"column":8}},"57":{"start":{"line":225,"column":4},"end":{"line":248,"column":5}},"58":{"start":{"line":227,"column":6},"end":{"line":232,"column":7}},"59":{"start":{"line":228,"column":8},"end":{"line":231,"column":10}},"60":{"start":{"line":234,"column":6},"end":{"line":234,"column":39}},"61":{"start":{"line":235,"column":6},"end":{"line":235,"column":48}},"62":{"start":{"line":237,"column":6},"end":{"line":237,"column":55}},"63":{"start":{"line":239,"column":6},"end":{"line":239,"column":31}},"64":{"start":{"line":241,"column":6},"end":{"line":243,"column":9}},"65":{"start":{"line":244,"column":6},"end":{"line":247,"column":8}},"66":{"start":{"line":255,"column":19},"end":{"line":255,"column":48}},"67":{"start":{"line":257,"column":4},"end":{"line":262,"column":6}},"68":{"start":{"line":269,"column":19},"end":{"line":269,"column":48}},"69":{"start":{"line":270,"column":4},"end":{"line":272,"column":5}},"70":{"start":{"line":271,"column":6},"end":{"line":271,"column":58}},"71":{"start":{"line":274,"column":27},"end":{"line":274,"column":53}},"72":{"start":{"line":275,"column":4},"end":{"line":275,"column":40}},"73":{"start":{"line":276,"column":4},"end":{"line":276,"column":42}},"74":{"start":{"line":278,"column":4},"end":{"line":278,"column":67}},"75":{"start":{"line":280,"column":4},"end":{"line":280,"column":26}},"76":{"start":{"line":291,"column":18},"end":{"line":291,"column":52}},"77":{"start":{"line":292,"column":17},"end":{"line":292,"column":19}},"78":{"start":{"line":293,"column":4},"end":{"line":295,"column":5}},"79":{"start":{"line":293,"column":17},"end":{"line":293,"column":18}},"80":{"start":{"line":294,"column":6},"end":{"line":294,"column":71}},"81":{"start":{"line":296,"column":4},"end":{"line":296,"column":18}},"82":{"start":{"line":303,"column":28},"end":{"line":303,"column":30}},"83":{"start":{"line":304,"column":4},"end":{"line":308,"column":5}},"84":{"start":{"line":304,"column":17},"end":{"line":304,"column":18}},"85":{"start":{"line":306,"column":19},"end":{"line":306,"column":56}},"86":{"start":{"line":307,"column":6},"end":{"line":307,"column":23}},"87":{"start":{"line":309,"column":4},"end":{"line":309,"column":17}},"88":{"start":{"line":316,"column":19},"end":{"line":316,"column":31}},"89":{"start":{"line":317,"column":23},"end":{"line":317,"column":92}},"90":{"start":{"line":320,"column":4},"end":{"line":320,"column":109}},"91":{"start":{"line":329,"column":23},"end":{"line":329,"column":53}},"92":{"start":{"line":330,"column":25},"end":{"line":330,"column":62}},"93":{"start":{"line":333,"column":21},"end":{"line":333,"column":62}},"94":{"start":{"line":334,"column":21},"end":{"line":334,"column":62}},"95":{"start":{"line":336,"column":4},"end":{"line":336,"column":75}},"96":{"start":{"line":345,"column":17},"end":{"line":345,"column":65}},"97":{"start":{"line":346,"column":17},"end":{"line":346,"column":61}},"98":{"start":{"line":347,"column":4},"end":{"line":347,"column":16}},"99":{"start":{"line":354,"column":15},"end":{"line":354,"column":16}},"100":{"start":{"line":355,"column":4},"end":{"line":359,"column":5}},"101":{"start":{"line":355,"column":17},"end":{"line":355,"column":18}},"102":{"start":{"line":356,"column":19},"end":{"line":356,"column":36}},"103":{"start":{"line":357,"column":6},"end":{"line":357,"column":39}},"104":{"start":{"line":358,"column":6},"end":{"line":358,"column":25}},"105":{"start":{"line":360,"column":4},"end":{"line":360,"column":26}},"106":{"start":{"line":367,"column":4},"end":{"line":367,"column":32}},"107":{"start":{"line":374,"column":19},"end":{"line":374,"column":47}},"108":{"start":{"line":375,"column":4},"end":{"line":377,"column":5}},"109":{"start":{"line":376,"column":6},"end":{"line":376,"column":19}},"110":{"start":{"line":379,"column":18},"end":{"line":379,"column":50}},"111":{"start":{"line":380,"column":4},"end":{"line":393,"column":5}},"112":{"start":{"line":382,"column":6},"end":{"line":382,"column":42}},"113":{"start":{"line":383,"column":6},"end":{"line":383,"column":43}},"114":{"start":{"line":385,"column":6},"end":{"line":390,"column":9}},"115":{"start":{"line":392,"column":6},"end":{"line":392,"column":18}},"116":{"start":{"line":395,"column":4},"end":{"line":395,"column":17}},"117":{"start":{"line":402,"column":16},"end":{"line":402,"column":26}},"118":{"start":{"line":403,"column":21},"end":{"line":406,"column":6}},"119":{"start":{"line":408,"column":4},"end":{"line":408,"column":21}},"120":{"start":{"line":409,"column":4},"end":{"line":409,"column":31}},"121":{"start":{"line":411,"column":4},"end":{"line":411,"column":52}},"122":{"start":{"line":418,"column":21},"end":{"line":418,"column":58}},"123":{"start":{"line":419,"column":4},"end":{"line":421,"column":5}},"124":{"start":{"line":420,"column":6},"end":{"line":420,"column":19}},"125":{"start":{"line":423,"column":33},"end":{"line":423,"column":76}},"126":{"start":{"line":424,"column":4},"end":{"line":424,"column":55}},"127":{"start":{"line":432,"column":4},"end":{"line":432,"column":32}},"128":{"start":{"line":39,"column":0},"end":{"line":39,"column":13}},"129":{"start":{"line":437,"column":13},"end":{"line":437,"column":71}},"130":{"start":{"line":439,"column":0},"end":{"line":439,"column":36}}},"fnMap":{"0":{"name":"(anonymous_0)","decl":{"start":{"line":46,"column":2},"end":{"line":46,"column":25}},"loc":{"start":{"line":46,"column":2},"end":{"line":46,"column":26}}},"1":{"name":"(anonymous_1)","decl":{"start":{"line":48,"column":2},"end":{"line":48,"column":8}},"loc":{"start":{"line":48,"column":20},"end":{"line":53,"column":3}}},"2":{"name":"(anonymous_2)","decl":{"start":{"line":58,"column":2},"end":{"line":58,"column":7}},"loc":{"start":{"line":60,"column":51},"end":{"line":108,"column":3}}},"3":{"name":"(anonymous_3)","decl":{"start":{"line":113,"column":2},"end":{"line":113,"column":7}},"loc":{"start":{"line":113,"column":47},"end":{"line":150,"column":3}}},"4":{"name":"(anonymous_4)","decl":{"start":{"line":155,"column":2},"end":{"line":155,"column":7}},"loc":{"start":{"line":155,"column":47},"end":{"line":219,"column":3}}},"5":{"name":"(anonymous_5)","decl":{"start":{"line":224,"column":2},"end":{"line":224,"column":7}},"loc":{"start":{"line":224,"column":47},"end":{"line":249,"column":3}}},"6":{"name":"(anonymous_6)","decl":{"start":{"line":254,"column":2},"end":{"line":254,"column":14}},"loc":{"start":{"line":254,"column":25},"end":{"line":263,"column":3}}},"7":{"name":"(anonymous_7)","decl":{"start":{"line":268,"column":2},"end":{"line":268,"column":7}},"loc":{"start":{"line":268,"column":41},"end":{"line":281,"column":3}}},"8":{"name":"(anonymous_8)","decl":{"start":{"line":290,"column":10},"end":{"line":290,"column":24}},"loc":{"start":{"line":290,"column":24},"end":{"line":297,"column":3}}},"9":{"name":"(anonymous_9)","decl":{"start":{"line":302,"column":10},"end":{"line":302,"column":29}},"loc":{"start":{"line":302,"column":29},"end":{"line":310,"column":3}}},"10":{"name":"(anonymous_10)","decl":{"start":{"line":315,"column":10},"end":{"line":315,"column":24}},"loc":{"start":{"line":315,"column":54},"end":{"line":321,"column":3}}},"11":{"name":"(anonymous_11)","decl":{"start":{"line":326,"column":10},"end":{"line":326,"column":20}},"loc":{"start":{"line":326,"column":49},"end":{"line":337,"column":3}}},"12":{"name":"(anonymous_12)","decl":{"start":{"line":342,"column":10},"end":{"line":342,"column":22}},"loc":{"start":{"line":342,"column":58},"end":{"line":348,"column":3}}},"13":{"name":"(anonymous_13)","decl":{"start":{"line":353,"column":10},"end":{"line":353,"column":20}},"loc":{"start":{"line":353,"column":32},"end":{"line":361,"column":3}}},"14":{"name":"(anonymous_14)","decl":{"start":{"line":366,"column":10},"end":{"line":366,"column":22}},"loc":{"start":{"line":366,"column":35},"end":{"line":368,"column":3}}},"15":{"name":"(anonymous_15)","decl":{"start":{"line":373,"column":10},"end":{"line":373,"column":26}},"loc":{"start":{"line":373,"column":55},"end":{"line":396,"column":3}}},"16":{"name":"(anonymous_16)","decl":{"start":{"line":401,"column":10},"end":{"line":401,"column":28}},"loc":{"start":{"line":401,"column":43},"end":{"line":412,"column":3}}},"17":{"name":"(anonymous_17)","decl":{"start":{"line":417,"column":10},"end":{"line":417,"column":25}},"loc":{"start":{"line":417,"column":40},"end":{"line":425,"column":3}}},"18":{"name":"(anonymous_18)","decl":{"start":{"line":430,"column":10},"end":{"line":430,"column":24}},"loc":{"start":{"line":430,"column":53},"end":{"line":433,"column":3}}}},"branchMap":{"0":{"loc":{"start":{"line":49,"column":4},"end":{"line":51,"column":5}},"type":"if","locations":[{"start":{"line":49,"column":4},"end":{"line":51,"column":5}}]},"1":{"loc":{"start":{"line":60,"column":4},"end":{"line":60,"column":51}},"type":"default-arg","locations":[{"start":{"line":60,"column":42},"end":{"line":60,"column":51}}]},"2":{"loc":{"start":{"line":116,"column":6},"end":{"line":121,"column":7}},"type":"if","locations":[{"start":{"line":116,"column":6},"end":{"line":121,"column":7}}]},"3":{"loc":{"start":{"line":123,"column":38},"end":{"line":123,"column":57}},"type":"binary-expr","locations":[{"start":{"line":123,"column":38},"end":{"line":123,"column":51}},{"start":{"line":123,"column":55},"end":{"line":123,"column":57}}]},"4":{"loc":{"start":{"line":125,"column":6},"end":{"line":140,"column":7}},"type":"if","locations":[{"start":{"line":125,"column":6},"end":{"line":140,"column":7}},{"start":{"line":134,"column":13},"end":{"line":140,"column":7}}]},"5":{"loc":{"start":{"line":158,"column":6},"end":{"line":164,"column":7}},"type":"if","locations":[{"start":{"line":158,"column":6},"end":{"line":164,"column":7}}]},"6":{"loc":{"start":{"line":167,"column":6},"end":{"line":172,"column":7}},"type":"if","locations":[{"start":{"line":167,"column":6},"end":{"line":172,"column":7}}]},"7":{"loc":{"start":{"line":167,"column":10},"end":{"line":167,"column":36}},"type":"binary-expr","locations":[{"start":{"line":167,"column":10},"end":{"line":167,"column":17}},{"start":{"line":167,"column":21},"end":{"line":167,"column":36}}]},"8":{"loc":{"start":{"line":177,"column":6},"end":{"line":182,"column":7}},"type":"if","locations":[{"start":{"line":177,"column":6},"end":{"line":182,"column":7}},{"start":{"line":179,"column":13},"end":{"line":182,"column":7}}]},"9":{"loc":{"start":{"line":181,"column":34},"end":{"line":181,"column":53}},"type":"binary-expr","locations":[{"start":{"line":181,"column":34},"end":{"line":181,"column":47}},{"start":{"line":181,"column":51},"end":{"line":181,"column":53}}]},"10":{"loc":{"start":{"line":184,"column":6},"end":{"line":209,"column":7}},"type":"if","locations":[{"start":{"line":184,"column":6},"end":{"line":209,"column":7}},{"start":{"line":191,"column":13},"end":{"line":209,"column":7}}]},"11":{"loc":{"start":{"line":195,"column":46},"end":{"line":195,"column":66}},"type":"binary-expr","locations":[{"start":{"line":195,"column":46},"end":{"line":195,"column":61}},{"start":{"line":195,"column":65},"end":{"line":195,"column":66}}]},"12":{"loc":{"start":{"line":227,"column":6},"end":{"line":232,"column":7}},"type":"if","locations":[{"start":{"line":227,"column":6},"end":{"line":232,"column":7}}]},"13":{"loc":{"start":{"line":258,"column":15},"end":{"line":258,"column":39}},"type":"binary-expr","locations":[{"start":{"line":258,"column":15},"end":{"line":258,"column":30}},{"start":{"line":258,"column":34},"end":{"line":258,"column":39}}]},"14":{"loc":{"start":{"line":260,"column":21},"end":{"line":260,"column":45}},"type":"binary-expr","locations":[{"start":{"line":260,"column":21},"end":{"line":260,"column":36}},{"start":{"line":260,"column":40},"end":{"line":260,"column":45}}]},"15":{"loc":{"start":{"line":261,"column":28},"end":{"line":261,"column":60}},"type":"binary-expr","locations":[{"start":{"line":261,"column":28},"end":{"line":261,"column":55}},{"start":{"line":261,"column":59},"end":{"line":261,"column":60}}]},"16":{"loc":{"start":{"line":270,"column":4},"end":{"line":272,"column":5}},"type":"if","locations":[{"start":{"line":270,"column":4},"end":{"line":272,"column":5}}]},"17":{"loc":{"start":{"line":270,"column":8},"end":{"line":270,"column":34}},"type":"binary-expr","locations":[{"start":{"line":270,"column":8},"end":{"line":270,"column":15}},{"start":{"line":270,"column":19},"end":{"line":270,"column":34}}]},"18":{"loc":{"start":{"line":336,"column":11},"end":{"line":336,"column":74}},"type":"binary-expr","locations":[{"start":{"line":336,"column":11},"end":{"line":336,"column":32}},{"start":{"line":336,"column":36},"end":{"line":336,"column":53}},{"start":{"line":336,"column":57},"end":{"line":336,"column":74}}]},"19":{"loc":{"start":{"line":375,"column":4},"end":{"line":377,"column":5}},"type":"if","locations":[{"start":{"line":375,"column":4},"end":{"line":377,"column":5}}]},"20":{"loc":{"start":{"line":375,"column":8},"end":{"line":375,"column":38}},"type":"binary-expr","locations":[{"start":{"line":375,"column":8},"end":{"line":375,"column":15}},{"start":{"line":375,"column":19},"end":{"line":375,"column":38}}]},"21":{"loc":{"start":{"line":380,"column":4},"end":{"line":393,"column":5}},"type":"if","locations":[{"start":{"line":380,"column":4},"end":{"line":393,"column":5}}]},"22":{"loc":{"start":{"line":403,"column":21},"end":{"line":406,"column":6}},"type":"binary-expr","locations":[{"start":{"line":403,"column":21},"end":{"line":403,"column":58}},{"start":{"line":403,"column":62},"end":{"line":406,"column":6}}]},"23":{"loc":{"start":{"line":419,"column":4},"end":{"line":421,"column":5}},"type":"if","locations":[{"start":{"line":419,"column":4},"end":{"line":421,"column":5}}]},"24":{"loc":{"start":{"line":419,"column":8},"end":{"line":419,"column":54}},"type":"binary-expr","locations":[{"start":{"line":419,"column":8},"end":{"line":419,"column":17}},{"start":{"line":419,"column":21},"end":{"line":419,"column":54}}]}},"s":{"0":0,"1":0,"2":0,"3":0,"4":0,"5":0,"6":0,"7":0,"8":0,"9":0,"10":0,"11":0,"12":0,"13":0,"14":0,"15":0,"16":0,"17":0,"18":0,"19":0,"20":0,"21":0,"22":0,"23":0,"24":0,"25":0,"26":0,"27":0,"28":0,"29":0,"30":0,"31":0,"32":0,"33":0,"34":0,"35":0,"36":0,"37":0,"38":0,"39":0,"40":0,"41":0,"42":0,"43":0,"44":0,"45":0,"46":0,"47":0,"48":0,"49":0,"50":0,"51":0,"52":0,"53":0,"54":0,"55":0,"56":0,"57":0,"58":0,"59":0,"60":0,"61":0,"62":0,"63":0,"64":0,"65":0,"66":0,"67":0,"68":0,"69":0,"70":0,"71":0,"72":0,"73":0,"74":0,"75":0,"76":0,"77":0,"78":0,"79":0,"80":0,"81":0,"82":0,"83":0,"84":0,"85":0,"86":0,"87":0,"88":0,"89":0,"90":0,"91":0,"92":0,"93":0,"94":0,"95":0,"96":0,"97":0,"98":0,"99":0,"100":0,"101":0,"102":0,"103":0,"104":0,"105":0,"106":0,"107":0,"108":0,"109":0,"110":0,"111":0,"112":0,"113":0,"114":0,"115":0,"116":0,"117":0,"118":0,"119":0,"120":0,"121":0,"122":0,"123":0,"124":0,"125":0,"126":0,"127":0,"128":0,"129":0,"130":0},"f":{"0":0,"1":0,"2":0,"3":0,"4":0,"5":0,"6":0,"7":0,"8":0,"9":0,"10":0,"11":0,"12":0,"13":0,"14":0,"15":0,"16":0,"17":0,"18":0},"b":{"0":[0],"1":[0],"2":[0],"3":[0,0],"4":[0,0],"5":[0],"6":[0],"7":[0,0],"8":[0,0],"9":[0,0],"10":[0,0],"11":[0,0],"12":[0],"13":[0,0],"14":[0,0],"15":[0,0],"16":[0],"17":[0,0],"18":[0,0,0],"19":[0],"20":[0,0],"21":[0],"22":[0,0],"23":[0],"24":[0,0]}}
,"C:\\Users\\rafae\\OneDrive\\Escritorio\\Caso-1\\src\\auth\\examples\\twoFactorExamples.ts": {"path":"C:\\Users\\rafae\\OneDrive\\Escritorio\\Caso-1\\src\\auth\\examples\\twoFactorExamples.ts","statementMap":{"0":{"start":{"line":14,"column":0},"end":{"line":14,"column":7}},"1":{"start":{"line":56,"column":0},"end":{"line":56,"column":7}},"2":{"start":{"line":96,"column":0},"end":{"line":96,"column":7}},"3":{"start":{"line":124,"column":0},"end":{"line":124,"column":7}},"4":{"start":{"line":163,"column":0},"end":{"line":163,"column":7}},"5":{"start":{"line":207,"column":0},"end":{"line":207,"column":7}},"6":{"start":{"line":257,"column":0},"end":{"line":257,"column":7}},"7":{"start":{"line":303,"column":0},"end":{"line":303,"column":7}},"8":{"start":{"line":368,"column":0},"end":{"line":368,"column":7}},"9":{"start":{"line":3,"column":0},"end":{"line":3,"column":41}},"10":{"start":{"line":4,"column":0},"end":{"line":4,"column":56}},"11":{"start":{"line":15,"column":2},"end":{"line":15,"column":57}},"12":{"start":{"line":17,"column":20},"end":{"line":17,"column":98}},"13":{"start":{"line":19,"column":2},"end":{"line":50,"column":3}},"14":{"start":{"line":21,"column":24},"end":{"line":21,"column":81}},"15":{"start":{"line":23,"column":4},"end":{"line":47,"column":5}},"16":{"start":{"line":24,"column":6},"end":{"line":24,"column":58}},"17":{"start":{"line":25,"column":6},"end":{"line":25,"column":49}},"18":{"start":{"line":26,"column":6},"end":{"line":26,"column":54}},"19":{"start":{"line":27,"column":6},"end":{"line":27,"column":78}},"20":{"start":{"line":31,"column":31},"end":{"line":31,"column":68}},"21":{"start":{"line":34,"column":27},"end":{"line":34,"column":97}},"22":{"start":{"line":36,"column":6},"end":{"line":44,"column":7}},"23":{"start":{"line":37,"column":8},"end":{"line":37,"column":73}},"24":{"start":{"line":40,"column":23},"end":{"line":40,"column":67}},"25":{"start":{"line":41,"column":8},"end":{"line":41,"column":43}},"26":{"start":{"line":43,"column":8},"end":{"line":43,"column":76}},"27":{"start":{"line":46,"column":6},"end":{"line":46,"column":60}},"28":{"start":{"line":49,"column":4},"end":{"line":49,"column":59}},"29":{"start":{"line":57,"column":2},"end":{"line":57,"column":61}},"30":{"start":{"line":59,"column":22},"end":{"line":66,"column":4}},"31":{"start":{"line":68,"column":2},"end":{"line":90,"column":3}},"32":{"start":{"line":70,"column":24},"end":{"line":70,"column":79}},"33":{"start":{"line":72,"column":4},"end":{"line":87,"column":5}},"34":{"start":{"line":73,"column":6},"end":{"line":73,"column":73}},"35":{"start":{"line":74,"column":6},"end":{"line":74,"column":85}},"36":{"start":{"line":77,"column":31},"end":{"line":77,"column":68}},"37":{"start":{"line":78,"column":27},"end":{"line":78,"column":99}},"38":{"start":{"line":80,"column":6},"end":{"line":86,"column":7}},"39":{"start":{"line":81,"column":8},"end":{"line":81,"column":58}},"40":{"start":{"line":84,"column":31},"end":{"line":84,"column":93}},"41":{"start":{"line":85,"column":8},"end":{"line":85,"column":91}},"42":{"start":{"line":89,"column":4},"end":{"line":89,"column":61}},"43":{"start":{"line":97,"column":2},"end":{"line":97,"column":59}},"44":{"start":{"line":99,"column":20},"end":{"line":99,"column":97}},"45":{"start":{"line":101,"column":2},"end":{"line":118,"column":3}},"46":{"start":{"line":103,"column":24},"end":{"line":103,"column":81}},"47":{"start":{"line":105,"column":4},"end":{"line":115,"column":5}},"48":{"start":{"line":106,"column":6},"end":{"line":106,"column":58}},"49":{"start":{"line":107,"column":6},"end":{"line":107,"column":52}},"50":{"start":{"line":109,"column":31},"end":{"line":109,"column":68}},"51":{"start":{"line":110,"column":27},"end":{"line":110,"column":97}},"52":{"start":{"line":112,"column":6},"end":{"line":114,"column":7}},"53":{"start":{"line":113,"column":8},"end":{"line":113,"column":79}},"54":{"start":{"line":117,"column":4},"end":{"line":117,"column":59}},"55":{"start":{"line":125,"column":2},"end":{"line":125,"column":61}},"56":{"start":{"line":128,"column":16},"end":{"line":132,"column":4}},"57":{"start":{"line":134,"column":2},"end":{"line":157,"column":3}},"58":{"start":{"line":135,"column":4},"end":{"line":156,"column":5}},"59":{"start":{"line":137,"column":26},"end":{"line":137,"column":67}},"60":{"start":{"line":138,"column":6},"end":{"line":153,"column":7}},"61":{"start":{"line":139,"column":33},"end":{"line":139,"column":70}},"62":{"start":{"line":140,"column":8},"end":{"line":140,"column":74}},"63":{"start":{"line":142,"column":8},"end":{"line":142,"column":68}},"64":{"start":{"line":145,"column":26},"end":{"line":145,"column":63}},"65":{"start":{"line":146,"column":28},"end":{"line":146,"column":86}},"66":{"start":{"line":148,"column":8},"end":{"line":152,"column":9}},"67":{"start":{"line":149,"column":10},"end":{"line":149,"column":61}},"68":{"start":{"line":151,"column":10},"end":{"line":151,"column":79}},"69":{"start":{"line":155,"column":6},"end":{"line":155,"column":58}},"70":{"start":{"line":164,"column":2},"end":{"line":164,"column":57}},"71":{"start":{"line":166,"column":15},"end":{"line":172,"column":null}},"72":{"start":{"line":175,"column":2},"end":{"line":201,"column":3}},"73":{"start":{"line":177,"column":24},"end":{"line":177,"column":65}},"74":{"start":{"line":178,"column":4},"end":{"line":198,"column":5}},"75":{"start":{"line":179,"column":31},"end":{"line":179,"column":68}},"76":{"start":{"line":180,"column":6},"end":{"line":180,"column":72}},"77":{"start":{"line":182,"column":6},"end":{"line":182,"column":61}},"78":{"start":{"line":183,"column":6},"end":{"line":183,"column":77}},"79":{"start":{"line":186,"column":25},"end":{"line":186,"column":51}},"80":{"start":{"line":187,"column":26},"end":{"line":187,"column":85}},"81":{"start":{"line":189,"column":6},"end":{"line":197,"column":7}},"82":{"start":{"line":190,"column":8},"end":{"line":190,"column":54}},"83":{"start":{"line":193,"column":23},"end":{"line":193,"column":62}},"84":{"start":{"line":194,"column":8},"end":{"line":194,"column":76}},"85":{"start":{"line":196,"column":8},"end":{"line":196,"column":70}},"86":{"start":{"line":200,"column":4},"end":{"line":200,"column":56}},"87":{"start":{"line":208,"column":2},"end":{"line":208,"column":64}},"88":{"start":{"line":210,"column":15},"end":{"line":216,"column":null}},"89":{"start":{"line":219,"column":2},"end":{"line":251,"column":3}},"90":{"start":{"line":221,"column":24},"end":{"line":221,"column":65}},"91":{"start":{"line":222,"column":4},"end":{"line":248,"column":5}},"92":{"start":{"line":223,"column":31},"end":{"line":223,"column":68}},"93":{"start":{"line":224,"column":6},"end":{"line":224,"column":72}},"94":{"start":{"line":226,"column":6},"end":{"line":226,"column":55}},"95":{"start":{"line":229,"column":6},"end":{"line":229,"column":65}},"96":{"start":{"line":230,"column":6},"end":{"line":239,"column":7}},"97":{"start":{"line":230,"column":19},"end":{"line":230,"column":20}},"98":{"start":{"line":231,"column":23},"end":{"line":231,"column":80}},"99":{"start":{"line":232,"column":8},"end":{"line":234,"column":10}},"100":{"start":{"line":236,"column":8},"end":{"line":238,"column":9}},"101":{"start":{"line":237,"column":10},"end":{"line":237,"column":73}},"102":{"start":{"line":242,"column":24},"end":{"line":242,"column":61}},"103":{"start":{"line":243,"column":27},"end":{"line":243,"column":85}},"104":{"start":{"line":244,"column":6},"end":{"line":247,"column":8}},"105":{"start":{"line":250,"column":4},"end":{"line":250,"column":61}},"106":{"start":{"line":258,"column":2},"end":{"line":258,"column":64}},"107":{"start":{"line":260,"column":15},"end":{"line":266,"column":null}},"108":{"start":{"line":269,"column":2},"end":{"line":297,"column":3}},"109":{"start":{"line":271,"column":24},"end":{"line":271,"column":65}},"110":{"start":{"line":272,"column":4},"end":{"line":294,"column":5}},"111":{"start":{"line":273,"column":31},"end":{"line":273,"column":68}},"112":{"start":{"line":274,"column":6},"end":{"line":274,"column":72}},"113":{"start":{"line":276,"column":6},"end":{"line":276,"column":44}},"114":{"start":{"line":279,"column":19},"end":{"line":279,"column":58}},"115":{"start":{"line":280,"column":6},"end":{"line":280,"column":52}},"116":{"start":{"line":283,"column":28},"end":{"line":283,"column":91}},"117":{"start":{"line":285,"column":6},"end":{"line":293,"column":7}},"118":{"start":{"line":286,"column":8},"end":{"line":286,"column":51}},"119":{"start":{"line":289,"column":8},"end":{"line":289,"column":57}},"120":{"start":{"line":290,"column":8},"end":{"line":290,"column":53}},"121":{"start":{"line":292,"column":8},"end":{"line":292,"column":69}},"122":{"start":{"line":296,"column":4},"end":{"line":296,"column":55}},"123":{"start":{"line":304,"column":2},"end":{"line":304,"column":70}},"124":{"start":{"line":306,"column":16},"end":{"line":319,"column":4}},"125":{"start":{"line":321,"column":2},"end":{"line":339,"column":3}},"126":{"start":{"line":322,"column":4},"end":{"line":322,"column":79}},"127":{"start":{"line":324,"column":19},"end":{"line":324,"column":58}},"128":{"start":{"line":326,"column":4},"end":{"line":338,"column":5}},"129":{"start":{"line":327,"column":6},"end":{"line":327,"column":72}},"130":{"start":{"line":330,"column":26},"end":{"line":330,"column":67}},"131":{"start":{"line":331,"column":6},"end":{"line":333,"column":7}},"132":{"start":{"line":332,"column":8},"end":{"line":332,"column":63}},"133":{"start":{"line":334,"column":11},"end":{"line":338,"column":5}},"134":{"start":{"line":335,"column":6},"end":{"line":335,"column":52}},"135":{"start":{"line":337,"column":6},"end":{"line":337,"column":64}},"136":{"start":{"line":347,"column":21},"end":{"line":347,"column":51}},"137":{"start":{"line":348,"column":15},"end":{"line":348,"column":57}},"138":{"start":{"line":349,"column":2},"end":{"line":349,"column":54}},"139":{"start":{"line":356,"column":13},"end":{"line":356,"column":14}},"140":{"start":{"line":357,"column":2},"end":{"line":361,"column":3}},"141":{"start":{"line":357,"column":15},"end":{"line":357,"column":16}},"142":{"start":{"line":358,"column":17},"end":{"line":358,"column":34}},"143":{"start":{"line":359,"column":4},"end":{"line":359,"column":37}},"144":{"start":{"line":360,"column":4},"end":{"line":360,"column":23}},"145":{"start":{"line":362,"column":2},"end":{"line":362,"column":24}},"146":{"start":{"line":369,"column":2},"end":{"line":369,"column":71}},"147":{"start":{"line":371,"column":2},"end":{"line":384,"column":3}},"148":{"start":{"line":372,"column":4},"end":{"line":372,"column":37}},"149":{"start":{"line":373,"column":4},"end":{"line":373,"column":39}},"150":{"start":{"line":374,"column":4},"end":{"line":374,"column":37}},"151":{"start":{"line":375,"column":4},"end":{"line":375,"column":32}},"152":{"start":{"line":376,"column":4},"end":{"line":376,"column":36}},"153":{"start":{"line":377,"column":4},"end":{"line":377,"column":36}},"154":{"start":{"line":378,"column":4},"end":{"line":378,"column":30}},"155":{"start":{"line":379,"column":4},"end":{"line":379,"column":38}},"156":{"start":{"line":381,"column":4},"end":{"line":381,"column":64}},"157":{"start":{"line":383,"column":4},"end":{"line":383,"column":58}},"158":{"start":{"line":390,"column":13},"end":{"line":409,"column":2}}},"fnMap":{"0":{"name":"exampleBasicUser2FASetup","decl":{"start":{"line":14,"column":22},"end":{"line":14,"column":46}},"loc":{"start":{"line":14,"column":46},"end":{"line":51,"column":1}}},"1":{"name":"examplePremiumUser2FASetup","decl":{"start":{"line":56,"column":22},"end":{"line":56,"column":48}},"loc":{"start":{"line":56,"column":48},"end":{"line":91,"column":1}}},"2":{"name":"exampleAdminUser2FASetup","decl":{"start":{"line":96,"column":22},"end":{"line":96,"column":46}},"loc":{"start":{"line":96,"column":46},"end":{"line":119,"column":1}}},"3":{"name":"example2FALoginFlow","decl":{"start":{"line":124,"column":22},"end":{"line":124,"column":41}},"loc":{"start":{"line":124,"column":41},"end":{"line":158,"column":1}}},"4":{"name":"exampleBackupCodesUsage","decl":{"start":{"line":163,"column":22},"end":{"line":163,"column":45}},"loc":{"start":{"line":163,"column":45},"end":{"line":202,"column":1}}},"5":{"name":"exampleSecurityFeatures","decl":{"start":{"line":207,"column":22},"end":{"line":207,"column":45}},"loc":{"start":{"line":207,"column":45},"end":{"line":252,"column":1}}},"6":{"name":"example2FADisable","decl":{"start":{"line":257,"column":22},"end":{"line":257,"column":39}},"loc":{"start":{"line":257,"column":39},"end":{"line":298,"column":1}}},"7":{"name":"example2FAWithPermissions","decl":{"start":{"line":303,"column":22},"end":{"line":303,"column":47}},"loc":{"start":{"line":303,"column":47},"end":{"line":340,"column":1}}},"8":{"name":"generateDemoCode","decl":{"start":{"line":345,"column":9},"end":{"line":345,"column":25}},"loc":{"start":{"line":345,"column":40},"end":{"line":350,"column":1}}},"9":{"name":"simpleHash","decl":{"start":{"line":355,"column":9},"end":{"line":355,"column":19}},"loc":{"start":{"line":355,"column":31},"end":{"line":363,"column":1}}},"10":{"name":"runAll2FAExamples","decl":{"start":{"line":368,"column":22},"end":{"line":368,"column":39}},"loc":{"start":{"line":368,"column":39},"end":{"line":385,"column":1}}}},"branchMap":{"0":{"loc":{"start":{"line":23,"column":4},"end":{"line":47,"column":5}},"type":"if","locations":[{"start":{"line":23,"column":4},"end":{"line":47,"column":5}},{"start":{"line":45,"column":11},"end":{"line":47,"column":5}}]},"1":{"loc":{"start":{"line":36,"column":6},"end":{"line":44,"column":7}},"type":"if","locations":[{"start":{"line":36,"column":6},"end":{"line":44,"column":7}},{"start":{"line":42,"column":13},"end":{"line":44,"column":7}}]},"2":{"loc":{"start":{"line":72,"column":4},"end":{"line":87,"column":5}},"type":"if","locations":[{"start":{"line":72,"column":4},"end":{"line":87,"column":5}}]},"3":{"loc":{"start":{"line":80,"column":6},"end":{"line":86,"column":7}},"type":"if","locations":[{"start":{"line":80,"column":6},"end":{"line":86,"column":7}}]},"4":{"loc":{"start":{"line":105,"column":4},"end":{"line":115,"column":5}},"type":"if","locations":[{"start":{"line":105,"column":4},"end":{"line":115,"column":5}}]},"5":{"loc":{"start":{"line":112,"column":6},"end":{"line":114,"column":7}},"type":"if","locations":[{"start":{"line":112,"column":6},"end":{"line":114,"column":7}}]},"6":{"loc":{"start":{"line":138,"column":6},"end":{"line":153,"column":7}},"type":"if","locations":[{"start":{"line":138,"column":6},"end":{"line":153,"column":7}}]},"7":{"loc":{"start":{"line":148,"column":8},"end":{"line":152,"column":9}},"type":"if","locations":[{"start":{"line":148,"column":8},"end":{"line":152,"column":9}},{"start":{"line":150,"column":15},"end":{"line":152,"column":9}}]},"8":{"loc":{"start":{"line":178,"column":4},"end":{"line":198,"column":5}},"type":"if","locations":[{"start":{"line":178,"column":4},"end":{"line":198,"column":5}}]},"9":{"loc":{"start":{"line":178,"column":8},"end":{"line":178,"column":54}},"type":"binary-expr","locations":[{"start":{"line":178,"column":8},"end":{"line":178,"column":27}},{"start":{"line":178,"column":31},"end":{"line":178,"column":54}}]},"10":{"loc":{"start":{"line":189,"column":6},"end":{"line":197,"column":7}},"type":"if","locations":[{"start":{"line":189,"column":6},"end":{"line":197,"column":7}},{"start":{"line":195,"column":13},"end":{"line":197,"column":7}}]},"11":{"loc":{"start":{"line":222,"column":4},"end":{"line":248,"column":5}},"type":"if","locations":[{"start":{"line":222,"column":4},"end":{"line":248,"column":5}}]},"12":{"loc":{"start":{"line":233,"column":27},"end":{"line":233,"column":64}},"type":"cond-expr","locations":[{"start":{"line":233,"column":44},"end":{"line":233,"column":53}},{"start":{"line":233,"column":56},"end":{"line":233,"column":64}}]},"13":{"loc":{"start":{"line":233,"column":70},"end":{"line":233,"column":90}},"type":"binary-expr","locations":[{"start":{"line":233,"column":70},"end":{"line":233,"column":82}},{"start":{"line":233,"column":86},"end":{"line":233,"column":90}}]},"14":{"loc":{"start":{"line":236,"column":8},"end":{"line":238,"column":9}},"type":"if","locations":[{"start":{"line":236,"column":8},"end":{"line":238,"column":9}}]},"15":{"loc":{"start":{"line":246,"column":8},"end":{"line":246,"column":77}},"type":"cond-expr","locations":[{"start":{"line":246,"column":31},"end":{"line":246,"column":41}},{"start":{"line":246,"column":44},"end":{"line":246,"column":77}}]},"16":{"loc":{"start":{"line":272,"column":4},"end":{"line":294,"column":5}},"type":"if","locations":[{"start":{"line":272,"column":4},"end":{"line":294,"column":5}}]},"17":{"loc":{"start":{"line":285,"column":6},"end":{"line":293,"column":7}},"type":"if","locations":[{"start":{"line":285,"column":6},"end":{"line":293,"column":7}},{"start":{"line":291,"column":13},"end":{"line":293,"column":7}}]},"18":{"loc":{"start":{"line":322,"column":40},"end":{"line":322,"column":74}},"type":"cond-expr","locations":[{"start":{"line":322,"column":51},"end":{"line":322,"column":61}},{"start":{"line":322,"column":64},"end":{"line":322,"column":74}}]},"19":{"loc":{"start":{"line":326,"column":4},"end":{"line":338,"column":5}},"type":"if","locations":[{"start":{"line":326,"column":4},"end":{"line":338,"column":5}},{"start":{"line":334,"column":11},"end":{"line":338,"column":5}}]},"20":{"loc":{"start":{"line":326,"column":8},"end":{"line":326,"column":35}},"type":"binary-expr","locations":[{"start":{"line":326,"column":8},"end":{"line":326,"column":16}},{"start":{"line":326,"column":20},"end":{"line":326,"column":35}}]},"21":{"loc":{"start":{"line":331,"column":6},"end":{"line":333,"column":7}},"type":"if","locations":[{"start":{"line":331,"column":6},"end":{"line":333,"column":7}}]},"22":{"loc":{"start":{"line":334,"column":11},"end":{"line":338,"column":5}},"type":"if","locations":[{"start":{"line":334,"column":11},"end":{"line":338,"column":5}},{"start":{"line":336,"column":11},"end":{"line":338,"column":5}}]}},"s":{"0":0,"1":0,"2":0,"3":0,"4":0,"5":0,"6":0,"7":0,"8":0,"9":0,"10":0,"11":0,"12":0,"13":0,"14":0,"15":0,"16":0,"17":0,"18":0,"19":0,"20":0,"21":0,"22":0,"23":0,"24":0,"25":0,"26":0,"27":0,"28":0,"29":0,"30":0,"31":0,"32":0,"33":0,"34":0,"35":0,"36":0,"37":0,"38":0,"39":0,"40":0,"41":0,"42":0,"43":0,"44":0,"45":0,"46":0,"47":0,"48":0,"49":0,"50":0,"51":0,"52":0,"53":0,"54":0,"55":0,"56":0,"57":0,"58":0,"59":0,"60":0,"61":0,"62":0,"63":0,"64":0,"65":0,"66":0,"67":0,"68":0,"69":0,"70":0,"71":0,"72":0,"73":0,"74":0,"75":0,"76":0,"77":0,"78":0,"79":0,"80":0,"81":0,"82":0,"83":0,"84":0,"85":0,"86":0,"87":0,"88":0,"89":0,"90":0,"91":0,"92":0,"93":0,"94":0,"95":0,"96":0,"97":0,"98":0,"99":0,"100":0,"101":0,"102":0,"103":0,"104":0,"105":0,"106":0,"107":0,"108":0,"109":0,"110":0,"111":0,"112":0,"113":0,"114":0,"115":0,"116":0,"117":0,"118":0,"119":0,"120":0,"121":0,"122":0,"123":0,"124":0,"125":0,"126":0,"127":0,"128":0,"129":0,"130":0,"131":0,"132":0,"133":0,"134":0,"135":0,"136":0,"137":0,"138":0,"139":0,"140":0,"141":0,"142":0,"143":0,"144":0,"145":0,"146":0,"147":0,"148":0,"149":0,"150":0,"151":0,"152":0,"153":0,"154":0,"155":0,"156":0,"157":0,"158":0},"f":{"0":0,"1":0,"2":0,"3":0,"4":0,"5":0,"6":0,"7":0,"8":0,"9":0,"10":0},"b":{"0":[0,0],"1":[0,0],"2":[0],"3":[0],"4":[0],"5":[0],"6":[0],"7":[0,0],"8":[0],"9":[0,0],"10":[0,0],"11":[0],"12":[0,0],"13":[0,0],"14":[0],"15":[0,0],"16":[0],"17":[0,0],"18":[0,0],"19":[0,0],"20":[0,0],"21":[0],"22":[0,0]}}
,"C:\\Users\\rafae\\OneDrive\\Escritorio\\Caso-1\\src\\background\\EventBus.ts": {"path":"C:\\Users\\rafae\\OneDrive\\Escritorio\\Caso-1\\src\\background\\EventBus.ts","statementMap":{"0":{"start":{"line":24,"column":10},"end":{"line":24,"column":62}},"1":{"start":{"line":25,"column":10},"end":{"line":25,"column":37}},"2":{"start":{"line":26,"column":10},"end":{"line":26,"column":31}},"3":{"start":{"line":36,"column":4},"end":{"line":38,"column":5}},"4":{"start":{"line":37,"column":6},"end":{"line":37,"column":41}},"5":{"start":{"line":39,"column":4},"end":{"line":39,"column":29}},"6":{"start":{"line":51,"column":6},"end":{"line":51,"column":95}},"7":{"start":{"line":53,"column":39},"end":{"line":58,"column":6}},"8":{"start":{"line":60,"column":4},"end":{"line":62,"column":5}},"9":{"start":{"line":61,"column":6},"end":{"line":61,"column":40}},"10":{"start":{"line":64,"column":4},"end":{"line":64,"column":50}},"11":{"start":{"line":66,"column":4},"end":{"line":66,"column":80}},"12":{"start":{"line":67,"column":4},"end":{"line":67,"column":22}},"13":{"start":{"line":74,"column":4},"end":{"line":86,"column":5}},"14":{"start":{"line":75,"column":20},"end":{"line":75,"column":79}},"15":{"start":{"line":75,"column":52},"end":{"line":75,"column":78}},"16":{"start":{"line":76,"column":6},"end":{"line":85,"column":7}},"17":{"start":{"line":77,"column":8},"end":{"line":77,"column":35}},"18":{"start":{"line":78,"column":8},"end":{"line":78,"column":88}},"19":{"start":{"line":81,"column":8},"end":{"line":83,"column":9}},"20":{"start":{"line":82,"column":10},"end":{"line":82,"column":43}},"21":{"start":{"line":84,"column":8},"end":{"line":84,"column":20}},"22":{"start":{"line":87,"column":4},"end":{"line":87,"column":17}},"23":{"start":{"line":98,"column":28},"end":{"line":104,"column":6}},"24":{"start":{"line":107,"column":4},"end":{"line":107,"column":29}},"25":{"start":{"line":110,"column":22},"end":{"line":110,"column":57}},"26":{"start":{"line":112,"column":4},"end":{"line":112,"column":87}},"27":{"start":{"line":115,"column":40},"end":{"line":115,"column":42}},"28":{"start":{"line":117,"column":4},"end":{"line":128,"column":7}},"29":{"start":{"line":118,"column":6},"end":{"line":127,"column":7}},"30":{"start":{"line":119,"column":8},"end":{"line":119,"column":33}},"31":{"start":{"line":122,"column":8},"end":{"line":124,"column":9}},"32":{"start":{"line":123,"column":10},"end":{"line":123,"column":46}},"33":{"start":{"line":126,"column":8},"end":{"line":126,"column":77}},"34":{"start":{"line":131,"column":4},"end":{"line":131,"column":74}},"35":{"start":{"line":131,"column":44},"end":{"line":131,"column":72}},"36":{"start":{"line":138,"column":4},"end":{"line":138,"column":63}},"37":{"start":{"line":145,"column":52},"end":{"line":145,"column":54}},"38":{"start":{"line":147,"column":4},"end":{"line":149,"column":5}},"39":{"start":{"line":148,"column":6},"end":{"line":148,"column":43}},"40":{"start":{"line":151,"column":4},"end":{"line":151,"column":18}},"41":{"start":{"line":158,"column":26},"end":{"line":160,"column":25}},"42":{"start":{"line":159,"column":42},"end":{"line":159,"column":66}},"43":{"start":{"line":162,"column":4},"end":{"line":164,"column":5}},"44":{"start":{"line":163,"column":6},"end":{"line":163,"column":54}},"45":{"start":{"line":166,"column":4},"end":{"line":166,"column":27}},"46":{"start":{"line":173,"column":4},"end":{"line":173,"column":27}},"47":{"start":{"line":174,"column":4},"end":{"line":174,"column":52}},"48":{"start":{"line":181,"column":4},"end":{"line":181,"column":27}},"49":{"start":{"line":182,"column":4},"end":{"line":182,"column":52}},"50":{"start":{"line":194,"column":27},"end":{"line":196,"column":null}},"51":{"start":{"line":195,"column":26},"end":{"line":195,"column":48}},"52":{"start":{"line":199,"column":23},"end":{"line":199,"column":56}},"53":{"start":{"line":201,"column":56},"end":{"line":201,"column":58}},"54":{"start":{"line":202,"column":4},"end":{"line":204,"column":7}},"55":{"start":{"line":203,"column":6},"end":{"line":203,"column":75}},"56":{"start":{"line":207,"column":6},"end":{"line":207,"column":83}},"57":{"start":{"line":207,"column":61},"end":{"line":207,"column":66}},"58":{"start":{"line":209,"column":4},"end":{"line":214,"column":6}},"59":{"start":{"line":218,"column":4},"end":{"line":218,"column":34}},"60":{"start":{"line":221,"column":4},"end":{"line":223,"column":5}},"61":{"start":{"line":222,"column":6},"end":{"line":222,"column":72}},"62":{"start":{"line":22,"column":0},"end":{"line":22,"column":13}},"63":{"start":{"line":228,"column":13},"end":{"line":252,"column":11}},"64":{"start":{"line":255,"column":13},"end":{"line":255,"column":47}}},"fnMap":{"0":{"name":"(anonymous_0)","decl":{"start":{"line":28,"column":2},"end":{"line":28,"column":null}},"loc":{"start":{"line":28,"column":2},"end":{"line":30,"column":3}}},"1":{"name":"(anonymous_1)","decl":{"start":{"line":35,"column":2},"end":{"line":35,"column":8}},"loc":{"start":{"line":35,"column":20},"end":{"line":40,"column":3}}},"2":{"name":"(anonymous_2)","decl":{"start":{"line":45,"column":2},"end":{"line":45,"column":11}},"loc":{"start":{"line":48,"column":57},"end":{"line":68,"column":3}}},"3":{"name":"(anonymous_3)","decl":{"start":{"line":73,"column":2},"end":{"line":73,"column":13}},"loc":{"start":{"line":73,"column":32},"end":{"line":88,"column":3}}},"4":{"name":"(anonymous_4)","decl":{"start":{"line":75,"column":40},"end":{"line":75,"column":48}},"loc":{"start":{"line":75,"column":52},"end":{"line":75,"column":78}}},"5":{"name":"(anonymous_5)","decl":{"start":{"line":93,"column":2},"end":{"line":93,"column":9}},"loc":{"start":{"line":96,"column":58},"end":{"line":132,"column":3}}},"6":{"name":"(anonymous_6)","decl":{"start":{"line":117,"column":22},"end":{"line":117,"column":30}},"loc":{"start":{"line":117,"column":33},"end":{"line":128,"column":5}}},"7":{"name":"(anonymous_7)","decl":{"start":{"line":131,"column":30},"end":{"line":131,"column":40}},"loc":{"start":{"line":131,"column":44},"end":{"line":131,"column":72}}},"8":{"name":"(anonymous_8)","decl":{"start":{"line":137,"column":2},"end":{"line":137,"column":6}},"loc":{"start":{"line":137,"column":64},"end":{"line":139,"column":3}}},"9":{"name":"(anonymous_9)","decl":{"start":{"line":144,"column":2},"end":{"line":144,"column":20}},"loc":{"start":{"line":144,"column":20},"end":{"line":152,"column":3}}},"10":{"name":"(anonymous_10)","decl":{"start":{"line":157,"column":2},"end":{"line":157,"column":17}},"loc":{"start":{"line":157,"column":52},"end":{"line":167,"column":3}}},"11":{"name":"(anonymous_11)","decl":{"start":{"line":159,"column":33},"end":{"line":159,"column":38}},"loc":{"start":{"line":159,"column":42},"end":{"line":159,"column":66}}},"12":{"name":"(anonymous_12)","decl":{"start":{"line":172,"column":2},"end":{"line":172,"column":19}},"loc":{"start":{"line":172,"column":19},"end":{"line":175,"column":3}}},"13":{"name":"(anonymous_13)","decl":{"start":{"line":180,"column":2},"end":{"line":180,"column":14}},"loc":{"start":{"line":180,"column":14},"end":{"line":183,"column":3}}},"14":{"name":"(anonymous_14)","decl":{"start":{"line":188,"column":2},"end":{"line":188,"column":10}},"loc":{"start":{"line":188,"column":10},"end":{"line":215,"column":3}}},"15":{"name":"(anonymous_15)","decl":{"start":{"line":195,"column":6},"end":{"line":195,"column":7}},"loc":{"start":{"line":195,"column":26},"end":{"line":195,"column":48}}},"16":{"name":"(anonymous_16)","decl":{"start":{"line":202,"column":30},"end":{"line":202,"column":35}},"loc":{"start":{"line":202,"column":38},"end":{"line":204,"column":5}}},"17":{"name":"(anonymous_17)","decl":{"start":{"line":207,"column":43},"end":{"line":207,"column":44}},"loc":{"start":{"line":207,"column":61},"end":{"line":207,"column":66}}},"18":{"name":"(anonymous_18)","decl":{"start":{"line":217,"column":10},"end":{"line":217,"column":22}},"loc":{"start":{"line":217,"column":35},"end":{"line":224,"column":3}}}},"branchMap":{"0":{"loc":{"start":{"line":36,"column":4},"end":{"line":38,"column":5}},"type":"if","locations":[{"start":{"line":36,"column":4},"end":{"line":38,"column":5}}]},"1":{"loc":{"start":{"line":48,"column":4},"end":{"line":48,"column":57}},"type":"default-arg","locations":[{"start":{"line":48,"column":55},"end":{"line":48,"column":57}}]},"2":{"loc":{"start":{"line":51,"column":6},"end":{"line":51,"column":95}},"type":"binary-expr","locations":[{"start":{"line":51,"column":6},"end":{"line":51,"column":24}},{"start":{"line":51,"column":28},"end":{"line":51,"column":95}}]},"3":{"loc":{"start":{"line":57,"column":12},"end":{"line":57,"column":33}},"type":"binary-expr","locations":[{"start":{"line":57,"column":12},"end":{"line":57,"column":24}},{"start":{"line":57,"column":28},"end":{"line":57,"column":33}}]},"4":{"loc":{"start":{"line":60,"column":4},"end":{"line":62,"column":5}},"type":"if","locations":[{"start":{"line":60,"column":4},"end":{"line":62,"column":5}}]},"5":{"loc":{"start":{"line":76,"column":6},"end":{"line":85,"column":7}},"type":"if","locations":[{"start":{"line":76,"column":6},"end":{"line":85,"column":7}}]},"6":{"loc":{"start":{"line":81,"column":8},"end":{"line":83,"column":9}},"type":"if","locations":[{"start":{"line":81,"column":8},"end":{"line":83,"column":9}}]},"7":{"loc":{"start":{"line":96,"column":4},"end":{"line":96,"column":58}},"type":"default-arg","locations":[{"start":{"line":96,"column":56},"end":{"line":96,"column":58}}]},"8":{"loc":{"start":{"line":110,"column":22},"end":{"line":110,"column":57}},"type":"binary-expr","locations":[{"start":{"line":110,"column":22},"end":{"line":110,"column":51}},{"start":{"line":110,"column":55},"end":{"line":110,"column":57}}]},"9":{"loc":{"start":{"line":122,"column":8},"end":{"line":124,"column":9}},"type":"if","locations":[{"start":{"line":122,"column":8},"end":{"line":124,"column":9}}]},"10":{"loc":{"start":{"line":158,"column":26},"end":{"line":160,"column":25}},"type":"cond-expr","locations":[{"start":{"line":159,"column":8},"end":{"line":159,"column":67}},{"start":{"line":160,"column":8},"end":{"line":160,"column":25}}]},"11":{"loc":{"start":{"line":162,"column":4},"end":{"line":164,"column":5}},"type":"if","locations":[{"start":{"line":162,"column":4},"end":{"line":164,"column":5}}]},"12":{"loc":{"start":{"line":203,"column":37},"end":{"line":203,"column":69}},"type":"binary-expr","locations":[{"start":{"line":203,"column":37},"end":{"line":203,"column":64}},{"start":{"line":203,"column":68},"end":{"line":203,"column":69}}]},"13":{"loc":{"start":{"line":207,"column":6},"end":{"line":207,"column":83}},"type":"binary-expr","locations":[{"start":{"line":207,"column":6},"end":{"line":207,"column":75}},{"start":{"line":207,"column":79},"end":{"line":207,"column":83}}]},"14":{"loc":{"start":{"line":221,"column":4},"end":{"line":223,"column":5}},"type":"if","locations":[{"start":{"line":221,"column":4},"end":{"line":223,"column":5}}]}},"s":{"0":27,"1":27,"2":27,"3":29,"4":27,"5":29,"6":73,"7":73,"8":73,"9":21,"10":73,"11":73,"12":73,"13":3,"14":2,"15":2,"16":2,"17":2,"18":2,"19":2,"20":2,"21":2,"22":1,"23":126,"24":126,"25":126,"26":126,"27":126,"28":126,"29":165,"30":165,"31":164,"32":1,"33":1,"34":126,"35":1,"36":1,"37":2,"38":2,"39":2,"40":2,"41":5,"42":6,"43":5,"44":1,"45":5,"46":27,"47":27,"48":27,"49":27,"50":1,"51":2,"52":1,"53":1,"54":1,"55":1,"56":1,"57":0,"58":1,"59":126,"60":126,"61":0,"62":1,"63":1,"64":1},"f":{"0":27,"1":29,"2":73,"3":3,"4":2,"5":126,"6":165,"7":1,"8":1,"9":2,"10":5,"11":6,"12":27,"13":27,"14":1,"15":2,"16":1,"17":0,"18":126},"b":{"0":[27],"1":[72],"2":[73,73],"3":[73,72],"4":[21],"5":[2],"6":[2],"7":[124],"8":[126,12],"9":[1],"10":[2,3],"11":[1],"12":[1,1],"13":[1,0],"14":[0]}}
,"C:\\Users\\rafae\\OneDrive\\Escritorio\\Caso-1\\src\\background\\NotificationService.ts": {"path":"C:\\Users\\rafae\\OneDrive\\Escritorio\\Caso-1\\src\\background\\NotificationService.ts","statementMap":{"0":{"start":{"line":2,"column":0},"end":{"line":2,"column":62}},"1":{"start":{"line":36,"column":10},"end":{"line":36,"column":57}},"2":{"start":{"line":37,"column":10},"end":{"line":37,"column":67}},"3":{"start":{"line":40,"column":4},"end":{"line":40,"column":43}},"4":{"start":{"line":41,"column":4},"end":{"line":41,"column":31}},"5":{"start":{"line":42,"column":4},"end":{"line":42,"column":31}},"6":{"start":{"line":43,"column":4},"end":{"line":43,"column":29}},"7":{"start":{"line":47,"column":4},"end":{"line":49,"column":5}},"8":{"start":{"line":48,"column":6},"end":{"line":48,"column":63}},"9":{"start":{"line":50,"column":4},"end":{"line":50,"column":40}},"10":{"start":{"line":61,"column":4},"end":{"line":104,"column":5}},"11":{"start":{"line":63,"column":6},"end":{"line":66,"column":7}},"12":{"start":{"line":64,"column":8},"end":{"line":64,"column":69}},"13":{"start":{"line":65,"column":8},"end":{"line":65,"column":21}},"14":{"start":{"line":69,"column":27},"end":{"line":76,"column":8}},"15":{"start":{"line":79,"column":6},"end":{"line":84,"column":8}},"16":{"start":{"line":80,"column":8},"end":{"line":82,"column":9}},"17":{"start":{"line":81,"column":10},"end":{"line":81,"column":45}},"18":{"start":{"line":83,"column":8},"end":{"line":83,"column":29}},"19":{"start":{"line":87,"column":6},"end":{"line":89,"column":7}},"20":{"start":{"line":88,"column":8},"end":{"line":88,"column":53}},"21":{"start":{"line":88,"column":25},"end":{"line":88,"column":45}},"22":{"start":{"line":92,"column":6},"end":{"line":97,"column":9}},"23":{"start":{"line":99,"column":6},"end":{"line":99,"column":79}},"24":{"start":{"line":100,"column":6},"end":{"line":100,"column":18}},"25":{"start":{"line":102,"column":6},"end":{"line":102,"column":80}},"26":{"start":{"line":103,"column":6},"end":{"line":103,"column":19}},"27":{"start":{"line":116,"column":21},"end":{"line":116,"column":51}},"28":{"start":{"line":118,"column":4},"end":{"line":121,"column":5}},"29":{"start":{"line":119,"column":6},"end":{"line":119,"column":78}},"30":{"start":{"line":120,"column":6},"end":{"line":120,"column":19}},"31":{"start":{"line":124,"column":20},"end":{"line":124,"column":28}},"32":{"start":{"line":125,"column":19},"end":{"line":125,"column":27}},"33":{"start":{"line":127,"column":4},"end":{"line":131,"column":7}},"34":{"start":{"line":128,"column":20},"end":{"line":128,"column":58}},"35":{"start":{"line":129,"column":6},"end":{"line":129,"column":73}},"36":{"start":{"line":130,"column":6},"end":{"line":130,"column":71}},"37":{"start":{"line":133,"column":41},"end":{"line":137,"column":6}},"38":{"start":{"line":139,"column":4},"end":{"line":139,"column":60}},"39":{"start":{"line":147,"column":4},"end":{"line":165,"column":7}},"40":{"start":{"line":148,"column":45},"end":{"line":148,"column":58}},"41":{"start":{"line":151,"column":6},"end":{"line":156,"column":8}},"42":{"start":{"line":159,"column":6},"end":{"line":164,"column":8}},"43":{"start":{"line":168,"column":4},"end":{"line":177,"column":7}},"44":{"start":{"line":169,"column":47},"end":{"line":169,"column":60}},"45":{"start":{"line":171,"column":6},"end":{"line":176,"column":8}},"46":{"start":{"line":180,"column":4},"end":{"line":185,"column":7}},"47":{"start":{"line":182,"column":6},"end":{"line":184,"column":9}},"48":{"start":{"line":192,"column":46},"end":{"line":235,"column":6}},"49":{"start":{"line":237,"column":4},"end":{"line":239,"column":7}},"50":{"start":{"line":238,"column":6},"end":{"line":238,"column":48}},"51":{"start":{"line":241,"column":4},"end":{"line":241,"column":83}},"52":{"start":{"line":248,"column":4},"end":{"line":253,"column":5}},"53":{"start":{"line":249,"column":6},"end":{"line":249,"column":63}},"54":{"start":{"line":250,"column":6},"end":{"line":250,"column":81}},"55":{"start":{"line":252,"column":6},"end":{"line":252,"column":72}},"56":{"start":{"line":265,"column":28},"end":{"line":265,"column":66}},"57":{"start":{"line":267,"column":4},"end":{"line":269,"column":7}},"58":{"start":{"line":268,"column":6},"end":{"line":268,"column":81}},"59":{"start":{"line":277,"column":4},"end":{"line":277,"column":39}},"60":{"start":{"line":289,"column":22},"end":{"line":291,"column":13}},"61":{"start":{"line":290,"column":6},"end":{"line":290,"column":55}},"62":{"start":{"line":293,"column":4},"end":{"line":293,"column":97}},"63":{"start":{"line":294,"column":4},"end":{"line":294,"column":21}},"64":{"start":{"line":301,"column":4},"end":{"line":301,"column":28}},"65":{"start":{"line":302,"column":4},"end":{"line":302,"column":87}},"66":{"start":{"line":313,"column":4},"end":{"line":317,"column":6}},"67":{"start":{"line":33,"column":0},"end":{"line":33,"column":13}},"68":{"start":{"line":322,"column":13},"end":{"line":322,"column":69}}},"fnMap":{"0":{"name":"(anonymous_0)","decl":{"start":{"line":39,"column":2},"end":{"line":39,"column":null}},"loc":{"start":{"line":39,"column":2},"end":{"line":44,"column":3}}},"1":{"name":"(anonymous_1)","decl":{"start":{"line":46,"column":2},"end":{"line":46,"column":8}},"loc":{"start":{"line":46,"column":20},"end":{"line":51,"column":3}}},"2":{"name":"(anonymous_2)","decl":{"start":{"line":56,"column":2},"end":{"line":56,"column":7}},"loc":{"start":{"line":59,"column":59},"end":{"line":105,"column":3}}},"3":{"name":"(anonymous_3)","decl":{"start":{"line":79,"column":29},"end":{"line":79,"column":32}},"loc":{"start":{"line":79,"column":34},"end":{"line":84,"column":7}}},"4":{"name":"(anonymous_4)","decl":{"start":{"line":88,"column":19},"end":{"line":88,"column":22}},"loc":{"start":{"line":88,"column":25},"end":{"line":88,"column":45}}},"5":{"name":"(anonymous_5)","decl":{"start":{"line":110,"column":2},"end":{"line":110,"column":7}},"loc":{"start":{"line":114,"column":59},"end":{"line":140,"column":3}}},"6":{"name":"(anonymous_6)","decl":{"start":{"line":127,"column":31},"end":{"line":127,"column":39}},"loc":{"start":{"line":127,"column":42},"end":{"line":131,"column":5}}},"7":{"name":"(anonymous_7)","decl":{"start":{"line":145,"column":10},"end":{"line":145,"column":29}},"loc":{"start":{"line":145,"column":29},"end":{"line":186,"column":3}}},"8":{"name":"(anonymous_8)","decl":{"start":{"line":147,"column":56},"end":{"line":147,"column":57}},"loc":{"start":{"line":147,"column":73},"end":{"line":165,"column":5}}},"9":{"name":"(anonymous_9)","decl":{"start":{"line":168,"column":56},"end":{"line":168,"column":57}},"loc":{"start":{"line":168,"column":73},"end":{"line":177,"column":5}}},"10":{"name":"(anonymous_10)","decl":{"start":{"line":180,"column":56},"end":{"line":180,"column":57}},"loc":{"start":{"line":180,"column":73},"end":{"line":185,"column":5}}},"11":{"name":"(anonymous_11)","decl":{"start":{"line":191,"column":10},"end":{"line":191,"column":29}},"loc":{"start":{"line":191,"column":29},"end":{"line":242,"column":3}}},"12":{"name":"(anonymous_12)","decl":{"start":{"line":237,"column":22},"end":{"line":237,"column":30}},"loc":{"start":{"line":237,"column":33},"end":{"line":239,"column":5}}},"13":{"name":"(anonymous_13)","decl":{"start":{"line":247,"column":10},"end":{"line":247,"column":15}},"loc":{"start":{"line":247,"column":33},"end":{"line":254,"column":3}}},"14":{"name":"(anonymous_14)","decl":{"start":{"line":259,"column":10},"end":{"line":259,"column":15}},"loc":{"start":{"line":262,"column":40},"end":{"line":270,"column":3}}},"15":{"name":"(anonymous_15)","decl":{"start":{"line":267,"column":28},"end":{"line":267,"column":34}},"loc":{"start":{"line":267,"column":37},"end":{"line":269,"column":5}}},"16":{"name":"(anonymous_16)","decl":{"start":{"line":275,"column":10},"end":{"line":275,"column":15}},"loc":{"start":{"line":275,"column":51},"end":{"line":278,"column":3}}},"17":{"name":"(anonymous_17)","decl":{"start":{"line":283,"column":2},"end":{"line":283,"column":22}},"loc":{"start":{"line":287,"column":59},"end":{"line":295,"column":3}}},"18":{"name":"(anonymous_18)","decl":{"start":{"line":289,"column":40},"end":{"line":289,"column":43}},"loc":{"start":{"line":289,"column":45},"end":{"line":291,"column":5}}},"19":{"name":"(anonymous_19)","decl":{"start":{"line":300,"column":2},"end":{"line":300,"column":29}},"loc":{"start":{"line":300,"column":47},"end":{"line":303,"column":3}}},"20":{"name":"(anonymous_20)","decl":{"start":{"line":308,"column":2},"end":{"line":308,"column":11}},"loc":{"start":{"line":308,"column":11},"end":{"line":318,"column":3}}}},"branchMap":{"0":{"loc":{"start":{"line":47,"column":4},"end":{"line":49,"column":5}},"type":"if","locations":[{"start":{"line":47,"column":4},"end":{"line":49,"column":5}}]},"1":{"loc":{"start":{"line":59,"column":4},"end":{"line":59,"column":59}},"type":"default-arg","locations":[{"start":{"line":59,"column":57},"end":{"line":59,"column":59}}]},"2":{"loc":{"start":{"line":63,"column":6},"end":{"line":66,"column":7}},"type":"if","locations":[{"start":{"line":63,"column":6},"end":{"line":66,"column":7}}]},"3":{"loc":{"start":{"line":71,"column":14},"end":{"line":71,"column":60}},"type":"binary-expr","locations":[{"start":{"line":71,"column":14},"end":{"line":71,"column":26}},{"start":{"line":71,"column":30},"end":{"line":71,"column":60}}]},"4":{"loc":{"start":{"line":74,"column":28},"end":{"line":74,"column":55}},"type":"binary-expr","locations":[{"start":{"line":74,"column":28},"end":{"line":74,"column":46}},{"start":{"line":74,"column":50},"end":{"line":74,"column":55}}]},"5":{"loc":{"start":{"line":80,"column":8},"end":{"line":82,"column":9}},"type":"if","locations":[{"start":{"line":80,"column":8},"end":{"line":82,"column":9}}]},"6":{"loc":{"start":{"line":87,"column":6},"end":{"line":89,"column":7}},"type":"if","locations":[{"start":{"line":87,"column":6},"end":{"line":89,"column":7}}]},"7":{"loc":{"start":{"line":114,"column":4},"end":{"line":114,"column":59}},"type":"default-arg","locations":[{"start":{"line":114,"column":57},"end":{"line":114,"column":59}}]},"8":{"loc":{"start":{"line":118,"column":4},"end":{"line":121,"column":5}},"type":"if","locations":[{"start":{"line":118,"column":4},"end":{"line":121,"column":5}}]},"9":{"loc":{"start":{"line":128,"column":20},"end":{"line":128,"column":58}},"type":"binary-expr","locations":[{"start":{"line":128,"column":20},"end":{"line":128,"column":39}},{"start":{"line":128,"column":43},"end":{"line":128,"column":58}}]},"10":{"loc":{"start":{"line":248,"column":4},"end":{"line":253,"column":5}},"type":"if","locations":[{"start":{"line":248,"column":4},"end":{"line":253,"column":5}},{"start":{"line":251,"column":11},"end":{"line":253,"column":5}}]},"11":{"loc":{"start":{"line":287,"column":4},"end":{"line":287,"column":59}},"type":"default-arg","locations":[{"start":{"line":287,"column":57},"end":{"line":287,"column":59}}]}},"s":{"0":0,"1":0,"2":0,"3":0,"4":0,"5":0,"6":0,"7":0,"8":0,"9":0,"10":0,"11":0,"12":0,"13":0,"14":0,"15":0,"16":0,"17":0,"18":0,"19":0,"20":0,"21":0,"22":0,"23":0,"24":0,"25":0,"26":0,"27":0,"28":0,"29":0,"30":0,"31":0,"32":0,"33":0,"34":0,"35":0,"36":0,"37":0,"38":0,"39":0,"40":0,"41":0,"42":0,"43":0,"44":0,"45":0,"46":0,"47":0,"48":0,"49":0,"50":0,"51":0,"52":0,"53":0,"54":0,"55":0,"56":0,"57":0,"58":0,"59":0,"60":0,"61":0,"62":0,"63":0,"64":0,"65":0,"66":0,"67":0,"68":0},"f":{"0":0,"1":0,"2":0,"3":0,"4":0,"5":0,"6":0,"7":0,"8":0,"9":0,"10":0,"11":0,"12":0,"13":0,"14":0,"15":0,"16":0,"17":0,"18":0,"19":0,"20":0},"b":{"0":[0],"1":[0],"2":[0],"3":[0,0],"4":[0,0],"5":[0],"6":[0],"7":[0],"8":[0],"9":[0,0],"10":[0,0],"11":[0]}}
,"C:\\Users\\rafae\\OneDrive\\Escritorio\\Caso-1\\src\\background\\index.ts": {"path":"C:\\Users\\rafae\\OneDrive\\Escritorio\\Caso-1\\src\\background\\index.ts","statementMap":{"0":{"start":{"line":2,"column":0},"end":{"line":2,"column":9}},"1":{"start":{"line":2,"column":9},"end":{"line":2,"column":19}},"2":{"start":{"line":2,"column":19},"end":{"line":2,"column":31}},"3":{"start":{"line":2,"column":31},"end":{"line":2,"column":60}},"4":{"start":{"line":3,"column":0},"end":{"line":3,"column":9}},"5":{"start":{"line":3,"column":9},"end":{"line":3,"column":30}},"6":{"start":{"line":3,"column":30},"end":{"line":3,"column":81}}},"fnMap":{"0":{"name":"(anonymous_0)","decl":{"start":{"line":2,"column":9},"end":{"line":2,"column":17}},"loc":{"start":{"line":2,"column":9},"end":{"line":2,"column":19}}},"1":{"name":"(anonymous_1)","decl":{"start":{"line":2,"column":19},"end":{"line":2,"column":29}},"loc":{"start":{"line":2,"column":19},"end":{"line":2,"column":31}}},"2":{"name":"(anonymous_2)","decl":{"start":{"line":2,"column":31},"end":{"line":2,"column":39}},"loc":{"start":{"line":2,"column":31},"end":{"line":2,"column":60}}},"3":{"name":"(anonymous_3)","decl":{"start":{"line":3,"column":9},"end":{"line":3,"column":28}},"loc":{"start":{"line":3,"column":9},"end":{"line":3,"column":30}}},"4":{"name":"(anonymous_4)","decl":{"start":{"line":3,"column":30},"end":{"line":3,"column":49}},"loc":{"start":{"line":3,"column":30},"end":{"line":3,"column":81}}}},"branchMap":{},"s":{"0":0,"1":0,"2":0,"3":0,"4":0,"5":0,"6":0},"f":{"0":0,"1":0,"2":0,"3":0,"4":0},"b":{}}
,"C:\\Users\\rafae\\OneDrive\\Escritorio\\Caso-1\\src\\business\\index.ts": {"path":"C:\\Users\\rafae\\OneDrive\\Escritorio\\Caso-1\\src\\business\\index.ts","statementMap":{"0":{"start":{"line":2,"column":0},"end":{"line":2,"column":24}},"1":{"start":{"line":3,"column":0},"end":{"line":3,"column":27}}},"fnMap":{},"branchMap":{},"s":{"0":0,"1":0},"f":{},"b":{}}
,"C:\\Users\\rafae\\OneDrive\\Escritorio\\Caso-1\\src\\business\\rules\\CoachRules.ts": {"path":"C:\\Users\\rafae\\OneDrive\\Escritorio\\Caso-1\\src\\business\\rules\\CoachRules.ts","statementMap":{"0":{"start":{"line":22,"column":4},"end":{"line":24,"column":5}},"1":{"start":{"line":23,"column":6},"end":{"line":23,"column":24}},"2":{"start":{"line":25,"column":4},"end":{"line":27,"column":5}},"3":{"start":{"line":26,"column":6},"end":{"line":26,"column":20}},"4":{"start":{"line":28,"column":4},"end":{"line":30,"column":5}},"5":{"start":{"line":29,"column":6},"end":{"line":29,"column":22}},"6":{"start":{"line":31,"column":4},"end":{"line":31,"column":20}},"7":{"start":{"line":38,"column":24},"end":{"line":43,"column":6}},"8":{"start":{"line":44,"column":4},"end":{"line":44,"column":29}},"9":{"start":{"line":52,"column":4},"end":{"line":57,"column":5}},"10":{"start":{"line":53,"column":6},"end":{"line":56,"column":8}},"11":{"start":{"line":60,"column":4},"end":{"line":65,"column":5}},"12":{"start":{"line":61,"column":6},"end":{"line":64,"column":8}},"13":{"start":{"line":67,"column":4},"end":{"line":67,"column":33}},"14":{"start":{"line":74,"column":4},"end":{"line":79,"column":5}},"15":{"start":{"line":75,"column":6},"end":{"line":78,"column":8}},"16":{"start":{"line":81,"column":4},"end":{"line":81,"column":31}},"17":{"start":{"line":91,"column":21},"end":{"line":91,"column":23}},"18":{"start":{"line":92,"column":17},"end":{"line":92,"column":48}},"19":{"start":{"line":93,"column":27},"end":{"line":93,"column":55}},"20":{"start":{"line":95,"column":25},"end":{"line":95,"column":49}},"21":{"start":{"line":96,"column":22},"end":{"line":96,"column":57}},"22":{"start":{"line":97,"column":26},"end":{"line":97,"column":55}},"23":{"start":{"line":99,"column":4},"end":{"line":103,"column":6}},"24":{"start":{"line":110,"column":17},"end":{"line":110,"column":48}},"25":{"start":{"line":113,"column":4},"end":{"line":118,"column":5}},"26":{"start":{"line":114,"column":6},"end":{"line":117,"column":8}},"27":{"start":{"line":121,"column":4},"end":{"line":126,"column":5}},"28":{"start":{"line":122,"column":6},"end":{"line":125,"column":8}},"29":{"start":{"line":128,"column":4},"end":{"line":128,"column":36}},"30":{"start":{"line":139,"column":4},"end":{"line":144,"column":5}},"31":{"start":{"line":140,"column":6},"end":{"line":143,"column":8}},"32":{"start":{"line":147,"column":31},"end":{"line":147,"column":59}},"33":{"start":{"line":148,"column":4},"end":{"line":153,"column":5}},"34":{"start":{"line":149,"column":6},"end":{"line":152,"column":8}},"35":{"start":{"line":155,"column":4},"end":{"line":155,"column":31}},"36":{"start":{"line":162,"column":4},"end":{"line":184,"column":7}},"37":{"start":{"line":164,"column":6},"end":{"line":166,"column":7}},"38":{"start":{"line":165,"column":8},"end":{"line":165,"column":21}},"39":{"start":{"line":169,"column":6},"end":{"line":171,"column":7}},"40":{"start":{"line":170,"column":8},"end":{"line":170,"column":21}},"41":{"start":{"line":174,"column":6},"end":{"line":176,"column":7}},"42":{"start":{"line":175,"column":8},"end":{"line":175,"column":21}},"43":{"start":{"line":179,"column":6},"end":{"line":181,"column":7}},"44":{"start":{"line":180,"column":8},"end":{"line":180,"column":21}},"45":{"start":{"line":183,"column":6},"end":{"line":183,"column":18}},"46":{"start":{"line":8,"column":0},"end":{"line":8,"column":13}},"47":{"start":{"line":9,"column":26},"end":{"line":9,"column":47}},"48":{"start":{"line":10,"column":26},"end":{"line":10,"column":51}},"49":{"start":{"line":11,"column":26},"end":{"line":16,"column":4}}},"fnMap":{"0":{"name":"(anonymous_0)","decl":{"start":{"line":21,"column":2},"end":{"line":21,"column":8}},"loc":{"start":{"line":21,"column":36},"end":{"line":32,"column":3}}},"1":{"name":"(anonymous_1)","decl":{"start":{"line":37,"column":2},"end":{"line":37,"column":8}},"loc":{"start":{"line":37,"column":74},"end":{"line":45,"column":3}}},"2":{"name":"(anonymous_2)","decl":{"start":{"line":50,"column":2},"end":{"line":50,"column":8}},"loc":{"start":{"line":50,"column":38},"end":{"line":68,"column":3}}},"3":{"name":"(anonymous_3)","decl":{"start":{"line":73,"column":2},"end":{"line":73,"column":8}},"loc":{"start":{"line":73,"column":52},"end":{"line":82,"column":3}}},"4":{"name":"(anonymous_4)","decl":{"start":{"line":87,"column":2},"end":{"line":87,"column":8}},"loc":{"start":{"line":89,"column":25},"end":{"line":104,"column":
[...]
:11,"column":10}},"loc":{"start":{"line":11,"column":33},"end":{"line":78,"column":3}}},"1":{"name":"(anonymous_1)","decl":{"start":{"line":83,"column":10},"end":{"line":83,"column":31}},"loc":{"start":{"line":83,"column":53},"end":{"line":107,"column":3}}},"2":{"name":"(anonymous_2)","decl":{"start":{"line":112,"column":10},"end":{"line":112,"column":27}},"loc":{"start":{"line":112,"column":45},"end":{"line":143,"column":3}}},"3":{"name":"(anonymous_3)","decl":{"start":{"line":148,"column":10},"end":{"line":148,"column":26}},"loc":{"start":{"line":148,"column":43},"end":{"line":159,"column":3}}},"4":{"name":"(anonymous_4)","decl":{"start":{"line":164,"column":2},"end":{"line":164,"column":8}},"loc":{"start":{"line":164,"column":57},"end":{"line":187,"column":3}}},"5":{"name":"(anonymous_5)","decl":{"start":{"line":192,"column":2},"end":{"line":192,"column":8}},"loc":{"start":{"line":192,"column":49},"end":{"line":205,"column":3}}}},"branchMap":{"0":{"loc":{"start":{"line":16,"column":4},"end":{"line":18,"column":5}},"type":"if","locations":[{"start":{"line":16,"column":4},"end":{"line":18,"column":5}}]},"1":{"loc":{"start":{"line":22,"column":4},"end":{"line":24,"column":5}},"type":"if","locations":[{"start":{"line":22,"column":4},"end":{"line":24,"column":5}}]},"2":{"loc":{"start":{"line":28,"column":4},"end":{"line":48,"column":5}},"type":"if","locations":[{"start":{"line":28,"column":4},"end":{"line":48,"column":5}},{"start":{"line":30,"column":11},"end":{"line":48,"column":5}}]},"3":{"loc":{"start":{"line":33,"column":6},"end":{"line":47,"column":7}},"type":"if","locations":[{"start":{"line":33,"column":6},"end":{"line":47,"column":7}},{"start":{"line":35,"column":13},"end":{"line":47,"column":7}}]},"4":{"loc":{"start":{"line":38,"column":8},"end":{"line":40,"column":9}},"type":"if","locations":[{"start":{"line":38,"column":8},"end":{"line":40,"column":9}}]},"5":{"loc":{"start":{"line":44,"column":8},"end":{"line":46,"column":9}},"type":"if","locations":[{"start":{"line":44,"column":8},"end":{"line":46,"column":9}}]},"6":{"loc":{"start":{"line":51,"column":4},"end":{"line":56,"column":5}},"type":"if","locations":[{"start":{"line":51,"column":4},"end":{"line":56,"column":5}}]},"7":{"loc":{"start":{"line":53,"column":6},"end":{"line":55,"column":7}},"type":"if","locations":[{"start":{"line":53,"column":6},"end":{"line":55,"column":7}}]},"8":{"loc":{"start":{"line":59,"column":4},"end":{"line":64,"column":5}},"type":"if","locations":[{"start":{"line":59,"column":4},"end":{"line":64,"column":5}}]},"9":{"loc":{"start":{"line":61,"column":6},"end":{"line":63,"column":7}},"type":"if","locations":[{"start":{"line":61,"column":6},"end":{"line":63,"column":7}}]},"10":{"loc":{"start":{"line":67,"column":4},"end":{"line":72,"column":5}},"type":"if","locations":[{"start":{"line":67,"column":4},"end":{"line":72,"column":5}}]},"11":{"loc":{"start":{"line":69,"column":6},"end":{"line":71,"column":7}},"type":"if","locations":[{"start":{"line":69,"column":6},"end":{"line":71,"column":7}}]},"12":{"loc":{"start":{"line":89,"column":4},"end":{"line":95,"column":5}},"type":"if","locations":[{"start":{"line":89,"column":4},"end":{"line":95,"column":5}}]},"13":{"loc":{"start":{"line":89,"column":8},"end":{"line":89,"column":30}},"type":"binary-expr","locations":[{"start":{"line":89,"column":8},"end":{"line":89,"column":16}},{"start":{"line":89,"column":20},"end":{"line":89,"column":30}}]},"14":{"loc":{"start":{"line":98,"column":4},"end":{"line":104,"column":5}},"type":"if","locations":[{"start":{"line":98,"column":4},"end":{"line":104,"column":5}}]},"15":{"loc":{"start":{"line":98,"column":8},"end":{"line":98,"column":37}},"type":"binary-expr","locations":[{"start":{"line":98,"column":8},"end":{"line":98,"column":20}},{"start":{"line":98,"column":24},"end":{"line":98,"column":37}}]},"16":{"loc":{"start":{"line":134,"column":4},"end":{"line":140,"column":5}},"type":"if","locations":[{"start":{"line":134,"column":4},"end":{"line":140,"column":5}}]},"17":{"loc":{"start":{"line":150,"column":4},"end":{"line":156,"column":5}},"type":"if","locations":[{"start":{"line":150,"column":4},"end":{"line":156,"column":5}}]},"18":{"loc":{"start":{"line":169,"column":4},"end":{"line":171,"column":5}},"type":"if","locations":[{"start":{"line":169,"column":4},"end":{"line":171,"column":5}}]},"19":{"loc":{"start":{"line":174,"column":4},"end":{"line":176,"column":5}},"type":"if","locations":[{"start":{"line":174,"column":4},"end":{"line":176,"column":5}}]},"20":{"loc":{"start":{"line":179,"column":4},"end":{"line":181,"column":5}},"type":"if","locations":[{"start":{"line":179,"column":4},"end":{"line":181,"column":5}}]},"21":{"loc":{"start":{"line":197,"column":4},"end":{"line":199,"column":5}},"type":"if","locations":[{"start":{"line":197,"column":4},"end":{"line":199,"column":5}}]}},"s":{"0":1,"1":15,"2":15,"3":15,"4":2,"5":15,"6":15,"7":0,"8":15,"9":15,"10":15,"11":0,"12":0,"13":0,"14":0,"15":0,"16":0,"17":0,"18":0,"19":0,"20":15,"21":0,"22":0,"23":0,"24":15,"25":3,"26":3,"27":1,"28":15,"29":0,"30":0,"31":0,"32":15,"33":0,"34":0,"35":0,"36":0,"37":0,"38":0,"39":0,"40":0,"41":0,"42":0,"43":0,"44":0,"45":0,"46":0,"47":0,"48":0,"49":0,"50":0,"51":0,"52":0,"53":0,"54":0,"55":0,"56":0,"57":0,"58":0,"59":0,"60":0,"61":0,"62":0,"63":0,"64":0,"65":0,"66":1},"f":{"0":15,"1":0,"2":0,"3":0,"4":0,"5":0},"b":{"0":[2],"1":[0],"2":[15,0],"3":[0,0],"4":[0],"5":[0],"6":[0],"7":[0],"8":[3],"9":[1],"10":[0],"11":[0],"12":[0],"13":[0,0],"14":[0],"15":[0,0],"16":[0],"17":[0],"18":[0],"19":[0],"20":[0],"21":[0]}}
,"C:\\Users\\rafae\\OneDrive\\Escritorio\\Caso-1\\src\\validators\\SearchCoachValidator.ts": {"path":"C:\\Users\\rafae\\OneDrive\\Escritorio\\Caso-1\\src\\validators\\SearchCoachValidator.ts","statementMap":{"0":{"start":{"line":3,"column":0},"end":{"line":3,"column":71}},"1":{"start":{"line":12,"column":19},"end":{"line":12,"column":21}},"2":{"start":{"line":15,"column":4},"end":{"line":20,"column":5}},"3":{"start":{"line":16,"column":29},"end":{"line":16,"column":67}},"4":{"start":{"line":17,"column":6},"end":{"line":19,"column":7}},"5":{"start":{"line":18,"column":8},"end":{"line":18,"column":36}},"6":{"start":{"line":23,"column":4},"end":{"line":28,"column":5}},"7":{"start":{"line":24,"column":29},"end":{"line":24,"column":82}},"8":{"start":{"line":25,"column":6},"end":{"line":27,"column":7}},"9":{"start":{"line":26,"column":8},"end":{"line":26,"column":36}},"10":{"start":{"line":31,"column":4},"end":{"line":36,"column":5}},"11":{"start":{"line":32,"column":29},"end":{"line":32,"column":82}},"12":{"start":{"line":33,"column":6},"end":{"line":35,"column":7}},"13":{"start":{"line":34,"column":8},"end":{"line":34,"column":36}},"14":{"start":{"line":39,"column":4},"end":{"line":49,"column":5}},"15":{"start":{"line":40,"column":6},"end":{"line":48,"column":7}},"16":{"start":{"line":41,"column":8},"end":{"line":47,"column":10}},"17":{"start":{"line":52,"column":4},"end":{"line":57,"column":5}},"18":{"start":{"line":53,"column":30},"end":{"line":53,"column":70}},"19":{"start":{"line":54,"column":6},"end":{"line":56,"column":7}},"20":{"start":{"line":55,"column":8},"end":{"line":55,"column":37}},"21":{"start":{"line":60,"column":4},"end":{"line":66,"column":5}},"22":{"start":{"line":61,"column":6},"end":{"line":65,"column":7}},"23":{"start":{"line":62,"column":8},"end":{"line":64,"column":10}},"24":{"start":{"line":69,"column":4},"end":{"line":74,"column":5}},"25":{"start":{"line":70,"column":25},"end":{"line":70,"column":72}},"26":{"start":{"line":71,"column":6},"end":{"line":73,"column":7}},"27":{"start":{"line":72,"column":8},"end":{"line":72,"column":32}},"28":{"start":{"line":77,"column":4},"end":{"line":82,"column":5}},"29":{"start":{"line":78,"column":26},"end":{"line":78,"column":58}},"30":{"start":{"line":79,"column":6},"end":{"line":81,"column":7}},"31":{"start":{"line":80,"column":8},"end":{"line":80,"column":33}},"32":{"start":{"line":85,"column":4},"end":{"line":90,"column":5}},"33":{"start":{"line":86,"column":29},"end":{"line":86,"column":67}},"34":{"start":{"line":87,"column":6},"end":{"line":89,"column":7}},"35":{"start":{"line":88,"column":8},"end":{"line":88,"column":36}},"36":{"start":{"line":93,"column":4},"end":{"line":98,"column":5}},"37":{"start":{"line":94,"column":28},"end":{"line":94,"column":82}},"38":{"start":{"line":95,"column":6},"end":{"line":97,"column":7}},"39":{"start":{"line":96,"column":8},"end":{"line":96,"column":35}},"40":{"start":{"line":100,"column":4},"end":{"line":103,"column":6}},"41":{"start":{"line":110,"column":29},"end":{"line":133,"column":6}},"42":{"start":{"line":135,"column":4},"end":{"line":141,"column":5}},"43":{"start":{"line":136,"column":6},"end":{"line":140,"column":8}},"44":{"start":{"line":143,"column":4},"end":{"line":143,"column":16}},"45":{"start":{"line":150,"column":4},"end":{"line":156,"column":5}},"46":{"start":{"line":151,"column":6},"end":{"line":155,"column":8}},"47":{"start":{"line":158,"column":4},"end":{"line":164,"column":5}},"48":{"start":{"line":159,"column":6},"end":{"line":163,"column":8}},"49":{"start":{"line":166,"column":4},"end":{"line":172,"column":5}},"50":{"start":{"line":167,"column":6},"end":{"line":171,"column":8}},"51":{"start":{"line":175,"column":4},"end":{"line":181,"column":5}},"52":{"start":{"line":176,"column":6},"end":{"line":180,"column":8}},"53":{"start":{"line":183,"column":4},"end":{"line":183,"column":16}},"54":{"start":{"line":190,"column":29},"end":{"line":190,"column":72}},"55":{"start":{"line":192,"column":4},"end":{"line":198,"column":5}},"56":{"start":{"line":193,"column":6},"end":{"line":197,"column":8}},"57":{"start":{"line":200,"column":4},"end":{"line":200,"column":16}},"58":{"start":{"line":207,"column":28},"end":{"line":207,"column":43}},"59":{"start":{"line":209,"column":4},"end":{"line":215,"column":5}},"60":{"start":{"line":210,"column":6},"end":{"line":214,"column":8}},"61":{"start":{"line":217,"column":4},"end":{"line":217,"column":16}},"62":{"start":{"line":224,"column":22},"end":{"line":224,"column":48}},"63":{"start":{"line":228,"column":19},"end":{"line":228,"column":21}},"64":{"start":{"line":230,"column":4},"end":{"line":235,"column":5}},"65":{"start":{"line":231,"column":29},"end":{"line":231,"column":67}},"66":{"start":{"line":232,"column":6},"end":{"line":234,"column":7}},"67":{"start":{"line":233,"column":8},"end":{"line":233,"column":36}},"68":{"start":{"line":237,"column":4},"end":{"line":242,"column":5}},"69":{"start":{"line":238,"column":26},"end":{"line":238,"column":79}},"70":{"start":{"line":239,"column":6},"end":{"line":241,"column":7}},"71":{"start":{"line":240,"column":8},"end":{"line":240,"column":33}},"72":{"start":{"line":244,"column":4},"end":{"line":247,"column":6}},"73":{"start":{"line":254,"column":4},"end":{"line":261,"column":6}},"74":{"start":{"line":10,"column":0},"end":{"line":10,"column":13}}},"fnMap":{"0":{"name":"(anonymous_0)","decl":{"start":{"line":11,"column":2},"end":{"line":11,"column":10}},"loc":{"start":{"line":11,"column":31},"end":{"line":104,"column":3}}},"1":{"name":"(anonymous_1)","decl":{"start":{"line":109,"column":10},"end":{"line":109,"column":27}},"loc":{"start":{"line":109,"column":45},"end":{"line":144,"column":3}}},"2":{"name":"(anonymous_2)","decl":{"start":{"line":149,"column":10},"end":{"line":149,"column":28}},"loc":{"start":{"line":149,"column":69},"end":{"line":184,"column":3}}},"3":{"name":"(anonymous_3)","decl":{"start":{"line":189,"column":10},"end":{"line":189,"column":24}},"loc":{"start":{"line":189,"column":39},"end":{"line":201,"column":3}}},"4":{"name":"(anonymous_4)","decl":{"start":{"line":206,"column":10},"end":{"line":206,"column":27}},"loc":{"start":{"line":206,"column":45},"end":{"line":218,"column":3}}},"5":{"name":"(anonymous_5)","decl":{"start":{"line":223,"column":2},"end":{"line":223,"column":8}},"loc":{"start":{"line":223,"column":67},"end":{"line":248,"column":3}}},"6":{"name":"(anonymous_6)","decl":{"start":{"line":253,"column":2},"end":{"line":253,"column":8}},"loc":{"start":{"line":253,"column":43},"end":{"line":262,"column":3}}}},"branchMap":{"0":{"loc":{"start":{"line":15,"column":4},"end":{"line":20,"column":5}},"type":"if","locations":[{"start":{"line":15,"column":4},"end":{"line":20,"column":5}}]},"1":{"loc":{"start":{"line":15,"column":8},"end":{"line":15,"column":61}},"type":"binary-expr","locations":[{"start":{"line":15,"column":8},"end":{"line":15,"column":36}},{"start":{"line":15,"column":40},"end":{"line":15,"column":61}}]},"2":{"loc":{"start":{"line":17,"column":6},"end":{"line":19,"column":7}},"type":"if","locations":[{"start":{"line":17,"column":6},"end":{"line":19,"column":7}}]},"3":{"loc":{"start":{"line":23,"column":4},"end":{"line":28,"column":5}},"type":"if","locations":[{"start":{"line":23,"column":4},"end":{"line":28,"column":5}}]},"4":{"loc":{"start":{"line":25,"column":6},"end":{"line":27,"column":7}},"type":"if","locations":[{"start":{"line":25,"column":6},"end":{"line":27,"column":7}}]},"5":{"loc":{"start":{"line":31,"column":4},"end":{"line":36,"column":5}},"type":"if","locations":[{"start":{"line":31,"column":4},"end":{"line":36,"column":5}}]},"6":{"loc":{"start":{"line":33,"column":6},"end":{"line":35,"column":7}},"type":"if","locations":[{"start":{"line":33,"column":6},"end":{"line":35,"column":7}}]},"7":{"loc":{"start":{"line":39,"column":4},"end":{"line":49,"column":5}},"type":"if","locations":[{"start":{"line":39,"column":4},"end":{"line":49,"column":5}}]},"8":{"loc":{"start":{"line":39,"column":8},"end":{"line":39,"column":68}},"type":"binary-expr","locations":[{"start":{"line":39,"column":8},"end":{"line":39,"column":36}},{"start":{"line":39,"column":40},"end":{"line":39,"column":68}}]},"9":{"loc":{"start":{"line":40,"column":6},"end":{"line":48,"column":7}},"type":"if","locations":[{"start":{"line":40,"column":6},"end":{"line":48,"column":7}}]},"10":{"loc":{"start":{"line":52,"column":4},"end":{"line":57,"column":5}},"type":"if","locations":[{"start":{"line":52,"column":4},"end":{"line":57,"column":5}}]},"11":{"loc":{"start":{"line":54,"column":6},"end":{"line":56,"column":7}},"type":"if","locations":[{"start":{"line":54,"column":6},"end":{"line":56,"column":7}}]},"12":{"loc":{"start":{"line":60,"column":4},"end":{"line":66,"column":5}},"type":"if","locations":[{"start":{"line":60,"column":4},"end":{"line":66,"column":5}}]},"13":{"loc":{"start":{"line":61,"column":6},"end":{"line":65,"column":7}},"type":"if","locations":[{"start":{"line":61,"column":6},"end":{"line":65,"column":7}}]},"14":{"loc":{"start":{"line":69,"column":4},"end":{"line":74,"column":5}},"type":"if","locations":[{"start":{"line":69,"column":4},"end":{"line":74,"column":5}}]},"15":{"loc":{"start":{"line":71,"column":6},"end":{"line":73,"column":7}},"type":"if","locations":[{"start":{"line":71,"column":6},"end":{"line":73,"column":7}}]},"16":{"loc":{"start":{"line":77,"column":4},"end":{"line":82,"column":5}},"type":"if","locations":[{"start":{"line":77,"column":4},"end":{"line":82,"column":5}}]},"17":{"loc":{"start":{"line":79,"column":6},"end":{"line":81,"column":7}},"type":"if","locations":[{"start":{"line":79,"column":6},"end":{"line":81,"column":7}}]},"18":{"loc":{"start":{"line":85,"column":4},"end":{"line":90,"column":5}},"type":"if","locations":[{"start":{"line":85,"column":4},"end":{"line":90,"column":5}}]},"19":{"loc":{"start":{"line":87,"column":6},"end":{"line":89,"column":7}},"type":"if","locations":[{"start":{"line":87,"column":6},"end":{"line":89,"column":7}}]},"20":{"loc":{"start":{"line":93,"column":4},"end":{"line":98,"column":5}},"type":"if","locations":[{"start":{"line":93,"column":4},"end":{"line":98,"column":5}}]},"21":{"loc":{"start":{"line":93,"column":8},"end":{"line":93,"column":59}},"type":"binary-expr","locations":[{"start":{"line":93,"column":8},"end":{"line":93,"column":35}},{"start":{"line":93,"column":39},"end":{"line":93,"column":59}}]},"22":{"loc":{"start":{"line":95,"column":6},"end":{"line":97,"column":7}},"type":"if","locations":[{"start":{"line":95,"column":6},"end":{"line":97,"column":7}}]},"23":{"loc":{"start":{"line":135,"column":4},"end":{"line":141,"column":5}},"type":"if","locations":[{"start":{"line":135,"column":4},"end":{"line":141,"column":5}}]},"24":{"loc":{"start":{"line":150,"column":4},"end":{"line":156,"column":5}},"type":"if","locations":[{"start":{"line":150,"column":4},"end":{"line":156,"column":5}}]},"25":{"loc":{"start":{"line":158,"column":4},"end":{"line":164,"column":5}},"type":"if","locations":[{"start":{"line":158,"column":4},"end":{"line":164,"column":5}}]},"26":{"loc":{"start":{"line":166,"column":4},"end":{"line":172,"column":5}},"type":"if","locations":[{"start":{"line":166,"column":4},"end":{"line":172,"column":5}}]},"27":{"loc":{"start":{"line":175,"column":4},"end":{"line":181,"column":5}},"type":"if","locations":[{"start":{"line":175,"column":4},"end":{"line":181,"column":5}}]},"28":{"loc":{"start":{"line":192,"column":4},"end":{"line":198,"column":5}},"type":"if","locations":[{"start":{"line":192,"column":4},"end":{"line":198,"column":5}}]},"29":{"loc":{"start":{"line":209,"column":4},"end":{"line":215,"column":5}},"type":"if","locations":[{"start":{"line":209,"column":4},"end":{"line":215,"column":5}}]},"30":{"loc":{"start":{"line":230,"column":4},"end":{"line":235,"column":5}},"type":"if","locations":[{"start":{"line":230,"column":4},"end":{"line":235,"column":5}}]},"31":{"loc":{"start":{"line":232,"column":6},"end":{"line":234,"column":7}},"type":"if","locations":[{"start":{"line":232,"column":6},"end":{"line":234,"column":7}}]},"32":{"loc":{"start":{"line":237,"column":4},"end":{"line":242,"column":5}},"type":"if","locations":[{"start":{"line":237,"column":4},"end":{"line":242,"column":5}}]},"33":{"loc":{"start":{"line":239,"column":6},"end":{"line":241,"column":7}},"type":"if","locations":[{"start":{"line":239,"column":6},"end":{"line":241,"column":7}}]}},"s":{"0":1,"1":10,"2":10,"3":4,"4":4,"5":4,"6":10,"7":3,"8":3,"9":2,"10":10,"11":0,"12":0,"13":0,"14":10,"15":0,"16":0,"17":10,"18":2,"19":2,"20":1,"21":10,"22":0,"23":0,"24":10,"25":10,"26":10,"27":2,"28":10,"29":10,"30":10,"31":0,"32":10,"33":10,"34":10,"35":0,"36":10,"37":1,"38":1,"39":0,"40":10,"41":4,"42":4,"43":4,"44":0,"45":2,"46":0,"47":2,"48":0,"49":2,"50":1,"51":1,"52":0,"53":1,"54":10,"55":10,"56":0,"57":10,"58":10,"59":10,"60":0,"61":10,"62":0,"63":0,"64":0,"65":0,"66":0,"67":0,"68":0,"69":0,"70":0,"71":0,"72":0,"73":0,"74":1},"f":{"0":10,"1":4,"2":2,"3":10,"4":10,"5":0,"6":0},"b":{"0":[4],"1":[10,4],"2":[4],"3":[3],"4":[2],"5":[0],"6":[0],"7":[0],"8":[10,3],"9":[0],"10":[2],"11":[1],"12":[0],"13":[0],"14":[10],"15":[2],"16":[10],"17":[0],"18":[10],"19":[0],"20":[1],"21":[10,1],"22":[0],"23":[4],"24":[0],"25":[0],"26":[1],"27":[0],"28":[0],"29":[0],"30":[0],"31":[0],"32":[0],"33":[0]}}
,"C:\\Users\\rafae\\OneDrive\\Escritorio\\Caso-1\\src\\validators\\index.ts": {"path":"C:\\Users\\rafae\\OneDrive\\Escritorio\\Caso-1\\src\\validators\\index.ts","statementMap":{"0":{"start":{"line":2,"column":0},"end":{"line":2,"column":9}},"1":{"start":{"line":2,"column":9},"end":{"line":2,"column":48}},"2":{"start":{"line":3,"column":0},"end":{"line":3,"column":9}},"3":{"start":{"line":3,"column":9},"end":{"line":3,"column":66}},"4":{"start":{"line":4,"column":0},"end":{"line":4,"column":9}},"5":{"start":{"line":4,"column":9},"end":{"line":4,"column":62}}},"fnMap":{"0":{"name":"(anonymous_0)","decl":{"start":{"line":2,"column":9},"end":{"line":2,"column":22}},"loc":{"start":{"line":2,"column":9},"end":{"line":2,"column":48}}},"1":{"name":"(anonymous_1)","decl":{"start":{"line":3,"column":9},"end":{"line":3,"column":31}},"loc":{"start":{"line":3,"column":9},"end":{"line":3,"column":66}}},"2":{"name":"(anonymous_2)","decl":{"start":{"line":4,"column":9},"end":{"line":4,"column":29}},"loc":{"start":{"line":4,"column":9},"end":{"line":4,"column":62}}}},"branchMap":{},"s":{"0":0,"1":0,"2":0,"3":0,"4":0,"5":0},"f":{"0":0,"1":0,"2":0},"b":{}}
}
