TN:
SF:src\App.tsx
FN:14,App
FN:19,(anonymous_2)
FN:23,(anonymous_3)
FN:43,(anonymous_4)
FN:56,(anonymous_5)
FN:77,(anonymous_6)
FN:84,(anonymous_7)
FN:130,(anonymous_8)
FNF:8
FNH:0
FNDA:0,App
FNDA:0,(anonymous_2)
FNDA:0,(anonymous_3)
FNDA:0,(anonymous_4)
FNDA:0,(anonymous_5)
FNDA:0,(anonymous_6)
FNDA:0,(anonymous_7)
FNDA:0,(anonymous_8)
DA:1,0
DA:2,0
DA:4,0
DA:5,0
DA:6,0
DA:7,0
DA:8,0
DA:9,0
DA:10,0
DA:14,0
DA:15,0
DA:16,0
DA:17,0
DA:19,0
DA:20,0
DA:23,0
DA:24,0
DA:27,0
DA:29,0
DA:30,0
DA:31,0
DA:34,0
DA:35,0
DA:36,0
DA:37,0
DA:43,0
DA:44,0
DA:45,0
DA:46,0
DA:47,0
DA:51,0
DA:56,0
DA:57,0
DA:58,0
DA:61,0
DA:62,0
DA:65,0
DA:68,0
DA:69,0
DA:70,0
DA:71,0
DA:72,0
DA:73,0
DA:77,0
DA:78,0
DA:79,0
DA:80,0
DA:84,0
DA:85,0
DA:86,0
DA:89,0
DA:92,0
DA:94,0
DA:99,0
DA:102,0
DA:103,0
DA:104,0
DA:109,0
DA:110,0
DA:123,0
DA:130,0
LF:61
LH:0
BRDA:29,0,0,0
BRDA:30,1,0,0
BRDA:30,1,1,0
BRDA:35,2,0,0
BRDA:44,3,0,0
BRDA:44,4,0,0
BRDA:44,4,1,0
BRDA:57,5,0,0
BRDA:62,6,0,0
BRDA:62,6,1,0
BRDA:68,7,0,0
BRDA:68,7,1,0
BRDA:68,8,0,0
BRDA:68,8,1,0
BRDA:71,9,0,0
BRDA:109,10,0,0
BRDA:129,11,0,0
BRDA:129,11,1,0
BRDA:140,12,0,0
BRDA:140,12,1,0
BRDA:141,13,0,0
BRDA:141,13,1,0
BRDA:152,14,0,0
BRDA:152,14,1,0
BRF:24
BRH:0
end_of_record
TN:
SF:src\AppPrototype.tsx
FN:5,App
FNF:1
FNH:0
FNDA:0,App
DA:1,0
DA:3,0
DA:6,0
DA:13,0
LF:4
LH:0
BRF:0
BRH:0
end_of_record
TN:
SF:src\auth\twoFactorAuth.ts
FN:46,(anonymous_0)
FN:48,(anonymous_1)
FN:58,(anonymous_2)
FN:113,(anonymous_3)
FN:155,(anonymous_4)
FN:224,(anonymous_5)
FN:254,(anonymous_6)
FN:268,(anonymous_7)
FN:290,(anonymous_8)
FN:302,(anonymous_9)
FN:315,(anonymous_10)
FN:326,(anonymous_11)
FN:342,(anonymous_12)
FN:353,(anonymous_13)
FN:366,(anonymous_14)
FN:373,(anonymous_15)
FN:401,(anonymous_16)
FN:417,(anonymous_17)
FN:430,(anonymous_18)
FNF:19
FNH:0
FNDA:0,(anonymous_0)
FNDA:0,(anonymous_1)
FNDA:0,(anonymous_2)
FNDA:0,(anonymous_3)
FNDA:0,(anonymous_4)
FNDA:0,(anonymous_5)
FNDA:0,(anonymous_6)
FNDA:0,(anonymous_7)
FNDA:0,(anonymous_8)
FNDA:0,(anonymous_9)
FNDA:0,(anonymous_10)
FNDA:0,(anonymous_11)
FNDA:0,(anonymous_12)
FNDA:0,(anonymous_13)
FNDA:0,(anonymous_14)
FNDA:0,(anonymous_15)
FNDA:0,(anonymous_16)
FNDA:0,(anonymous_17)
FNDA:0,(anonymous_18)
DA:3,0
DA:39,0
DA:41,0
DA:42,0
DA:43,0
DA:44,0
DA:49,0
DA:50,0
DA:52,0
DA:62,0
DA:63,0
DA:69,0
DA:70,0
DA:73,0
DA:75,0
DA:83,0
DA:85,0
DA:93,0
DA:100,0
DA:103,0
DA:114,0
DA:115,0
DA:116,0
DA:117,0
DA:123,0
DA:125,0
DA:127,0
DA:128,0
DA:129,0
DA:131,0
DA:133,0
DA:135,0
DA:136,0
DA:142,0
DA:145,0
DA:156,0
DA:158,0
DA:159,0
DA:160,0
DA:166,0
DA:167,0
DA:168,0
DA:174,0
DA:177,0
DA:178,0
DA:181,0
DA:184,0
DA:186,0
DA:187,0
DA:189,0
DA:190,0
DA:193,0
DA:194,0
DA:195,0
DA:197,0
DA:204,0
DA:211,0
DA:214,0
DA:225,0
DA:227,0
DA:228,0
DA:234,0
DA:235,0
DA:237,0
DA:239,0
DA:241,0
DA:244,0
DA:255,0
DA:257,0
DA:269,0
DA:270,0
DA:271,0
DA:274,0
DA:275,0
DA:276,0
DA:278,0
DA:280,0
DA:291,0
DA:292,0
DA:293,0
DA:294,0
DA:296,0
DA:303,0
DA:304,0
DA:306,0
DA:307,0
DA:309,0
DA:316,0
DA:317,0
DA:320,0
DA:329,0
DA:330,0
DA:333,0
DA:334,0
DA:336,0
DA:345,0
DA:346,0
DA:347,0
DA:354,0
DA:355,0
DA:356,0
DA:357,0
DA:358,0
DA:360,0
DA:367,0
DA:374,0
DA:375,0
DA:376,0
DA:379,0
DA:380,0
DA:382,0
DA:383,0
DA:385,0
DA:392,0
DA:395,0
DA:402,0
DA:403,0
DA:408,0
DA:409,0
DA:411,0
DA:418,0
DA:419,0
DA:420,0
DA:423,0
DA:424,0
DA:432,0
DA:437,0
DA:439,0
LF:128
LH:0
BRDA:49,0,0,0
BRDA:60,1,0,0
BRDA:116,2,0,0
BRDA:123,3,0,0
BRDA:123,3,1,0
BRDA:125,4,0,0
BRDA:125,4,1,0
BRDA:158,5,0,0
BRDA:167,6,0,0
BRDA:167,7,0,0
BRDA:167,7,1,0
BRDA:177,8,0,0
BRDA:177,8,1,0
BRDA:181,9,0,0
BRDA:181,9,1,0
BRDA:184,10,0,0
BRDA:184,10,1,0
BRDA:195,11,0,0
BRDA:195,11,1,0
BRDA:227,12,0,0
BRDA:258,13,0,0
BRDA:258,13,1,0
BRDA:260,14,0,0
BRDA:260,14,1,0
BRDA:261,15,0,0
BRDA:261,15,1,0
BRDA:270,16,0,0
BRDA:270,17,0,0
BRDA:270,17,1,0
BRDA:336,18,0,0
BRDA:336,18,1,0
BRDA:336,18,2,0
BRDA:375,19,0,0
BRDA:375,20,0,0
BRDA:375,20,1,0
BRDA:380,21,0,0
BRDA:403,22,0,0
BRDA:403,22,1,0
BRDA:419,23,0,0
BRDA:419,24,0,0
BRDA:419,24,1,0
BRF:41
BRH:0
end_of_record
TN:
SF:src\auth\examples\twoFactorExamples.ts
FN:14,exampleBasicUser2FASetup
FN:56,examplePremiumUser2FASetup
FN:96,exampleAdminUser2FASetup
FN:124,example2FALoginFlow
FN:163,exampleBackupCodesUsage
FN:207,exampleSecurityFeatures
FN:257,example2FADisable
FN:303,example2FAWithPermissions
FN:345,generateDemoCode
FN:355,simpleHash
FN:368,runAll2FAExamples
FNF:11
FNH:0
FNDA:0,exampleBasicUser2FASetup
FNDA:0,examplePremiumUser2FASetup
FNDA:0,exampleAdminUser2FASetup
FNDA:0,example2FALoginFlow
FNDA:0,exampleBackupCodesUsage
FNDA:0,exampleSecurityFeatures
FNDA:0,example2FADisable
FNDA:0,example2FAWithPermissions
FNDA:0,generateDemoCode
FNDA:0,simpleHash
FNDA:0,runAll2FAExamples
DA:3,0
DA:4,0
DA:14,0
DA:15,0
DA:17,0
DA:19,0
DA:21,0
DA:23,0
DA:24,0
DA:25,0
DA:26,0
DA:27,0
DA:31,0
DA:34,0
DA:36,0
DA:37,0
DA:40,0
DA:41,0
DA:43,0
DA:46,0
DA:49,0
DA:56,0
DA:57,0
DA:59,0
DA:68,0
DA:70,0
DA:72,0
DA:73,0
DA:74,0
DA:77,0
DA:78,0
DA:80,0
DA:81,0
DA:84,0
DA:85,0
DA:89,0
DA:96,0
DA:97,0
DA:99,0
DA:101,0
DA:103,0
DA:105,0
DA:106,0
DA:107,0
DA:109,0
DA:110,0
DA:112,0
DA:113,0
DA:117,0
DA:124,0
DA:125,0
DA:128,0
DA:134,0
DA:135,0
DA:137,0
DA:138,0
DA:139,0
DA:140,0
DA:142,0
DA:145,0
DA:146,0
DA:148,0
DA:149,0
DA:151,0
DA:155,0
DA:163,0
DA:164,0
DA:166,0
DA:175,0
DA:177,0
DA:178,0
DA:179,0
DA:180,0
DA:182,0
DA:183,0
DA:186,0
DA:187,0
DA:189,0
DA:190,0
DA:193,0
DA:194,0
DA:196,0
DA:200,0
DA:207,0
DA:208,0
DA:210,0
DA:219,0
DA:221,0
DA:222,0
DA:223,0
DA:224,0
DA:226,0
DA:229,0
DA:230,0
DA:231,0
DA:232,0
DA:236,0
DA:237,0
DA:242,0
DA:243,0
DA:244,0
DA:250,0
DA:257,0
DA:258,0
DA:260,0
DA:269,0
DA:271,0
DA:272,0
DA:273,0
DA:274,0
DA:276,0
DA:279,0
DA:280,0
DA:283,0
DA:285,0
DA:286,0
DA:289,0
DA:290,0
DA:292,0
DA:296,0
DA:303,0
DA:304,0
DA:306,0
DA:321,0
DA:322,0
DA:324,0
DA:326,0
DA:327,0
DA:330,0
DA:331,0
DA:332,0
DA:334,0
DA:335,0
DA:337,0
DA:347,0
DA:348,0
DA:349,0
DA:356,0
DA:357,0
DA:358,0
DA:359,0
DA:360,0
DA:362,0
DA:368,0
DA:369,0
DA:371,0
DA:372,0
DA:373,0
DA:374,0
DA:375,0
DA:376,0
DA:377,0
DA:378,0
DA:379,0
DA:381,0
DA:383,0
DA:390,0
LF:157
LH:0
BRDA:23,0,0,0
BRDA:23,0,1,0
BRDA:36,1,0,0
BRDA:36,1,1,0
BRDA:72,2,0,0
BRDA:80,3,0,0
BRDA:105,4,0,0
BRDA:112,5,0,0
BRDA:138,6,0,0
BRDA:148,7,0,0
BRDA:148,7,1,0
BRDA:178,8,0,0
BRDA:178,9,0,0
BRDA:178,9,1,0
BRDA:189,10,0,0
BRDA:189,10,1,0
BRDA:222,11,0,0
BRDA:233,12,0,0
BRDA:233,12,1,0
BRDA:233,13,0,0
BRDA:233,13,1,0
BRDA:236,14,0,0
BRDA:246,15,0,0
BRDA:246,15,1,0
BRDA:272,16,0,0
BRDA:285,17,0,0
BRDA:285,17,1,0
BRDA:322,18,0,0
BRDA:322,18,1,0
BRDA:326,19,0,0
BRDA:326,19,1,0
BRDA:326,20,0,0
BRDA:326,20,1,0
BRDA:331,21,0,0
BRDA:334,22,0,0
BRDA:334,22,1,0
BRF:36
BRH:0
end_of_record
TN:
SF:src\background\EventBus.ts
FN:28,(anonymous_0)
FN:35,(anonymous_1)
FN:45,(anonymous_2)
FN:73,(anonymous_3)
FN:75,(anonymous_4)
FN:93,(anonymous_5)
FN:117,(anonymous_6)
FN:131,(anonymous_7)
FN:137,(anonymous_8)
FN:144,(anonymous_9)
FN:157,(anonymous_10)
FN:159,(anonymous_11)
FN:172,(anonymous_12)
FN:180,(anonymous_13)
FN:188,(anonymous_14)
FN:195,(anonymous_15)
FN:202,(anonymous_16)
FN:207,(anonymous_17)
FN:217,(anonymous_18)
FNF:19
FNH:18
FNDA:28,(anonymous_0)
FNDA:84,(anonymous_1)
FNDA:162,(anonymous_2)
FNDA:92,(anonymous_3)
FNDA:91,(anonymous_4)
FNDA:140,(anonymous_5)
FNDA:178,(anonymous_6)
FNDA:1,(anonymous_7)
FNDA:1,(anonymous_8)
FNDA:2,(anonymous_9)
FNDA:5,(anonymous_10)
FNDA:6,(anonymous_11)
FNDA:52,(anonymous_12)
FNDA:52,(anonymous_13)
FNDA:1,(anonymous_14)
FNDA:2,(anonymous_15)
FNDA:1,(anonymous_16)
FNDA:0,(anonymous_17)
FNDA:140,(anonymous_18)
DA:22,2
DA:24,28
DA:25,28
DA:26,28
DA:36,84
DA:37,28
DA:39,84
DA:51,162
DA:53,162
DA:60,162
DA:61,110
DA:64,162
DA:66,162
DA:67,162
DA:74,92
DA:75,91
DA:76,91
DA:77,91
DA:78,91
DA:81,91
DA:82,91
DA:84,91
DA:87,1
DA:98,140
DA:107,140
DA:110,140
DA:112,140
DA:115,140
DA:117,140
DA:118,178
DA:119,178
DA:122,177
DA:123,1
DA:126,1
DA:131,140
DA:138,1
DA:145,2
DA:147,2
DA:148,2
DA:151,2
DA:158,5
DA:159,6
DA:162,5
DA:163,1
DA:166,5
DA:173,52
DA:174,52
DA:181,52
DA:182,52
DA:194,1
DA:195,2
DA:199,1
DA:201,1
DA:202,1
DA:203,1
DA:207,1
DA:209,1
DA:218,140
DA:221,140
DA:222,0
DA:228,2
DA:255,2
LF:62
LH:61
BRDA:36,0,0,28
BRDA:48,1,0,161
BRDA:51,2,0,162
BRDA:51,2,1,162
BRDA:57,3,0,162
BRDA:57,3,1,161
BRDA:60,4,0,110
BRDA:76,5,0,91
BRDA:81,6,0,91
BRDA:96,7,0,138
BRDA:110,8,0,140
BRDA:110,8,1,13
BRDA:122,9,0,1
BRDA:158,10,0,2
BRDA:158,10,1,3
BRDA:162,11,0,1
BRDA:203,12,0,1
BRDA:203,12,1,1
BRDA:207,13,0,1
BRDA:207,13,1,0
BRDA:221,14,0,0
BRF:21
BRH:19
end_of_record
TN:
SF:src\background\NotificationService.ts
FN:39,(anonymous_0)
FN:46,(anonymous_1)
FN:56,(anonymous_2)
FN:79,(anonymous_3)
FN:88,(anonymous_4)
FN:110,(anonymous_5)
FN:127,(anonymous_6)
FN:145,(anonymous_7)
FN:147,(anonymous_8)
FN:168,(anonymous_9)
FN:180,(anonymous_10)
FN:191,(anonymous_11)
FN:237,(anonymous_12)
FN:247,(anonymous_13)
FN:259,(anonymous_14)
FN:267,(anonymous_15)
FN:275,(anonymous_16)
FN:283,(anonymous_17)
FN:289,(anonymous_18)
FN:300,(anonymous_19)
FN:308,(anonymous_20)
FNF:21
FNH:0
FNDA:0,(anonymous_0)
FNDA:0,(anonymous_1)
FNDA:0,(anonymous_2)
FNDA:0,(anonymous_3)
FNDA:0,(anonymous_4)
FNDA:0,(anonymous_5)
FNDA:0,(anonymous_6)
FNDA:0,(anonymous_7)
FNDA:0,(anonymous_8)
FNDA:0,(anonymous_9)
FNDA:0,(anonymous_10)
FNDA:0,(anonymous_11)
FNDA:0,(anonymous_12)
FNDA:0,(anonymous_13)
FNDA:0,(anonymous_14)
FNDA:0,(anonymous_15)
FNDA:0,(anonymous_16)
FNDA:0,(anonymous_17)
FNDA:0,(anonymous_18)
FNDA:0,(anonymous_19)
FNDA:0,(anonymous_20)
DA:2,0
DA:33,0
DA:36,0
DA:37,0
DA:40,0
DA:41,0
DA:42,0
DA:43,0
DA:47,0
DA:48,0
DA:50,0
DA:61,0
DA:63,0
DA:64,0
DA:65,0
DA:69,0
DA:79,0
DA:80,0
DA:81,0
DA:83,0
DA:87,0
DA:88,0
DA:92,0
DA:99,0
DA:100,0
DA:102,0
DA:103,0
DA:116,0
DA:118,0
DA:119,0
DA:120,0
DA:124,0
DA:125,0
DA:127,0
DA:128,0
DA:129,0
DA:130,0
DA:133,0
DA:139,0
DA:147,0
DA:148,0
DA:151,0
DA:159,0
DA:168,0
DA:169,0
DA:171,0
DA:180,0
DA:182,0
DA:192,0
DA:237,0
DA:238,0
DA:241,0
DA:248,0
DA:249,0
DA:250,0
DA:252,0
DA:265,0
DA:267,0
DA:268,0
DA:277,0
DA:289,0
DA:290,0
DA:293,0
DA:294,0
DA:301,0
DA:302,0
DA:313,0
DA:322,0
LF:68
LH:0
BRDA:47,0,0,0
BRDA:59,1,0,0
BRDA:63,2,0,0
BRDA:71,3,0,0
BRDA:71,3,1,0
BRDA:74,4,0,0
BRDA:74,4,1,0
BRDA:80,5,0,0
BRDA:87,6,0,0
BRDA:114,7,0,0
BRDA:118,8,0,0
BRDA:128,9,0,0
BRDA:128,9,1,0
BRDA:248,10,0,0
BRDA:248,10,1,0
BRDA:287,11,0,0
BRF:16
BRH:0
end_of_record
TN:
SF:src\background\index.ts
FN:2,(anonymous_0)
FN:2,(anonymous_1)
FN:2,(anonymous_2)
FN:3,(anonymous_3)
FN:3,(anonymous_4)
FNF:5
FNH:0
FNDA:0,(anonymous_0)
FNDA:0,(anonymous_1)
FNDA:0,(anonymous_2)
FNDA:0,(anonymous_3)
FNDA:0,(anonymous_4)
DA:2,0
DA:3,0
LF:2
LH:0
BRF:0
BRH:0
end_of_record
TN:
SF:src\business\index.ts
FNF:0
FNH:0
DA:2,0
DA:3,0
LF:2
LH:0
BRF:0
BRH:0
end_of_record
TN:
SF:src\business\rules\CoachRules.ts
FN:21,(anonymous_0)
FN:37,(anonymous_1)
FN:50,(anonymous_2)
FN:73,(anonymous_3)
FN:87,(anonymous_4)
FN:109,(anonymous_5)
FN:134,(anonymous_6)
FN:161,(anonymous_7)
FN:162,(anonymous_8)
FNF:9
FNH:8
FNDA:143,(anonymous_0)
FNDA:74,(anonymous_1)
FNDA:90,(anonymous_2)
FNDA:4,(anonymous_3)
FNDA:65,(anonymous_4)
FNDA:3,(anonymous_5)
FNDA:0,(anonymous_6)
FNDA:12,(anonymous_7)
FNDA:85,(anonymous_8)
DA:8,3
DA:9,3
DA:10,3
DA:11,3
DA:22,143
DA:23,37
DA:25,106
DA:26,67
DA:28,39
DA:29,22
DA:31,17
DA:38,74
DA:44,74
DA:52,90
DA:53,4
DA:60,86
DA:61,2
DA:67,84
DA:74,4
DA:75,2
DA:81,2
DA:91,65
DA:92,65
DA:93,65
DA:95,65
DA:96,65
DA:97,65
DA:99,65
DA:110,3
DA:113,3
DA:114,1
DA:121,2
DA:122,1
DA:128,1
DA:139,0
DA:140,0
DA:147,0
DA:148,0
DA:149,0
DA:155,0
DA:162,12
DA:164,85
DA:165,11
DA:169,74
DA:170,1
DA:174,73
DA:175,0
DA:179,73
DA:180,21
DA:183,52
LF:50
LH:43
BRDA:22,0,0,37
BRDA:25,1,0,67
BRDA:28,2,0,22
BRDA:52,3,0,4
BRDA:60,4,0,2
BRDA:60,5,0,86
BRDA:60,5,1,85
BRDA:74,6,0,2
BRDA:113,7,0,1
BRDA:121,8,0,1
BRDA:139,9,0,0
BRDA:139,10,0,0
BRDA:139,10,1,0
BRDA:148,11,0,0
BRDA:164,12,0,11
BRDA:169,13,0,1
BRDA:174,14,0,0
BRDA:179,15,0,21
BRDA:179,16,0,73
BRDA:179,16,1,23
BRF:20
BRH:15
end_of_record
TN:
SF:src\business\rules\SessionRules.ts
FN:18,(anonymous_0)
FN:49,(anonymous_1)
FN:72,(anonymous_2)
FN:98,(anonymous_3)
FN:108,(anonymous_4)
FN:115,(anonymous_5)
FNF:6
FNH:6
FNDA:21,(anonymous_0)
FNDA:18,(anonymous_1)
FNDA:25,(anonymous_2)
FNDA:12,(anonymous_3)
FNDA:1,(anonymous_4)
FNDA:16,(anonymous_5)
DA:9,2
DA:10,2
DA:11,2
DA:12,2
DA:13,2
DA:20,21
DA:21,2
DA:28,19
DA:29,1
DA:36,18
DA:37,1
DA:43,17
DA:51,18
DA:52,2
DA:59,16
DA:60,1
DA:66,15
DA:77,25
DA:78,6
DA:85,19
DA:86,3
DA:92,16
DA:99,12
DA:100,12
DA:102,12
DA:109,1
DA:121,16
DA:122,16
DA:123,1
DA:127,15
DA:128,15
DA:129,1
DA:133,14
DA:134,14
DA:135,3
DA:138,11
LF:36
LH:36
BRDA:20,0,0,2
BRDA:20,1,0,21
BRDA:20,1,1,3
BRDA:28,2,0,1
BRDA:36,3,0,1
BRDA:51,4,0,2
BRDA:59,5,0,1
BRDA:74,6,0,15
BRDA:77,7,0,6
BRDA:77,8,0,25
BRDA:77,8,1,22
BRDA:85,9,0,3
BRDA:85,10,0,19
BRDA:85,10,1,5
BRDA:102,11,0,1
BRDA:102,11,1,11
BRDA:122,12,0,1
BRDA:128,13,0,1
BRDA:134,14,0,3
BRF:19
BRH:19
end_of_record
TN:
SF:src\business\rules\index.ts
FN:2,(anonymous_0)
FN:3,(anonymous_1)
FNF:2
FNH:0
FNDA:0,(anonymous_0)
FNDA:0,(anonymous_1)
DA:2,0
DA:3,0
LF:2
LH:0
BRF:0
BRH:0
end_of_record
TN:
SF:src\business\useCases\BookSessionUseCase.ts
FN:29,(anonymous_0)
FN:98,(anonymous_1)
FN:120,(anonymous_2)
FN:128,(anonymous_3)
FN:136,(anonymous_4)
FN:151,(anonymous_5)
FN:159,(anonymous_6)
FNF:7
FNH:7
FNDA:18,(anonymous_0)
FNDA:18,(anonymous_1)
FNDA:12,(anonymous_2)
FNDA:12,(anonymous_3)
FNDA:10,(anonymous_4)
FNDA:10,(anonymous_5)
FNDA:10,(anonymous_6)
DA:2,1
DA:3,1
DA:4,1
DA:25,1
DA:30,18
DA:32,18
DA:33,18
DA:34,6
DA:42,12
DA:43,12
DA:45,12
DA:46,0
DA:53,12
DA:59,12
DA:60,2
DA:67,10
DA:70,10
DA:73,10
DA:76,10
DA:78,10
DA:79,10
DA:81,10
DA:88,0
DA:102,18
DA:103,2
DA:106,16
DA:107,2
DA:110,14
DA:111,2
DA:114,12
DA:122,12
DA:130,12
DA:138,10
DA:141,10
DA:145,10
DA:153,10
DA:161,10
LF:37
LH:35
BRDA:33,0,0,6
BRDA:45,1,0,0
BRDA:45,2,0,12
BRDA:45,2,1,12
BRDA:59,3,0,2
BRDA:90,4,0,0
BRDA:90,4,1,0
BRDA:102,5,0,2
BRDA:102,6,0,18
BRDA:102,6,1,17
BRDA:106,7,0,2
BRDA:106,8,0,16
BRDA:106,8,1,15
BRDA:110,9,0,2
BRDA:110,10,0,14
BRDA:110,10,1,13
BRF:16
BRH:13
end_of_record
TN:
SF:src\business\useCases\SearchCoachUseCase.ts
FN:28,(anonymous_0)
FN:50,(anonymous_1)
FN:54,(anonymous_2)
FN:58,(anonymous_3)
FN:65,(anonymous_4)
FN:87,(anonymous_5)
FN:101,(anonymous_6)
FN:115,(anonymous_7)
FN:137,(anonymous_8)
FN:154,(anonymous_9)
FN:175,(anonymous_10)
FN:182,(anonymous_11)
FN:186,(anonymous_12)
FN:187,(anonymous_13)
FN:193,(anonymous_14)
FN:195,(anonymous_15)
FN:199,(anonymous_16)
FNF:17
FNH:8
FNDA:14,(anonymous_0)
FNDA:7,(anonymous_1)
FNDA:7,(anonymous_2)
FNDA:88,(anonymous_3)
FNDA:44,(anonymous_4)
FNDA:0,(anonymous_5)
FNDA:0,(anonymous_6)
FNDA:14,(anonymous_7)
FNDA:10,(anonymous_8)
FNDA:44,(anonymous_9)
FNDA:0,(anonymous_10)
FNDA:0,(anonymous_11)
FNDA:0,(anonymous_12)
FNDA:0,(anonymous_13)
FNDA:0,(anonymous_14)
FNDA:0,(anonymous_15)
FNDA:0,(anonymous_16)
DA:2,1
DA:3,1
DA:24,1
DA:29,14
DA:31,14
DA:32,14
DA:33,4
DA:43,10
DA:46,10
DA:49,10
DA:50,7
DA:53,10
DA:54,7
DA:58,88
DA:61,10
DA:62,10
DA:65,44
DA:67,10
DA:74,0
DA:88,0
DA:94,0
DA:95,0
DA:102,0
DA:108,0
DA:109,0
DA:119,14
DA:120,2
DA:123,12
DA:124,2
DA:127,10
DA:128,0
DA:131,10
DA:139,10
DA:161,44
DA:162,44
DA:165,44
DA:169,44
DA:181,0
DA:182,0
DA:185,0
DA:186,0
DA:187,0
DA:188,0
DA:192,0
DA:193,0
DA:195,0
DA:199,0
DA:201,0
LF:48
LH:29
BRDA:32,0,0,4
BRDA:49,1,0,3
BRDA:53,2,0,2
BRDA:61,3,0,10
BRDA:61,3,1,7
BRDA:79,4,0,0
BRDA:79,4,1,0
BRDA:101,5,0,0
BRDA:119,6,0,2
BRDA:119,7,0,14
BRDA:119,7,1,5
BRDA:119,7,2,4
BRDA:123,8,0,2
BRDA:123,9,0,12
BRDA:123,9,1,5
BRDA:127,10,0,0
BRDA:127,11,0,10
BRDA:127,11,1,3
BRDA:188,12,0,0
BRDA:188,12,1,0
BRF:20
BRH:14
end_of_record
TN:
SF:src\business\useCases\index.ts
FN:2,(anonymous_0)
FN:3,(anonymous_1)
FNF:2
FNH:0
FNDA:0,(anonymous_0)
FNDA:0,(anonymous_1)
DA:2,0
DA:3,0
LF:2
LH:0
BRF:0
BRH:0
end_of_record
TN:
SF:src\components\index.ts
FNF:0
FNH:0
DA:1,0
DA:2,0
DA:3,0
DA:4,0
LF:4
LH:0
BRF:0
BRH:0
end_of_record
TN:
SF:src\components\auth\AuthFlow.tsx
FN:15,(anonymous_10)
FN:20,(anonymous_11)
FN:28,(anonymous_12)
FN:33,(anonymous_13)
FN:38,(anonymous_14)
FN:39,(anonymous_15)
FNF:6
FNH:0
FNDA:0,(anonymous_10)
FNDA:0,(anonymous_11)
FNDA:0,(anonymous_12)
FNDA:0,(anonymous_13)
FNDA:0,(anonymous_14)
FNDA:0,(anonymous_15)
DA:1,0
DA:2,0
DA:4,0
DA:6,0
DA:7,0
DA:15,0
DA:16,0
DA:17,0
DA:18,0
DA:20,0
DA:21,0
DA:22,0
DA:23,0
DA:24,0
DA:28,0
DA:29,0
DA:30,0
DA:33,0
DA:34,0
DA:36,0
DA:38,0
DA:39,0
DA:43,0
DA:51,0
DA:60,0
DA:64,0
DA:74,0
LF:27
LH:0
BRDA:23,0,0,0
BRDA:34,1,0,0
BRDA:34,1,1,0
BRDA:34,1,2,0
BRDA:34,1,3,0
BRF:5
BRH:0
end_of_record
TN:
SF:src\components\auth\ModernLogin.tsx
FN:11,(anonymous_9)
FN:18,(anonymous_10)
FN:126,(anonymous_11)
FN:145,(anonymous_12)
FNF:4
FNH:0
FNDA:0,(anonymous_9)
FNDA:0,(anonymous_10)
FNDA:0,(anonymous_11)
FNDA:0,(anonymous_12)
DA:1,0
DA:2,0
DA:4,0
DA:11,0
DA:12,0
DA:13,0
DA:14,0
DA:15,0
DA:16,0
DA:18,0
DA:19,0
DA:21,0
DA:22,0
DA:23,0
DA:26,0
DA:27,0
DA:28,0
DA:30,0
DA:35,0
DA:36,0
DA:37,0
DA:40,0
DA:43,0
DA:44,0
DA:47,0
DA:48,0
DA:49,0
DA:54,0
DA:56,0
DA:60,0
DA:126,0
DA:145,0
DA:195,0
LF:33
LH:0
BRDA:21,0,0,0
BRDA:21,1,0,0
BRDA:21,1,1,0
BRDA:35,2,0,0
BRDA:40,3,0,0
BRDA:43,4,0,0
BRDA:43,4,1,0
BRDA:48,5,0,0
BRDA:102,6,0,0
BRDA:102,6,1,0
BRDA:105,7,0,0
BRDA:105,7,1,0
BRDA:105,8,0,0
BRDA:105,8,1,0
BRDA:159,9,0,0
BRDA:159,9,1,0
BRF:16
BRH:0
end_of_record
TN:
SF:src\components\auth\SimpleLogin.tsx
FN:10,(anonymous_9)
FN:17,(anonymous_10)
FN:43,(anonymous_11)
FN:92,(anonymous_12)
FN:110,(anonymous_13)
FNF:5
FNH:0
FNDA:0,(anonymous_9)
FNDA:0,(anonymous_10)
FNDA:0,(anonymous_11)
FNDA:0,(anonymous_12)
FNDA:0,(anonymous_13)
DA:1,0
DA:2,0
DA:4,0
DA:10,0
DA:11,0
DA:12,0
DA:13,0
DA:14,0
DA:15,0
DA:17,0
DA:18,0
DA:20,0
DA:21,0
DA:22,0
DA:24,0
DA:29,0
DA:30,0
DA:31,0
DA:34,0
DA:35,0
DA:38,0
DA:40,0
DA:43,0
DA:44,0
DA:45,0
DA:47,0
DA:48,0
DA:53,0
DA:54,0
DA:56,0
DA:59,0
DA:61,0
DA:65,0
DA:92,0
DA:110,0
DA:159,0
LF:36
LH:0
BRDA:29,0,0,0
BRDA:34,1,0,0
BRDA:53,2,0,0
BRDA:53,2,1,0
BRDA:123,3,0,0
BRDA:123,3,1,0
BRDA:132,4,0,0
BRDA:132,4,1,0
BRDA:137,5,0,0
BRDA:137,5,1,0
BRDA:140,6,0,0
BRDA:140,6,1,0
BRF:12
BRH:0
end_of_record
TN:
SF:src\components\auth\TwoFactorAuth.tsx
FN:9,(anonymous_9)
FN:19,(anonymous_10)
FN:26,(anonymous_11)
FN:34,(anonymous_12)
FN:48,(anonymous_13)
FN:67,(anonymous_14)
FN:73,(anonymous_15)
FN:78,(anonymous_16)
FNF:8
FNH:0
FNDA:0,(anonymous_9)
FNDA:0,(anonymous_10)
FNDA:0,(anonymous_11)
FNDA:0,(anonymous_12)
FNDA:0,(anonymous_13)
FNDA:0,(anonymous_14)
FNDA:0,(anonymous_15)
FNDA:0,(anonymous_16)
DA:1,0
DA:9,0
DA:14,0
DA:15,0
DA:16,0
DA:17,0
DA:19,0
DA:21,0
DA:22,0
DA:26,0
DA:27,0
DA:28,0
DA:29,0
DA:30,0
DA:34,0
DA:35,0
DA:37,0
DA:38,0
DA:39,0
DA:42,0
DA:43,0
DA:44,0
DA:48,0
DA:52,0
DA:53,0
DA:54,0
DA:58,0
DA:60,0
DA:61,0
DA:63,0
DA:67,0
DA:68,0
DA:69,0
DA:73,0
DA:74,0
DA:75,0
DA:78,0
DA:80,0
DA:81,0
DA:84,0
DA:198,0
LF:41
LH:0
BRDA:21,0,0,0
BRDA:28,1,0,0
BRDA:37,2,0,0
BRDA:52,3,0,0
BRDA:68,4,0,0
BRDA:68,5,0,0
BRDA:68,5,1,0
BRDA:94,6,0,0
BRDA:94,6,1,0
BRDA:102,7,0,0
BRDA:102,7,1,0
BRDA:105,8,0,0
BRDA:105,8,1,0
BRDA:105,9,0,0
BRDA:105,9,1,0
BRDA:139,10,0,0
BRDA:139,10,1,0
BRDA:142,11,0,0
BRDA:142,11,1,0
BRF:19
BRH:0
end_of_record
TN:
SF:src\components\auth\index.ts
FN:2,(anonymous_1)
FN:3,(anonymous_2)
FN:3,(anonymous_3)
FN:4,(anonymous_4)
FN:5,(anonymous_5)
FN:6,(anonymous_6)
FNF:6
FNH:0
FNDA:0,(anonymous_1)
FNDA:0,(anonymous_2)
FNDA:0,(anonymous_3)
FNDA:0,(anonymous_4)
FNDA:0,(anonymous_5)
FNDA:0,(anonymous_6)
DA:2,0
DA:3,0
DA:4,0
DA:5,0
DA:6,0
LF:5
LH:0
BRF:0
BRH:0
end_of_record
TN:
SF:src\components\auth\AuthProvider\AuthProvider.tsx
FN:20,(anonymous_9)
FN:23,(anonymous_10)
FN:28,loadRole
FN:36,(anonymous_12)
FN:37,(anonymous_13)
FN:47,(anonymous_14)
FN:53,(anonymous_15)
FN:56,(anonymous_16)
FN:67,(anonymous_17)
FNF:9
FNH:0
FNDA:0,(anonymous_9)
FNDA:0,(anonymous_10)
FNDA:0,loadRole
FNDA:0,(anonymous_12)
FNDA:0,(anonymous_13)
FNDA:0,(anonymous_14)
FNDA:0,(anonymous_15)
FNDA:0,(anonymous_16)
FNDA:0,(anonymous_17)
DA:2,0
DA:4,0
DA:16,0
DA:23,0
DA:24,0
DA:25,0
DA:26,0
DA:29,0
DA:30,0
DA:32,0
DA:33,0
DA:36,0
DA:37,0
DA:40,0
DA:41,0
DA:42,0
DA:43,0
DA:44,0
DA:47,0
DA:48,0
DA:49,0
DA:50,0
DA:53,0
DA:56,0
DA:57,0
DA:58,0
DA:59,0
DA:62,0
DA:65,0
DA:67,0
LF:30
LH:0
BRDA:29,0,0,0
BRDA:33,1,0,0
BRDA:33,1,1,0
BRDA:41,2,0,0
BRDA:41,2,1,0
BRDA:48,3,0,0
BRDA:48,3,1,0
BRF:7
BRH:0
end_of_record
TN:
SF:src\components\auth\AuthProvider\index.ts
FNF:0
FNH:0
DA:1,0
LF:1
LH:0
BRF:0
BRH:0
end_of_record
TN:
SF:src\components\auth\LoginForm\LoginForm.tsx
FN:11,(anonymous_9)
FN:19,(anonymous_10)
FN:80,(anonymous_11)
FN:123,(anonymous_12)
FN:132,(anonymous_13)
FN:151,(anonymous_14)
FN:170,(anonymous_15)
FN:182,(anonymous_16)
FNF:8
FNH:0
FNDA:0,(anonymous_9)
FNDA:0,(anonymous_10)
FNDA:0,(anonymous_11)
FNDA:0,(anonymous_12)
FNDA:0,(anonymous_13)
FNDA:0,(anonymous_14)
FNDA:0,(anonymous_15)
FNDA:0,(anonymous_16)
DA:2,0
DA:3,0
DA:5,0
DA:6,0
DA:7,0
DA:8,0
DA:9,0
DA:11,0
DA:12,0
DA:13,0
DA:14,0
DA:15,0
DA:16,0
DA:17,0
DA:19,0
DA:20,0
DA:21,0
DA:22,0
DA:24,0
DA:32,0
DA:35,0
DA:36,0
DA:41,0
DA:47,0
DA:49,0
DA:50,0
DA:53,0
DA:54,0
DA:55,0
DA:58,0
DA:67,0
DA:69,0
DA:74,0
DA:76,0
DA:80,0
DA:81,0
DA:82,0
DA:85,0
DA:123,0
DA:132,0
DA:151,0
DA:170,0
DA:183,0
DA:184,0
DA:186,0
DA:209,0
LF:46
LH:0
BRDA:25,0,0,0
BRDA:25,0,1,0
BRDA:26,1,0,0
BRDA:26,1,1,0
BRDA:35,2,0,0
BRDA:35,2,1,0
BRDA:49,3,0,0
BRDA:53,4,0,0
BRDA:53,5,0,0
BRDA:53,5,1,0
BRDA:59,6,0,0
BRDA:59,6,1,0
BRDA:60,7,0,0
BRDA:60,7,1,0
BRDA:71,8,0,0
BRDA:71,8,1,0
BRDA:92,9,0,0
BRDA:92,9,1,0
BRDA:125,10,0,0
BRDA:125,10,1,0
BRDA:134,11,0,0
BRDA:134,11,1,0
BRDA:172,12,0,0
BRDA:172,12,1,0
BRDA:183,13,0,0
BRDA:184,14,0,0
BRDA:184,14,1,0
BRDA:186,15,0,0
BRDA:186,15,1,0
BRDA:190,16,0,0
BRDA:190,16,1,0
BRF:31
BRH:0
end_of_record
TN:
SF:src\components\auth\LoginForm\index.ts
FN:1,(anonymous_1)
FNF:1
FNH:0
FNDA:0,(anonymous_1)
DA:1,0
LF:1
LH:0
BRF:0
BRH:0
end_of_record
TN:
SF:src\components\chat\ChatWindow.tsx
FN:21,(anonymous_9)
FN:50,(anonymous_10)
FN:54,(anonymous_11)
FN:58,(anonymous_12)
FN:71,(anonymous_13)
FN:76,(anonymous_14)
FN:85,(anonymous_15)
FN:89,(anonymous_16)
FN:96,(anonymous_17)
FN:158,(anonymous_18)
FN:218,(anonymous_19)
FNF:11
FNH:0
FNDA:0,(anonymous_9)
FNDA:0,(anonymous_10)
FNDA:0,(anonymous_11)
FNDA:0,(anonymous_12)
FNDA:0,(anonymous_13)
FNDA:0,(anonymous_14)
FNDA:0,(anonymous_15)
FNDA:0,(anonymous_16)
FNDA:0,(anonymous_17)
FNDA:0,(anonymous_18)
FNDA:0,(anonymous_19)
DA:1,0
DA:3,0
DA:21,0
DA:22,0
DA:46,0
DA:47,0
DA:48,0
DA:50,0
DA:51,0
DA:54,0
DA:55,0
DA:58,0
DA:59,0
DA:60,0
DA:63,0
DA:71,0
DA:72,0
DA:75,0
DA:76,0
DA:77,0
DA:78,0
DA:85,0
DA:89,0
DA:90,0
DA:91,0
DA:92,0
DA:96,0
DA:97,0
DA:103,0
DA:159,0
DA:218,0
DA:243,0
LF:32
LH:0
BRDA:59,0,0,0
BRDA:90,1,0,0
BRDA:90,2,0,0
BRDA:90,2,1,0
BRDA:118,3,0,0
BRDA:118,3,1,0
BRDA:130,4,0,0
BRDA:130,4,1,0
BRDA:143,5,0,0
BRDA:143,5,1,0
BRDA:161,6,0,0
BRDA:161,6,1,0
BRDA:165,7,0,0
BRDA:165,7,1,0
BRDA:173,8,0,0
BRDA:173,8,1,0
BRDA:184,9,0,0
BRDA:184,9,1,0
BRF:18
BRH:0
end_of_record
TN:
SF:src\components\chat\index.ts
FN:1,(anonymous_1)
FNF:1
FNH:0
FNDA:0,(anonymous_1)
DA:1,0
LF:1
LH:0
BRF:0
BRH:0
end_of_record
TN:
SF:src\components\coaches\CoachApp.tsx
FN:20,(anonymous_10)
FN:28,(anonymous_11)
FN:41,(anonymous_12)
FN:46,(anonymous_13)
FN:51,(anonymous_14)
FN:56,(anonymous_15)
FN:72,(anonymous_16)
FN:79,(anonymous_17)
FN:84,(anonymous_18)
FN:93,(anonymous_19)
FN:97,(anonymous_20)
FN:101,(anonymous_21)
FN:106,(anonymous_22)
FNF:13
FNH:0
FNDA:0,(anonymous_10)
FNDA:0,(anonymous_11)
FNDA:0,(anonymous_12)
FNDA:0,(anonymous_13)
FNDA:0,(anonymous_14)
FNDA:0,(anonymous_15)
FNDA:0,(anonymous_16)
FNDA:0,(anonymous_17)
FNDA:0,(anonymous_18)
FNDA:0,(anonymous_19)
FNDA:0,(anonymous_20)
FNDA:0,(anonymous_21)
FNDA:0,(anonymous_22)
DA:1,0
DA:3,0
DA:4,0
DA:5,0
DA:6,0
DA:8,0
DA:9,0
DA:20,0
DA:21,0
DA:22,0
DA:23,0
DA:24,0
DA:25,0
DA:28,0
DA:29,0
DA:30,0
DA:31,0
DA:34,0
DA:35,0
DA:36,0
DA:41,0
DA:42,0
DA:43,0
DA:46,0
DA:47,0
DA:48,0
DA:51,0
DA:52,0
DA:53,0
DA:56,0
DA:58,0
DA:60,0
DA:63,0
DA:64,0
DA:67,0
DA:68,0
DA:69,0
DA:72,0
DA:73,0
DA:74,0
DA:76,0
DA:79,0
DA:80,0
DA:84,0
DA:85,0
DA:86,0
DA:87,0
DA:88,0
DA:93,0
DA:94,0
DA:97,0
DA:98,0
DA:101,0
DA:102,0
DA:103,0
DA:106,0
DA:107,0
DA:109,0
DA:118,0
DA:119,0
DA:120,0
DA:122,0
DA:132,0
DA:133,0
DA:134,0
DA:136,0
DA:140,0
DA:141,0
DA:142,0
DA:144,0
DA:153,0
DA:162,0
DA:166,0
DA:193,0
LF:74
LH:0
BRDA:30,0,0,0
BRDA:30,1,0,0
BRDA:30,1,1,0
BRDA:35,2,0,0
BRDA:36,3,0,0
BRDA:36,3,1,0
BRDA:58,4,0,0
BRDA:58,5,0,0
BRDA:58,5,1,0
BRDA:85,6,0,0
BRDA:107,7,0,0
BRDA:107,7,1,0
BRDA:107,7,2,0
BRDA:107,7,3,0
BRDA:107,7,4,0
BRDA:107,7,5,0
BRDA:118,8,0,0
BRDA:132,9,0,0
BRDA:140,10,0,0
BRDA:179,11,0,0
BRDA:179,11,1,0
BRF:21
BRH:0
end_of_record
TN:
SF:src\components\coaches\CoachProfile.tsx
FN:22,(anonymous_9)
FN:32,(anonymous_10)
FN:43,(anonymous_11)
FN:44,(anonymous_12)
FN:54,(anonymous_13)
FN:55,(anonymous_14)
FN:141,(anonymous_15)
FN:153,(anonymous_16)
FN:179,(anonymous_17)
FNF:9
FNH:0
FNDA:0,(anonymous_9)
FNDA:0,(anonymous_10)
FNDA:0,(anonymous_11)
FNDA:0,(anonymous_12)
FNDA:0,(anonymous_13)
FNDA:0,(anonymous_14)
FNDA:0,(anonymous_15)
FNDA:0,(anonymous_16)
FNDA:0,(anonymous_17)
DA:1,0
DA:3,0
DA:22,0
DA:29,0
DA:32,0
DA:33,0
DA:34,0
DA:37,0
DA:38,0
DA:41,0
DA:43,0
DA:44,0
DA:45,0
DA:54,0
DA:55,0
DA:56,0
DA:65,0
DA:141,0
DA:153,0
DA:180,0
DA:207,0
LF:21
LH:0
BRDA:34,0,0,0
BRDA:34,0,1,0
BRDA:48,1,0,0
BRDA:48,1,1,0
BRDA:59,2,0,0
BRDA:59,2,1,0
BRDA:73,3,0,0
BRDA:73,3,1,0
BRDA:103,4,0,0
BRDA:103,4,1,0
BRDA:109,5,0,0
BRDA:109,5,1,0
BRDA:144,6,0,0
BRDA:144,6,1,0
BRDA:177,7,0,0
BRDA:177,7,1,0
BRDA:183,8,0,0
BRDA:183,8,1,0
BRF:18
BRH:0
end_of_record
TN:
SF:src\components\coaches\ModernCoachSearch.tsx
FN:15,(anonymous_9)
FN:39,(anonymous_10)
FN:48,(anonymous_11)
FN:49,(anonymous_12)
FN:71,(anonymous_13)
FN:77,(anonymous_14)
FN:80,(anonymous_15)
FN:85,(anonymous_16)
FN:91,(anonymous_17)
FN:100,(anonymous_18)
FN:106,(anonymous_19)
FN:125,(anonymous_20)
FN:136,(anonymous_21)
FN:147,(anonymous_22)
FN:148,(anonymous_23)
FN:285,(anonymous_24)
FN:289,(anonymous_25)
FN:290,(anonymous_26)
FN:300,(anonymous_27)
FN:326,(anonymous_28)
FN:330,(anonymous_29)
FN:356,(anonymous_30)
FNF:22
FNH:0
FNDA:0,(anonymous_9)
FNDA:0,(anonymous_10)
FNDA:0,(anonymous_11)
FNDA:0,(anonymous_12)
FNDA:0,(anonymous_13)
FNDA:0,(anonymous_14)
FNDA:0,(anonymous_15)
FNDA:0,(anonymous_16)
FNDA:0,(anonymous_17)
FNDA:0,(anonymous_18)
FNDA:0,(anonymous_19)
FNDA:0,(anonymous_20)
FNDA:0,(anonymous_21)
FNDA:0,(anonymous_22)
FNDA:0,(anonymous_23)
FNDA:0,(anonymous_24)
FNDA:0,(anonymous_25)
FNDA:0,(anonymous_26)
FNDA:0,(anonymous_27)
FNDA:0,(anonymous_28)
FNDA:0,(anonymous_29)
FNDA:0,(anonymous_30)
DA:1,0
DA:2,0
DA:4,0
DA:5,0
DA:6,0
DA:15,0
DA:20,0
DA:21,0
DA:22,0
DA:23,0
DA:24,0
DA:25,0
DA:26,0
DA:38,0
DA:40,0
DA:43,0
DA:44,0
DA:45,0
DA:48,0
DA:49,0
DA:52,0
DA:53,0
DA:54,0
DA:56,0
DA:58,0
DA:60,0
DA:61,0
DA:64,0
DA:66,0
DA:67,0
DA:70,0
DA:71,0
DA:77,0
DA:80,0
DA:81,0
DA:84,0
DA:85,0
DA:89,0
DA:90,0
DA:92,0
DA:99,0
DA:100,0
DA:103,0
DA:106,0
DA:108,0
DA:115,0
DA:116,0
DA:121,0
DA:122,0
DA:125,0
DA:126,0
DA:127,0
DA:128,0
DA:131,0
DA:136,0
DA:137,0
DA:139,0
DA:147,0
DA:149,0
DA:150,0
DA:151,0
DA:206,0
DA:285,0
DA:290,0
DA:291,0
DA:292,0
DA:294,0
DA:295,0
DA:297,0
DA:300,0
DA:301,0
DA:302,0
DA:304,0
DA:305,0
DA:307,0
DA:310,0
DA:326,0
DA:331,0
DA:356,0
DA:439,0
LF:80
LH:0
BRDA:43,0,0,0
BRDA:43,0,1,0
BRDA:52,1,0,0
BRDA:52,1,1,0
BRDA:84,2,0,0
BRDA:89,3,0,0
BRDA:92,4,0,0
BRDA:92,4,1,0
BRDA:92,4,2,0
BRDA:99,5,0,0
BRDA:115,6,0,0
BRDA:126,7,0,0
BRDA:127,8,0,0
BRDA:127,8,1,0
BRDA:143,9,0,0
BRDA:143,9,1,0
BRDA:149,10,0,0
BRDA:149,11,0,0
BRDA:149,11,1,0
BRDA:155,12,0,0
BRDA:155,12,1,0
BRDA:162,13,0,0
BRDA:162,13,1,0
BRDA:169,14,0,0
BRDA:169,14,1,0
BRDA:194,15,0,0
BRDA:194,15,1,0
BRDA:291,16,0,0
BRDA:294,17,0,0
BRDA:301,18,0,0
BRDA:304,19,0,0
BRDA:312,20,0,0
BRDA:312,20,1,0
BRDA:317,21,0,0
BRDA:317,21,1,0
BRDA:369,22,0,0
BRDA:369,22,1,0
BRDA:369,22,2,0
BRDA:369,22,3,0
BRDA:371,23,0,0
BRDA:371,23,1,0
BRDA:378,24,0,0
BRDA:378,24,1,0
BRDA:384,25,0,0
BRDA:384,25,1,0
BRDA:393,26,0,0
BRDA:393,26,1,0
BRDA:406,27,0,0
BRDA:406,27,1,0
BRDA:422,28,0,0
BRDA:422,28,1,0
BRF:51
BRH:0
end_of_record
TN:
SF:src\components\coaches\index.ts
FNF:0
FNH:0
DA:2,0
DA:3,0
DA:4,0
DA:5,0
LF:4
LH:0
BRF:0
BRH:0
end_of_record
TN:
SF:src\components\coaches\CoachCard\CoachCard.tsx
FN:4,(anonymous_0)
FNF:1
FNH:0
FNDA:0,(anonymous_0)
DA:1,0
DA:2,0
DA:4,0
DA:5,0
LF:4
LH:0
BRF:0
BRH:0
end_of_record
TN:
SF:src\components\coaches\CoachCard\index.ts
FNF:0
FNH:0
DA:1,0
LF:1
LH:0
BRF:0
BRH:0
end_of_record
TN:
SF:src\components\coaches\CoachList\CoachList.tsx
FN:6,(anonymous_1)
FNF:1
FNH:0
FNDA:0,(anonymous_1)
DA:1,0
DA:3,0
DA:4,0
DA:6,0
DA:7,0
LF:5
LH:0
BRF:0
BRH:0
end_of_record
TN:
SF:src\components\coaches\CoachList\index.ts
FNF:0
FNH:0
DA:1,0
LF:1
LH:0
BRF:0
BRH:0
end_of_record
TN:
SF:src\components\coaches\CoachProfile\CoachAbout.tsx
FN:7,(anonymous_0)
FNF:1
FNH:0
FNDA:0,(anonymous_0)
DA:1,0
DA:7,0
DA:8,0
LF:3
LH:0
BRF:0
BRH:0
end_of_record
TN:
SF:src\components\coaches\CoachProfile\CoachCTA.tsx
FN:9,(anonymous_0)
FNF:1
FNH:0
FNDA:0,(anonymous_0)
DA:1,0
DA:2,0
DA:9,0
DA:10,0
LF:4
LH:0
BRDA:17,0,0,0
BRDA:17,0,1,0
BRF:2
BRH:0
end_of_record
TN:
SF:src\components\coaches\CoachProfile\CoachHeader.tsx
FN:9,(anonymous_0)
FNF:1
FNH:0
FNDA:0,(anonymous_0)
DA:1,0
DA:9,0
DA:10,0
DA:31,0
DA:33,0
LF:5
LH:0
BRF:0
BRH:0
end_of_record
TN:
SF:src\components\coaches\CoachProfile\CoachInfoSidebar.tsx
FN:9,(anonymous_0)
FNF:1
FNH:0
FNDA:0,(anonymous_0)
DA:1,0
DA:9,0
DA:14,0
DA:20,0
DA:26,0
LF:5
LH:0
BRF:0
BRH:0
end_of_record
TN:
SF:src\components\coaches\CoachProfile\CoachProfile.tsx
FN:16,(anonymous_0)
FN:22,(anonymous_1)
FNF:2
FNH:0
FNDA:0,(anonymous_0)
FNDA:0,(anonymous_1)
DA:1,0
DA:2,0
DA:3,0
DA:4,0
DA:5,0
DA:16,0
DA:24,0
LF:7
LH:0
BRDA:17,0,0,0
BRDA:18,1,0,0
BRDA:19,2,0,0
BRDA:20,3,0,0
BRDA:21,4,0,0
BRDA:22,5,0,0
BRF:6
BRH:0
end_of_record
TN:
SF:src\components\coaches\CoachProfile\CoachSpecialties.tsx
FN:7,(anonymous_0)
FN:8,(anonymous_1)
FN:24,(anonymous_2)
FNF:3
FNH:0
FNDA:0,(anonymous_0)
FNDA:0,(anonymous_1)
FNDA:0,(anonymous_2)
DA:1,0
DA:7,0
DA:8,0
DA:10,0
DA:16,0
DA:17,0
DA:20,0
DA:25,0
LF:8
LH:0
BRF:0
BRH:0
end_of_record
TN:
SF:src\components\coaches\CoachProfile\index.ts
FNF:0
FNH:0
DA:1,0
LF:1
LH:0
BRF:0
BRH:0
end_of_record
TN:
SF:src\components\coaches\CoachSearch\CoachSearchPrototype.tsx
FN:88,(anonymous_9)
FN:95,(anonymous_10)
FN:100,(anonymous_11)
FN:107,(anonymous_12)
FN:111,(anonymous_13)
FN:117,(anonymous_14)
FN:121,(anonymous_15)
FN:133,(anonymous_16)
FN:203,(anonymous_17)
FN:287,(anonymous_18)
FN:294,(anonymous_19)
FN:297,(anonymous_20)
FN:319,(anonymous_21)
FN:332,(anonymous_22)
FN:335,(anonymous_23)
FN:336,(anonymous_24)
FNF:16
FNH:0
FNDA:0,(anonymous_9)
FNDA:0,(anonymous_10)
FNDA:0,(anonymous_11)
FNDA:0,(anonymous_12)
FNDA:0,(anonymous_13)
FNDA:0,(anonymous_14)
FNDA:0,(anonymous_15)
FNDA:0,(anonymous_16)
FNDA:0,(anonymous_17)
FNDA:0,(anonymous_18)
FNDA:0,(anonymous_19)
FNDA:0,(anonymous_20)
FNDA:0,(anonymous_21)
FNDA:0,(anonymous_22)
FNDA:0,(anonymous_23)
FNDA:0,(anonymous_24)
DA:1,0
DA:3,0
DA:4,0
DA:21,0
DA:76,0
DA:88,0
DA:89,0
DA:90,0
DA:91,0
DA:92,0
DA:93,0
DA:95,0
DA:96,0
DA:98,0
DA:99,0
DA:101,0
DA:106,0
DA:107,0
DA:110,0
DA:111,0
DA:114,0
DA:117,0
DA:118,0
DA:121,0
DA:122,0
DA:125,0
DA:126,0
DA:133,0
DA:203,0
DA:267,0
DA:287,0
DA:294,0
DA:298,0
DA:319,0
DA:333,0
DA:335,0
DA:337,0
DA:338,0
DA:339,0
LF:39
LH:0
BRDA:98,0,0,0
BRDA:101,1,0,0
BRDA:101,1,1,0
BRDA:106,2,0,0
BRDA:110,3,0,0
BRDA:125,4,0,0
BRDA:150,5,0,0
BRDA:150,5,1,0
BRDA:157,6,0,0
BRDA:157,6,1,0
BRDA:160,7,0,0
BRDA:160,7,1,0
BRDA:206,8,0,0
BRDA:206,8,1,0
BRDA:211,9,0,0
BRDA:211,9,1,0
BRDA:337,10,0,0
BRDA:337,11,0,0
BRDA:337,11,1,0
BRDA:351,12,0,0
BRDA:351,12,1,0
BRDA:356,13,0,0
BRDA:356,13,1,0
BRDA:359,14,0,0
BRDA:359,14,1,0
BRDA:387,15,0,0
BRDA:387,15,1,0
BRDA:389,16,0,0
BRDA:389,16,1,0
BRDA:395,17,0,0
BRDA:395,17,1,0
BRDA:402,18,0,0
BRDA:402,18,1,0
BRF:33
BRH:0
end_of_record
TN:
SF:src\components\coaches\CoachSearch\index.ts
FN:2,(anonymous_0)
FNF:1
FNH:0
FNDA:0,(anonymous_0)
DA:2,0
LF:1
LH:0
BRF:0
BRH:0
end_of_record
TN:
SF:src\components\dashboard\index.tsx
FN:1,(anonymous_1)
FNF:1
FNH:0
FNDA:0,(anonymous_1)
DA:1,0
LF:1
LH:0
BRF:0
BRH:0
end_of_record
TN:
SF:src\components\dashboard\page.tsx
FN:17,(anonymous_10)
FN:22,(anonymous_11)
FN:32,(anonymous_12)
FN:75,(anonymous_13)
FNF:4
FNH:0
FNDA:0,(anonymous_10)
FNDA:0,(anonymous_11)
FNDA:0,(anonymous_12)
FNDA:0,(anonymous_13)
DA:2,0
DA:3,0
DA:5,0
DA:6,0
DA:7,0
DA:8,0
DA:9,0
DA:11,0
DA:17,0
DA:18,0
DA:19,0
DA:20,0
DA:22,0
DA:23,0
DA:24,0
DA:28,0
DA:29,0
DA:32,0
DA:33,0
DA:34,0
DA:37,0
DA:76,0
DA:91,0
LF:23
LH:0
BRDA:23,0,0,0
BRDA:23,1,0,0
BRDA:23,1,1,0
BRDA:28,2,0,0
BRDA:51,3,0,0
BRDA:51,3,1,0
BRDA:62,4,0,0
BRDA:62,4,1,0
BRDA:66,5,0,0
BRDA:66,5,1,0
BRDA:66,6,0,0
BRDA:66,6,1,0
BRF:12
BRH:0
end_of_record
TN:
SF:src\components\sessions\HireCoachButton.tsx
FN:12,(anonymous_1)
FN:16,(anonymous_2)
FNF:2
FNH:0
FNDA:0,(anonymous_1)
FNDA:0,(anonymous_2)
DA:1,0
DA:3,0
DA:4,0
DA:5,0
DA:12,0
DA:13,0
DA:14,0
DA:16,0
DA:17,0
DA:18,0
DA:20,0
DA:21,0
DA:24,0
DA:40,0
LF:14
LH:0
BRDA:17,0,0,0
BRDA:33,1,0,0
BRDA:33,1,1,0
BRDA:35,2,0,0
BRDA:35,2,1,0
BRF:5
BRH:0
end_of_record
TN:
SF:src\components\sessions\VideoCall.tsx
FN:17,(anonymous_10)
FN:43,(anonymous_11)
FN:73,(anonymous_12)
FN:112,(anonymous_13)
FN:137,(anonymous_14)
FN:143,(anonymous_15)
FN:150,(anonymous_16)
FN:154,(anonymous_17)
FN:276,(anonymous_18)
FNF:9
FNH:9
FNDA:17,(anonymous_10)
FNDA:17,(anonymous_11)
FNDA:17,(anonymous_12)
FNDA:17,(anonymous_13)
FNDA:17,(anonymous_14)
FNDA:17,(anonymous_15)
FNDA:17,(anonymous_16)
FNDA:3,(anonymous_17)
FNDA:17,(anonymous_18)
DA:1,1
DA:3,1
DA:4,1
DA:17,1
DA:18,17
DA:19,2
DA:27,15
DA:28,2
DA:36,13
DA:43,1
DA:44,17
DA:45,0
DA:52,17
DA:73,1
DA:74,17
DA:75,0
DA:99,17
DA:112,1
DA:119,17
DA:120,17
DA:134,17
DA:137,17
DA:138,17
DA:139,0
DA:143,17
DA:144,17
DA:145,0
DA:150,17
DA:151,17
DA:154,17
DA:155,3
DA:156,3
DA:159,17
DA:277,17
DA:278,2
DA:280,15
DA:281,2
DA:283,13
DA:292,1
LF:39
LH:35
BRDA:18,0,0,2
BRDA:27,1,0,2
BRDA:44,2,0,0
BRDA:74,3,0,0
BRDA:82,4,0,0
BRDA:82,4,1,0
BRDA:84,5,0,0
BRDA:84,5,1,0
BRDA:116,6,0,16
BRDA:138,7,0,0
BRDA:138,8,0,17
BRDA:138,8,1,0
BRDA:144,9,0,0
BRDA:144,10,0,17
BRDA:144,10,1,0
BRDA:171,11,0,17
BRDA:171,11,1,1
BRDA:200,12,0,16
BRDA:200,12,1,1
BRDA:204,13,0,1
BRDA:204,13,1,16
BRDA:207,14,0,16
BRDA:207,14,1,1
BRDA:229,15,0,16
BRDA:229,15,1,1
BRDA:233,16,0,1
BRDA:233,16,1,16
BRDA:236,17,0,16
BRDA:236,17,1,1
BRDA:277,18,0,2
BRDA:280,19,0,2
BRF:31
BRH:21
end_of_record
TN:
SF:src\components\sessions\VideoControls.tsx
FN:19,(anonymous_9)
FN:32,(anonymous_10)
FN:46,(anonymous_11)
FN:62,(anonymous_12)
FNF:4
FNH:0
FNDA:0,(anonymous_9)
FNDA:0,(anonymous_10)
FNDA:0,(anonymous_11)
FNDA:0,(anonymous_12)
DA:1,0
DA:3,0
DA:17,0
DA:19,0
DA:29,0
DA:30,0
DA:32,0
DA:33,0
DA:34,0
DA:37,0
DA:38,0
DA:40,0
DA:46,0
DA:47,0
DA:50,0
DA:51,0
DA:54,0
DA:55,0
DA:58,0
DA:62,0
DA:63,0
DA:64,0
DA:65,0
DA:69,0
DA:239,0
LF:25
LH:0
BRDA:17,0,0,0
BRDA:17,0,1,0
BRDA:27,1,0,0
BRDA:33,2,0,0
BRDA:33,3,0,0
BRDA:33,3,1,0
BRDA:38,4,0,0
BRDA:38,4,1,0
BRDA:64,5,0,0
BRDA:76,6,0,0
BRDA:76,6,1,0
BRDA:79,7,0,0
BRDA:79,7,1,0
BRDA:83,8,0,0
BRDA:83,8,1,0
BRDA:105,9,0,0
BRDA:105,9,1,0
BRDA:108,10,0,0
BRDA:108,10,1,0
BRDA:112,11,0,0
BRDA:112,11,1,0
BRDA:132,12,0,0
BRDA:132,12,1,0
BRDA:132,12,2,0
BRDA:135,13,0,0
BRDA:135,13,1,0
BRDA:151,14,0,0
BRDA:151,14,1,0
BRDA:191,15,0,0
BRDA:191,15,1,0
BRDA:193,16,0,0
BRDA:193,16,1,0
BRDA:196,17,0,0
BRDA:196,17,1,0
BRDA:197,18,0,0
BRDA:197,18,1,0
BRDA:199,19,0,0
BRDA:199,19,1,0
BRDA:208,20,0,0
BRDA:208,20,1,0
BRF:40
BRH:0
end_of_record
TN:
SF:src\components\sessions\index.ts
FN:4,(anonymous_1)
FN:5,(anonymous_2)
FN:6,(anonymous_3)
FNF:3
FNH:0
FNDA:0,(anonymous_1)
FNDA:0,(anonymous_2)
FNDA:0,(anonymous_3)
DA:4,0
DA:5,0
DA:6,0
LF:3
LH:0
BRF:0
BRH:0
end_of_record
TN:
SF:src\components\subscription\SubscriptionPlans.tsx
FN:23,(anonymous_9)
FN:34,(anonymous_10)
FN:77,(anonymous_11)
FN:94,(anonymous_12)
FN:102,(anonymous_13)
FN:112,(anonymous_14)
FN:120,(anonymous_15)
FN:181,(anonymous_16)
FN:217,(anonymous_17)
FN:227,(anonymous_18)
FNF:10
FNH:0
FNDA:0,(anonymous_9)
FNDA:0,(anonymous_10)
FNDA:0,(anonymous_11)
FNDA:0,(anonymous_12)
FNDA:0,(anonymous_13)
FNDA:0,(anonymous_14)
FNDA:0,(anonymous_15)
FNDA:0,(anonymous_16)
FNDA:0,(anonymous_17)
FNDA:0,(anonymous_18)
DA:1,0
DA:3,0
DA:23,0
DA:29,0
DA:30,0
DA:31,0
DA:32,0
DA:34,0
DA:35,0
DA:40,0
DA:77,0
DA:78,0
DA:79,0
DA:83,0
DA:84,0
DA:85,0
DA:86,0
DA:90,0
DA:91,0
DA:94,0
DA:95,0
DA:96,0
DA:97,0
DA:98,0
DA:102,0
DA:103,0
DA:104,0
DA:107,0
DA:108,0
DA:109,0
DA:112,0
DA:113,0
DA:114,0
DA:115,0
DA:116,0
DA:120,0
DA:121,0
DA:122,0
DA:125,0
DA:182,0
DA:218,0
DA:227,0
DA:320,0
LF:43
LH:0
BRDA:26,0,0,0
BRDA:35,1,0,0
BRDA:35,1,1,0
BRDA:53,2,0,0
BRDA:53,2,1,0
BRDA:71,3,0,0
BRDA:71,3,1,0
BRDA:78,4,0,0
BRDA:83,5,0,0
BRDA:97,6,0,0
BRDA:97,6,1,0
BRDA:103,7,0,0
BRDA:145,8,0,0
BRDA:145,8,1,0
BRDA:175,9,0,0
BRDA:175,9,1,0
BRDA:185,10,0,0
BRDA:185,10,1,0
BRDA:191,11,0,0
BRDA:191,11,1,0
BRDA:228,12,0,0
BRDA:228,12,1,0
BRDA:230,13,0,0
BRDA:230,13,1,0
BRDA:235,14,0,0
BRDA:235,14,1,0
BRDA:235,15,0,0
BRDA:235,15,1,0
BRDA:259,16,0,0
BRDA:259,16,1,0
BRF:30
BRH:0
end_of_record
TN:
SF:src\components\subscription\index.ts
FN:1,(anonymous_1)
FNF:1
FNH:0
FNDA:0,(anonymous_1)
DA:1,0
LF:1
LH:0
BRF:0
BRH:0
end_of_record
TN:
SF:src\components\ui\Input.tsx
FN:9,(anonymous_1)
FNF:1
FNH:0
FNDA:0,(anonymous_1)
DA:1,0
DA:9,0
DA:17,0
DA:19,0
LF:4
LH:0
BRDA:13,0,0,0
BRDA:17,1,0,0
BRDA:17,1,1,0
BRDA:21,2,0,0
BRDA:21,2,1,0
BRDA:37,3,0,0
BRDA:37,3,1,0
BRDA:42,4,0,0
BRDA:42,4,1,0
BRDA:42,4,2,0
BRDA:45,5,0,0
BRDA:45,5,1,0
BRF:12
BRH:0
end_of_record
TN:
SF:src\components\ui\ThemeToggle.tsx
FN:3,(anonymous_9)
FN:6,(anonymous_10)
FN:20,(anonymous_11)
FNF:3
FNH:0
FNDA:0,(anonymous_9)
FNDA:0,(anonymous_10)
FNDA:0,(anonymous_11)
DA:1,0
DA:3,0
DA:4,0
DA:6,0
DA:8,0
DA:9,0
DA:11,0
DA:12,0
DA:13,0
DA:15,0
DA:16,0
DA:20,0
DA:21,0
DA:22,0
DA:24,0
DA:25,0
DA:26,0
DA:28,0
DA:29,0
DA:33,0
LF:20
LH:0
BRDA:11,0,0,0
BRDA:11,0,1,0
BRDA:11,1,0,0
BRDA:11,1,1,0
BRDA:11,1,2,0
BRDA:24,2,0,0
BRDA:24,2,1,0
BRDA:39,3,0,0
BRDA:39,3,1,0
BRF:9
BRH:0
end_of_record
TN:
SF:src\components\ui\UserProfile.tsx
FN:12,(anonymous_1)
FN:35,(anonymous_2)
FNF:2
FNH:0
FNDA:0,(anonymous_1)
FNDA:0,(anonymous_2)
DA:1,0
DA:12,0
DA:20,0
DA:21,0
DA:24,0
DA:25,0
DA:27,0
DA:36,0
DA:37,0
DA:38,0
DA:174,0
LF:11
LH:0
BRDA:15,0,0,0
BRDA:20,1,0,0
BRDA:25,2,0,0
BRDA:25,2,1,0
BRDA:36,3,0,0
BRDA:36,4,0,0
BRDA:36,4,1,0
BRDA:78,5,0,0
BRDA:78,5,1,0
BRDA:86,6,0,0
BRDA:86,6,1,0
BRDA:89,7,0,0
BRDA:89,7,1,0
BRDA:92,8,0,0
BRDA:92,8,1,0
BRDA:100,9,0,0
BRDA:100,9,1,0
BRDA:126,10,0,0
BRDA:126,10,1,0
BRDA:126,11,0,0
BRDA:126,11,1,0
BRDA:135,12,0,0
BRDA:135,12,1,0
BRF:23
BRH:0
end_of_record
TN:
SF:src\components\ui\index.ts
FN:6,(anonymous_5)
FNF:1
FNH:0
FNDA:0,(anonymous_5)
DA:1,0
DA:2,0
DA:3,0
DA:4,0
DA:5,0
DA:6,0
LF:6
LH:0
BRF:0
BRH:0
end_of_record
TN:
SF:src\components\ui\Button\Button.tsx
FN:17,(anonymous_1)
FN:27,(anonymous_2)
FN:46,(anonymous_3)
FN:66,(anonymous_4)
FNF:4
FNH:3
FNDA:51,(anonymous_1)
FNDA:51,(anonymous_2)
FNDA:0,(anonymous_3)
FNDA:51,(anonymous_4)
DA:1,1
DA:3,1
DA:17,1
DA:18,51
DA:19,32
DA:21,19
DA:22,19
DA:24,0
DA:27,1
DA:28,51
DA:30,51
DA:31,0
DA:34,51
DA:36,0
DA:38,32
DA:40,19
DA:42,0
DA:46,1
DA:47,0
DA:66,1
DA:77,51
DA:78,51
DA:79,51
DA:81,51
LF:24
LH:19
BRDA:18,0,0,32
BRDA:21,1,0,19
BRDA:30,2,0,0
BRDA:34,3,0,0
BRDA:34,3,1,32
BRDA:34,3,2,19
BRDA:34,3,3,0
BRDA:68,4,0,0
BRDA:69,5,0,0
BRDA:70,6,0,51
BRDA:71,7,0,51
BRDA:72,8,0,0
BRDA:74,9,0,51
BRDA:77,10,0,51
BRDA:77,10,1,51
BRDA:96,11,0,0
BRDA:96,11,1,51
BRF:17
BRH:10
end_of_record
TN:
SF:src\components\ui\Button\index.ts
FNF:0
FNH:0
DA:1,0
LF:1
LH:0
BRF:0
BRH:0
end_of_record
TN:
SF:src\components\ui\Card\Card.tsx
FN:15,(anonymous_1)
FN:32,(anonymous_2)
FNF:2
FNH:0
FNDA:0,(anonymous_1)
FNDA:0,(anonymous_2)
DA:1,0
DA:3,0
DA:15,0
DA:16,0
DA:18,0
DA:20,0
DA:22,0
DA:24,0
DA:32,0
DA:41,0
DA:43,0
LF:11
LH:0
BRDA:16,0,0,0
BRDA:16,0,1,0
BRDA:16,0,2,0
BRDA:16,0,3,0
BRDA:34,1,0,0
BRDA:35,2,0,0
BRDA:36,3,0,0
BRDA:37,4,0,0
BRDA:38,5,0,0
BRDA:39,6,0,0
BRF:10
BRH:0
end_of_record
TN:
SF:src\components\ui\Card\index.ts
FNF:0
FNH:0
DA:1,0
LF:1
LH:0
BRF:0
BRH:0
end_of_record
TN:
SF:src\components\ui\Input\Input.tsx
FN:31,(anonymous_1)
FN:41,(anonymous_2)
FN:50,(anonymous_3)
FN:57,(anonymous_4)
FN:74,(anonymous_5)
FN:90,(anonymous_6)
FN:102,(anonymous_7)
FN:140,(anonymous_8)
FNF:8
FNH:0
FNDA:0,(anonymous_1)
FNDA:0,(anonymous_2)
FNDA:0,(anonymous_3)
FNDA:0,(anonymous_4)
FNDA:0,(anonymous_5)
FNDA:0,(anonymous_6)
FNDA:0,(anonymous_7)
FNDA:0,(anonymous_8)
DA:1,0
DA:3,0
DA:25,0
DA:31,0
DA:32,0
DA:33,0
DA:35,0
DA:36,0
DA:38,0
DA:41,0
DA:42,0
DA:50,0
DA:51,0
DA:54,0
DA:57,0
DA:58,0
DA:59,0
DA:62,0
DA:74,0
DA:75,0
DA:76,0
DA:79,0
DA:90,0
DA:91,0
DA:102,0
DA:116,0
DA:118,0
DA:140,0
DA:150,0
DA:152,0
LF:30
LH:0
BRDA:32,0,0,0
BRDA:35,1,0,0
BRDA:51,2,0,0
BRDA:51,2,1,0
BRDA:54,3,0,0
BRDA:54,3,1,0
BRDA:58,4,0,0
BRDA:66,5,0,0
BRDA:66,5,1,0
BRDA:67,6,0,0
BRDA:67,6,1,0
BRDA:75,7,0,0
BRDA:75,8,0,0
BRDA:75,8,1,0
BRDA:80,9,0,0
BRDA:80,9,1,0
BRDA:80,10,0,0
BRDA:80,10,1,0
BRDA:104,11,0,0
BRDA:110,12,0,0
BRDA:111,13,0,0
BRDA:115,14,0,0
BRDA:142,15,0,0
BRDA:143,16,0,0
BRDA:144,17,0,0
BRDA:147,18,0,0
BRF:26
BRH:0
end_of_record
TN:
SF:src\components\ui\Input\index.ts
FNF:0
FNH:0
DA:1,0
LF:1
LH:0
BRF:0
BRH:0
end_of_record
TN:
SF:src\components\ui\Modal\Modal.tsx
FN:14,(anonymous_9)
FN:23,(anonymous_10)
FN:29,(anonymous_11)
FN:30,(anonymous_12)
FN:41,(anonymous_13)
FNF:5
FNH:0
FNDA:0,(anonymous_9)
FNDA:0,(anonymous_10)
FNDA:0,(anonymous_11)
FNDA:0,(anonymous_12)
FNDA:0,(anonymous_13)
DA:1,0
DA:2,0
DA:4,0
DA:14,0
DA:21,0
DA:23,0
DA:24,0
DA:25,0
DA:29,0
DA:30,0
DA:31,0
DA:32,0
DA:36,0
DA:37,0
DA:38,0
DA:41,0
DA:42,0
DA:43,0
DA:47,0
DA:48,0
DA:51,0
LF:21
LH:0
BRDA:19,0,0,0
BRDA:24,1,0,0
BRDA:24,2,0,0
BRDA:24,2,1,0
BRDA:31,3,0,0
BRDA:36,4,0,0
BRDA:47,5,0,0
BRDA:60,6,0,0
BRDA:60,6,1,0
BRDA:64,7,0,0
BRDA:64,7,1,0
BRF:11
BRH:0
end_of_record
TN:
SF:src\components\ui\Modal\index.ts
FNF:0
FNH:0
DA:1,0
LF:1
LH:0
BRF:0
BRH:0
end_of_record
TN:
SF:src\components\ui\ThemeToggle\ThemeToggle.tsx
FN:6,(anonymous_1)
FN:16,(anonymous_2)
FN:22,(anonymous_3)
FN:33,(anonymous_4)
FNF:4
FNH:0
FNDA:0,(anonymous_1)
FNDA:0,(anonymous_2)
FNDA:0,(anonymous_3)
FNDA:0,(anonymous_4)
DA:1,0
DA:3,0
DA:4,0
DA:6,0
DA:7,0
DA:16,0
DA:17,0
DA:22,0
DA:23,0
DA:24,0
DA:26,0
DA:33,0
DA:34,0
DA:35,0
DA:37,0
LF:15
LH:0
BRDA:23,0,0,0
BRDA:42,1,0,0
BRDA:42,1,1,0
BRDA:44,2,0,0
BRDA:44,2,1,0
BRF:5
BRH:0
end_of_record
TN:
SF:src\components\ui\ThemeToggle\index.ts
FN:1,(anonymous_0)
FNF:1
FNH:0
FNDA:0,(anonymous_0)
DA:1,0
LF:1
LH:0
BRF:0
BRH:0
end_of_record
TN:
SF:src\components\ui\base\CardBase.tsx
FN:70,(anonymous_1)
FN:87,(anonymous_2)
FN:117,(anonymous_3)
FN:132,(anonymous_4)
FN:142,(anonymous_5)
FN:179,(anonymous_6)
FN:191,(anonymous_7)
FN:206,(anonymous_8)
FNF:8
FNH:4
FNDA:51,(anonymous_1)
FNDA:51,(anonymous_2)
FNDA:51,(anonymous_3)
FNDA:0,(anonymous_4)
FNDA:51,(anonymous_5)
FNDA:0,(anonymous_6)
FNDA:0,(anonymous_7)
FNDA:0,(anonymous_8)
DA:1,1
DA:28,1
DA:36,1
DA:44,1
DA:53,1
DA:62,1
DA:70,1
DA:76,51
DA:87,1
DA:94,51
DA:96,51
DA:97,51
DA:100,51
DA:101,51
DA:106,51
DA:107,0
DA:110,51
DA:111,0
DA:114,51
DA:117,1
DA:123,51
DA:125,51
DA:133,0
DA:134,0
DA:135,0
DA:142,1
DA:159,51
DA:160,51
DA:161,51
DA:162,51
DA:164,51
DA:179,1
DA:182,0
DA:187,1
DA:191,1
DA:192,0
DA:203,1
DA:206,1
DA:207,0
LF:39
LH:31
BRDA:96,0,0,51
BRDA:100,1,0,51
BRDA:106,2,0,0
BRDA:110,3,0,0
BRDA:126,4,0,0
BRDA:126,4,1,51
BRDA:129,5,0,0
BRDA:129,5,1,51
BRDA:129,6,0,51
BRDA:129,6,1,0
BRDA:130,7,0,51
BRDA:130,7,1,0
BRDA:130,7,2,0
BRDA:133,8,0,0
BRDA:133,9,0,0
BRDA:133,9,1,0
BRDA:144,10,0,0
BRDA:145,11,0,0
BRDA:146,12,0,51
BRDA:147,13,0,51
BRDA:148,14,0,51
BRDA:149,15,0,0
BRDA:150,16,0,0
BRDA:151,17,0,51
BRDA:152,18,0,0
BRDA:181,19,0,0
BRDA:191,20,0,0
BRDA:196,21,0,0
BRDA:196,21,1,0
BRDA:206,22,0,0
BRF:30
BRH:10
end_of_record
TN:
SF:src\components\ui\base\index.ts
FN:2,(anonymous_0)
FN:2,(anonymous_1)
FN:2,(anonymous_2)
FN:2,(anonymous_3)
FNF:4
FNH:0
FNDA:0,(anonymous_0)
FNDA:0,(anonymous_1)
FNDA:0,(anonymous_2)
FNDA:0,(anonymous_3)
DA:2,0
LF:1
LH:0
BRF:0
BRH:0
end_of_record
TN:
SF:src\components\video\VideoCall.tsx
FN:14,(anonymous_9)
FN:30,(anonymous_10)
FN:36,(anonymous_11)
FN:60,(anonymous_12)
FN:62,(anonymous_13)
FN:66,(anonymous_14)
FN:70,(anonymous_15)
FN:71,(anonymous_16)
FN:73,(anonymous_17)
FN:79,(anonymous_18)
FN:95,(anonymous_19)
FN:98,(anonymous_20)
FN:101,(anonymous_21)
FN:102,(anonymous_22)
FN:121,(anonymous_23)
FN:122,(anonymous_24)
FN:124,(anonymous_25)
FN:130,(anonymous_26)
FN:137,(anonymous_27)
FN:139,(anonymous_28)
FN:140,(anonymous_29)
FN:150,(anonymous_30)
FN:154,(anonymous_31)
FN:160,(anonymous_32)
FN:167,(anonymous_33)
FN:174,(anonymous_34)
FN:184,(anonymous_35)
FN:193,(anonymous_36)
FN:223,(anonymous_37)
FN:226,(anonymous_38)
FN:451,(anonymous_39)
FN:454,(anonymous_40)
FN:483,(anonymous_41)
FN:493,(anonymous_42)
FNF:34
FNH:0
FNDA:0,(anonymous_9)
FNDA:0,(anonymous_10)
FNDA:0,(anonymous_11)
FNDA:0,(anonymous_12)
FNDA:0,(anonymous_13)
FNDA:0,(anonymous_14)
FNDA:0,(anonymous_15)
FNDA:0,(anonymous_16)
FNDA:0,(anonymous_17)
FNDA:0,(anonymous_18)
FNDA:0,(anonymous_19)
FNDA:0,(anonymous_20)
FNDA:0,(anonymous_21)
FNDA:0,(anonymous_22)
FNDA:0,(anonymous_23)
FNDA:0,(anonymous_24)
FNDA:0,(anonymous_25)
FNDA:0,(anonymous_26)
FNDA:0,(anonymous_27)
FNDA:0,(anonymous_28)
FNDA:0,(anonymous_29)
FNDA:0,(anonymous_30)
FNDA:0,(anonymous_31)
FNDA:0,(anonymous_32)
FNDA:0,(anonymous_33)
FNDA:0,(anonymous_34)
FNDA:0,(anonymous_35)
FNDA:0,(anonymous_36)
FNDA:0,(anonymous_37)
FNDA:0,(anonymous_38)
FNDA:0,(anonymous_39)
FNDA:0,(anonymous_40)
FNDA:0,(anonymous_41)
FNDA:0,(anonymous_42)
DA:1,0
DA:3,0
DA:14,0
DA:15,0
DA:16,0
DA:17,0
DA:18,0
DA:19,0
DA:20,0
DA:23,0
DA:24,0
DA:25,0
DA:26,0
DA:27,0
DA:30,0
DA:31,0
DA:32,0
DA:35,0
DA:36,0
DA:37,0
DA:38,0
DA:42,0
DA:47,0
DA:48,0
DA:50,0
DA:51,0
DA:52,0
DA:60,0
DA:62,0
DA:63,0
DA:66,0
DA:70,0
DA:71,0
DA:72,0
DA:73,0
DA:79,0
DA:80,0
DA:81,0
DA:83,0
DA:84,0
DA:86,0
DA:87,0
DA:88,0
DA:90,0
DA:93,0
DA:96,0
DA:99,0
DA:101,0
DA:102,0
DA:103,0
DA:108,0
DA:111,0
DA:121,0
DA:122,0
DA:123,0
DA:124,0
DA:130,0
DA:131,0
DA:132,0
DA:137,0
DA:138,0
DA:139,0
DA:140,0
DA:141,0
DA:143,0
DA:144,0
DA:146,0
DA:150,0
DA:154,0
DA:155,0
DA:156,0
DA:157,0
DA:160,0
DA:161,0
DA:163,0
DA:166,0
DA:167,0
DA:168,0
DA:169,0
DA:174,0
DA:175,0
DA:176,0
DA:177,0
DA:178,0
DA:179,0
DA:184,0
DA:185,0
DA:186,0
DA:187,0
DA:189,0
DA:193,0
DA:194,0
DA:196,0
DA:206,0
DA:207,0
DA:210,0
DA:213,0
DA:215,0
DA:218,0
DA:219,0
DA:220,0
DA:223,0
DA:225,0
DA:226,0
DA:227,0
DA:228,0
DA:231,0
DA:232,0
DA:234,0
DA:238,0
DA:239,0
DA:278,0
DA:452,0
DA:454,0
DA:483,0
DA:494,0
DA:495,0
DA:496,0
DA:524,0
LF:119
LH:0
BRDA:35,0,0,0
BRDA:50,1,0,0
BRDA:50,1,1,0
BRDA:72,2,0,0
BRDA:83,3,0,0
BRDA:83,3,1,0
BRDA:83,4,0,0
BRDA:83,4,1,0
BRDA:123,5,0,0
BRDA:131,6,0,0
BRDA:131,7,0,0
BRDA:131,7,1,0
BRDA:138,8,0,0
BRDA:138,9,0,0
BRDA:138,9,1,0
BRDA:141,10,0,0
BRDA:161,11,0,0
BRDA:161,11,1,0
BRDA:166,12,0,0
BRDA:175,13,0,0
BRDA:177,14,0,0
BRDA:186,15,0,0
BRDA:186,15,1,0
BRDA:194,16,0,0
BRDA:201,17,0,0
BRDA:201,17,1,0
BRDA:202,18,0,0
BRDA:202,18,1,0
BRDA:207,19,0,0
BRDA:207,19,1,0
BRDA:225,20,0,0
BRDA:231,21,0,0
BRDA:231,21,1,0
BRDA:238,22,0,0
BRDA:244,23,0,0
BRDA:244,23,1,0
BRDA:280,24,0,0
BRDA:280,24,1,0
BRDA:289,25,0,0
BRDA:289,25,1,0
BRDA:303,26,0,0
BRDA:303,26,1,0
BRDA:322,27,0,0
BRDA:322,27,1,0
BRDA:333,28,0,0
BRDA:333,28,1,0
BRDA:333,29,0,0
BRDA:333,29,1,0
BRDA:344,30,0,0
BRDA:344,30,1,0
BRDA:348,31,0,0
BRDA:348,31,1,0
BRDA:365,32,0,0
BRDA:365,32,1,0
BRDA:367,33,0,0
BRDA:367,33,1,0
BRDA:391,34,0,0
BRDA:391,34,1,0
BRDA:397,35,0,0
BRDA:397,35,1,0
BRDA:405,36,0,0
BRDA:405,36,1,0
BRDA:410,37,0,0
BRDA:410,37,1,0
BRDA:429,38,0,0
BRDA:429,38,1,0
BRDA:434,39,0,0
BRDA:434,39,1,0
BRDA:456,40,0,0
BRDA:456,40,1,0
BRDA:466,41,0,0
BRDA:466,41,1,0
BRDA:467,42,0,0
BRDA:467,42,1,0
BRDA:506,43,0,0
BRDA:506,43,1,0
BRDA:512,44,0,0
BRDA:512,44,1,0
BRDA:513,45,0,0
BRDA:513,45,1,0
BRF:80
BRH:0
end_of_record
TN:
SF:src\components\video\index.ts
FN:1,(anonymous_1)
FNF:1
FNH:0
FNDA:0,(anonymous_1)
DA:1,0
LF:1
LH:0
BRF:0
BRH:0
end_of_record
TN:
SF:src\demo\VideoCallDemo.tsx
FN:15,(anonymous_9)
FN:22,(anonymous_10)
FN:44,(anonymous_11)
FN:50,(anonymous_12)
FN:55,(anonymous_13)
FN:60,(anonymous_14)
FN:82,(anonymous_15)
FNF:7
FNH:0
FNDA:0,(anonymous_9)
FNDA:0,(anonymous_10)
FNDA:0,(anonymous_11)
FNDA:0,(anonymous_12)
FNDA:0,(anonymous_13)
FNDA:0,(anonymous_14)
FNDA:0,(anonymous_15)
DA:1,0
DA:3,0
DA:4,0
DA:5,0
DA:6,0
DA:15,0
DA:16,0
DA:17,0
DA:18,0
DA:19,0
DA:20,0
DA:22,0
DA:23,0
DA:24,0
DA:25,0
DA:28,0
DA:29,0
DA:31,0
DA:33,0
DA:34,0
DA:35,0
DA:37,0
DA:38,0
DA:40,0
DA:44,0
DA:45,0
DA:46,0
DA:47,0
DA:50,0
DA:51,0
DA:52,0
DA:55,0
DA:56,0
DA:60,0
DA:61,0
DA:66,0
DA:67,0
DA:83,0
DA:84,0
DA:96,0
DA:97,0
DA:110,0
DA:155,0
LF:43
LH:0
BRDA:23,0,0,0
BRDA:38,1,0,0
BRDA:38,1,1,0
BRDA:66,2,0,0
BRDA:96,3,0,0
BRDA:96,4,0,0
BRDA:96,4,1,0
BRDA:118,5,0,0
BRDA:118,5,1,0
BRDA:127,6,0,0
BRDA:127,6,1,0
BRDA:132,7,0,0
BRDA:132,7,1,0
BRDA:135,8,0,0
BRDA:135,8,1,0
BRF:15
BRH:0
end_of_record
TN:
SF:src\demo\basic-tests.ts
FN:25,testDateUtilities
FN:39,testStringUtilities
FN:49,testNumberUtilities
FN:58,runBasicTests
FNF:4
FNH:0
FNDA:0,testDateUtilities
FNDA:0,testStringUtilities
FNDA:0,testNumberUtilities
FNDA:0,runBasicTests
DA:9,0
DA:15,0
DA:19,0
DA:26,0
DA:27,0
DA:28,0
DA:30,0
DA:31,0
DA:32,0
DA:33,0
DA:35,0
DA:40,0
DA:41,0
DA:42,0
DA:43,0
DA:45,0
DA:50,0
DA:51,0
DA:52,0
DA:54,0
DA:59,0
DA:61,0
DA:62,0
DA:64,0
DA:65,0
DA:67,0
DA:68,0
DA:70,0
DA:71,0
DA:72,0
DA:73,0
DA:74,0
DA:78,0
DA:79,0
DA:82,0
LF:35
LH:0
BRDA:35,0,0,0
BRDA:35,0,1,0
BRDA:45,1,0,0
BRDA:45,1,1,0
BRDA:54,2,0,0
BRDA:54,2,1,0
BRDA:78,3,0,0
BRF:7
BRH:0
end_of_record
TN:
SF:src\demo\fase2-demo.ts
FN:27,(anonymous_0)
FN:31,(anonymous_1)
FN:44,(anonymous_2)
FN:58,(anonymous_3)
FN:68,(anonymous_4)
FN:81,runFase2Demo
FNF:6
FNH:0
FNDA:0,(anonymous_0)
FNDA:0,(anonymous_1)
FNDA:0,(anonymous_2)
FNDA:0,(anonymous_3)
FNDA:0,(anonymous_4)
FNDA:0,runFase2Demo
DA:9,0
DA:15,0
DA:19,0
DA:25,0
DA:28,0
DA:32,0
DA:33,0
DA:35,0
DA:36,0
DA:38,0
DA:39,0
DA:41,0
DA:45,0
DA:46,0
DA:48,0
DA:49,0
DA:50,0
DA:51,0
DA:52,0
DA:54,0
DA:59,0
DA:60,0
DA:61,0
DA:62,0
DA:64,0
DA:69,0
DA:70,0
DA:71,0
DA:72,0
DA:73,0
DA:75,0
DA:82,0
DA:83,0
DA:87,0
DA:88,0
DA:91,0
LF:36
LH:0
BRDA:54,0,0,0
BRDA:54,0,1,0
BRDA:64,1,0,0
BRDA:64,1,1,0
BRDA:75,2,0,0
BRDA:75,2,1,0
BRDA:87,3,0,0
BRF:7
BRH:0
end_of_record
TN:
SF:src\demo\manual-test.ts
FNF:0
FNH:0
DA:8,0
DA:9,0
DA:12,0
DA:13,0
DA:14,0
DA:15,0
DA:16,0
DA:17,0
DA:18,0
DA:19,0
DA:20,0
DA:21,0
DA:22,0
DA:23,0
DA:24,0
DA:25,0
DA:28,0
DA:29,0
DA:30,0
DA:31,0
DA:34,0
DA:35,0
DA:36,0
DA:37,0
DA:38,0
DA:39,0
DA:40,0
DA:41,0
DA:42,0
DA:43,0
DA:44,0
DA:46,0
DA:47,0
DA:50,0
DA:51,0
DA:52,0
DA:53,0
DA:54,0
DA:55,0
DA:56,0
DA:57,0
DA:58,0
DA:59,0
DA:60,0
DA:61,0
DA:62,0
DA:63,0
DA:64,0
DA:65,0
DA:66,0
DA:67,0
DA:68,0
DA:69,0
DA:70,0
DA:71,0
DA:72,0
DA:73,0
DA:74,0
DA:75,0
DA:76,0
DA:77,0
DA:78,0
DA:79,0
DA:80,0
DA:81,0
DA:82,0
DA:83,0
DA:84,0
DA:86,0
DA:116,0
DA:117,0
LF:71
LH:0
BRF:0
BRH:0
end_of_record
TN:
SF:src\demo\voice-search-demo.ts
FN:53,testVoiceSearchIntelligence
FN:57,(anonymous_1)
FNF:2
FNH:0
FNDA:0,testVoiceSearchIntelligence
FNDA:0,(anonymous_1)
DA:7,0
DA:53,0
DA:54,0
DA:55,0
DA:57,0
DA:58,0
DA:59,0
DA:60,0
DA:61,0
DA:64,0
DA:65,0
DA:71,0
DA:81,0
LF:13
LH:0
BRF:0
BRH:0
end_of_record
TN:
SF:src\error-handling\CustomError.ts
FN:3,(anonymous_0)
FN:10,(anonymous_1)
FN:41,(anonymous_2)
FN:82,(anonymous_3)
FN:95,(anonymous_4)
FN:108,(anonymous_5)
FN:121,(anonymous_6)
FN:134,(anonymous_7)
FN:147,(anonymous_8)
FN:154,(anonymous_9)
FN:169,(anonymous_10)
FN:174,(anonymous_11)
FN:179,(anonymous_12)
FNF:13
FNH:3
FNDA:1,(anonymous_0)
FNDA:1,(anonymous_1)
FNDA:33,(anonymous_2)
FNDA:0,(anonymous_3)
FNDA:0,(anonymous_4)
FNDA:0,(anonymous_5)
FNDA:0,(anonymous_6)
FNDA:0,(anonymous_7)
FNDA:0,(anonymous_8)
FNDA:0,(anonymous_9)
FNDA:0,(anonymous_10)
FNDA:0,(anonymous_11)
FNDA:0,(anonymous_12)
DA:3,1
DA:4,1
DA:5,1
DA:6,1
DA:7,1
DA:10,1
DA:11,1
DA:12,1
DA:13,1
DA:14,1
DA:15,1
DA:16,1
DA:17,1
DA:18,1
DA:32,1
DA:55,33
DA:56,33
DA:59,33
DA:62,33
DA:65,33
DA:66,33
DA:67,33
DA:68,33
DA:70,33
DA:78,33
DA:83,0
DA:96,0
DA:109,0
DA:122,0
DA:135,0
DA:148,0
DA:155,0
DA:170,0
DA:175,0
DA:180,0
LF:35
LH:25
BRDA:3,0,0,1
BRDA:3,0,1,1
BRDA:10,1,0,1
BRDA:10,1,1,1
BRDA:45,2,0,7
BRDA:65,3,0,33
BRDA:65,3,1,24
BRDA:66,4,0,33
BRDA:66,4,1,20
BRDA:67,5,0,33
BRDA:67,5,1,29
BRDA:72,6,0,33
BRDA:72,6,1,0
BRDA:73,7,0,33
BRDA:73,7,1,0
BRDA:121,8,0,0
BRDA:170,9,0,0
BRDA:170,9,1,0
BRF:18
BRH:13
end_of_record
TN:
SF:src\error-handling\errorHandler.ts
FN:13,(anonymous_0)
FN:78,(anonymous_1)
FN:119,(anonymous_2)
FN:126,(anonymous_3)
FN:147,(anonymous_4)
FN:169,withErrorHandling
FN:170,(anonymous_6)
FN:173,(anonymous_7)
FNF:8
FNH:0
FNDA:0,(anonymous_0)
FNDA:0,(anonymous_1)
FNDA:0,(anonymous_2)
FNDA:0,(anonymous_3)
FNDA:0,(anonymous_4)
FNDA:0,withErrorHandling
FNDA:0,(anonymous_6)
FNDA:0,(anonymous_7)
DA:2,0
DA:4,0
DA:9,0
DA:25,0
DA:26,0
DA:27,0
DA:28,0
DA:30,0
DA:42,0
DA:43,0
DA:44,0
DA:45,0
DA:46,0
DA:50,0
DA:51,0
DA:52,0
DA:60,0
DA:70,0
DA:80,0
DA:81,0
DA:84,0
DA:85,0
DA:88,0
DA:89,0
DA:92,0
DA:93,0
DA:96,0
DA:97,0
DA:101,0
DA:120,0
DA:135,0
DA:136,0
DA:137,0
DA:139,0
DA:140,0
DA:156,0
DA:157,0
DA:158,0
DA:160,0
DA:161,0
DA:169,0
DA:170,0
DA:171,0
DA:173,0
DA:174,0
DA:175,0
DA:177,0
DA:181,0
DA:189,0
LF:49
LH:0
BRDA:25,0,0,0
BRDA:25,0,1,0
BRDA:27,1,0,0
BRDA:27,1,1,0
BRDA:42,2,0,0
BRDA:51,3,0,0
BRDA:51,3,1,0
BRDA:70,4,0,0
BRDA:70,4,1,0
BRDA:80,5,0,0
BRDA:80,6,0,0
BRDA:80,6,1,0
BRDA:84,7,0,0
BRDA:88,8,0,0
BRDA:88,9,0,0
BRDA:88,9,1,0
BRDA:92,10,0,0
BRDA:92,11,0,0
BRDA:92,11,1,0
BRDA:96,12,0,0
BRDA:96,13,0,0
BRDA:96,13,1,0
BRDA:120,14,0,0
BRDA:120,14,1,0
BRDA:179,15,0,0
BRDA:179,15,1,0
BRDA:182,16,0,0
BRDA:182,16,1,0
BRF:28
BRH:0
end_of_record
TN:
SF:src\error-handling\index.ts
FNF:0
FNH:0
DA:2,0
DA:3,0
LF:2
LH:0
BRF:0
BRH:0
end_of_record
TN:
SF:src\hooks\index.ts
FN:5,(anonymous_1)
FN:8,(anonymous_2)
FN:11,(anonymous_3)
FN:12,(anonymous_4)
FN:16,(anonymous_5)
FN:17,(anonymous_6)
FN:18,(anonymous_7)
FN:24,(anonymous_8)
FN:27,(anonymous_9)
FN:27,(anonymous_10)
FN:30,(anonymous_11)
FNF:11
FNH:0
FNDA:0,(anonymous_1)
FNDA:0,(anonymous_2)
FNDA:0,(anonymous_3)
FNDA:0,(anonymous_4)
FNDA:0,(anonymous_5)
FNDA:0,(anonymous_6)
FNDA:0,(anonymous_7)
FNDA:0,(anonymous_8)
FNDA:0,(anonymous_9)
FNDA:0,(anonymous_10)
FNDA:0,(anonymous_11)
DA:5,0
DA:8,0
DA:11,0
DA:12,0
DA:15,0
DA:16,0
DA:17,0
DA:18,0
DA:24,0
DA:27,0
DA:30,0
LF:11
LH:0
BRF:0
BRH:0
end_of_record
TN:
SF:src\hooks\useAuth.ts
FN:3,(anonymous_1)
FN:6,(anonymous_2)
FN:7,(anonymous_3)
FNF:3
FNH:0
FNDA:0,(anonymous_1)
FNDA:0,(anonymous_2)
FNDA:0,(anonymous_3)
DA:3,0
DA:6,0
DA:7,0
LF:3
LH:0
BRF:0
BRH:0
end_of_record
TN:
SF:src\hooks\useCameraManager.ts
FN:12,(anonymous_0)
FN:18,(anonymous_1)
FN:20,(anonymous_2)
FN:27,(anonymous_3)
FN:32,(anonymous_4)
FN:56,(anonymous_5)
FN:64,(anonymous_6)
FNF:7
FNH:0
FNDA:0,(anonymous_0)
FNDA:0,(anonymous_1)
FNDA:0,(anonymous_2)
FNDA:0,(anonymous_3)
FNDA:0,(anonymous_4)
FNDA:0,(anonymous_5)
FNDA:0,(anonymous_6)
DA:1,0
DA:12,0
DA:13,0
DA:14,0
DA:15,0
DA:16,0
DA:18,0
DA:19,0
DA:20,0
DA:21,0
DA:23,0
DA:24,0
DA:27,0
DA:28,0
DA:29,0
DA:30,0
DA:32,0
DA:34,0
DA:39,0
DA:40,0
DA:41,0
DA:44,0
DA:45,0
DA:46,0
DA:47,0
DA:49,0
DA:50,0
DA:51,0
DA:52,0
DA:56,0
DA:57,0
DA:58,0
DA:60,0
DA:64,0
DA:66,0
LF:35
LH:0
BRDA:19,0,0,0
BRDA:40,1,0,0
BRDA:49,2,0,0
BRDA:49,2,1,0
BRDA:57,3,0,0
BRDA:57,3,1,0
BRF:6
BRH:0
end_of_record
TN:
SF:src\hooks\useCoachSearch.ts
FN:44,useCoachSearch
FN:54,(anonymous_1)
FN:55,(anonymous_2)
FN:59,(anonymous_3)
FN:63,(anonymous_4)
FN:64,(anonymous_5)
FN:81,(anonymous_6)
FN:87,(anonymous_7)
FN:97,(anonymous_8)
FN:103,(anonymous_9)
FN:108,(anonymous_10)
FN:109,(anonymous_11)
FN:115,(anonymous_12)
FN:120,(anonymous_13)
FN:125,(anonymous_14)
FN:160,(anonymous_15)
FN:161,(anonymous_16)
FN:170,(anonymous_17)
FN:206,useQuickCoachSearch
FN:222,useCoachesBySpecialty
FNF:20
FNH:0
FNDA:0,useCoachSearch
FNDA:0,(anonymous_1)
FNDA:0,(anonymous_2)
FNDA:0,(anonymous_3)
FNDA:0,(anonymous_4)
FNDA:0,(anonymous_5)
FNDA:0,(anonymous_6)
FNDA:0,(anonymous_7)
FNDA:0,(anonymous_8)
FNDA:0,(anonymous_9)
FNDA:0,(anonymous_10)
FNDA:0,(anonymous_11)
FNDA:0,(anonymous_12)
FNDA:0,(anonymous_13)
FNDA:0,(anonymous_14)
FNDA:0,(anonymous_15)
FNDA:0,(anonymous_16)
FNDA:0,(anonymous_17)
FNDA:0,useQuickCoachSearch
FNDA:0,useCoachesBySpecialty
DA:2,0
DA:3,0
DA:5,0
DA:6,0
DA:7,0
DA:35,0
DA:44,0
DA:45,0
DA:50,0
DA:51,0
DA:54,0
DA:55,0
DA:56,0
DA:59,0
DA:63,0
DA:64,0
DA:76,0
DA:82,0
DA:88,0
DA:97,0
DA:98,0
DA:101,0
DA:102,0
DA:103,0
DA:107,0
DA:108,0
DA:109,0
DA:114,0
DA:115,0
DA:119,0
DA:120,0
DA:124,0
DA:125,0
DA:129,0
DA:131,0
DA:132,0
DA:133,0
DA:135,0
DA:136,0
DA:137,0
DA:140,0
DA:141,0
DA:142,0
DA:144,0
DA:147,0
DA:148,0
DA:150,0
DA:151,0
DA:153,0
DA:157,0
DA:160,0
DA:161,0
DA:163,0
DA:170,0
DA:171,0
DA:172,0
DA:174,0
DA:180,0
DA:187,0
DA:206,0
DA:207,0
DA:212,0
DA:222,0
DA:223,0
DA:230,0
DA:237,0
LF:66
LH:0
BRDA:50,0,0,0
BRDA:50,0,1,0
BRDA:72,1,0,0
BRDA:98,2,0,0
BRDA:98,2,1,0
BRDA:101,3,0,0
BRDA:101,4,0,0
BRDA:101,4,1,0
BRDA:107,5,0,0
BRDA:107,6,0,0
BRDA:107,6,1,0
BRDA:114,7,0,0
BRDA:114,8,0,0
BRDA:114,8,1,0
BRDA:119,9,0,0
BRDA:124,10,0,0
BRDA:129,11,0,0
BRDA:129,11,1,0
BRDA:129,11,2,0
BRDA:129,11,3,0
BRDA:147,12,0,0
BRDA:148,13,0,0
BRDA:148,13,1,0
BRDA:150,14,0,0
BRDA:151,15,0,0
BRDA:151,15,1,0
BRDA:180,16,0,0
BRDA:180,16,1,0
BRDA:188,17,0,0
BRDA:188,17,1,0
BRF:30
BRH:0
end_of_record
TN:
SF:src\hooks\useSessionController.ts
FN:7,useSessionController
FN:14,(anonymous_1)
FNF:2
FNH:0
FNDA:0,useSessionController
FNDA:0,(anonymous_1)
DA:2,0
DA:3,0
DA:5,0
DA:7,0
DA:8,0
DA:9,0
DA:10,0
DA:14,0
DA:15,0
DA:16,0
DA:17,0
DA:18,0
DA:19,0
DA:23,0
DA:24,0
DA:27,0
DA:29,0
DA:30,0
DA:31,0
DA:33,0
DA:37,0
DA:40,0
LF:22
LH:0
BRDA:18,0,0,0
BRDA:29,1,0,0
BRDA:29,1,1,0
BRF:3
BRH:0
end_of_record
TN:
SF:src\hooks\useTheme.ts
FN:5,(anonymous_0)
FN:6,(anonymous_1)
FN:12,(anonymous_2)
FN:26,(anonymous_3)
FN:27,(anonymous_4)
FNF:5
FNH:0
FNDA:0,(anonymous_0)
FNDA:0,(anonymous_1)
FNDA:0,(anonymous_2)
FNDA:0,(anonymous_3)
FNDA:0,(anonymous_4)
DA:1,0
DA:5,0
DA:6,0
DA:8,0
DA:9,0
DA:12,0
DA:14,0
DA:17,0
DA:18,0
DA:19,0
DA:21,0
DA:22,0
DA:26,0
DA:27,0
DA:30,0
LF:15
LH:0
BRDA:9,0,0,0
BRDA:9,0,1,0
BRDA:17,1,0,0
BRDA:17,1,1,0
BRDA:27,2,0,0
BRDA:27,2,1,0
BRF:6
BRH:0
end_of_record
TN:
SF:src\hooks\useUserCredits.tsx
FN:9,useUserCredits
FN:14,(anonymous_1)
FNF:2
FNH:0
FNDA:0,useUserCredits
FNDA:0,(anonymous_1)
DA:1,0
DA:3,0
DA:9,0
DA:10,0
DA:15,0
DA:16,0
DA:18,0
DA:25,0
DA:26,0
DA:28,0
DA:32,0
DA:40,0
LF:12
LH:0
BRDA:15,0,0,0
BRDA:25,1,0,0
BRDA:28,2,0,0
BRDA:28,2,1,0
BRDA:33,3,0,0
BRDA:33,3,1,0
BRDA:35,4,0,0
BRDA:35,4,1,0
BRF:8
BRH:0
end_of_record
TN:
SF:src\hooks\useVoiceSearch.ts
FN:271,(anonymous_0)
FN:283,(anonymous_1)
FN:290,(anonymous_2)
FN:292,(anonymous_3)
FN:299,(anonymous_4)
FN:301,(anonymous_5)
FN:360,(anonymous_6)
FN:362,(anonymous_7)
FN:370,(anonymous_8)
FN:374,(anonymous_9)
FN:386,(anonymous_10)
FN:387,(anonymous_11)
FN:390,(anonymous_12)
FN:395,(anonymous_13)
FN:409,(anonymous_14)
FN:430,(anonymous_15)
FN:437,(anonymous_16)
FN:438,(anonymous_17)
FN:466,(anonymous_18)
FN:474,(anonymous_19)
FN:480,(anonymous_20)
FN:481,(anonymous_21)
FNF:22
FNH:0
FNDA:0,(anonymous_0)
FNDA:0,(anonymous_1)
FNDA:0,(anonymous_2)
FNDA:0,(anonymous_3)
FNDA:0,(anonymous_4)
FNDA:0,(anonymous_5)
FNDA:0,(anonymous_6)
FNDA:0,(anonymous_7)
FNDA:0,(anonymous_8)
FNDA:0,(anonymous_9)
FNDA:0,(anonymous_10)
FNDA:0,(anonymous_11)
FNDA:0,(anonymous_12)
FNDA:0,(anonymous_13)
FNDA:0,(anonymous_14)
FNDA:0,(anonymous_15)
FNDA:0,(anonymous_16)
FNDA:0,(anonymous_17)
FNDA:0,(anonymous_18)
FNDA:0,(anonymous_19)
FNDA:0,(anonymous_20)
FNDA:0,(anonymous_21)
DA:1,0
DA:46,0
DA:271,0
DA:272,0
DA:280,0
DA:283,0
DA:284,0
DA:285,0
DA:287,0
DA:290,0
DA:291,0
DA:292,0
DA:293,0
DA:298,0
DA:299,0
DA:300,0
DA:301,0
DA:302,0
DA:308,0
DA:309,0
DA:311,0
DA:314,0
DA:319,0
DA:320,0
DA:324,0
DA:329,0
DA:330,0
DA:334,0
DA:335,0
DA:336,0
DA:340,0
DA:341,0
DA:342,0
DA:346,0
DA:347,0
DA:350,0
DA:351,0
DA:354,0
DA:357,0
DA:360,0
DA:361,0
DA:362,0
DA:366,0
DA:369,0
DA:370,0
DA:373,0
DA:374,0
DA:378,0
DA:379,0
DA:381,0
DA:382,0
DA:383,0
DA:384,0
DA:386,0
DA:387,0
DA:390,0
DA:391,0
DA:392,0
DA:393,0
DA:395,0
DA:401,0
DA:402,0
DA:403,0
DA:404,0
DA:405,0
DA:409,0
DA:410,0
DA:412,0
DA:414,0
DA:415,0
DA:417,0
DA:418,0
DA:420,0
DA:422,0
DA:424,0
DA:425,0
DA:427,0
DA:430,0
DA:437,0
DA:438,0
DA:441,0
DA:442,0
DA:444,0
DA:446,0
DA:447,0
DA:449,0
DA:451,0
DA:453,0
DA:454,0
DA:456,0
DA:457,0
DA:459,0
DA:460,0
DA:462,0
DA:466,0
DA:474,0
DA:475,0
DA:476,0
DA:480,0
DA:481,0
DA:484,0
LF:101
LH:0
BRDA:271,0,0,0
BRDA:274,1,0,0
BRDA:274,1,1,0
BRDA:291,2,0,0
BRDA:291,3,0,0
BRDA:291,3,1,0
BRDA:298,4,0,0
BRDA:300,5,0,0
BRDA:300,6,0,0
BRDA:300,6,1,0
BRDA:308,7,0,0
BRDA:314,8,0,0
BRDA:324,9,0,0
BRDA:334,10,0,0
BRDA:340,11,0,0
BRDA:350,12,0,0
BRDA:361,13,0,0
BRDA:378,14,0,0
BRDA:378,14,1,0
BRDA:398,15,0,0
BRDA:398,15,1,0
BRDA:401,16,0,0
BRDA:412,17,0,0
BRDA:412,17,1,0
BRDA:412,17,2,0
BRDA:412,17,3,0
BRDA:412,17,4,0
BRDA:446,18,0,0
BRDA:447,19,0,0
BRDA:447,19,1,0
BRDA:447,19,2,0
BRDA:447,19,3,0
BRDA:447,19,4,0
BRDA:475,20,0,0
BRF:34
BRH:0
end_of_record
TN:
SF:src\hooks\useWebRTC.ts
FN:36,(anonymous_0)
FN:52,(anonymous_1)
FN:57,(anonymous_2)
FN:64,(anonymous_3)
FN:70,(anonymous_4)
FN:95,(anonymous_5)
FN:121,(anonymous_6)
FN:133,(anonymous_7)
FN:140,(anonymous_8)
FN:154,(anonymous_9)
FN:158,(anonymous_10)
FN:183,(anonymous_11)
FN:194,(anonymous_12)
FN:205,(anonymous_13)
FN:229,(anonymous_14)
FN:253,(anonymous_15)
FN:272,(anonymous_16)
FN:290,(anonymous_17)
FN:291,(anonymous_18)
FN:297,(anonymous_19)
FNF:20
FNH:17
FNDA:41,(anonymous_0)
FNDA:9,(anonymous_1)
FNDA:0,(anonymous_2)
FNDA:0,(anonymous_3)
FNDA:9,(anonymous_4)
FNDA:11,(anonymous_5)
FNDA:11,(anonymous_6)
FNDA:18,(anonymous_7)
FNDA:0,(anonymous_8)
FNDA:23,(anonymous_9)
FNDA:20,(anonymous_10)
FNDA:1,(anonymous_11)
FNDA:1,(anonymous_12)
FNDA:1,(anonymous_13)
FNDA:1,(anonymous_14)
FNDA:1,(anonymous_15)
FNDA:1,(anonymous_16)
FNDA:22,(anonymous_17)
FNDA:22,(anonymous_18)
FNDA:22,(anonymous_19)
DA:1,1
DA:4,1
DA:36,1
DA:37,41
DA:40,41
DA:41,41
DA:42,41
DA:43,41
DA:44,41
DA:45,41
DA:46,41
DA:49,41
DA:52,41
DA:53,9
DA:54,9
DA:57,9
DA:58,0
DA:59,0
DA:64,9
DA:65,0
DA:66,0
DA:70,9
DA:71,9
DA:72,9
DA:73,9
DA:75,9
DA:76,1
DA:79,9
DA:80,0
DA:84,9
DA:85,9
DA:87,0
DA:88,0
DA:89,0
DA:90,0
DA:95,41
DA:96,11
DA:97,11
DA:110,9
DA:111,9
DA:113,2
DA:114,2
DA:115,2
DA:116,2
DA:121,41
DA:122,11
DA:123,11
DA:124,11
DA:127,11
DA:130,9
DA:133,9
DA:134,18
DA:137,9
DA:140,9
DA:141,0
DA:142,0
DA:143,0
DA:146,2
DA:147,2
DA:148,2
DA:149,2
DA:154,41
DA:155,23
DA:157,23
DA:158,20
DA:159,10
DA:163,23
DA:164,9
DA:165,9
DA:169,23
DA:170,23
DA:171,23
DA:172,23
DA:174,23
DA:176,0
DA:177,0
DA:178,0
DA:183,41
DA:184,1
DA:185,1
DA:186,1
DA:187,1
DA:188,1
DA:194,41
DA:195,1
DA:196,1
DA:197,1
DA:198,1
DA:199,1
DA:205,41
DA:206,1
DA:207,1
DA:208,1
DA:209,1
DA:212,0
DA:217,0
DA:218,0
DA:220,1
DA:221,1
DA:222,1
DA:223,1
DA:228,41
DA:230,1
DA:231,1
DA:232,1
DA:233,1
DA:236,0
DA:237,0
DA:238,0
DA:240,0
DA:242,1
DA:243,1
DA:244,1
DA:245,1
DA:252,41
DA:254,1
DA:255,1
DA:256,1
DA:257,1
DA:260,0
DA:262,1
DA:263,1
DA:264,1
DA:271,41
DA:273,1
DA:274,1
DA:275,1
DA:276,1
DA:279,0
DA:281,1
DA:282,1
DA:283,1
DA:290,41
DA:291,22
DA:292,22
DA:297,41
DA:298,22
DA:299,9
DA:300,9
DA:302,9
DA:303,9
DA:307,41
DA:329,1
LF:143
LH:119
BRDA:36,0,0,35
BRDA:58,1,0,0
BRDA:58,2,0,0
BRDA:58,2,1,0
BRDA:75,3,0,1
BRDA:79,4,0,0
BRDA:79,5,0,9
BRDA:79,5,1,9
BRDA:157,6,0,10
BRDA:163,7,0,9
BRDA:184,8,0,1
BRDA:186,9,0,1
BRDA:195,10,0,1
BRDA:197,11,0,1
BRDA:208,12,0,1
BRDA:232,13,0,1
BRDA:256,14,0,1
BRDA:275,15,0,1
BRDA:298,16,0,9
BRDA:302,17,0,9
BRDA:302,17,1,0
BRDA:303,18,0,9
BRDA:303,18,1,0
BRF:23
BRH:17
end_of_record
TN:
SF:src\hooks\useWebRTCSimple.ts
FN:26,(anonymous_0)
FN:41,(anonymous_1)
FN:66,(anonymous_2)
FN:76,(anonymous_3)
FN:94,(anonymous_4)
FN:98,(anonymous_5)
FN:120,(anonymous_6)
FN:131,(anonymous_7)
FN:142,(anonymous_8)
FN:143,(anonymous_9)
FN:145,(anonymous_10)
FNF:11
FNH:0
FNDA:0,(anonymous_0)
FNDA:0,(anonymous_1)
FNDA:0,(anonymous_2)
FNDA:0,(anonymous_3)
FNDA:0,(anonymous_4)
FNDA:0,(anonymous_5)
FNDA:0,(anonymous_6)
FNDA:0,(anonymous_7)
FNDA:0,(anonymous_8)
FNDA:0,(anonymous_9)
FNDA:0,(anonymous_10)
DA:1,0
DA:26,0
DA:29,0
DA:32,0
DA:33,0
DA:34,0
DA:35,0
DA:36,0
DA:37,0
DA:38,0
DA:41,0
DA:42,0
DA:43,0
DA:55,0
DA:56,0
DA:58,0
DA:59,0
DA:60,0
DA:61,0
DA:66,0
DA:67,0
DA:68,0
DA:69,0
DA:70,0
DA:73,0
DA:76,0
DA:77,0
DA:78,0
DA:79,0
DA:80,0
DA:83,0
DA:85,0
DA:86,0
DA:87,0
DA:88,0
DA:89,0
DA:94,0
DA:95,0
DA:97,0
DA:98,0
DA:99,0
DA:103,0
DA:104,0
DA:105,0
DA:106,0
DA:107,0
DA:108,0
DA:110,0
DA:111,0
DA:113,0
DA:114,0
DA:115,0
DA:120,0
DA:121,0
DA:122,0
DA:123,0
DA:124,0
DA:125,0
DA:131,0
DA:132,0
DA:133,0
DA:134,0
DA:135,0
DA:136,0
DA:142,0
DA:143,0
DA:144,0
DA:145,0
DA:150,0
LF:69
LH:0
BRDA:27,0,0,0
BRDA:97,1,0,0
BRDA:121,2,0,0
BRDA:123,3,0,0
BRDA:132,4,0,0
BRDA:134,5,0,0
BRDA:144,6,0,0
BRF:7
BRH:0
end_of_record
TN:
SF:src\hooks\useWebRTCWithSignaling.ts
FN:36,(anonymous_1)
FN:56,(anonymous_2)
FN:61,(anonymous_3)
FN:68,(anonymous_4)
FN:74,(anonymous_5)
FN:99,(anonymous_6)
FN:125,(anonymous_7)
FN:134,(anonymous_8)
FN:167,(anonymous_9)
FN:217,(anonymous_10)
FN:231,(anonymous_11)
FN:242,(anonymous_12)
FN:258,(anonymous_13)
FN:263,(anonymous_14)
FN:279,(anonymous_15)
FN:305,(anonymous_16)
FN:316,(anonymous_17)
FN:327,(anonymous_18)
FN:328,(anonymous_19)
FN:334,(anonymous_20)
FNF:20
FNH:0
FNDA:0,(anonymous_1)
FNDA:0,(anonymous_2)
FNDA:0,(anonymous_3)
FNDA:0,(anonymous_4)
FNDA:0,(anonymous_5)
FNDA:0,(anonymous_6)
FNDA:0,(anonymous_7)
FNDA:0,(anonymous_8)
FNDA:0,(anonymous_9)
FNDA:0,(anonymous_10)
FNDA:0,(anonymous_11)
FNDA:0,(anonymous_12)
FNDA:0,(anonymous_13)
FNDA:0,(anonymous_14)
FNDA:0,(anonymous_15)
FNDA:0,(anonymous_16)
FNDA:0,(anonymous_17)
FNDA:0,(anonymous_18)
FNDA:0,(anonymous_19)
FNDA:0,(anonymous_20)
DA:1,0
DA:3,0
DA:6,0
DA:36,0
DA:37,0
DA:40,0
DA:41,0
DA:42,0
DA:43,0
DA:44,0
DA:45,0
DA:46,0
DA:47,0
DA:50,0
DA:51,0
DA:52,0
DA:53,0
DA:56,0
DA:57,0
DA:58,0
DA:61,0
DA:62,0
DA:63,0
DA:68,0
DA:69,0
DA:70,0
DA:74,0
DA:75,0
DA:76,0
DA:77,0
DA:79,0
DA:80,0
DA:83,0
DA:84,0
DA:88,0
DA:89,0
DA:91,0
DA:92,0
DA:93,0
DA:94,0
DA:99,0
DA:100,0
DA:101,0
DA:114,0
DA:115,0
DA:117,0
DA:118,0
DA:119,0
DA:120,0
DA:125,0
DA:126,0
DA:128,0
DA:129,0
DA:133,0
DA:134,0
DA:135,0
DA:139,0
DA:140,0
DA:141,0
DA:145,0
DA:148,0
DA:149,0
DA:150,0
DA:151,0
DA:152,0
DA:153,0
DA:154,0
DA:155,0
DA:157,0
DA:159,0
DA:160,0
DA:161,0
DA:166,0
DA:168,0
DA:169,0
DA:170,0
DA:173,0
DA:174,0
DA:177,0
DA:178,0
DA:179,0
DA:180,0
DA:181,0
DA:182,0
DA:184,0
DA:188,0
DA:189,0
DA:190,0
DA:192,0
DA:196,0
DA:197,0
DA:198,0
DA:200,0
DA:204,0
DA:205,0
DA:208,0
DA:209,0
DA:216,0
DA:218,0
DA:219,0
DA:220,0
DA:222,0
DA:223,0
DA:226,0
DA:229,0
DA:231,0
DA:232,0
DA:233,0
DA:234,0
DA:237,0
DA:238,0
DA:242,0
DA:243,0
DA:244,0
DA:245,0
DA:246,0
DA:248,0
DA:252,0
DA:255,0
DA:258,0
DA:259,0
DA:263,0
DA:264,0
DA:265,0
DA:266,0
DA:270,0
DA:271,0
DA:273,0
DA:279,0
DA:280,0
DA:281,0
DA:282,0
DA:285,0
DA:287,0
DA:288,0
DA:289,0
DA:290,0
DA:305,0
DA:306,0
DA:307,0
DA:308,0
DA:309,0
DA:310,0
DA:316,0
DA:317,0
DA:318,0
DA:319,0
DA:320,0
DA:321,0
DA:327,0
DA:328,0
DA:329,0
DA:334,0
DA:335,0
DA:336,0
DA:337,0
DA:339,0
DA:340,0
DA:344,0
DA:363,0
LF:160
LH:0
BRDA:36,0,0,0
BRDA:62,1,0,0
BRDA:62,2,0,0
BRDA:62,2,1,0
BRDA:79,3,0,0
BRDA:83,4,0,0
BRDA:83,5,0,0
BRDA:83,5,1,0
BRDA:128,6,0,0
BRDA:128,7,0,0
BRDA:128,7,1,0
BRDA:128,7,2,0
BRDA:133,8,0,0
BRDA:139,9,0,0
BRDA:169,10,0,0
BRDA:174,11,0,0
BRDA:174,11,1,0
BRDA:174,11,2,0
BRDA:174,11,3,0
BRDA:177,12,0,0
BRDA:177,13,0,0
BRDA:177,13,1,0
BRDA:188,14,0,0
BRDA:188,15,0,0
BRDA:188,15,1,0
BRDA:196,16,0,0
BRDA:196,17,0,0
BRDA:196,17,1,0
BRDA:237,18,0,0
BRDA:244,19,0,0
BRDA:264,20,0,0
BRDA:264,21,0,0
BRDA:264,21,1,0
BRDA:306,22,0,0
BRDA:308,23,0,0
BRDA:317,24,0,0
BRDA:319,25,0,0
BRDA:335,26,0,0
BRDA:339,27,0,0
BRDA:339,27,1,0
BRDA:340,28,0,0
BRDA:340,28,1,0
BRF:42
BRH:0
end_of_record
TN:
SF:src\lib\supabase.ts
FNF:0
FNH:0
DA:2,0
DA:5,0
DA:6,0
DA:8,0
DA:14,0
DA:15,0
DA:16,0
DA:21,0
DA:23,0
LF:9
LH:0
BRDA:9,0,0,0
BRDA:9,0,1,0
BRDA:10,1,0,0
BRDA:10,1,1,0
BRDA:14,2,0,0
BRDA:14,3,0,0
BRDA:14,3,1,0
BRF:7
BRH:0
end_of_record
TN:
SF:src\listeners\CoachListener.ts
FN:15,(anonymous_0)
FN:22,(anonymous_1)
FN:37,(anonymous_2)
FN:38,(anonymous_3)
FN:48,(anonymous_4)
FN:74,(anonymous_5)
FN:102,(anonymous_6)
FN:132,(anonymous_7)
FN:159,(anonymous_8)
FN:167,(anonymous_9)
FN:177,(anonymous_10)
FN:185,(anonymous_11)
FN:193,(anonymous_12)
FN:201,(anonymous_13)
FN:208,(anonymous_14)
FN:221,(anonymous_15)
FN:244,(anonymous_16)
FN:251,(anonymous_17)
FN:258,(anonymous_18)
FN:262,(anonymous_19)
FN:278,(anonymous_20)
FN:291,(anonymous_21)
FN:296,(anonymous_22)
FN:301,(anonymous_23)
FN:306,(anonymous_24)
FN:307,(anonymous_25)
FN:323,(anonymous_26)
FN:331,(anonymous_27)
FN:341,(anonymous_28)
FNF:29
FNH:22
FNDA:13,(anonymous_0)
FNDA:12,(anonymous_1)
FNDA:16,(anonymous_2)
FNDA:33,(anonymous_3)
FNDA:11,(anonymous_4)
FNDA:2,(anonymous_5)
FNDA:2,(anonymous_6)
FNDA:1,(anonymous_7)
FNDA:2,(anonymous_8)
FNDA:6,(anonymous_9)
FNDA:4,(anonymous_10)
FNDA:4,(anonymous_11)
FNDA:2,(anonymous_12)
FNDA:0,(anonymous_13)
FNDA:0,(anonymous_14)
FNDA:1,(anonymous_15)
FNDA:1,(anonymous_16)
FNDA:1,(anonymous_17)
FNDA:1,(anonymous_18)
FNDA:2,(anonymous_19)
FNDA:2,(anonymous_20)
FNDA:1,(anonymous_21)
FNDA:2,(anonymous_22)
FNDA:0,(anonymous_23)
FNDA:0,(anonymous_24)
FNDA:0,(anonymous_25)
FNDA:2,(anonymous_26)
FNDA:0,(anonymous_27)
FNDA:0,(anonymous_28)
DA:2,1
DA:3,1
DA:4,1
DA:10,1
DA:12,13
DA:13,13
DA:16,13
DA:23,12
DA:24,1
DA:25,1
DA:28,11
DA:29,11
DA:31,11
DA:38,33
DA:39,16
DA:40,16
DA:42,16
DA:50,11
DA:54,11
DA:57,11
DA:61,11
DA:64,11
DA:68,11
DA:75,2
DA:77,2
DA:85,2
DA:88,2
DA:91,2
DA:94,2
DA:96,2
DA:103,2
DA:105,2
DA:113,2
DA:116,2
DA:117,0
DA:121,2
DA:124,2
DA:126,2
DA:133,1
DA:135,1
DA:143,1
DA:146,1
DA:149,1
DA:152,1
DA:154,1
DA:165,2
DA:167,2
DA:168,6
DA:179,4
DA:187,4
DA:195,2
DA:202,0
DA:205,0
DA:208,0
DA:209,0
DA:218,0
DA:222,1
DA:223,1
DA:225,1
DA:226,1
DA:229,1
DA:240,1
DA:246,1
DA:253,1
DA:254,0
DA:260,1
DA:261,1
DA:262,2
DA:265,1
DA:266,1
DA:279,2
DA:280,0
DA:282,2
DA:283,1
DA:285,1
DA:286,1
DA:288,0
DA:293,1
DA:298,2
DA:303,0
DA:307,0
DA:309,0
DA:311,0
DA:325,2
DA:336,0
DA:341,0
DA:347,1
LF:87
LH:72
BRDA:23,0,0,1
BRDA:116,1,0,0
BRDA:225,2,0,1
BRDA:253,3,0,0
BRDA:262,4,0,2
BRDA:262,4,1,2
BRDA:265,5,0,1
BRDA:279,6,0,0
BRDA:282,7,0,1
BRDA:285,8,0,1
BRF:10
BRH:7
end_of_record
TN:
SF:src\listeners\SessionListener.ts
FN:15,(anonymous_0)
FN:22,(anonymous_1)
FN:37,(anonymous_2)
FN:38,(anonymous_3)
FN:48,(anonymous_4)
FN:81,(anonymous_5)
FN:110,(anonymous_6)
FN:136,(anonymous_7)
FN:167,(anonymous_8)
FN:195,(anonymous_9)
FN:237,(anonymous_10)
FN:240,(anonymous_11)
FN:253,(anonymous_12)
FN:265,(anonymous_13)
FN:270,(anonymous_14)
FN:275,(anonymous_15)
FN:280,(anonymous_16)
FN:287,(anonymous_17)
FN:290,(anonymous_18)
FN:306,(anonymous_19)
FN:311,(anonymous_20)
FN:316,(anonymous_21)
FN:321,(anonymous_22)
FN:329,(anonymous_23)
FN:339,(anonymous_24)
FNF:25
FNH:21
FNDA:14,(anonymous_0)
FNDA:15,(anonymous_1)
FNDA:16,(anonymous_2)
FNDA:56,(anonymous_3)
FNDA:14,(anonymous_4)
FNDA:4,(anonymous_5)
FNDA:2,(anonymous_6)
FNDA:1,(anonymous_7)
FNDA:1,(anonymous_8)
FNDA:4,(anonymous_9)
FNDA:2,(anonymous_10)
FNDA:0,(anonymous_11)
FNDA:5,(anonymous_12)
FNDA:4,(anonymous_13)
FNDA:4,(anonymous_14)
FNDA:1,(anonymous_15)
FNDA:1,(anonymous_16)
FNDA:1,(anonymous_17)
FNDA:0,(anonymous_18)
FNDA:1,(anonymous_19)
FNDA:4,(anonymous_20)
FNDA:2,(anonymous_21)
FNDA:1,(anonymous_22)
FNDA:0,(anonymous_23)
FNDA:0,(anonymous_24)
DA:2,1
DA:3,1
DA:4,1
DA:10,1
DA:12,14
DA:13,14
DA:16,14
DA:23,15
DA:24,1
DA:25,1
DA:28,14
DA:29,14
DA:31,14
DA:38,56
DA:39,16
DA:40,16
DA:42,16
DA:50,14
DA:54,14
DA:57,14
DA:61,14
DA:64,14
DA:68,14
DA:71,14
DA:75,14
DA:82,4
DA:84,4
DA:93,4
DA:96,4
DA:99,4
DA:102,4
DA:104,4
DA:111,2
DA:113,2
DA:122,2
DA:125,2
DA:128,2
DA:130,2
DA:137,1
DA:139,1
DA:148,1
DA:151,1
DA:154,1
DA:155,1
DA:159,1
DA:161,1
DA:168,1
DA:170,1
DA:179,1
DA:182,1
DA:185,1
DA:188,1
DA:190,1
DA:201,4
DA:202,4
DA:205,4
DA:206,4
DA:207,0
DA:208,0
DA:221,4
DA:222,4
DA:223,0
DA:224,0
DA:239,2
DA:241,0
DA:259,5
DA:267,4
DA:272,4
DA:277,1
DA:282,1
DA:283,0
DA:289,1
DA:291,0
DA:308,1
DA:313,4
DA:318,2
DA:323,1
DA:334,0
DA:339,0
DA:345,1
LF:80
LH:71
BRDA:23,0,0,1
BRDA:154,1,0,1
BRDA:206,2,0,0
BRDA:222,3,0,0
BRDA:282,4,0,0
BRDA:282,5,0,1
BRDA:282,5,1,1
BRF:7
BRH:4
end_of_record
TN:
SF:src\listeners\index.ts
FN:2,(anonymous_0)
FN:2,(anonymous_1)
FN:3,(anonymous_2)
FN:3,(anonymous_3)
FNF:4
FNH:0
FNDA:0,(anonymous_0)
FNDA:0,(anonymous_1)
FNDA:0,(anonymous_2)
FNDA:0,(anonymous_3)
DA:2,0
DA:3,0
LF:2
LH:0
BRF:0
BRH:0
end_of_record
TN:
SF:src\logging\index.ts
FNF:0
FNH:0
DA:2,0
LF:1
LH:0
BRF:0
BRH:0
end_of_record
TN:
SF:src\logging\logger.ts
FN:5,(anonymous_0)
FN:47,(anonymous_1)
FN:52,(anonymous_2)
FN:56,(anonymous_3)
FN:126,(anonymous_4)
FN:150,(anonymous_5)
FN:156,(anonymous_6)
FN:160,(anonymous_7)
FN:167,(anonymous_8)
FN:174,(anonymous_9)
FN:195,(anonymous_10)
FN:211,(anonymous_11)
FN:215,(anonymous_12)
FN:219,(anonymous_13)
FN:253,(anonymous_14)
FN:254,(anonymous_15)
FN:264,(anonymous_16)
FN:269,(anonymous_17)
FN:274,(anonymous_18)
FN:279,(anonymous_19)
FN:284,(anonymous_20)
FN:290,(anonymous_21)
FN:298,(anonymous_22)
FN:310,(anonymous_23)
FN:322,(anonymous_24)
FN:335,setupGlobalErrorHandling
FN:337,(anonymous_26)
FN:350,(anonymous_27)
FNF:28
FNH:0
FNDA:0,(anonymous_0)
FNDA:0,(anonymous_1)
FNDA:0,(anonymous_2)
FNDA:0,(anonymous_3)
FNDA:0,(anonymous_4)
FNDA:0,(anonymous_5)
FNDA:0,(anonymous_6)
FNDA:0,(anonymous_7)
FNDA:0,(anonymous_8)
FNDA:0,(anonymous_9)
FNDA:0,(anonymous_10)
FNDA:0,(anonymous_11)
FNDA:0,(anonymous_12)
FNDA:0,(anonymous_13)
FNDA:0,(anonymous_14)
FNDA:0,(anonymous_15)
FNDA:0,(anonymous_16)
FNDA:0,(anonymous_17)
FNDA:0,(anonymous_18)
FNDA:0,(anonymous_19)
FNDA:0,(anonymous_20)
FNDA:0,(anonymous_21)
FNDA:0,(anonymous_22)
FNDA:0,(anonymous_23)
FNDA:0,(anonymous_24)
FNDA:0,setupGlobalErrorHandling
FNDA:0,(anonymous_26)
FNDA:0,(anonymous_27)
DA:2,0
DA:5,0
DA:6,0
DA:7,0
DA:8,0
DA:9,0
DA:10,0
DA:48,0
DA:49,0
DA:53,0
DA:57,0
DA:58,0
DA:61,0
DA:62,0
DA:63,0
DA:66,0
DA:68,0
DA:69,0
DA:72,0
DA:75,0
DA:77,0
DA:78,0
DA:81,0
DA:82,0
DA:85,0
DA:86,0
DA:90,0
DA:92,0
DA:94,0
DA:96,0
DA:99,0
DA:100,0
DA:103,0
DA:104,0
DA:108,0
DA:112,0
DA:116,0
DA:122,0
DA:127,0
DA:129,0
DA:131,0
DA:133,0
DA:135,0
DA:137,0
DA:139,0
DA:151,0
DA:152,0
DA:153,0
DA:157,0
DA:161,0
DA:162,0
DA:166,0
DA:167,0
DA:169,0
DA:175,0
DA:176,0
DA:192,0
DA:193,0
DA:197,0
DA:200,0
DA:201,0
DA:212,0
DA:216,0
DA:225,0
DA:233,0
DA:234,0
DA:241,0
DA:242,0
DA:243,0
DA:250,0
DA:254,0
DA:255,0
DA:256,0
DA:259,0
DA:265,0
DA:266,0
DA:270,0
DA:271,0
DA:275,0
DA:276,0
DA:280,0
DA:281,0
DA:285,0
DA:286,0
DA:291,0
DA:303,0
DA:315,0
DA:323,0
DA:332,0
DA:335,0
DA:337,0
DA:338,0
DA:350,0
DA:351,0
LF:94
LH:0
BRDA:5,0,0,0
BRDA:5,0,1,0
BRDA:47,1,0,0
BRDA:49,2,0,0
BRDA:49,2,1,0
BRDA:57,3,0,0
BRDA:68,4,0,0
BRDA:69,5,0,0
BRDA:69,5,1,0
BRDA:77,6,0,0
BRDA:81,7,0,0
BRDA:85,8,0,0
BRDA:90,9,0,0
BRDA:90,9,1,0
BRDA:90,9,2,0
BRDA:90,9,3,0
BRDA:90,9,4,0
BRDA:92,10,0,0
BRDA:99,11,0,0
BRDA:99,11,1,0
BRDA:116,12,0,0
BRDA:117,13,0,0
BRDA:117,13,1,0
BRDA:117,13,2,0
BRDA:117,13,3,0
BRDA:127,14,0,0
BRDA:127,14,1,0
BRDA:127,14,2,0
BRDA:127,14,3,0
BRDA:127,14,4,0
BRDA:127,14,5,0
BRDA:150,15,0,0
BRDA:161,16,0,0
BRDA:166,17,0,0
BRDA:197,18,0,0
BRDA:197,18,1,0
BRDA:200,19,0,0
BRDA:200,20,0,0
BRDA:200,20,1,0
BRDA:204,21,0,0
BRDA:204,21,1,0
BRDA:230,22,0,0
BRDA:230,22,1,0
BRDA:233,23,0,0
BRDA:241,24,0,0
BRDA:353,25,0,0
BRDA:353,25,1,0
BRF:47
BRH:0
end_of_record
TN:
SF:src\middleware\authInterceptor.ts
FN:19,(anonymous_0)
FN:24,(anonymous_1)
FN:31,(anonymous_2)
FN:52,(anonymous_3)
FN:53,(anonymous_4)
FN:76,(anonymous_5)
FN:77,(anonymous_6)
FN:92,(anonymous_7)
FN:157,(anonymous_8)
FN:163,(anonymous_9)
FN:165,(anonymous_10)
FN:212,(anonymous_11)
FN:219,(anonymous_12)
FN:226,(anonymous_13)
FN:233,(anonymous_14)
FN:247,(anonymous_15)
FNF:16
FNH:7
FNDA:14,(anonymous_0)
FNDA:15,(anonymous_1)
FNDA:14,(anonymous_2)
FNDA:14,(anonymous_3)
FNDA:0,(anonymous_4)
FNDA:0,(anonymous_5)
FNDA:0,(anonymous_6)
FNDA:11,(anonymous_7)
FNDA:0,(anonymous_8)
FNDA:0,(anonymous_9)
FNDA:0,(anonymous_10)
FNDA:2,(anonymous_11)
FNDA:0,(anonymous_12)
FNDA:0,(anonymous_13)
FNDA:0,(anonymous_14)
FNDA:2,(anonymous_15)
DA:2,1
DA:3,1
DA:4,1
DA:9,1
DA:11,14
DA:12,14
DA:13,14
DA:14,14
DA:20,14
DA:21,14
DA:25,15
DA:26,14
DA:28,15
DA:32,14
DA:35,14
DA:36,2
DA:37,2
DA:38,2
DA:39,2
DA:45,12
DA:53,14
DA:54,0
DA:60,0
DA:61,0
DA:62,0
DA:65,0
DA:67,0
DA:68,0
DA:71,0
DA:77,0
DA:78,0
DA:79,0
DA:81,0
DA:85,0
DA:86,0
DA:93,11
DA:95,11
DA:102,11
DA:103,11
DA:104,2
DA:108,11
DA:109,11
DA:111,11
DA:116,11
DA:117,11
DA:120,10
DA:121,0
DA:127,0
DA:128,0
DA:132,10
DA:133,8
DA:139,2
DA:146,8
DA:148,3
DA:153,3
DA:162,0
DA:163,0
DA:164,0
DA:166,0
DA:173,0
DA:175,0
DA:176,0
DA:180,0
DA:181,0
DA:184,0
DA:185,0
DA:187,0
DA:193,0
DA:196,0
DA:197,0
DA:199,0
DA:204,0
DA:205,0
DA:213,2
DA:220,0
DA:227,0
DA:234,0
DA:235,0
DA:236,0
DA:244,1
DA:247,1
DA:248,2
LF:82
LH:42
BRDA:25,0,0,14
BRDA:36,1,0,2
BRDA:60,2,0,0
BRDA:60,2,1,0
BRDA:78,3,0,0
BRDA:78,3,1,0
BRDA:92,4,0,6
BRDA:103,5,0,2
BRDA:120,6,0,0
BRDA:120,7,0,10
BRDA:120,7,1,0
BRDA:132,8,0,8
BRDA:132,8,1,2
BRDA:162,9,0,0
BRDA:180,10,0,0
BRDA:180,11,0,0
BRDA:180,11,1,0
BRDA:212,12,0,1
BRF:18
BRH:8
end_of_record
TN:
SF:src\middleware\enhancedRequestLogger.ts
FN:53,(anonymous_0)
FN:71,(anonymous_1)
FN:78,(anonymous_2)
FN:88,(anonymous_3)
FN:130,(anonymous_4)
FN:161,(anonymous_5)
FN:246,(anonymous_6)
FN:282,(anonymous_7)
FN:298,(anonymous_8)
FN:304,(anonymous_9)
FN:319,(anonymous_10)
FN:326,(anonymous_11)
FN:346,(anonymous_12)
FN:348,(anonymous_13)
FN:358,(anonymous_14)
FN:365,(anonymous_15)
FN:376,(anonymous_16)
FN:378,(anonymous_17)
FN:390,(anonymous_18)
FNF:19
FNH:0
FNDA:0,(anonymous_0)
FNDA:0,(anonymous_1)
FNDA:0,(anonymous_2)
FNDA:0,(anonymous_3)
FNDA:0,(anonymous_4)
FNDA:0,(anonymous_5)
FNDA:0,(anonymous_6)
FNDA:0,(anonymous_7)
FNDA:0,(anonymous_8)
FNDA:0,(anonymous_9)
FNDA:0,(anonymous_10)
FNDA:0,(anonymous_11)
FNDA:0,(anonymous_12)
FNDA:0,(anonymous_13)
FNDA:0,(anonymous_14)
FNDA:0,(anonymous_15)
FNDA:0,(anonymous_16)
FNDA:0,(anonymous_17)
FNDA:0,(anonymous_18)
DA:14,0
DA:53,0
DA:54,0
DA:55,0
DA:56,0
DA:57,0
DA:63,0
DA:65,0
DA:66,0
DA:67,0
DA:68,0
DA:72,0
DA:79,0
DA:80,0
DA:82,0
DA:95,0
DA:96,0
DA:99,0
DA:109,0
DA:122,0
DA:123,0
DA:135,0
DA:136,0
DA:137,0
DA:140,0
DA:143,0
DA:144,0
DA:146,0
DA:154,0
DA:155,0
DA:168,0
DA:169,0
DA:170,0
DA:172,0
DA:173,0
DA:186,0
DA:187,0
DA:200,0
DA:201,0
DA:215,0
DA:231,0
DA:232,0
DA:252,0
DA:260,0
DA:263,0
DA:264,0
DA:268,0
DA:269,0
DA:283,0
DA:284,0
DA:286,0
DA:287,0
DA:289,0
DA:290,0
DA:292,0
DA:299,0
DA:300,0
DA:302,0
DA:304,0
DA:305,0
DA:306,0
DA:310,0
DA:312,0
DA:320,0
DA:327,0
DA:328,0
DA:330,0
DA:331,0
DA:332,0
DA:338,0
DA:347,0
DA:349,0
DA:363,0
DA:364,0
DA:365,0
DA:368,0
DA:369,0
DA:376,0
DA:377,0
DA:378,0
DA:380,0
DA:391,0
DA:392,0
DA:394,0
DA:395,0
DA:400,0
LF:86
LH:0
BRDA:53,0,0,0
BRDA:53,0,1,0
BRDA:79,1,0,0
BRDA:122,2,0,0
BRDA:136,3,0,0
BRDA:144,4,0,0
BRDA:144,4,1,0
BRDA:172,5,0,0
BRDA:172,5,1,0
BRDA:186,6,0,0
BRDA:186,6,1,0
BRDA:200,7,0,0
BRDA:200,7,1,0
BRDA:231,8,0,0
BRDA:263,9,0,0
BRDA:268,10,0,0
BRDA:283,11,0,0
BRDA:286,12,0,0
BRDA:289,13,0,0
BRDA:305,14,0,0
BRDA:331,15,0,0
BRDA:368,16,0,0
BRDA:391,17,0,0
BRF:23
BRH:0
end_of_record
TN:
SF:src\middleware\errorHandlerMiddleware.ts
FN:7,(anonymous_0)
FNF:1
FNH:1
FNDA:11,(anonymous_0)
DA:2,1
DA:3,1
DA:7,1
DA:11,11
DA:12,0
DA:17,0
DA:21,11
DA:22,11
DA:24,11
LF:9
LH:7
BRDA:9,0,0,3
BRDA:11,1,0,0
BRDA:21,2,0,7
BRDA:21,2,1,4
BRF:4
BRH:3
end_of_record
TN:
SF:src\middleware\permissionsMiddleware.ts
FN:10,(anonymous_0)
FN:77,(anonymous_1)
FN:169,(anonymous_2)
FN:182,(anonymous_3)
FN:194,(anonymous_4)
FN:195,(anonymous_5)
FN:209,(anonymous_6)
FN:210,(anonymous_7)
FN:224,(anonymous_8)
FN:231,(anonymous_9)
FN:264,RequirePermission
FN:265,(anonymous_11)
FN:268,(anonymous_12)
FNF:13
FNH:0
FNDA:0,(anonymous_0)
FNDA:0,(anonymous_1)
[...]
DA:44,22
DA:45,1
DA:48,21
DA:49,2
DA:52,19
DA:53,8
DA:54,8
DA:55,18
DA:58,11
DA:59,11
DA:60,11
DA:61,11
DA:62,25
DA:63,25
DA:66,11
DA:69,0
DA:72,1
DA:73,14
DA:75,14
DA:76,18
DA:77,18
DA:78,18
DA:80,18
DA:81,5
DA:86,13
DA:91,14
DA:96,1
DA:97,0
DA:98,0
DA:99,0
DA:100,0
DA:103,0
DA:106,1
DA:107,0
DA:108,0
DA:109,0
DA:111,0
DA:116,1
DA:117,0
DA:119,0
DA:120,0
DA:122,0
DA:123,0
DA:125,0
DA:129,0
DA:132,1
DA:133,0
DA:135,0
DA:136,0
DA:137,0
DA:139,0
DA:140,0
DA:141,0
DA:142,0
DA:144,0
DA:147,0
DA:150,0
DA:153,1
DA:154,0
DA:155,0
DA:161,1
DA:166,0
DA:167,0
DA:168,0
DA:169,0
DA:172,0
DA:173,0
DA:174,0
DA:176,0
DA:179,0
DA:184,1
DA:185,0
DA:188,1
DA:189,0
DA:190,0
DA:192,0
DA:193,0
DA:195,0
DA:196,0
DA:198,0
DA:201,1
DA:202,0
DA:203,0
DA:206,0
DA:207,0
DA:209,0
DA:210,0
DA:213,0
DA:214,0
DA:217,0
DA:218,0
DA:221,0
DA:222,0
DA:224,0
DA:225,0
DA:228,0
DA:233,1
DA:237,0
DA:239,0
DA:240,0
DA:243,0
DA:246,1
DA:250,0
DA:252,0
DA:253,0
DA:254,0
DA:257,0
DA:260,1
DA:264,0
DA:266,0
DA:267,0
DA:270,0
DA:275,1
DA:276,24
DA:281,1
DA:282,0
DA:284,0
DA:285,0
DA:286,0
DA:287,0
DA:288,0
DA:289,0
DA:292,0
DA:297,0
DA:300,1
DA:301,0
DA:302,0
DA:303,0
DA:305,0
DA:309,1
DA:310,0
DA:312,0
DA:313,0
DA:314,0
DA:316,0
DA:317,0
DA:318,0
DA:319,0
DA:324,0
DA:325,0
LF:147
LH:49
BRDA:29,0,0,1
BRDA:38,1,0,12
BRDA:39,2,0,33
BRDA:39,3,0,55
BRDA:39,3,1,54
BRDA:44,4,0,1
BRDA:48,5,0,2
BRDA:52,6,0,8
BRDA:58,7,0,11
BRDA:62,8,0,25
BRDA:76,9,0,18
BRDA:80,10,0,5
BRDA:80,10,1,13
BRDA:80,11,0,18
BRDA:80,11,1,6
BRDA:99,12,0,0
BRDA:116,13,0,0
BRDA:120,14,0,0
BRDA:120,14,1,0
BRDA:122,15,0,0
BRDA:122,15,1,0
BRDA:122,16,0,0
BRDA:122,16,1,0
BRDA:122,16,2,0
BRDA:141,17,0,0
BRDA:155,18,0,0
BRDA:155,18,1,0
BRDA:155,19,0,0
BRDA:155,19,1,0
BRDA:155,19,2,0
BRDA:168,20,0,0
BRDA:173,21,0,0
BRDA:173,22,0,0
BRDA:173,22,1,0
BRDA:189,23,0,0
BRDA:189,24,0,0
BRDA:189,24,1,0
BRDA:192,25,0,0
BRDA:192,26,0,0
BRDA:192,26,1,0
BRDA:195,27,0,0
BRDA:202,28,0,0
BRDA:206,29,0,0
BRDA:206,30,0,0
BRDA:206,30,1,0
BRDA:209,31,0,0
BRDA:213,32,0,0
BRDA:217,33,0,0
BRDA:224,34,0,0
BRDA:276,35,0,24
BRDA:276,35,1,24
BRDA:276,35,2,13
BRDA:285,36,0,0
BRDA:285,37,0,0
BRDA:285,37,1,0
BRDA:285,37,2,0
BRDA:286,38,0,0
BRDA:286,38,1,0
BRDA:288,39,0,0
BRDA:302,40,0,0
BRDA:312,41,0,0
BRDA:314,42,0,0
BRDA:314,42,1,0
BRDA:316,43,0,0
BRDA:316,43,1,0
BRDA:318,44,0,0
BRF:66
BRH:18
end_of_record
TN:
SF:src\utils\stringFormatter.ts
FN:24,(anonymous_0)
FN:26,(anonymous_1)
FN:33,(anonymous_2)
FN:37,(anonymous_3)
FN:44,(anonymous_4)
FN:51,(anonymous_5)
FN:53,(anonymous_6)
FN:54,(anonymous_7)
FN:57,(anonymous_8)
FN:58,(anonymous_9)
FN:61,(anonymous_10)
FN:68,(anonymous_11)
FN:77,(anonymous_12)
FN:99,(anonymous_13)
FN:161,(anonymous_14)
FN:165,(anonymous_15)
FN:175,(anonymous_16)
FN:191,(anonymous_17)
FN:214,(anonymous_18)
FN:219,(anonymous_19)
FN:234,(anonymous_20)
FN:242,(anonymous_21)
FN:248,(anonymous_22)
FN:282,(anonymous_23)
FN:306,(anonymous_24)
FN:319,(anonymous_25)
FN:323,(anonymous_26)
FN:332,(anonymous_27)
FN:340,(anonymous_28)
FN:352,(anonymous_29)
FN:382,(anonymous_30)
FN:392,(anonymous_31)
FN:398,(anonymous_32)
FN:402,(anonymous_33)
FN:406,(anonymous_34)
FN:407,(anonymous_35)
FN:410,(anonymous_36)
FN:425,(anonymous_37)
FN:434,(anonymous_38)
FN:438,(anonymous_39)
FN:441,(anonymous_40)
FN:446,(anonymous_41)
FN:453,(anonymous_42)
FN:462,(anonymous_43)
FN:466,(anonymous_44)
FN:477,(anonymous_45)
FNF:46
FNH:30
FNDA:0,(anonymous_0)
FNDA:0,(anonymous_1)
FNDA:0,(anonymous_2)
FNDA:0,(anonymous_3)
FNDA:8,(anonymous_4)
FNDA:3,(anonymous_5)
FNDA:3,(anonymous_6)
FNDA:3,(anonymous_7)
FNDA:2,(anonymous_8)
FNDA:4,(anonymous_9)
FNDA:2,(anonymous_10)
FNDA:2,(anonymous_11)
FNDA:3,(anonymous_12)
FNDA:6,(anonymous_13)
FNDA:29,(anonymous_14)
FNDA:3,(anonymous_15)
FNDA:1,(anonymous_16)
FNDA:1,(anonymous_17)
FNDA:6,(anonymous_18)
FNDA:4,(anonymous_19)
FNDA:2,(anonymous_20)
FNDA:5,(anonymous_21)
FNDA:3,(anonymous_22)
FNDA:2,(anonymous_23)
FNDA:1,(anonymous_24)
FNDA:3,(anonymous_25)
FNDA:1,(anonymous_26)
FNDA:1,(anonymous_27)
FNDA:4,(anonymous_28)
FNDA:3,(anonymous_29)
FNDA:2,(anonymous_30)
FNDA:0,(anonymous_31)
FNDA:0,(anonymous_32)
FNDA:0,(anonymous_33)
FNDA:0,(anonymous_34)
FNDA:0,(anonymous_35)
FNDA:0,(anonymous_36)
FNDA:0,(anonymous_37)
FNDA:7,(anonymous_38)
FNDA:310,(anonymous_39)
FNDA:2,(anonymous_40)
FNDA:0,(anonymous_41)
FNDA:0,(anonymous_42)
FNDA:0,(anonymous_43)
FNDA:0,(anonymous_44)
FNDA:0,(anonymous_45)
DA:20,1
DA:22,0
DA:27,0
DA:28,0
DA:30,0
DA:34,0
DA:38,0
DA:44,1
DA:45,8
DA:46,2
DA:48,6
DA:51,1
DA:52,3
DA:53,3
DA:54,3
DA:57,1
DA:58,4
DA:61,1
DA:62,2
DA:68,1
DA:69,2
DA:77,1
DA:78,3
DA:79,0
DA:83,3
DA:84,1
DA:87,2
DA:88,2
DA:89,0
DA:93,2
DA:94,1
DA:97,2
DA:99,1
DA:100,6
DA:159,6
DA:161,29
DA:165,1
DA:166,3
DA:175,1
DA:176,1
DA:177,0
DA:180,1
DA:181,1
DA:182,0
DA:186,1
DA:188,1
DA:191,1
DA:192,1
DA:193,0
DA:196,1
DA:197,1
DA:198,0
DA:201,1
DA:203,1
DA:204,0
DA:206,0
DA:209,0
DA:214,1
DA:215,6
DA:216,6
DA:219,1
DA:220,4
DA:222,4
DA:224,4
DA:226,0
DA:228,0
DA:234,1
DA:235,2
DA:236,0
DA:239,2
DA:240,2
DA:242,5
DA:245,2
DA:248,1
DA:249,3
DA:250,1
DA:253,2
DA:255,2
DA:256,1
DA:257,1
DA:258,0
DA:259,1
DA:260,0
DA:262,1
DA:266,0
DA:273,0
DA:274,0
DA:275,0
DA:277,0
DA:282,1
DA:283,2
DA:284,2
DA:285,0
DA:286,2
DA:287,1
DA:288,1
DA:289,1
DA:292,0
DA:293,0
DA:294,0
DA:295,0
DA:296,0
DA:297,0
DA:301,0
DA:306,1
DA:311,1
DA:312,0
DA:315,1
DA:316,1
DA:319,1
DA:320,3
DA:323,1
DA:324,1
DA:332,1
DA:333,1
DA:334,1
DA:335,1
DA:340,1
DA:341,4
DA:342,4
DA:344,4
DA:345,1
DA:348,3
DA:349,3
DA:352,1
DA:353,3
DA:355,3
DA:356,18
DA:359,3
DA:360,18
DA:363,3
DA:364,15
DA:365,75
DA:366,16
DA:368,59
DA:377,3
DA:382,1
DA:383,2
DA:384,0
DA:386,2
DA:387,0
DA:389,2
DA:392,1
DA:393,0
DA:394,0
DA:395,0
DA:398,1
DA:399,0
DA:402,1
DA:403,0
DA:406,0
DA:407,0
DA:410,1
DA:411,0
DA:412,0
DA:414,0
DA:415,0
DA:417,0
DA:418,0
DA:421,0
DA:422,0
DA:425,1
DA:426,0
DA:427,0
DA:428,0
DA:431,0
DA:434,1
DA:435,7
DA:438,310
DA:441,1
DA:442,2
DA:443,2
DA:446,1
DA:447,0
DA:453,1
DA:454,0
DA:459,0
DA:462,1
DA:463,0
DA:466,1
DA:467,0
DA:468,0
DA:470,0
DA:471,0
DA:474,0
DA:477,1
DA:478,0
LF:187
LH:122
BRDA:27,0,0,0
BRDA:45,1,0,2
BRDA:53,2,0,3
BRDA:53,2,1,0
BRDA:77,3,0,2
BRDA:78,4,0,0
BRDA:83,5,0,1
BRDA:88,6,0,0
BRDA:93,7,0,1
BRDA:93,8,0,2
BRDA:93,8,1,2
BRDA:161,9,0,29
BRDA:161,9,1,0
BRDA:176,10,0,0
BRDA:176,11,0,1
BRDA:176,11,1,1
BRDA:181,12,0,0
BRDA:192,13,0,0
BRDA:197,14,0,0
BRDA:201,15,0,1
BRDA:201,15,1,0
BRDA:204,16,0,0
BRDA:219,17,0,4
BRDA:222,18,0,4
BRDA:222,18,1,0
BRDA:222,18,2,0
BRDA:224,19,0,4
BRDA:224,19,1,2
BRDA:224,19,2,0
BRDA:226,20,0,0
BRDA:226,20,1,0
BRDA:226,20,2,0
BRDA:228,21,0,0
BRDA:228,21,1,0
BRDA:234,22,0,1
BRDA:235,23,0,0
BRDA:248,24,0,2
BRDA:249,25,0,1
BRDA:253,26,0,2
BRDA:253,26,1,0
BRDA:255,27,0,1
BRDA:255,27,1,1
BRDA:255,28,0,2
BRDA:255,28,1,2
BRDA:255,28,2,2
BRDA:257,29,0,0
BRDA:257,29,1,1
BRDA:259,30,0,0
BRDA:259,30,1,1
BRDA:266,31,0,0
BRDA:266,31,1,0
BRDA:267,32,0,0
BRDA:267,32,1,0
BRDA:267,32,2,0
BRDA:267,32,3,0
BRDA:267,32,4,0
BRDA:274,33,0,0
BRDA:274,33,1,0
BRDA:274,34,0,0
BRDA:274,34,1,0
BRDA:282,35,0,1
BRDA:283,36,0,2
BRDA:283,36,1,0
BRDA:284,37,0,0
BRDA:284,37,1,2
BRDA:286,38,0,1
BRDA:286,38,1,1
BRDA:288,39,0,1
BRDA:292,40,0,0
BRDA:292,40,1,0
BRDA:294,41,0,0
BRDA:294,41,1,0
BRDA:296,42,0,0
BRDA:309,43,0,1
BRDA:311,44,0,0
BRDA:335,45,0,1
BRDA:335,45,1,0
BRDA:335,45,2,0
BRDA:341,46,0,0
BRDA:341,46,1,4
BRDA:342,47,0,0
BRDA:342,47,1,4
BRDA:344,48,0,1
BRDA:365,49,0,16
BRDA:365,49,1,59
BRDA:383,50,0,0
BRDA:383,51,0,2
BRDA:383,51,1,0
BRDA:386,52,0,0
BRDA:411,53,0,0
BRDA:414,54,0,0
BRDA:417,55,0,0
BRDA:425,56,0,0
BRDA:427,57,0,0
BRDA:441,58,0,1
BRDA:453,59,0,0
BRDA:466,60,0,0
BRF:97
BRH:41
end_of_record
TN:
SF:src\utils\validationUtils.ts
FN:30,(anonymous_0)
FN:36,(anonymous_1)
FN:40,(anonymous_2)
FN:53,(anonymous_3)
FN:55,(anonymous_4)
FN:62,(anonymous_5)
FN:66,(anonymous_6)
FN:70,(anonymous_7)
FN:74,(anonymous_8)
FN:81,(anonymous_9)
FN:82,(anonymous_10)
FN:99,(anonymous_11)
FN:100,(anonymous_12)
FN:114,(anonymous_13)
FN:115,(anonymous_14)
FN:129,(anonymous_15)
FN:130,(anonymous_16)
FN:144,(anonymous_17)
FN:145,(anonymous_18)
FN:173,(anonymous_19)
FN:174,(anonymous_20)
FN:188,(anonymous_21)
FN:191,(anonymous_22)
FN:206,(anonymous_23)
FN:209,(anonymous_24)
FN:222,(anonymous_25)
FN:225,(anonymous_26)
FN:238,(anonymous_27)
FN:239,(anonymous_28)
FN:253,(anonymous_29)
FN:257,(anonymous_30)
FN:272,(anonymous_31)
FN:273,(anonymous_32)
FN:286,(anonymous_33)
FN:287,(anonymous_34)
FN:300,(anonymous_35)
FN:309,(anonymous_36)
FN:310,(anonymous_37)
FN:343,(anonymous_38)
FN:344,(anonymous_39)
FN:371,(anonymous_40)
FN:372,(anonymous_41)
FN:383,(anonymous_42)
FN:384,(anonymous_43)
FN:408,(anonymous_44)
FN:412,(anonymous_45)
FN:420,(anonymous_46)
FN:425,(anonymous_47)
FN:437,(anonymous_48)
FN:438,(anonymous_49)
FN:449,(anonymous_50)
FN:452,(anonymous_51)
FN:466,(anonymous_52)
FN:469,(anonymous_53)
FN:493,(anonymous_54)
FN:511,(anonymous_55)
FN:532,(anonymous_56)
FN:536,(anonymous_57)
FNF:58
FNH:0
FNDA:0,(anonymous_0)
FNDA:0,(anonymous_1)
FNDA:0,(anonymous_2)
FNDA:0,(anonymous_3)
FNDA:0,(anonymous_4)
FNDA:0,(anonymous_5)
FNDA:0,(anonymous_6)
FNDA:0,(anonymous_7)
FNDA:0,(anonymous_8)
FNDA:0,(anonymous_9)
FNDA:0,(anonymous_10)
FNDA:0,(anonymous_11)
FNDA:0,(anonymous_12)
FNDA:0,(anonymous_13)
FNDA:0,(anonymous_14)
FNDA:0,(anonymous_15)
FNDA:0,(anonymous_16)
FNDA:0,(anonymous_17)
FNDA:0,(anonymous_18)
FNDA:0,(anonymous_19)
FNDA:0,(anonymous_20)
FNDA:0,(anonymous_21)
FNDA:0,(anonymous_22)
FNDA:0,(anonymous_23)
FNDA:0,(anonymous_24)
FNDA:0,(anonymous_25)
FNDA:0,(anonymous_26)
FNDA:0,(anonymous_27)
FNDA:0,(anonymous_28)
FNDA:0,(anonymous_29)
FNDA:0,(anonymous_30)
FNDA:0,(anonymous_31)
FNDA:0,(anonymous_32)
FNDA:0,(anonymous_33)
FNDA:0,(anonymous_34)
FNDA:0,(anonymous_35)
FNDA:0,(anonymous_36)
FNDA:0,(anonymous_37)
FNDA:0,(anonymous_38)
FNDA:0,(anonymous_39)
FNDA:0,(anonymous_40)
FNDA:0,(anonymous_41)
FNDA:0,(anonymous_42)
FNDA:0,(anonymous_43)
FNDA:0,(anonymous_44)
FNDA:0,(anonymous_45)
FNDA:0,(anonymous_46)
FNDA:0,(anonymous_47)
FNDA:0,(anonymous_48)
FNDA:0,(anonymous_49)
FNDA:0,(anonymous_50)
FNDA:0,(anonymous_51)
FNDA:0,(anonymous_52)
FNDA:0,(anonymous_53)
FNDA:0,(anonymous_54)
FNDA:0,(anonymous_55)
FNDA:0,(anonymous_56)
FNDA:0,(anonymous_57)
DA:27,0
DA:31,0
DA:37,0
DA:41,0
DA:48,0
DA:50,0
DA:51,0
DA:56,0
DA:57,0
DA:59,0
DA:63,0
DA:67,0
DA:71,0
DA:75,0
DA:81,0
DA:82,0
DA:83,0
DA:84,0
DA:87,0
DA:88,0
DA:91,0
DA:92,0
DA:95,0
DA:99,0
DA:100,0
DA:101,0
DA:102,0
DA:105,0
DA:106,0
DA:107,0
DA:110,0
DA:114,0
DA:115,0
DA:116,0
DA:117,0
DA:120,0
DA:121,0
DA:122,0
DA:125,0
DA:129,0
DA:130,0
DA:131,0
DA:132,0
DA:135,0
DA:136,0
DA:137,0
DA:140,0
DA:144,0
DA:145,0
DA:146,0
DA:147,0
DA:150,0
DA:151,0
DA:153,0
DA:155,0
DA:156,0
DA:158,0
DA:159,0
DA:161,0
DA:164,0
DA:165,0
DA:166,0
DA:169,0
DA:173,0
DA:174,0
DA:175,0
DA:176,0
DA:179,0
DA:180,0
DA:181,0
DA:183,0
DA:188,0
DA:191,0
DA:192,0
DA:193,0
DA:196,0
DA:198,0
DA:199,0
DA:202,0
DA:206,0
DA:209,0
DA:210,0
DA:211,0
DA:214,0
DA:215,0
DA:218,0
DA:222,0
DA:225,0
DA:226,0
DA:227,0
DA:230,0
DA:231,0
DA:234,0
DA:238,0
DA:239,0
DA:240,0
DA:241,0
DA:244,0
DA:245,0
DA:246,0
DA:249,0
DA:253,0
DA:257,0
DA:258,0
DA:259,0
DA:262,0
DA:263,0
DA:266,0
DA:272,0
DA:273,0
DA:274,0
DA:275,0
DA:278,0
DA:279,0
DA:282,0
DA:286,0
DA:287,0
DA:288,0
DA:289,0
DA:292,0
DA:293,0
DA:296,0
DA:297,0
DA:300,0
DA:301,0
DA:302,0
DA:305,0
DA:309,0
DA:310,0
DA:311,0
DA:312,0
DA:315,0
DA:317,0
DA:318,0
DA:321,0
DA:322,0
DA:324,0
DA:325,0
DA:331,0
DA:332,0
DA:333,0
DA:339,0
DA:343,0
DA:344,0
DA:345,0
DA:346,0
DA:349,0
DA:350,0
DA:353,0
DA:359,0
DA:361,0
DA:362,0
DA:365,0
DA:371,0
DA:372,0
DA:373,0
DA:374,0
DA:375,0
DA:376,0
DA:379,0
DA:383,0
DA:384,0
DA:385,0
DA:386,0
DA:388,0
DA:389,0
DA:390,0
DA:391,0
DA:393,0
DA:394,0
DA:398,0
DA:408,0
DA:412,0
DA:413,0
DA:414,0
DA:416,0
DA:420,0
DA:425,0
DA:426,0
DA:427,0
DA:429,0
DA:437,0
DA:438,0
DA:439,0
DA:440,0
DA:441,0
DA:442,0
DA:445,0
DA:449,0
DA:452,0
DA:453,0
DA:454,0
DA:457,0
DA:458,0
DA:459,0
DA:462,0
DA:466,0
DA:469,0
DA:470,0
DA:471,0
DA:474,0
DA:475,0
DA:476,0
DA:479,0
DA:493,0
DA:494,0
DA:496,0
DA:497,0
DA:499,0
DA:500,0
DA:501,0
DA:502,0
DA:503,0
DA:508,0
DA:511,0
DA:515,0
DA:517,0
DA:518,0
DA:520,0
DA:521,0
DA:522,0
DA:523,0
DA:524,0
DA:529,0
DA:532,0
DA:533,0
DA:536,0
DA:537,0
DA:538,0
DA:543,0
DA:557,0
DA:569,0
LF:232
LH:0
BRDA:30,0,0,0
BRDA:56,1,0,0
BRDA:81,2,0,0
BRDA:83,3,0,0
BRDA:83,4,0,0
BRDA:83,4,1,0
BRDA:83,4,2,0
BRDA:87,5,0,0
BRDA:87,6,0,0
BRDA:87,6,1,0
BRDA:91,7,0,0
BRDA:91,8,0,0
BRDA:91,8,1,0
BRDA:101,9,0,0
BRDA:105,10,0,0
BRDA:107,11,0,0
BRDA:107,11,1,0
BRDA:116,12,0,0
BRDA:120,13,0,0
BRDA:122,14,0,0
BRDA:122,14,1,0
BRDA:129,15,0,0
BRDA:131,16,0,0
BRDA:136,17,0,0
BRDA:144,18,0,0
BRDA:146,19,0,0
BRDA:153,20,0,0
BRDA:153,20,1,0
BRDA:153,20,2,0
BRDA:155,21,0,0
BRDA:155,21,1,0
BRDA:155,21,2,0
BRDA:158,22,0,0
BRDA:158,22,1,0
BRDA:158,22,2,0
BRDA:161,23,0,0
BRDA:161,23,1,0
BRDA:164,24,0,0
BRDA:166,25,0,0
BRDA:166,25,1,0
BRDA:173,26,0,0
BRDA:175,27,0,0
BRDA:189,28,0,0
BRDA:192,29,0,0
BRDA:196,30,0,0
BRDA:196,30,1,0
BRDA:198,31,0,0
BRDA:207,32,0,0
BRDA:210,33,0,0
BRDA:210,34,0,0
BRDA:210,34,1,0
BRDA:214,35,0,0
BRDA:214,36,0,0
BRDA:214,36,1,0
BRDA:214,36,2,0
BRDA:223,37,0,0
BRDA:226,38,0,0
BRDA:226,39,0,0
BRDA:226,39,1,0
BRDA:230,40,0,0
BRDA:240,41,0,0
BRDA:240,42,0,0
BRDA:240,42,1,0
BRDA:244,43,0,0
BRDA:244,44,0,0
BRDA:244,44,1,0
BRDA:246,45,0,0
BRDA:246,45,1,0
BRDA:255,46,0,0
BRDA:258,47,0,0
BRDA:262,48,0,0
BRDA:272,49,0,0
BRDA:272,50,0,0
BRDA:274,51,0,0
BRDA:274,52,0,0
BRDA:274,52,1,0
BRDA:278,53,0,0
BRDA:278,54,0,0
BRDA:278,54,1,0
BRDA:278,54,2,0
BRDA:286,55,0,0
BRDA:288,56,0,0
BRDA:292,57,0,0
BRDA:296,58,0,0
BRDA:300,59,0,0
BRDA:300,59,1,0
BRDA:301,60,0,0
BRDA:311,61,0,0
BRDA:315,62,0,0
BRDA:315,62,1,0
BRDA:317,63,0,0
BRDA:324,64,0,0
BRDA:332,65,0,0
BRDA:343,66,0,0
BRDA:345,67,0,0
BRDA:345,68,0,0
BRDA:345,68,1,0
BRDA:349,69,0,0
BRDA:349,70,0,0
BRDA:349,70,1,0
BRDA:349,70,2,0
BRDA:359,71,0,0
BRDA:359,71,1,0
BRDA:361,72,0,0
BRDA:375,73,0,0
BRDA:390,74,0,0
BRDA:390,75,0,0
BRDA:390,75,1,0
BRDA:393,76,0,0
BRDA:400,77,0,0
BRDA:400,77,1,0
BRDA:401,78,0,0
BRDA:401,78,1,0
BRDA:413,79,0,0
BRDA:426,80,0,0
BRDA:441,81,0,0
BRDA:453,82,0,0
BRDA:458,83,0,0
BRDA:470,84,0,0
BRDA:470,85,0,0
BRDA:470,85,1,0
BRDA:470,85,2,0
BRDA:475,86,0,0
BRDA:501,87,0,0
BRDA:501,88,0,0
BRDA:501,88,1,0
BRDA:522,89,0,0
BRDA:522,90,0,0
BRDA:522,90,1,0
BRDA:538,91,0,0
BRDA:538,91,1,0
BRF:131
BRH:0
end_of_record
TN:
SF:src\validators\BaseValidator.ts
FN:33,(anonymous_0)
FN:40,(anonymous_1)
FN:41,(anonymous_2)
FN:51,(anonymous_3)
FN:58,(anonymous_4)
FN:66,(anonymous_5)
FN:89,(anonymous_6)
FN:105,(anonymous_7)
FN:117,(anonymous_8)
FN:125,(anonymous_9)
FN:143,(anonymous_10)
FN:148,(anonymous_11)
FN:154,(anonymous_12)
FN:155,(anonymous_13)
FNF:14
FNH:3
FNDA:25,(anonymous_0)
FNDA:0,(anonymous_1)
FNDA:0,(anonymous_2)
FNDA:0,(anonymous_3)
FNDA:0,(anonymous_4)
FNDA:1,(anonymous_5)
FNDA:17,(anonymous_6)
FNDA:0,(anonymous_7)
FNDA:0,(anonymous_8)
FNDA:0,(anonymous_9)
FNDA:0,(anonymous_10)
FNDA:0,(anonymous_11)
FNDA:0,(anonymous_12)
FNDA:0,(anonymous_13)
DA:24,1
DA:34,25
DA:41,0
DA:42,0
DA:52,0
DA:53,0
DA:55,0
DA:59,0
DA:60,0
DA:61,0
DA:63,0
DA:72,1
DA:73,0
DA:79,1
DA:80,0
DA:86,1
DA:95,17
DA:96,4
DA:102,13
DA:111,0
DA:112,0
DA:114,0
DA:118,0
DA:119,0
DA:120,0
DA:122,0
DA:126,0
DA:127,0
DA:128,0
DA:131,0
DA:132,0
DA:134,0
DA:135,0
DA:137,0
DA:144,0
DA:145,0
DA:148,0
DA:155,0
LF:38
LH:8
BRDA:52,0,0,0
BRDA:52,1,0,0
BRDA:52,1,1,0
BRDA:52,1,2,0
BRDA:58,2,0,0
BRDA:60,3,0,0
BRDA:72,4,0,0
BRDA:79,5,0,0
BRDA:95,6,0,4
BRDA:95,7,0,17
BRDA:95,7,1,15
BRDA:111,8,0,0
BRDA:119,9,0,0
BRDA:127,10,0,0
BRDA:134,11,0,0
BRDA:144,12,0,0
BRF:16
BRH:3
end_of_record
TN:
SF:src\validators\CreateSessionValidator.ts
FN:11,(anonymous_0)
FN:25,(anonymous_1)
FN:38,(anonymous_2)
FN:74,(anonymous_3)
FN:89,(anonymous_4)
FN:94,(anonymous_5)
FN:118,(anonymous_6)
FN:147,(anonymous_7)
FN:183,(anonymous_8)
FN:199,(anonymous_9)
FN:227,(anonymous_10)
FNF:11
FNH:6
FNDA:15,(anonymous_0)
FNDA:15,(anonymous_1)
FNDA:15,(anonymous_2)
FNDA:15,(anonymous_3)
FNDA:15,(anonymous_4)
FNDA:13,(anonymous_5)
FNDA:0,(anonymous_6)
FNDA:0,(anonymous_7)
FNDA:0,(anonymous_8)
FNDA:0,(anonymous_9)
FNDA:0,(anonymous_10)
DA:2,1
DA:10,1
DA:12,15
DA:15,15
DA:16,15
DA:17,15
DA:19,15
DA:27,15
DA:28,2
DA:31,15
DA:32,0
DA:33,15
DA:34,2
DA:40,15
DA:41,2
DA:45,13
DA:46,13
DA:47,2
DA:52,15
DA:53,2
DA:54,13
DA:55,2
DA:65,15
DA:66,2
DA:69,13
DA:70,1
DA:76,15
DA:77,1
DA:82,15
DA:83,1
DA:91,15
DA:95,13
DA:97,13
DA:98,0
DA:101,13
DA:102,13
DA:104,13
DA:105,2
DA:112,11
DA:119,0
DA:120,0
DA:121,0
DA:124,0
DA:125,0
DA:133,0
DA:134,0
DA:141,0
DA:148,0
DA:169,0
DA:170,0
DA:177,0
DA:185,0
DA:186,0
DA:193,0
DA:200,0
DA:201,0
DA:203,0
DA:204,0
DA:205,0
DA:208,0
DA:209,0
DA:210,0
DA:213,0
DA:214,0
DA:215,0
DA:218,0
DA:228,0
DA:229,0
DA:231,0
DA:232,0
DA:233,0
DA:236,0
LF:72
LH:37
BRDA:27,0,0,2
BRDA:31,1,0,0
BRDA:31,1,1,15
BRDA:33,2,0,2
BRDA:40,3,0,2
BRDA:40,3,1,13
BRDA:46,4,0,2
BRDA:52,5,0,2
BRDA:52,5,1,13
BRDA:54,6,0,2
BRDA:54,7,0,13
BRDA:54,7,1,12
BRDA:65,8,0,2
BRDA:65,8,1,13
BRDA:69,9,0,1
BRDA:76,10,0,1
BRDA:76,11,0,15
BRDA:76,11,1,3
BRDA:82,12,0,1
BRDA:82,13,0,15
BRDA:82,13,1,2
BRDA:91,14,0,15
BRDA:91,14,1,15
BRDA:91,14,2,15
BRDA:97,15,0,0
BRDA:104,16,0,2
BRDA:124,17,0,0
BRDA:124,18,0,0
BRDA:124,18,1,0
BRDA:133,19,0,0
BRDA:133,20,0,0
BRDA:133,20,1,0
BRDA:169,21,0,0
BRDA:185,22,0,0
BRDA:204,23,0,0
BRDA:209,24,0,0
BRDA:214,25,0,0
BRDA:232,26,0,0
BRF:38
BRH:24
end_of_record
TN:
SF:src\validators\SearchCoachValidator.ts
FN:10,(anonymous_0)
FN:28,(anonymous_1)
FN:51,(anonymous_2)
FN:60,(anonymous_3)
FN:91,(anonymous_4)
FN:100,(anonymous_5)
FN:119,(anonymous_6)
FN:145,(anonymous_7)
FN:166,(anonymous_8)
FN:213,(anonymous_9)
FN:252,(anonymous_10)
FN:269,(anonymous_11)
FN:286,(anonymous_12)
FN:313,(anonymous_13)
FNF:14
FNH:12
FNDA:14,(anonymous_0)
FNDA:14,(anonymous_1)
FNDA:14,(anonymous_2)
FNDA:14,(anonymous_3)
FNDA:14,(anonymous_4)
FNDA:14,(anonymous_5)
FNDA:14,(anonymous_6)
FNDA:14,(anonymous_7)
FNDA:8,(anonymous_8)
FNDA:2,(anonymous_9)
FNDA:14,(anonymous_10)
FNDA:14,(anonymous_11)
FNDA:0,(anonymous_12)
FNDA:0,(anonymous_13)
DA:2,1
DA:9,1
DA:11,14
DA:14,14
DA:15,14
DA:16,14
DA:17,14
DA:18,14
DA:19,14
DA:20,14
DA:22,14
DA:30,14
DA:31,14
DA:32,2
DA:39,12
DA:40,0
DA:52,14
DA:53,8
DA:54,8
DA:55,1
DA:62,14
DA:63,3
DA:64,3
DA:65,2
DA:70,14
DA:71,0
DA:72,0
DA:73,0
DA:78,14
DA:79,0
DA:80,0
DA:92,14
DA:93,2
DA:94,2
DA:95,1
DA:102,14
DA:103,0
DA:104,0
DA:111,14
DA:112,14
DA:113,14
DA:114,2
DA:121,14
DA:122,14
DA:123,14
DA:124,0
DA:129,14
DA:130,14
DA:131,14
DA:132,0
DA:137,14
DA:138,1
DA:139,1
DA:140,0
DA:147,14
DA:148,0
DA:154,14
DA:155,14
DA:156,0
DA:167,8
DA:199,8
DA:200,1
DA:207,7
DA:214,2
DA:215,0
DA:222,2
DA:223,0
DA:230,2
DA:231,1
DA:238,1
DA:239,0
DA:246,1
DA:253,14
DA:255,14
DA:256,0
DA:263,14
DA:270,14
DA:272,14
DA:273,0
DA:280,14
DA:287,0
DA:288,0
DA:290,0
DA:291,0
DA:292,0
DA:293,0
DA:297,0
DA:298,0
DA:299,0
DA:300,0
DA:304,0
DA:314,0
LF:92
LH:62
BRDA:30,0,0,14
BRDA:31,1,0,2
BRDA:31,1,1,12
BRDA:39,2,0,0
BRDA:52,3,0,8
BRDA:52,4,0,14
BRDA:52,4,1,8
BRDA:54,5,0,1
BRDA:62,6,0,3
BRDA:64,7,0,2
BRDA:70,8,0,0
BRDA:72,9,0,0
BRDA:78,10,0,0
BRDA:78,11,0,14
BRDA:78,11,1,3
BRDA:79,12,0,0
BRDA:92,13,0,2
BRDA:94,14,0,1
BRDA:102,15,0,0
BRDA:103,16,0,0
BRDA:111,17,0,14
BRDA:113,18,0,2
BRDA:121,19,0,14
BRDA:123,20,0,0
BRDA:129,21,0,14
BRDA:131,22,0,0
BRDA:137,23,0,1
BRDA:137,24,0,14
BRDA:137,24,1,1
BRDA:139,25,0,0
BRDA:147,26,0,0
BRDA:147,27,0,14
BRDA:147,27,1,1
BRDA:154,28,0,14
BRDA:155,29,0,0
BRDA:155,30,0,14
BRDA:155,30,1,14
BRDA:199,31,0,1
BRDA:214,32,0,0
BRDA:222,33,0,0
BRDA:230,34,0,1
BRDA:238,35,0,0
BRDA:255,36,0,0
BRDA:272,37,0,0
BRDA:290,38,0,0
BRDA:292,39,0,0
BRDA:297,40,0,0
BRDA:299,41,0,0
BRDA:316,42,0,0
BRDA:316,42,1,0
BRDA:317,43,0,0
BRDA:317,43,1,0
BRDA:318,44,0,0
BRDA:318,44,1,0
BRDA:319,45,0,0
BRDA:319,45,1,0
BRF:56
BRH:27
end_of_record
TN:
SF:src\validators\index.ts
FN:2,(anonymous_0)
FN:3,(anonymous_1)
FN:4,(anonymous_2)
FNF:3
FNH:0
FNDA:0,(anonymous_0)
FNDA:0,(anonymous_1)
FNDA:0,(anonymous_2)
DA:2,0
DA:3,0
DA:4,0
LF:3
LH:0
BRF:0
BRH:0
end_of_record
