TN:
SF:src\App.tsx
FN:13,(anonymous_10)
FN:42,(anonymous_11)
FN:53,App
FN:58,(anonymous_13)
FN:62,(anonymous_14)
FN:82,(anonymous_15)
FN:95,(anonymous_16)
FN:116,(anonymous_17)
FN:123,(anonymous_18)
FN:171,(anonymous_19)
FNF:10
FNH:0
FNDA:0,(anonymous_10)
FNDA:0,(anonymous_11)
FNDA:0,App
FNDA:0,(anonymous_13)
FNDA:0,(anonymous_14)
FNDA:0,(anonymous_15)
FNDA:0,(anonymous_16)
FNDA:0,(anonymous_17)
FNDA:0,(anonymous_18)
FNDA:0,(anonymous_19)
DA:1,0
DA:2,0
DA:4,0
DA:5,0
DA:6,0
DA:7,0
DA:8,0
DA:13,0
DA:18,0
DA:42,0
DA:43,0
DA:53,0
DA:54,0
DA:55,0
DA:56,0
DA:58,0
DA:59,0
DA:62,0
DA:63,0
DA:66,0
DA:68,0
DA:69,0
DA:70,0
DA:73,0
DA:74,0
DA:75,0
DA:76,0
DA:82,0
DA:83,0
DA:84,0
DA:85,0
DA:86,0
DA:90,0
DA:95,0
DA:96,0
DA:97,0
DA:100,0
DA:101,0
DA:104,0
DA:107,0
DA:108,0
DA:109,0
DA:110,0
DA:111,0
DA:112,0
DA:116,0
DA:117,0
DA:118,0
DA:119,0
DA:123,0
DA:124,0
DA:125,0
DA:128,0
DA:131,0
DA:133,0
DA:138,0
DA:141,0
DA:142,0
DA:143,0
DA:148,0
DA:149,0
DA:162,0
DA:171,0
LF:63
LH:0
BRDA:16,0,0,0
BRDA:30,1,0,0
BRDA:30,1,1,0
BRDA:33,2,0,0
BRDA:33,2,1,0
BRDA:68,3,0,0
BRDA:69,4,0,0
BRDA:69,4,1,0
BRDA:74,5,0,0
BRDA:83,6,0,0
BRDA:83,7,0,0
BRDA:83,7,1,0
BRDA:96,8,0,0
BRDA:101,9,0,0
BRDA:101,9,1,0
BRDA:107,10,0,0
BRDA:107,10,1,0
BRDA:107,11,0,0
BRDA:107,11,1,0
BRDA:110,12,0,0
BRDA:148,13,0,0
BRDA:164,14,0,0
BRDA:164,14,1,0
BRDA:170,15,0,0
BRDA:170,15,1,0
BRDA:181,16,0,0
BRDA:181,16,1,0
BRDA:194,17,0,0
BRDA:194,17,1,0
BRF:29
BRH:0
end_of_record
TN:
SF:src\AppPrototype.tsx
FN:5,App
FNF:1
FNH:0
FNDA:0,App
DA:1,0
DA:3,0
DA:6,0
DA:13,0
LF:4
LH:0
BRF:0
BRH:0
end_of_record
TN:
SF:src\auth\twoFactorAuth.ts
FN:46,(anonymous_0)
FN:48,(anonymous_1)
FN:58,(anonymous_2)
FN:113,(anonymous_3)
FN:155,(anonymous_4)
FN:224,(anonymous_5)
FN:254,(anonymous_6)
FN:268,(anonymous_7)
FN:290,(anonymous_8)
FN:302,(anonymous_9)
FN:315,(anonymous_10)
FN:326,(anonymous_11)
FN:342,(anonymous_12)
FN:353,(anonymous_13)
FN:366,(anonymous_14)
FN:373,(anonymous_15)
FN:401,(anonymous_16)
FN:417,(anonymous_17)
FN:430,(anonymous_18)
FNF:19
FNH:0
FNDA:0,(anonymous_0)
FNDA:0,(anonymous_1)
FNDA:0,(anonymous_2)
FNDA:0,(anonymous_3)
FNDA:0,(anonymous_4)
FNDA:0,(anonymous_5)
FNDA:0,(anonymous_6)
FNDA:0,(anonymous_7)
FNDA:0,(anonymous_8)
FNDA:0,(anonymous_9)
FNDA:0,(anonymous_10)
FNDA:0,(anonymous_11)
FNDA:0,(anonymous_12)
FNDA:0,(anonymous_13)
FNDA:0,(anonymous_14)
FNDA:0,(anonymous_15)
FNDA:0,(anonymous_16)
FNDA:0,(anonymous_17)
FNDA:0,(anonymous_18)
DA:3,0
DA:39,0
DA:41,0
DA:42,0
DA:43,0
DA:44,0
DA:49,0
DA:50,0
DA:52,0
DA:62,0
DA:63,0
DA:69,0
DA:70,0
DA:73,0
DA:75,0
DA:83,0
DA:85,0
DA:93,0
DA:100,0
DA:103,0
DA:114,0
DA:115,0
DA:116,0
DA:117,0
DA:123,0
DA:125,0
DA:127,0
DA:128,0
DA:129,0
DA:131,0
DA:133,0
DA:135,0
DA:136,0
DA:142,0
DA:145,0
DA:156,0
DA:158,0
DA:159,0
DA:160,0
DA:166,0
DA:167,0
DA:168,0
DA:174,0
DA:177,0
DA:178,0
DA:181,0
DA:184,0
DA:186,0
DA:187,0
DA:189,0
DA:190,0
DA:193,0
DA:194,0
DA:195,0
DA:197,0
DA:204,0
DA:211,0
DA:214,0
DA:225,0
DA:227,0
DA:228,0
DA:234,0
DA:235,0
DA:237,0
DA:239,0
DA:241,0
DA:244,0
DA:255,0
DA:257,0
DA:269,0
DA:270,0
DA:271,0
DA:274,0
DA:275,0
DA:276,0
DA:278,0
DA:280,0
DA:291,0
DA:292,0
DA:293,0
DA:294,0
DA:296,0
DA:303,0
DA:304,0
DA:306,0
DA:307,0
DA:309,0
DA:316,0
DA:317,0
DA:320,0
DA:329,0
DA:330,0
DA:333,0
DA:334,0
DA:336,0
DA:345,0
DA:346,0
DA:347,0
DA:354,0
DA:355,0
DA:356,0
DA:357,0
DA:358,0
DA:360,0
DA:367,0
DA:374,0
DA:375,0
DA:376,0
DA:379,0
DA:380,0
DA:382,0
DA:383,0
DA:385,0
DA:392,0
DA:395,0
DA:402,0
DA:403,0
DA:408,0
DA:409,0
DA:411,0
DA:418,0
DA:419,0
DA:420,0
DA:423,0
DA:424,0
DA:432,0
DA:437,0
DA:439,0
LF:128
LH:0
BRDA:49,0,0,0
BRDA:60,1,0,0
BRDA:116,2,0,0
BRDA:123,3,0,0
BRDA:123,3,1,0
BRDA:125,4,0,0
BRDA:125,4,1,0
BRDA:158,5,0,0
BRDA:167,6,0,0
BRDA:167,7,0,0
BRDA:167,7,1,0
BRDA:177,8,0,0
BRDA:177,8,1,0
BRDA:181,9,0,0
BRDA:181,9,1,0
BRDA:184,10,0,0
BRDA:184,10,1,0
BRDA:195,11,0,0
BRDA:195,11,1,0
BRDA:227,12,0,0
BRDA:258,13,0,0
BRDA:258,13,1,0
BRDA:260,14,0,0
BRDA:260,14,1,0
BRDA:261,15,0,0
BRDA:261,15,1,0
BRDA:270,16,0,0
BRDA:270,17,0,0
BRDA:270,17,1,0
BRDA:336,18,0,0
BRDA:336,18,1,0
BRDA:336,18,2,0
BRDA:375,19,0,0
BRDA:375,20,0,0
BRDA:375,20,1,0
BRDA:380,21,0,0
BRDA:403,22,0,0
BRDA:403,22,1,0
BRDA:419,23,0,0
BRDA:419,24,0,0
BRDA:419,24,1,0
BRF:41
BRH:0
end_of_record
TN:
SF:src\auth\examples\twoFactorExamples.ts
FN:14,exampleBasicUser2FASetup
FN:56,examplePremiumUser2FASetup
FN:96,exampleAdminUser2FASetup
FN:124,example2FALoginFlow
FN:163,exampleBackupCodesUsage
FN:207,exampleSecurityFeatures
FN:257,example2FADisable
FN:303,example2FAWithPermissions
FN:345,generateDemoCode
FN:355,simpleHash
FN:368,runAll2FAExamples
FNF:11
FNH:0
FNDA:0,exampleBasicUser2FASetup
FNDA:0,examplePremiumUser2FASetup
FNDA:0,exampleAdminUser2FASetup
FNDA:0,example2FALoginFlow
FNDA:0,exampleBackupCodesUsage
FNDA:0,exampleSecurityFeatures
FNDA:0,example2FADisable
FNDA:0,example2FAWithPermissions
FNDA:0,generateDemoCode
FNDA:0,simpleHash
FNDA:0,runAll2FAExamples
DA:3,0
DA:4,0
DA:14,0
DA:15,0
DA:17,0
DA:19,0
DA:21,0
DA:23,0
DA:24,0
DA:25,0
DA:26,0
DA:27,0
DA:31,0
DA:34,0
DA:36,0
DA:37,0
DA:40,0
DA:41,0
DA:43,0
DA:46,0
DA:49,0
DA:56,0
DA:57,0
DA:59,0
DA:68,0
DA:70,0
DA:72,0
DA:73,0
DA:74,0
DA:77,0
DA:78,0
DA:80,0
DA:81,0
DA:84,0
DA:85,0
DA:89,0
DA:96,0
DA:97,0
DA:99,0
DA:101,0
DA:103,0
DA:105,0
DA:106,0
DA:107,0
DA:109,0
DA:110,0
DA:112,0
DA:113,0
DA:117,0
DA:124,0
DA:125,0
DA:128,0
DA:134,0
DA:135,0
DA:137,0
DA:138,0
DA:139,0
DA:140,0
DA:142,0
DA:145,0
DA:146,0
DA:148,0
DA:149,0
DA:151,0
DA:155,0
DA:163,0
DA:164,0
DA:166,0
DA:175,0
DA:177,0
DA:178,0
DA:179,0
DA:180,0
DA:182,0
DA:183,0
DA:186,0
DA:187,0
DA:189,0
DA:190,0
DA:193,0
DA:194,0
DA:196,0
DA:200,0
DA:207,0
DA:208,0
DA:210,0
DA:219,0
DA:221,0
DA:222,0
DA:223,0
DA:224,0
DA:226,0
DA:229,0
DA:230,0
DA:231,0
DA:232,0
DA:236,0
DA:237,0
DA:242,0
DA:243,0
DA:244,0
DA:250,0
DA:257,0
DA:258,0
DA:260,0
DA:269,0
DA:271,0
DA:272,0
DA:273,0
DA:274,0
DA:276,0
DA:279,0
DA:280,0
DA:283,0
DA:285,0
DA:286,0
DA:289,0
DA:290,0
DA:292,0
DA:296,0
DA:303,0
DA:304,0
DA:306,0
DA:321,0
DA:322,0
DA:324,0
DA:326,0
DA:327,0
DA:330,0
DA:331,0
DA:332,0
DA:334,0
DA:335,0
DA:337,0
DA:347,0
DA:348,0
DA:349,0
DA:356,0
DA:357,0
DA:358,0
DA:359,0
DA:360,0
DA:362,0
DA:368,0
DA:369,0
DA:371,0
DA:372,0
DA:373,0
DA:374,0
DA:375,0
DA:376,0
DA:377,0
DA:378,0
DA:379,0
DA:381,0
DA:383,0
DA:390,0
LF:157
LH:0
BRDA:23,0,0,0
BRDA:23,0,1,0
BRDA:36,1,0,0
BRDA:36,1,1,0
BRDA:72,2,0,0
BRDA:80,3,0,0
BRDA:105,4,0,0
BRDA:112,5,0,0
BRDA:138,6,0,0
BRDA:148,7,0,0
BRDA:148,7,1,0
BRDA:178,8,0,0
BRDA:178,9,0,0
BRDA:178,9,1,0
BRDA:189,10,0,0
BRDA:189,10,1,0
BRDA:222,11,0,0
BRDA:233,12,0,0
BRDA:233,12,1,0
BRDA:233,13,0,0
BRDA:233,13,1,0
BRDA:236,14,0,0
BRDA:246,15,0,0
BRDA:246,15,1,0
BRDA:272,16,0,0
BRDA:285,17,0,0
BRDA:285,17,1,0
BRDA:322,18,0,0
BRDA:322,18,1,0
BRDA:326,19,0,0
BRDA:326,19,1,0
BRDA:326,20,0,0
BRDA:326,20,1,0
BRDA:331,21,0,0
BRDA:334,22,0,0
BRDA:334,22,1,0
BRF:36
BRH:0
end_of_record
TN:
SF:src\background\EventBus.ts
FN:28,(anonymous_0)
FN:35,(anonymous_1)
FN:45,(anonymous_2)
FN:73,(anonymous_3)
FN:75,(anonymous_4)
FN:93,(anonymous_5)
FN:117,(anonymous_6)
FN:131,(anonymous_7)
FN:137,(anonymous_8)
FN:144,(anonymous_9)
FN:157,(anonymous_10)
FN:159,(anonymous_11)
FN:172,(anonymous_12)
FN:180,(anonymous_13)
FN:188,(anonymous_14)
FN:195,(anonymous_15)
FN:202,(anonymous_16)
FN:207,(anonymous_17)
FN:217,(anonymous_18)
FNF:19
FNH:18
FNDA:27,(anonymous_0)
FNDA:29,(anonymous_1)
FNDA:73,(anonymous_2)
FNDA:3,(anonymous_3)
FNDA:2,(anonymous_4)
FNDA:126,(anonymous_5)
FNDA:165,(anonymous_6)
FNDA:1,(anonymous_7)
FNDA:1,(anonymous_8)
FNDA:2,(anonymous_9)
FNDA:5,(anonymous_10)
FNDA:6,(anonymous_11)
FNDA:27,(anonymous_12)
FNDA:27,(anonymous_13)
FNDA:1,(anonymous_14)
FNDA:2,(anonymous_15)
FNDA:1,(anonymous_16)
FNDA:0,(anonymous_17)
FNDA:126,(anonymous_18)
DA:22,1
DA:24,27
DA:25,27
DA:26,27
DA:36,29
DA:37,27
DA:39,29
DA:51,73
DA:53,73
DA:60,73
DA:61,21
DA:64,73
DA:66,73
DA:67,73
DA:74,3
DA:75,2
DA:76,2
DA:77,2
DA:78,2
DA:81,2
DA:82,2
DA:84,2
DA:87,1
DA:98,126
DA:107,126
DA:110,126
DA:112,126
DA:115,126
DA:117,126
DA:118,165
DA:119,165
DA:122,164
DA:123,1
DA:126,1
DA:131,126
DA:138,1
DA:145,2
DA:147,2
DA:148,2
DA:151,2
DA:158,5
DA:159,6
DA:162,5
DA:163,1
DA:166,5
DA:173,27
DA:174,27
DA:181,27
DA:182,27
DA:194,1
DA:195,2
DA:199,1
DA:201,1
DA:202,1
DA:203,1
DA:207,1
DA:209,1
DA:218,126
DA:221,126
DA:222,0
DA:228,1
DA:255,1
LF:62
LH:61
BRDA:36,0,0,27
BRDA:48,1,0,72
BRDA:51,2,0,73
BRDA:51,2,1,73
BRDA:57,3,0,73
BRDA:57,3,1,72
BRDA:60,4,0,21
BRDA:76,5,0,2
BRDA:81,6,0,2
BRDA:96,7,0,124
BRDA:110,8,0,126
BRDA:110,8,1,12
BRDA:122,9,0,1
BRDA:158,10,0,2
BRDA:158,10,1,3
BRDA:162,11,0,1
BRDA:203,12,0,1
BRDA:203,12,1,1
BRDA:207,13,0,1
BRDA:207,13,1,0
BRDA:221,14,0,0
BRF:21
BRH:19
end_of_record
TN:
SF:src\background\NotificationService.ts
FN:39,(anonymous_0)
FN:46,(anonymous_1)
FN:56,(anonymous_2)
FN:79,(anonymous_3)
FN:88,(anonymous_4)
FN:110,(anonymous_5)
FN:127,(anonymous_6)
FN:145,(anonymous_7)
FN:147,(anonymous_8)
FN:168,(anonymous_9)
FN:180,(anonymous_10)
FN:191,(anonymous_11)
FN:237,(anonymous_12)
FN:247,(anonymous_13)
FN:259,(anonymous_14)
FN:267,(anonymous_15)
FN:275,(anonymous_16)
FN:283,(anonymous_17)
FN:289,(anonymous_18)
FN:300,(anonymous_19)
FN:308,(anonymous_20)
FNF:21
FNH:0
FNDA:0,(anonymous_0)
FNDA:0,(anonymous_1)
FNDA:0,(anonymous_2)
FNDA:0,(anonymous_3)
FNDA:0,(anonymous_4)
FNDA:0,(anonymous_5)
FNDA:0,(anonymous_6)
FNDA:0,(anonymous_7)
FNDA:0,(anonymous_8)
FNDA:0,(anonymous_9)
FNDA:0,(anonymous_10)
FNDA:0,(anonymous_11)
FNDA:0,(anonymous_12)
FNDA:0,(anonymous_13)
FNDA:0,(anonymous_14)
FNDA:0,(anonymous_15)
FNDA:0,(anonymous_16)
FNDA:0,(anonymous_17)
FNDA:0,(anonymous_18)
FNDA:0,(anonymous_19)
FNDA:0,(anonymous_20)
DA:2,0
DA:33,0
DA:36,0
DA:37,0
DA:40,0
DA:41,0
DA:42,0
DA:43,0
DA:47,0
DA:48,0
DA:50,0
DA:61,0
DA:63,0
DA:64,0
DA:65,0
DA:69,0
DA:79,0
DA:80,0
DA:81,0
DA:83,0
DA:87,0
DA:88,0
DA:92,0
DA:99,0
DA:100,0
DA:102,0
DA:103,0
DA:116,0
DA:118,0
DA:119,0
DA:120,0
DA:124,0
DA:125,0
DA:127,0
DA:128,0
DA:129,0
DA:130,0
DA:133,0
DA:139,0
DA:147,0
DA:148,0
DA:151,0
DA:159,0
DA:168,0
DA:169,0
DA:171,0
DA:180,0
DA:182,0
DA:192,0
DA:237,0
DA:238,0
DA:241,0
DA:248,0
DA:249,0
DA:250,0
DA:252,0
DA:265,0
DA:267,0
DA:268,0
DA:277,0
DA:289,0
DA:290,0
DA:293,0
DA:294,0
DA:301,0
DA:302,0
DA:313,0
DA:322,0
LF:68
LH:0
BRDA:47,0,0,0
BRDA:59,1,0,0
BRDA:63,2,0,0
BRDA:71,3,0,0
BRDA:71,3,1,0
BRDA:74,4,0,0
BRDA:74,4,1,0
BRDA:80,5,0,0
BRDA:87,6,0,0
BRDA:114,7,0,0
BRDA:118,8,0,0
BRDA:128,9,0,0
BRDA:128,9,1,0
BRDA:248,10,0,0
BRDA:248,10,1,0
BRDA:287,11,0,0
BRF:16
BRH:0
end_of_record
TN:
SF:src\background\index.ts
FN:2,(anonymous_0)
FN:2,(anonymous_1)
FN:2,(anonymous_2)
FN:3,(anonymous_3)
FN:3,(anonymous_4)
FNF:5
FNH:0
FNDA:0,(anonymous_0)
FNDA:0,(anonymous_1)
FNDA:0,(anonymous_2)
FNDA:0,(anonymous_3)
FNDA:0,(anonymous_4)
DA:2,0
DA:3,0
LF:2
LH:0
BRF:0
BRH:0
end_of_record
TN:
SF:src\business\index.ts
FNF:0
FNH:0
DA:2,0
DA:3,0
LF:2
LH:0
BRF:0
BRH:0
end_of_record
TN:
SF:src\business\rules\CoachRules.ts
FN:21,(anonymous_0)
FN:37,(anonymous_1)
FN:50,(anonymous_2)
FN:73,(anonymous_3)
FN:87,(anonymous_4)
FN:109,(anonymous_5)
FN:134,(anonymous_6)
FN:161,(anonymous_7)
FN:162,(anonymous_8)
FNF:9
FNH:8
FNDA:21,(anonymous_0)
FNDA:8,(anonymous_1)
FNDA:8,(anonymous_2)
FNDA:4,(anonymous_3)
FNDA:4,(anonymous_4)
FNDA:3,(anonymous_5)
FNDA:0,(anonymous_6)
FNDA:2,(anonymous_7)
FNDA:5,(anonymous_8)
DA:8,1
DA:9,1
DA:10,1
DA:11,1
DA:22,21
DA:23,5
DA:25,16
DA:26,7
DA:28,9
DA:29,4
DA:31,5
DA:38,8
DA:44,8
DA:52,8
DA:53,2
DA:60,6
DA:61,2
DA:67,4
DA:74,4
DA:75,2
DA:81,2
DA:91,4
DA:92,4
DA:93,4
DA:95,4
DA:96,4
DA:97,4
DA:99,4
DA:110,3
DA:113,3
DA:114,1
DA:121,2
DA:122,1
DA:128,1
DA:139,0
DA:140,0
DA:147,0
DA:148,0
DA:149,0
DA:155,0
DA:162,2
DA:164,5
DA:165,1
DA:169,4
DA:170,1
DA:174,3
DA:175,0
DA:179,3
DA:180,1
DA:183,2
LF:50
LH:43
BRDA:22,0,0,5
BRDA:25,1,0,7
BRDA:28,2,0,4
BRDA:52,3,0,2
BRDA:60,4,0,2
BRDA:60,5,0,6
BRDA:60,5,1,5
BRDA:74,6,0,2
BRDA:113,7,0,1
BRDA:121,8,0,1
BRDA:139,9,0,0
BRDA:139,10,0,0
BRDA:139,10,1,0
BRDA:148,11,0,0
BRDA:164,12,0,1
BRDA:169,13,0,1
BRDA:174,14,0,0
BRDA:179,15,0,1
BRDA:179,16,0,3
BRDA:179,16,1,2
BRF:20
BRH:15
end_of_record
TN:
SF:src\business\rules\SessionRules.ts
FN:18,(anonymous_0)
FN:49,(anonymous_1)
FN:72,(anonymous_2)
FN:98,(anonymous_3)
FN:108,(anonymous_4)
FN:115,(anonymous_5)
FNF:6
FNH:6
FNDA:9,(anonymous_0)
FNDA:6,(anonymous_1)
FNDA:13,(anonymous_2)
FNDA:2,(anonymous_3)
FNDA:1,(anonymous_4)
FNDA:4,(anonymous_5)
DA:9,1
DA:10,1
DA:11,1
DA:12,1
DA:13,1
DA:20,9
DA:21,2
DA:28,7
DA:29,1
DA:36,6
DA:37,1
DA:43,5
DA:51,6
DA:52,2
DA:59,4
DA:60,1
DA:66,3
DA:77,13
DA:78,4
DA:85,9
DA:86,3
DA:92,6
DA:99,2
DA:100,2
DA:102,2
DA:109,1
DA:121,4
DA:122,4
DA:123,1
DA:127,3
DA:128,3
DA:129,1
DA:133,2
DA:134,2
DA:135,1
DA:138,1
LF:36
LH:36
BRDA:20,0,0,2
BRDA:20,1,0,9
BRDA:20,1,1,3
BRDA:28,2,0,1
BRDA:36,3,0,1
BRDA:51,4,0,2
BRDA:59,5,0,1
BRDA:74,6,0,3
BRDA:77,7,0,4
BRDA:77,8,0,13
BRDA:77,8,1,11
BRDA:85,9,0,3
BRDA:85,10,0,9
BRDA:85,10,1,5
BRDA:102,11,0,1
BRDA:102,11,1,1
BRDA:122,12,0,1
BRDA:128,13,0,1
BRDA:134,14,0,1
BRF:19
BRH:19
end_of_record
TN:
SF:src\business\rules\index.ts
FN:2,(anonymous_0)
FN:3,(anonymous_1)
FNF:2
FNH:0
FNDA:0,(anonymous_0)
FNDA:0,(anonymous_1)
DA:2,0
DA:3,0
LF:2
LH:0
BRF:0
BRH:0
end_of_record
TN:
SF:src\business\useCases\BookSessionUseCase.ts
FN:29,(anonymous_0)
FN:98,(anonymous_1)
FN:120,(anonymous_2)
FN:128,(anonymous_3)
FN:136,(anonymous_4)
FN:151,(anonymous_5)
FN:159,(anonymous_6)
FNF:7
FNH:0
FNDA:0,(anonymous_0)
FNDA:0,(anonymous_1)
FNDA:0,(anonymous_2)
FNDA:0,(anonymous_3)
FNDA:0,(anonymous_4)
FNDA:0,(anonymous_5)
FNDA:0,(anonymous_6)
DA:2,0
DA:3,0
DA:4,0
DA:25,0
DA:30,0
DA:32,0
DA:33,0
DA:34,0
DA:42,0
DA:43,0
DA:45,0
DA:46,0
DA:53,0
DA:59,0
DA:60,0
DA:67,0
DA:70,0
DA:73,0
DA:76,0
DA:78,0
DA:79,0
DA:81,0
DA:88,0
DA:102,0
DA:103,0
DA:106,0
DA:107,0
DA:110,0
DA:111,0
DA:114,0
DA:122,0
DA:130,0
DA:138,0
DA:141,0
DA:145,0
DA:153,0
DA:161,0
LF:37
LH:0
BRDA:33,0,0,0
BRDA:45,1,0,0
BRDA:45,2,0,0
BRDA:45,2,1,0
BRDA:59,3,0,0
BRDA:90,4,0,0
BRDA:90,4,1,0
BRDA:102,5,0,0
BRDA:102,6,0,0
BRDA:102,6,1,0
BRDA:106,7,0,0
BRDA:106,8,0,0
BRDA:106,8,1,0
BRDA:110,9,0,0
BRDA:110,10,0,0
BRDA:110,10,1,0
BRF:16
BRH:0
end_of_record
TN:
SF:src\business\useCases\SearchCoachUseCase.ts
FN:28,(anonymous_0)
FN:50,(anonymous_1)
FN:54,(anonymous_2)
FN:58,(anonymous_3)
FN:65,(anonymous_4)
FN:87,(anonymous_5)
FN:101,(anonymous_6)
FN:115,(anonymous_7)
FN:137,(anonymous_8)
FN:154,(anonymous_9)
FN:175,(anonymous_10)
FN:182,(anonymous_11)
FN:186,(anonymous_12)
FN:187,(anonymous_13)
FN:193,(anonymous_14)
FN:195,(anonymous_15)
FN:199,(anonymous_16)
FNF:17
FNH:0
FNDA:0,(anonymous_0)
FNDA:0,(anonymous_1)
FNDA:0,(anonymous_2)
FNDA:0,(anonymous_3)
FNDA:0,(anonymous_4)
FNDA:0,(anonymous_5)
FNDA:0,(anonymous_6)
FNDA:0,(anonymous_7)
FNDA:0,(anonymous_8)
FNDA:0,(anonymous_9)
FNDA:0,(anonymous_10)
FNDA:0,(anonymous_11)
FNDA:0,(anonymous_12)
FNDA:0,(anonymous_13)
FNDA:0,(anonymous_14)
FNDA:0,(anonymous_15)
FNDA:0,(anonymous_16)
DA:2,0
DA:3,0
DA:24,0
DA:29,0
DA:31,0
DA:32,0
DA:33,0
DA:43,0
DA:46,0
DA:49,0
DA:50,0
DA:53,0
DA:54,0
DA:58,0
DA:61,0
DA:62,0
DA:65,0
DA:67,0
DA:74,0
DA:88,0
DA:94,0
DA:95,0
DA:102,0
DA:108,0
DA:109,0
DA:119,0
DA:120,0
DA:123,0
DA:124,0
DA:127,0
DA:128,0
DA:131,0
DA:139,0
DA:161,0
DA:162,0
DA:165,0
DA:169,0
DA:181,0
DA:182,0
DA:185,0
DA:186,0
DA:187,0
DA:188,0
DA:192,0
DA:193,0
DA:195,0
DA:199,0
DA:201,0
LF:48
LH:0
BRDA:32,0,0,0
BRDA:49,1,0,0
BRDA:53,2,0,0
BRDA:61,3,0,0
BRDA:61,3,1,0
BRDA:79,4,0,0
BRDA:79,4,1,0
BRDA:101,5,0,0
BRDA:119,6,0,0
BRDA:119,7,0,0
BRDA:119,7,1,0
BRDA:119,7,2,0
BRDA:123,8,0,0
BRDA:123,9,0,0
BRDA:123,9,1,0
BRDA:127,10,0,0
BRDA:127,11,0,0
BRDA:127,11,1,0
BRDA:188,12,0,0
BRDA:188,12,1,0
BRF:20
BRH:0
end_of_record
TN:
SF:src\business\useCases\index.ts
FN:2,(anonymous_0)
FN:3,(anonymous_1)
FNF:2
FNH:0
FNDA:0,(anonymous_0)
FNDA:0,(anonymous_1)
DA:2,0
DA:3,0
LF:2
LH:0
BRF:0
BRH:0
end_of_record
TN:
SF:src\components\index.ts
FNF:0
FNH:0
DA:1,0
DA:2,0
DA:3,0
DA:4,0
LF:4
LH:0
BRF:0
BRH:0
end_of_record
TN:
SF:src\components\auth\SimpleLogin.tsx
FN:10,(anonymous_9)
FN:17,(anonymous_10)
FN:43,(anonymous_11)
FN:92,(anonymous_12)
FN:110,(anonymous_13)
FNF:5
FNH:0
FNDA:0,(anonymous_9)
FNDA:0,(anonymous_10)
FNDA:0,(anonymous_11)
FNDA:0,(anonymous_12)
FNDA:0,(anonymous_13)
DA:1,0
DA:2,0
DA:4,0
DA:10,0
DA:11,0
DA:12,0
DA:13,0
DA:14,0
DA:15,0
DA:17,0
DA:18,0
DA:20,0
DA:21,0
DA:22,0
DA:24,0
DA:29,0
DA:30,0
DA:31,0
DA:34,0
DA:35,0
DA:38,0
DA:40,0
DA:43,0
DA:44,0
DA:45,0
DA:47,0
DA:48,0
DA:53,0
DA:54,0
DA:56,0
DA:59,0
DA:61,0
DA:65,0
DA:92,0
DA:110,0
DA:159,0
LF:36
LH:0
BRDA:29,0,0,0
BRDA:34,1,0,0
BRDA:53,2,0,0
BRDA:53,2,1,0
BRDA:123,3,0,0
BRDA:123,3,1,0
BRDA:132,4,0,0
BRDA:132,4,1,0
BRDA:137,5,0,0
BRDA:137,5,1,0
BRDA:140,6,0,0
BRDA:140,6,1,0
BRF:12
BRH:0
end_of_record
TN:
SF:src\components\auth\index.ts
FN:2,(anonymous_1)
FN:3,(anonymous_2)
FN:3,(anonymous_3)
FNF:3
FNH:0
FNDA:0,(anonymous_1)
FNDA:0,(anonymous_2)
FNDA:0,(anonymous_3)
DA:2,0
DA:3,0
LF:2
LH:0
BRF:0
BRH:0
end_of_record
TN:
SF:src\components\auth\AuthProvider\AuthProvider.tsx
FN:20,(anonymous_9)
FN:23,(anonymous_10)
FN:28,loadRole
FN:36,(anonymous_12)
FN:37,(anonymous_13)
FN:47,(anonymous_14)
FN:53,(anonymous_15)
FN:56,(anonymous_16)
FN:67,(anonymous_17)
FNF:9
FNH:0
FNDA:0,(anonymous_9)
FNDA:0,(anonymous_10)
FNDA:0,loadRole
FNDA:0,(anonymous_12)
FNDA:0,(anonymous_13)
FNDA:0,(anonymous_14)
FNDA:0,(anonymous_15)
FNDA:0,(anonymous_16)
FNDA:0,(anonymous_17)
DA:2,0
DA:4,0
DA:16,0
DA:23,0
DA:24,0
DA:25,0
DA:26,0
DA:29,0
DA:30,0
DA:32,0
DA:33,0
DA:36,0
DA:37,0
DA:40,0
DA:41,0
DA:42,0
DA:43,0
DA:44,0
DA:47,0
DA:48,0
DA:49,0
DA:50,0
DA:53,0
DA:56,0
DA:57,0
DA:58,0
DA:59,0
DA:62,0
DA:65,0
DA:67,0
LF:30
LH:0
BRDA:29,0,0,0
BRDA:33,1,0,0
BRDA:33,1,1,0
BRDA:41,2,0,0
BRDA:41,2,1,0
BRDA:48,3,0,0
BRDA:48,3,1,0
BRF:7
BRH:0
end_of_record
TN:
SF:src\components\auth\AuthProvider\index.ts
FNF:0
FNH:0
DA:1,0
LF:1
LH:0
BRF:0
BRH:0
end_of_record
TN:
SF:src\components\auth\LoginForm\LoginForm.tsx
FN:11,(anonymous_9)
FN:19,(anonymous_10)
FN:80,(anonymous_11)
FN:123,(anonymous_12)
FN:132,(anonymous_13)
FN:151,(anonymous_14)
FN:170,(anonymous_15)
FN:182,(anonymous_16)
FNF:8
FNH:0
FNDA:0,(anonymous_9)
FNDA:0,(anonymous_10)
FNDA:0,(anonymous_11)
FNDA:0,(anonymous_12)
FNDA:0,(anonymous_13)
FNDA:0,(anonymous_14)
FNDA:0,(anonymous_15)
FNDA:0,(anonymous_16)
DA:2,0
DA:3,0
DA:5,0
DA:6,0
DA:7,0
DA:8,0
DA:9,0
DA:11,0
DA:12,0
DA:13,0
DA:14,0
DA:15,0
DA:16,0
DA:17,0
DA:19,0
DA:20,0
DA:21,0
DA:22,0
DA:24,0
DA:32,0
DA:35,0
DA:36,0
DA:41,0
DA:47,0
DA:49,0
DA:50,0
DA:53,0
DA:54,0
DA:55,0
DA:58,0
DA:67,0
DA:69,0
DA:74,0
DA:76,0
DA:80,0
DA:81,0
DA:82,0
DA:85,0
DA:123,0
DA:132,0
DA:151,0
DA:170,0
DA:183,0
DA:184,0
DA:186,0
DA:209,0
LF:46
LH:0
BRDA:25,0,0,0
BRDA:25,0,1,0
BRDA:26,1,0,0
BRDA:26,1,1,0
BRDA:35,2,0,0
BRDA:35,2,1,0
BRDA:49,3,0,0
BRDA:53,4,0,0
BRDA:53,5,0,0
BRDA:53,5,1,0
BRDA:59,6,0,0
BRDA:59,6,1,0
BRDA:60,7,0,0
BRDA:60,7,1,0
BRDA:71,8,0,0
BRDA:71,8,1,0
BRDA:92,9,0,0
BRDA:92,9,1,0
BRDA:125,10,0,0
BRDA:125,10,1,0
BRDA:134,11,0,0
BRDA:134,11,1,0
BRDA:172,12,0,0
BRDA:172,12,1,0
BRDA:183,13,0,0
BRDA:184,14,0,0
BRDA:184,14,1,0
BRDA:186,15,0,0
BRDA:186,15,1,0
BRDA:190,16,0,0
BRDA:190,16,1,0
BRF:31
BRH:0
end_of_record
TN:
SF:src\components\auth\LoginForm\index.ts
FN:1,(anonymous_1)
FNF:1
FNH:0
FNDA:0,(anonymous_1)
DA:1,0
LF:1
LH:0
BRF:0
BRH:0
end_of_record
TN:
SF:src\components\coaches\index.ts
FNF:0
FNH:0
DA:2,0
DA:3,0
DA:4,0
DA:5,0
LF:4
LH:0
BRF:0
BRH:0
end_of_record
TN:
SF:src\components\coaches\CoachCard\CoachCard.tsx
FN:6,(anonymous_1)
FNF:1
FNH:0
FNDA:0,(anonymous_1)
DA:1,0
DA:3,0
DA:4,0
DA:6,0
DA:7,0
LF:5
LH:0
BRF:0
BRH:0
end_of_record
TN:
SF:src\components\coaches\CoachCard\index.ts
FNF:0
FNH:0
DA:1,0
LF:1
LH:0
BRF:0
BRH:0
end_of_record
TN:
SF:src\components\coaches\CoachList\CoachList.tsx
FN:6,(anonymous_1)
FNF:1
FNH:0
FNDA:0,(anonymous_1)
DA:1,0
DA:3,0
DA:4,0
DA:6,0
DA:7,0
LF:5
LH:0
BRF:0
BRH:0
end_of_record
TN:
SF:src\components\coaches\CoachList\index.ts
FNF:0
FNH:0
DA:1,0
LF:1
LH:0
BRF:0
BRH:0
end_of_record
TN:
SF:src\components\coaches\CoachProfile\CoachProfile.tsx
FN:6,(anonymous_1)
FNF:1
FNH:0
FNDA:0,(anonymous_1)
DA:1,0
DA:3,0
DA:4,0
DA:6,0
DA:7,0
LF:5
LH:0
BRF:0
BRH:0
end_of_record
TN:
SF:src\components\coaches\CoachProfile\index.ts
FNF:0
FNH:0
DA:1,0
LF:1
LH:0
BRF:0
BRH:0
end_of_record
TN:
SF:src\components\coaches\CoachSearch\CoachSearchPrototype.tsx
FN:88,(anonymous_9)
FN:95,(anonymous_10)
FN:100,(anonymous_11)
FN:107,(anonymous_12)
FN:111,(anonymous_13)
FN:117,(anonymous_14)
FN:121,(anonymous_15)
FN:133,(anonymous_16)
FN:203,(anonymous_17)
FN:287,(anonymous_18)
FN:294,(anonymous_19)
FN:297,(anonymous_20)
FN:319,(anonymous_21)
FN:332,(anonymous_22)
FN:335,(anonymous_23)
FN:336,(anonymous_24)
FNF:16
FNH:0
FNDA:0,(anonymous_9)
FNDA:0,(anonymous_10)
FNDA:0,(anonymous_11)
FNDA:0,(anonymous_12)
FNDA:0,(anonymous_13)
FNDA:0,(anonymous_14)
FNDA:0,(anonymous_15)
FNDA:0,(anonymous_16)
FNDA:0,(anonymous_17)
FNDA:0,(anonymous_18)
FNDA:0,(anonymous_19)
FNDA:0,(anonymous_20)
FNDA:0,(anonymous_21)
FNDA:0,(anonymous_22)
FNDA:0,(anonymous_23)
FNDA:0,(anonymous_24)
DA:1,0
DA:3,0
DA:4,0
DA:21,0
DA:76,0
DA:88,0
DA:89,0
DA:90,0
DA:91,0
DA:92,0
DA:93,0
DA:95,0
DA:96,0
DA:98,0
DA:99,0
DA:101,0
DA:106,0
DA:107,0
DA:110,0
DA:111,0
DA:114,0
DA:117,0
DA:118,0
DA:121,0
DA:122,0
DA:125,0
DA:126,0
DA:133,0
DA:203,0
DA:267,0
DA:287,0
DA:294,0
DA:298,0
DA:319,0
DA:333,0
DA:335,0
DA:337,0
DA:338,0
DA:339,0
LF:39
LH:0
BRDA:98,0,0,0
BRDA:101,1,0,0
BRDA:101,1,1,0
BRDA:106,2,0,0
BRDA:110,3,0,0
BRDA:125,4,0,0
BRDA:150,5,0,0
BRDA:150,5,1,0
BRDA:157,6,0,0
BRDA:157,6,1,0
BRDA:160,7,0,0
BRDA:160,7,1,0
BRDA:206,8,0,0
BRDA:206,8,1,0
BRDA:211,9,0,0
BRDA:211,9,1,0
BRDA:337,10,0,0
BRDA:337,11,0,0
BRDA:337,11,1,0
BRDA:351,12,0,0
BRDA:351,12,1,0
BRDA:356,13,0,0
BRDA:356,13,1,0
BRDA:359,14,0,0
BRDA:359,14,1,0
BRDA:387,15,0,0
BRDA:387,15,1,0
BRDA:389,16,0,0
BRDA:389,16,1,0
BRDA:395,17,0,0
BRDA:395,17,1,0
BRDA:402,18,0,0
BRDA:402,18,1,0
BRF:33
BRH:0
end_of_record
TN:
SF:src\components\coaches\CoachSearch\index.ts
FN:2,(anonymous_0)
FNF:1
FNH:0
FNDA:0,(anonymous_0)
DA:2,0
LF:1
LH:0
BRF:0
BRH:0
end_of_record
TN:
SF:src\components\dashboard\index.tsx
FN:1,(anonymous_1)
FNF:1
FNH:0
FNDA:0,(anonymous_1)
DA:1,0
LF:1
LH:0
BRF:0
BRH:0
end_of_record
TN:
SF:src\components\dashboard\page.tsx
FN:17,(anonymous_10)
FN:22,(anonymous_11)
FN:32,(anonymous_12)
FN:75,(anonymous_13)
FNF:4
FNH:0
FNDA:0,(anonymous_10)
FNDA:0,(anonymous_11)
FNDA:0,(anonymous_12)
FNDA:0,(anonymous_13)
DA:2,0
DA:3,0
DA:5,0
DA:6,0
DA:7,0
DA:8,0
DA:9,0
DA:11,0
DA:17,0
DA:18,0
DA:19,0
DA:20,0
DA:22,0
DA:23,0
DA:24,0
DA:28,0
DA:29,0
DA:32,0
DA:33,0
DA:34,0
DA:37,0
DA:76,0
DA:91,0
LF:23
LH:0
BRDA:23,0,0,0
BRDA:23,1,0,0
BRDA:23,1,1,0
BRDA:28,2,0,0
BRDA:51,3,0,0
BRDA:51,3,1,0
BRDA:62,4,0,0
BRDA:62,4,1,0
BRDA:66,5,0,0
BRDA:66,5,1,0
BRDA:66,6,0,0
BRDA:66,6,1,0
BRF:12
BRH:0
end_of_record
TN:
SF:src\components\sessions\HireCoachButton.tsx
FN:12,(anonymous_1)
FN:16,(anonymous_2)
FNF:2
FNH:0
FNDA:0,(anonymous_1)
FNDA:0,(anonymous_2)
DA:1,0
DA:3,0
DA:4,0
DA:5,0
DA:12,0
DA:13,0
DA:14,0
DA:16,0
DA:17,0
DA:18,0
DA:20,0
DA:21,0
DA:24,0
DA:40,0
LF:14
LH:0
BRDA:17,0,0,0
BRDA:33,1,0,0
BRDA:33,1,1,0
BRDA:35,2,0,0
BRDA:35,2,1,0
BRF:5
BRH:0
end_of_record
TN:
SF:src\components\sessions\index.ts
FN:4,(anonymous_1)
FNF:1
FNH:0
FNDA:0,(anonymous_1)
DA:4,0
LF:1
LH:0
BRF:0
BRH:0
end_of_record
TN:
SF:src\components\ui\Button.tsx
FN:10,(anonymous_1)
FNF:1
FNH:0
FNDA:0,(anonymous_1)
DA:1,0
DA:10,0
DA:20,0
DA:22,0
DA:31,0
DA:38,0
DA:40,0
LF:7
LH:0
BRDA:11,0,0,0
BRDA:12,1,0,0
BRDA:13,2,0,0
BRDA:14,3,0,0
BRDA:41,4,0,0
BRDA:41,4,1,0
BRDA:42,5,0,0
BRDA:42,5,1,0
BRF:8
BRH:0
end_of_record
TN:
SF:src\components\ui\Input.tsx
FN:9,(anonymous_1)
FNF:1
FNH:0
FNDA:0,(anonymous_1)
DA:1,0
DA:9,0
DA:17,0
DA:19,0
LF:4
LH:0
BRDA:13,0,0,0
BRDA:17,1,0,0
BRDA:17,1,1,0
BRDA:21,2,0,0
BRDA:21,2,1,0
BRDA:37,3,0,0
BRDA:37,3,1,0
BRDA:42,4,0,0
BRDA:42,4,1,0
BRDA:42,4,2,0
BRDA:45,5,0,0
BRDA:45,5,1,0
BRF:12
BRH:0
end_of_record
TN:
SF:src\components\ui\ThemeToggle.tsx
FN:3,(anonymous_9)
FN:6,(anonymous_10)
FN:20,(anonymous_11)
FNF:3
FNH:0
FNDA:0,(anonymous_9)
FNDA:0,(anonymous_10)
FNDA:0,(anonymous_11)
DA:1,0
DA:3,0
DA:4,0
DA:6,0
DA:8,0
DA:9,0
DA:11,0
DA:12,0
DA:13,0
DA:15,0
DA:16,0
DA:20,0
DA:21,0
DA:22,0
DA:24,0
DA:25,0
DA:26,0
DA:28,0
DA:29,0
DA:33,0
LF:20
LH:0
BRDA:11,0,0,0
BRDA:11,0,1,0
BRDA:11,1,0,0
BRDA:11,1,1,0
BRDA:11,1,2,0
BRDA:24,2,0,0
BRDA:24,2,1,0
BRDA:39,3,0,0
BRDA:39,3,1,0
BRF:9
BRH:0
end_of_record
TN:
SF:src\components\ui\index.ts
FNF:0
FNH:0
DA:1,0
DA:2,0
DA:3,0
DA:4,0
DA:5,0
LF:5
LH:0
BRF:0
BRH:0
end_of_record
TN:
SF:src\components\ui\Button\Button.tsx
FN:26,(anonymous_1)
FNF:1
FNH:0
FNDA:0,(anonymous_1)
DA:1,0
DA:14,0
DA:20,0
DA:26,0
DA:36,0
LF:5
LH:0
BRDA:28,0,0,0
BRDA:29,1,0,0
BRDA:30,2,0,0
BRDA:31,3,0,0
BRDA:32,4,0,0
BRDA:34,5,0,0
BRDA:40,6,0,0
BRDA:40,6,1,0
BRDA:43,7,0,0
BRDA:43,7,1,0
BRF:10
BRH:0
end_of_record
TN:
SF:src\components\ui\Button\index.ts
FNF:0
FNH:0
DA:1,0
LF:1
LH:0
BRF:0
BRH:0
end_of_record
TN:
SF:src\components\ui\Card\Card.tsx
FN:16,(anonymous_1)
FNF:1
FNH:0
FNDA:0,(anonymous_1)
DA:1,0
DA:9,0
DA:16,0
DA:17,0
LF:4
LH:0
BRDA:16,0,0,0
BRDA:16,1,0,0
BRF:2
BRH:0
end_of_record
TN:
SF:src\components\ui\Card\index.ts
FNF:0
FNH:0
DA:1,0
LF:1
LH:0
BRF:0
BRH:0
end_of_record
TN:
SF:src\components\ui\Input\Input.tsx
FN:19,(anonymous_1)
FNF:1
FNH:0
FNDA:0,(anonymous_1)
DA:1,0
DA:19,0
DA:34,0
LF:3
LH:0
BRDA:20,0,0,0
BRDA:25,1,0,0
BRDA:26,2,0,0
BRDA:27,3,0,0
BRDA:36,4,0,0
BRDA:36,4,1,0
BRDA:39,5,0,0
BRDA:39,5,1,0
BRDA:53,6,0,0
BRDA:53,6,1,0
BRDA:55,7,0,0
BRDA:55,7,1,0
BRF:12
BRH:0
end_of_record
TN:
SF:src\components\ui\Input\index.ts
FNF:0
FNH:0
DA:1,0
LF:1
LH:0
BRF:0
BRH:0
end_of_record
TN:
SF:src\components\ui\Modal\Modal.tsx
FN:21,(anonymous_9)
FN:33,(anonymous_10)
FN:45,(anonymous_11)
FN:52,(anonymous_12)
FN:53,(anonymous_13)
FN:64,(anonymous_14)
FN:88,(anonymous_15)
FNF:7
FNH:0
FNDA:0,(anonymous_9)
FNDA:0,(anonymous_10)
FNDA:0,(anonymous_11)
FNDA:0,(anonymous_12)
FNDA:0,(anonymous_13)
FNDA:0,(anonymous_14)
FNDA:0,(anonymous_15)
DA:1,0
DA:2,0
DA:13,0
DA:21,0
DA:30,0
DA:33,0
DA:34,0
DA:35,0
DA:36,0
DA:38,0
DA:40,0
DA:41,0
DA:45,0
DA:46,0
DA:47,0
DA:52,0
DA:53,0
DA:54,0
DA:55,0
DA:58,0
DA:59,0
DA:62,0
DA:64,0
DA:65,0
DA:69,0
DA:70,0
DA:74,0
DA:88,0
LF:28
LH:0
BRDA:26,0,0,0
BRDA:27,1,0,0
BRDA:34,2,0,0
BRDA:34,2,1,0
BRDA:54,3,0,0
BRDA:58,4,0,0
BRDA:69,5,0,0
BRDA:86,6,0,0
BRDA:86,6,1,0
BRDA:98,7,0,0
BRDA:98,7,1,0
BRF:11
BRH:0
end_of_record
TN:
SF:src\components\ui\Modal\index.ts
FNF:0
FNH:0
DA:1,0
LF:1
LH:0
BRF:0
BRH:0
end_of_record
TN:
SF:src\components\ui\ThemeToggle\ThemeToggle.tsx
FN:5,(anonymous_1)
FNF:1
FNH:0
FNDA:0,(anonymous_1)
DA:1,0
DA:3,0
DA:5,0
DA:6,0
DA:8,0
LF:5
LH:0
BRDA:14,0,0,0
BRDA:14,0,1,0
BRDA:20,1,0,0
BRDA:20,1,1,0
BRDA:22,2,0,0
BRDA:22,2,1,0
BRF:6
BRH:0
end_of_record
TN:
SF:src\components\ui\ThemeToggle\index.ts
FN:1,(anonymous_0)
FNF:1
FNH:0
FNDA:0,(anonymous_0)
DA:1,0
LF:1
LH:0
BRF:0
BRH:0
end_of_record
TN:
SF:src\error-handling\CustomError.ts
FN:3,(anonymous_0)
FN:10,(anonymous_1)
FN:41,(anonymous_2)
FN:82,(anonymous_3)
FN:95,(anonymous_4)
FN:108,(anonymous_5)
FN:121,(anonymous_6)
FN:134,(anonymous_7)
FN:147,(anonymous_8)
FN:154,(anonymous_9)
FN:169,(anonymous_10)
FN:174,(anonymous_11)
FN:179,(anonymous_12)
FNF:13
FNH:3
FNDA:1,(anonymous_0)
FNDA:1,(anonymous_1)
FNDA:33,(anonymous_2)
FNDA:0,(anonymous_3)
FNDA:0,(anonymous_4)
FNDA:0,(anonymous_5)
FNDA:0,(anonymous_6)
FNDA:0,(anonymous_7)
FNDA:0,(anonymous_8)
FNDA:0,(anonymous_9)
FNDA:0,(anonymous_10)
FNDA:0,(anonymous_11)
FNDA:0,(anonymous_12)
DA:3,1
DA:4,1
DA:5,1
DA:6,1
DA:7,1
DA:10,1
DA:11,1
DA:12,1
DA:13,1
DA:14,1
DA:15,1
DA:16,1
DA:17,1
DA:18,1
DA:32,1
DA:55,33
DA:56,33
DA:59,33
DA:62,33
DA:65,33
DA:66,33
DA:67,33
DA:68,33
DA:70,33
DA:78,33
DA:83,0
DA:96,0
DA:109,0
DA:122,0
DA:135,0
DA:148,0
DA:155,0
DA:170,0
DA:175,0
DA:180,0
LF:35
LH:25
BRDA:3,0,0,1
BRDA:3,0,1,1
BRDA:10,1,0,1
BRDA:10,1,1,1
BRDA:45,2,0,7
BRDA:65,3,0,33
BRDA:65,3,1,24
BRDA:66,4,0,33
BRDA:66,4,1,20
BRDA:67,5,0,33
BRDA:67,5,1,29
BRDA:72,6,0,33
BRDA:72,6,1,0
BRDA:73,7,0,33
BRDA:73,7,1,0
BRDA:121,8,0,0
BRDA:170,9,0,0
BRDA:170,9,1,0
BRF:18
BRH:13
end_of_record
TN:
SF:src\error-handling\errorHandler.ts
FN:13,(anonymous_0)
FN:78,(anonymous_1)
FN:119,(anonymous_2)
FN:126,(anonymous_3)
FN:147,(anonymous_4)
FN:169,withErrorHandling
FN:170,(anonymous_6)
FN:173,(anonymous_7)
FNF:8
FNH:0
FNDA:0,(anonymous_0)
FNDA:0,(anonymous_1)
FNDA:0,(anonymous_2)
FNDA:0,(anonymous_3)
FNDA:0,(anonymous_4)
FNDA:0,withErrorHandling
FNDA:0,(anonymous_6)
FNDA:0,(anonymous_7)
DA:2,0
DA:4,0
DA:9,0
DA:25,0
DA:26,0
DA:27,0
DA:28,0
DA:30,0
DA:42,0
DA:43,0
DA:44,0
DA:45,0
DA:46,0
DA:50,0
DA:51,0
DA:52,0
DA:60,0
DA:70,0
DA:80,0
DA:81,0
DA:84,0
DA:85,0
DA:88,0
DA:89,0
DA:92,0
DA:93,0
DA:96,0
DA:97,0
DA:101,0
DA:120,0
DA:135,0
DA:136,0
DA:137,0
DA:139,0
DA:140,0
DA:156,0
DA:157,0
DA:158,0
DA:160,0
DA:161,0
DA:169,0
DA:170,0
DA:171,0
DA:173,0
DA:174,0
DA:175,0
DA:177,0
DA:181,0
DA:189,0
LF:49
LH:0
BRDA:25,0,0,0
BRDA:25,0,1,0
BRDA:27,1,0,0
BRDA:27,1,1,0
BRDA:42,2,0,0
BRDA:51,3,0,0
BRDA:51,3,1,0
BRDA:70,4,0,0
BRDA:70,4,1,0
BRDA:80,5,0,0
BRDA:80,6,0,0
BRDA:80,6,1,0
BRDA:84,7,0,0
BRDA:88,8,0,0
BRDA:88,9,0,0
BRDA:88,9,1,0
BRDA:92,10,0,0
BRDA:92,11,0,0
BRDA:92,11,1,0
BRDA:96,12,0,0
BRDA:96,13,0,0
BRDA:96,13,1,0
BRDA:120,14,0,0
BRDA:120,14,1,0
BRDA:179,15,0,0
BRDA:179,15,1,0
BRDA:182,16,0,0
BRDA:182,16,1,0
BRF:28
BRH:0
end_of_record
TN:
SF:src\error-handling\index.ts
FNF:0
FNH:0
DA:2,0
DA:3,0
LF:2
LH:0
BRF:0
BRH:0
end_of_record
TN:
SF:src\hooks\index.ts
FN:5,(anonymous_1)
FN:9,(anonymous_2)
FN:10,(anonymous_3)
FN:11,(anonymous_4)
FN:17,(anonymous_5)
FN:20,(anonymous_6)
FN:20,(anonymous_7)
FN:23,(anonymous_8)
FNF:8
FNH:0
FNDA:0,(anonymous_1)
FNDA:0,(anonymous_2)
FNDA:0,(anonymous_3)
FNDA:0,(anonymous_4)
FNDA:0,(anonymous_5)
FNDA:0,(anonymous_6)
FNDA:0,(anonymous_7)
FNDA:0,(anonymous_8)
DA:5,0
DA:8,0
DA:9,0
DA:10,0
DA:11,0
DA:17,0
DA:20,0
DA:23,0
LF:8
LH:0
BRF:0
BRH:0
end_of_record
TN:
SF:src\hooks\useAuth.ts
FN:3,(anonymous_1)
FN:6,(anonymous_2)
FN:7,(anonymous_3)
FNF:3
FNH:0
FNDA:0,(anonymous_1)
FNDA:0,(anonymous_2)
FNDA:0,(anonymous_3)
DA:3,0
DA:6,0
DA:7,0
LF:3
LH:0
BRF:0
BRH:0
end_of_record
TN:
SF:src\hooks\useCoachSearch.ts
FN:44,useCoachSearch
FN:54,(anonymous_1)
FN:55,(anonymous_2)
FN:59,(anonymous_3)
FN:63,(anonymous_4)
FN:64,(anonymous_5)
FN:81,(anonymous_6)
FN:87,(anonymous_7)
FN:97,(anonymous_8)
FN:103,(anonymous_9)
FN:108,(anonymous_10)
FN:109,(anonymous_11)
FN:115,(anonymous_12)
FN:120,(anonymous_13)
FN:125,(anonymous_14)
FN:160,(anonymous_15)
FN:161,(anonymous_16)
FN:170,(anonymous_17)
FN:206,useQuickCoachSearch
FN:222,useCoachesBySpecialty
FNF:20
FNH:0
FNDA:0,useCoachSearch
FNDA:0,(anonymous_1)
FNDA:0,(anonymous_2)
FNDA:0,(anonymous_3)
FNDA:0,(anonymous_4)
FNDA:0,(anonymous_5)
FNDA:0,(anonymous_6)
FNDA:0,(anonymous_7)
FNDA:0,(anonymous_8)
FNDA:0,(anonymous_9)
FNDA:0,(anonymous_10)
FNDA:0,(anonymous_11)
FNDA:0,(anonymous_12)
FNDA:0,(anonymous_13)
FNDA:0,(anonymous_14)
FNDA:0,(anonymous_15)
FNDA:0,(anonymous_16)
FNDA:0,(anonymous_17)
FNDA:0,useQuickCoachSearch
FNDA:0,useCoachesBySpecialty
DA:2,0
DA:3,0
DA:5,0
DA:6,0
DA:7,0
DA:35,0
DA:44,0
DA:45,0
DA:50,0
DA:51,0
DA:54,0
DA:55,0
DA:56,0
DA:59,0
DA:63,0
DA:64,0
DA:76,0
DA:82,0
DA:88,0
DA:97,0
DA:98,0
DA:101,0
DA:102,0
DA:103,0
DA:107,0
DA:108,0
DA:109,0
DA:114,0
DA:115,0
DA:119,0
DA:120,0
DA:124,0
DA:125,0
DA:129,0
DA:131,0
DA:132,0
DA:133,0
DA:135,0
DA:136,0
DA:137,0
DA:140,0
DA:141,0
DA:142,0
DA:144,0
DA:147,0
DA:148,0
DA:150,0
DA:151,0
DA:153,0
DA:157,0
DA:160,0
DA:161,0
DA:163,0
DA:170,0
DA:171,0
DA:172,0
DA:174,0
DA:180,0
DA:187,0
DA:206,0
DA:207,0
DA:212,0
DA:222,0
DA:223,0
DA:230,0
DA:237,0
LF:66
LH:0
BRDA:50,0,0,0
BRDA:50,0,1,0
BRDA:72,1,0,0
BRDA:98,2,0,0
BRDA:98,2,1,0
BRDA:101,3,0,0
BRDA:101,4,0,0
BRDA:101,4,1,0
BRDA:107,5,0,0
BRDA:107,6,0,0
BRDA:107,6,1,0
BRDA:114,7,0,0
BRDA:114,8,0,0
BRDA:114,8,1,0
BRDA:119,9,0,0
BRDA:124,10,0,0
BRDA:129,11,0,0
BRDA:129,11,1,0
BRDA:129,11,2,0
BRDA:129,11,3,0
BRDA:147,12,0,0
BRDA:148,13,0,0
BRDA:148,13,1,0
BRDA:150,14,0,0
BRDA:151,15,0,0
BRDA:151,15,1,0
BRDA:180,16,0,0
BRDA:180,16,1,0
BRDA:188,17,0,0
BRDA:188,17,1,0
BRF:30
BRH:0
end_of_record
TN:
SF:src\hooks\useSessionController.ts
FN:7,useSessionController
FN:14,(anonymous_1)
FNF:2
FNH:0
FNDA:0,useSessionController
FNDA:0,(anonymous_1)
DA:2,0
DA:3,0
DA:5,0
DA:7,0
DA:8,0
DA:9,0
DA:10,0
DA:14,0
DA:15,0
DA:16,0
DA:17,0
DA:18,0
DA:19,0
DA:23,0
DA:24,0
DA:27,0
DA:29,0
DA:30,0
DA:31,0
DA:33,0
DA:37,0
DA:40,0
LF:22
LH:0
BRDA:18,0,0,0
BRDA:29,1,0,0
BRDA:29,1,1,0
BRF:3
BRH:0
end_of_record
TN:
SF:src\hooks\useTheme.ts
FN:5,(anonymous_0)
FN:6,(anonymous_1)
FN:12,(anonymous_2)
FN:26,(anonymous_3)
FN:27,(anonymous_4)
FNF:5
FNH:0
FNDA:0,(anonymous_0)
FNDA:0,(anonymous_1)
FNDA:0,(anonymous_2)
FNDA:0,(anonymous_3)
FNDA:0,(anonymous_4)
DA:1,0
DA:5,0
DA:6,0
DA:8,0
DA:9,0
DA:12,0
DA:14,0
DA:17,0
DA:18,0
DA:19,0
DA:21,0
DA:22,0
DA:26,0
DA:27,0
DA:30,0
LF:15
LH:0
BRDA:9,0,0,0
BRDA:9,0,1,0
BRDA:17,1,0,0
BRDA:17,1,1,0
BRDA:27,2,0,0
BRDA:27,2,1,0
BRF:6
BRH:0
end_of_record
TN:
SF:src\hooks\useUserCredits.tsx
FN:9,useUserCredits
FN:14,(anonymous_1)
FNF:2
FNH:0
FNDA:0,useUserCredits
FNDA:0,(anonymous_1)
DA:1,0
DA:3,0
DA:9,0
DA:10,0
DA:15,0
DA:16,0
DA:18,0
DA:25,0
DA:26,0
DA:28,0
DA:32,0
DA:40,0
LF:12
LH:0
BRDA:15,0,0,0
BRDA:25,1,0,0
BRDA:28,2,0,0
BRDA:28,2,1,0
BRDA:33,3,0,0
BRDA:33,3,1,0
BRDA:35,4,0,0
BRDA:35,4,1,0
BRF:8
BRH:0
end_of_record
TN:
SF:src\lib\supabase.ts
FNF:0
FNH:0
DA:2,0
DA:5,0
DA:6,0
DA:8,0
DA:14,0
DA:15,0
DA:16,0
DA:21,0
DA:23,0
LF:9
LH:0
BRDA:9,0,0,0
BRDA:9,0,1,0
BRDA:10,1,0,0
BRDA:10,1,1,0
BRDA:14,2,0,0
BRDA:14,3,0,0
BRDA:14,3,1,0
BRF:7
BRH:0
end_of_record
TN:
SF:src\listeners\CoachListener.ts
FN:15,(anonymous_0)
FN:22,(anonymous_1)
FN:37,(anonymous_2)
FN:38,(anonymous_3)
FN:48,(anonymous_4)
FN:74,(anonymous_5)
FN:102,(anonymous_6)
FN:132,(anonymous_7)
FN:159,(anonymous_8)
FN:167,(anonymous_9)
FN:177,(anonymous_10)
FN:185,(anonymous_11)
FN:193,(anonymous_12)
FN:201,(anonymous_13)
FN:208,(anonymous_14)
FN:221,(anonymous_15)
FN:244,(anonymous_16)
FN:251,(anonymous_17)
FN:258,(anonymous_18)
FN:262,(anonymous_19)
FN:278,(anonymous_20)
FN:291,(anonymous_21)
FN:296,(anonymous_22)
FN:301,(anonymous_23)
FN:306,(anonymous_24)
FN:307,(anonymous_25)
FN:323,(anonymous_26)
FN:331,(anonymous_27)
FN:341,(anonymous_28)
FNF:29
FNH:0
FNDA:0,(anonymous_0)
FNDA:0,(anonymous_1)
FNDA:0,(anonymous_2)
FNDA:0,(anonymous_3)
FNDA:0,(anonymous_4)
FNDA:0,(anonymous_5)
FNDA:0,(anonymous_6)
FNDA:0,(anonymous_7)
FNDA:0,(anonymous_8)
FNDA:0,(anonymous_9)
FNDA:0,(anonymous_10)
FNDA:0,(anonymous_11)
FNDA:0,(anonymous_12)
FNDA:0,(anonymous_13)
FNDA:0,(anonymous_14)
FNDA:0,(anonymous_15)
FNDA:0,(anonymous_16)
FNDA:0,(anonymous_17)
FNDA:0,(anonymous_18)
FNDA:0,(anonymous_19)
FNDA:0,(anonymous_20)
FNDA:0,(anonymous_21)
FNDA:0,(anonymous_22)
FNDA:0,(anonymous_23)
FNDA:0,(anonymous_24)
FNDA:0,(anonymous_25)
FNDA:0,(anonymous_26)
FNDA:0,(anonymous_27)
FNDA:0,(anonymous_28)
DA:2,0
DA:3,0
DA:4,0
DA:10,0
DA:12,0
DA:13,0
DA:16,0
DA:23,0
DA:24,0
DA:25,0
DA:28,0
DA:29,0
DA:31,0
DA:38,0
DA:39,0
DA:40,0
DA:42,0
DA:50,0
DA:54,0
DA:57,0
DA:61,0
DA:64,0
DA:68,0
DA:75,0
DA:77,0
DA:85,0
DA:88,0
DA:91,0
DA:94,0
DA:96,0
DA:103,0
DA:105,0
DA:113,0
DA:116,0
DA:117,0
DA:121,0
DA:124,0
DA:126,0
DA:133,0
DA:135,0
DA:143,0
DA:146,0
DA:149,0
DA:152,0
DA:154,0
DA:165,0
DA:167,0
DA:168,0
DA:179,0
DA:187,0
DA:195,0
DA:202,0
DA:205,0
DA:208,0
DA:209,0
DA:218,0
DA:222,0
DA:223,0
DA:225,0
DA:226,0
DA:229,0
DA:240,0
DA:246,0
DA:253,0
DA:254,0
DA:260,0
DA:261,0
DA:262,0
DA:265,0
DA:266,0
DA:279,0
DA:280,0
DA:282,0
DA:283,0
DA:285,0
DA:286,0
DA:288,0
DA:293,0
DA:298,0
DA:303,0
DA:307,0
DA:309,0
DA:311,0
DA:325,0
DA:336,0
DA:341,0
DA:347,0
LF:87
LH:0
BRDA:23,0,0,0
BRDA:116,1,0,0
BRDA:225,2,0,0
BRDA:253,3,0,0
BRDA:262,4,0,0
BRDA:262,4,1,0
BRDA:265,5,0,0
BRDA:279,6,0,0
BRDA:282,7,0,0
BRDA:285,8,0,0
BRF:10
BRH:0
end_of_record
TN:
SF:src\listeners\SessionListener.ts
FN:15,(anonymous_0)
FN:22,(anonymous_1)
FN:37,(anonymous_2)
FN:38,(anonymous_3)
FN:48,(anonymous_4)
FN:81,(anonymous_5)
FN:110,(anonymous_6)
FN:136,(anonymous_7)
FN:167,(anonymous_8)
FN:195,(anonymous_9)
FN:237,(anonymous_10)
FN:240,(anonymous_11)
FN:253,(anonymous_12)
FN:265,(anonymous_13)
FN:270,(anonymous_14)
FN:275,(anonymous_15)
FN:280,(anonymous_16)
FN:287,(anonymous_17)
FN:290,(anonymous_18)
FN:306,(anonymous_19)
FN:311,(anonymous_20)
FN:316,(anonymous_21)
FN:321,(anonymous_22)
FN:329,(anonymous_23)
FN:339,(anonymous_24)
FNF:25
FNH:0
FNDA:0,(anonymous_0)
FNDA:0,(anonymous_1)
FNDA:0,(anonymous_2)
FNDA:0,(anonymous_3)
FNDA:0,(anonymous_4)
FNDA:0,(anonymous_5)
FNDA:0,(anonymous_6)
FNDA:0,(anonymous_7)
FNDA:0,(anonymous_8)
FNDA:0,(anonymous_9)
FNDA:0,(anonymous_10)
FNDA:0,(anonymous_11)
FNDA:0,(anonymous_12)
FNDA:0,(anonymous_13)
FNDA:0,(anonymous_14)
FNDA:0,(anonymous_15)
FNDA:0,(anonymous_16)
FNDA:0,(anonymous_17)
FNDA:0,(anonymous_18)
FNDA:0,(anonymous_19)
FNDA:0,(anonymous_20)
FNDA:0,(anonymous_21)
FNDA:0,(anonymous_22)
FNDA:0,(anonymous_23)
FNDA:0,(anonymous_24)
DA:2,0
DA:3,0
DA:4,0
DA:10,0
DA:12,0
DA:13,0
DA:16,0
DA:23,0
DA:24,0
DA:25,0
DA:28,0
DA:29,0
DA:31,0
DA:38,0
DA:39,0
DA:40,0
DA:42,0
DA:50,0
DA:54,0
DA:57,0
DA:61,0
DA:64,0
DA:68,0
DA:71,0
DA:75,0
DA:82,0
DA:84,0
DA:93,0
DA:96,0
DA:99,0
DA:102,0
DA:104,0
DA:111,0
DA:113,0
DA:122,0
DA:125,0
DA:128,0
DA:130,0
DA:137,0
DA:139,0
DA:148,0
DA:151,0
DA:154,0
DA:155,0
DA:159,0
DA:161,0
DA:168,0
DA:170,0
DA:179,0
DA:182,0
DA:185,0
DA:188,0
DA:190,0
DA:201,0
DA:202,0
DA:205,0
DA:206,0
DA:207,0
DA:208,0
DA:221,0
DA:222,0
DA:223,0
DA:224,0
DA:239,0
DA:241,0
DA:259,0
DA:267,0
DA:272,0
DA:277,0
DA:282,0
DA:283,0
DA:289,0
DA:291,0
DA:308,0
DA:313,0
DA:318,0
DA:323,0
DA:334,0
DA:339,0
DA:345,0
LF:80
LH:0
BRDA:23,0,0,0
BRDA:154,1,0,0
BRDA:206,2,0,0
BRDA:222,3,0,0
BRDA:282,4,0,0
BRDA:282,5,0,0
BRDA:282,5,1,0
BRF:7
BRH:0
end_of_record
TN:
SF:src\listeners\index.ts
FN:2,(anonymous_0)
FN:2,(anonymous_1)
FN:3,(anonymous_2)
FN:3,(anonymous_3)
FNF:4
FNH:0
FNDA:0,(anonymous_0)
FNDA:0,(anonymous_1)
FNDA:0,(anonymous_2)
FNDA:0,(anonymous_3)
DA:2,0
DA:3,0
LF:2
LH:0
BRF:0
BRH:0
end_of_record
TN:
SF:src\logging\index.ts
FNF:0
FNH:0
DA:2,0
LF:1
LH:0
BRF:0
BRH:0
end_of_record
TN:
SF:src\logging\logger.ts
FN:5,(anonymous_0)
FN:47,(anonymous_1)
FN:52,(anonymous_2)
FN:56,(anonymous_3)
FN:126,(anonymous_4)
FN:150,(anonymous_5)
FN:156,(anonymous_6)
FN:160,(anonymous_7)
FN:167,(anonymous_8)
FN:174,(anonymous_9)
FN:195,(anonymous_10)
FN:211,(anonymous_11)
FN:215,(anonymous_12)
FN:219,(anonymous_13)
FN:253,(anonymous_14)
FN:254,(anonymous_15)
FN:264,(anonymous_16)
FN:269,(anonymous_17)
FN:274,(anonymous_18)
FN:279,(anonymous_19)
FN:284,(anonymous_20)
FN:290,(anonymous_21)
FN:298,(anonymous_22)
FN:310,(anonymous_23)
FN:322,(anonymous_24)
FN:335,setupGlobalErrorHandling
FN:337,(anonymous_26)
FN:350,(anonymous_27)
FNF:28
FNH:0
FNDA:0,(anonymous_0)
FNDA:0,(anonymous_1)
FNDA:0,(anonymous_2)
FNDA:0,(anonymous_3)
FNDA:0,(anonymous_4)
FNDA:0,(anonymous_5)
FNDA:0,(anonymous_6)
FNDA:0,(anonymous_7)
FNDA:0,(anonymous_8)
FNDA:0,(anonymous_9)
FNDA:0,(anonymous_10)
FNDA:0,(anonymous_11)
FNDA:0,(anonymous_12)
FNDA:0,(anonymous_13)
FNDA:0,(anonymous_14)
FNDA:0,(anonymous_15)
FNDA:0,(anonymous_16)
FNDA:0,(anonymous_17)
FNDA:0,(anonymous_18)
FNDA:0,(anonymous_19)
FNDA:0,(anonymous_20)
FNDA:0,(anonymous_21)
FNDA:0,(anonymous_22)
FNDA:0,(anonymous_23)
FNDA:0,(anonymous_24)
FNDA:0,setupGlobalErrorHandling
FNDA:0,(anonymous_26)
FNDA:0,(anonymous_27)
DA:2,0
DA:5,0
DA:6,0
DA:7,0
DA:8,0
DA:9,0
DA:10,0
DA:48,0
DA:49,0
DA:53,0
DA:57,0
DA:58,0
DA:61,0
DA:62,0
DA:63,0
DA:66,0
DA:68,0
DA:69,0
DA:72,0
DA:75,0
DA:77,0
DA:78,0
DA:81,0
DA:82,0
DA:85,0
DA:86,0
DA:90,0
DA:92,0
DA:94,0
DA:96,0
DA:99,0
DA:100,0
DA:103,0
DA:104,0
DA:108,0
DA:112,0
DA:116,0
DA:122,0
DA:127,0
DA:129,0
DA:131,0
DA:133,0
DA:135,0
DA:137,0
DA:139,0
DA:151,0
DA:152,0
DA:153,0
DA:157,0
DA:161,0
DA:162,0
DA:166,0
DA:167,0
DA:169,0
DA:175,0
DA:176,0
DA:192,0
DA:193,0
DA:197,0
DA:200,0
DA:201,0
DA:212,0
DA:216,0
DA:225,0
DA:233,0
DA:234,0
DA:241,0
DA:242,0
DA:243,0
DA:250,0
DA:254,0
DA:255,0
DA:256,0
DA:259,0
DA:265,0
DA:266,0
DA:270,0
DA:271,0
DA:275,0
DA:276,0
DA:280,0
DA:281,0
DA:285,0
DA:286,0
DA:291,0
DA:303,0
DA:315,0
DA:323,0
DA:332,0
DA:335,0
DA:337,0
DA:338,0
DA:350,0
DA:351,0
LF:94
LH:0
BRDA:5,0,0,0
BRDA:5,0,1,0
BRDA:47,1,0,0
BRDA:49,2,0,0
BRDA:49,2,1,0
BRDA:57,3,0,0
BRDA:68,4,0,0
BRDA:69,5,0,0
BRDA:69,5,1,0
BRDA:77,6,0,0
BRDA:81,7,0,0
BRDA:85,8,0,0
BRDA:90,9,0,0
BRDA:90,9,1,0
BRDA:90,9,2,0
BRDA:90,9,3,0
BRDA:90,9,4,0
BRDA:92,10,0,0
BRDA:99,11,0,0
BRDA:99,11,1,0
BRDA:116,12,0,0
BRDA:117,13,0,0
BRDA:117,13,1,0
BRDA:117,13,2,0
BRDA:117,13,3,0
BRDA:127,14,0,0
BRDA:127,14,1,0
BRDA:127,14,2,0
BRDA:127,14,3,0
BRDA:127,14,4,0
BRDA:127,14,5,0
BRDA:150,15,0,0
BRDA:161,16,0,0
BRDA:166,17,0,0
BRDA:197,18,0,0
BRDA:197,18,1,0
BRDA:200,19,0,0
BRDA:200,20,0,0
BRDA:200,20,1,0
BRDA:204,21,0,0
BRDA:204,21,1,0
BRDA:230,22,0,0
BRDA:230,22,1,0
BRDA:233,23,0,0
BRDA:241,24,0,0
BRDA:353,25,0,0
BRDA:353,25,1,0
BRF:47
BRH:0
end_of_record
TN:
SF:src\middleware\authInterceptor.ts
FN:19,(anonymous_0)
FN:24,(anonymous_1)
FN:31,(anonymous_2)
FN:52,(anonymous_3)
FN:53,(anonymous_4)
FN:76,(anonymous_5)
FN:77,(anonymous_6)
FN:92,(anonymous_7)
FN:157,(anonymous_8)
FN:163,(anonymous_9)
FN:165,(anonymous_10)
FN:212,(anonymous_11)
FN:219,(anonymous_12)
FN:226,(anonymous_13)
FN:233,(anonymous_14)
FN:247,(anonymous_15)
FNF:16
FNH:0
FNDA:0,(anonymous_0)
FNDA:0,(anonymous_1)
FNDA:0,(anonymous_2)
FNDA:0,(anonymous_3)
FNDA:0,(anonymous_4)
FNDA:0,(anonymous_5)
FNDA:0,(anonymous_6)
FNDA:0,(anonymous_7)
FNDA:0,(anonymous_8)
FNDA:0,(anonymous_9)
FNDA:0,(anonymous_10)
FNDA:0,(anonymous_11)
FNDA:0,(anonymous_12)
FNDA:0,(anonymous_13)
FNDA:0,(anonymous_14)
FNDA:0,(anonymous_15)
DA:2,0
DA:3,0
DA:4,0
DA:9,0
DA:11,0
DA:12,0
DA:13,0
DA:14,0
DA:20,0
DA:21,0
DA:25,0
DA:26,0
DA:28,0
DA:32,0
DA:35,0
DA:36,0
DA:37,0
DA:38,0
DA:39,0
DA:45,0
DA:53,0
DA:54,0
DA:60,0
DA:61,0
DA:62,0
DA:65,0
DA:67,0
DA:68,0
DA:71,0
DA:77,0
DA:78,0
DA:79,0
DA:81,0
DA:85,0
DA:86,0
DA:93,0
DA:95,0
DA:102,0
DA:103,0
DA:104,0
DA:108,0
DA:109,0
DA:111,0
DA:116,0
DA:117,0
DA:120,0
DA:121,0
DA:127,0
DA:128,0
DA:132,0
DA:133,0
DA:139,0
DA:146,0
DA:148,0
DA:153,0
DA:162,0
DA:163,0
DA:164,0
DA:166,0
DA:173,0
DA:175,0
DA:176,0
DA:180,0
DA:181,0
DA:184,0
DA:185,0
DA:187,0
DA:193,0
DA:196,0
DA:197,0
DA:199,0
DA:204,0
DA:205,0
DA:213,0
DA:220,0
DA:227,0
DA:234,0
DA:235,0
DA:236,0
DA:244,0
DA:247,0
DA:248,0
LF:82
LH:0
BRDA:25,0,0,0
BRDA:36,1,0,0
BRDA:60,2,0,0
BRDA:60,2,1,0
BRDA:78,3,0,0
BRDA:78,3,1,0
BRDA:92,4,0,0
BRDA:103,5,0,0
BRDA:120,6,0,0
BRDA:120,7,0,0
BRDA:120,7,1,0
BRDA:132,8,0,0
BRDA:132,8,1,0
BRDA:162,9,0,0
BRDA:180,10,0,0
BRDA:180,11,0,0
BRDA:180,11,1,0
BRDA:212,12,0,0
BRF:18
BRH:0
end_of_record
TN:
SF:src\middleware\enhancedRequestLogger.ts
FN:53,(anonymous_0)
FN:71,(anonymous_1)
FN:78,(anonymous_2)
FN:88,(anonymous_3)
FN:130,(anonymous_4)
FN:161,(anonymous_5)
FN:246,(anonymous_6)
FN:282,(anonymous_7)
FN:298,(anonymous_8)
FN:304,(anonymous_9)
FN:319,(anonymous_10)
FN:326,(anonymous_11)
FN:346,(anonymous_12)
FN:348,(anonymous_13)
FN:358,(anonymous_14)
FN:365,(anonymous_15)
FN:376,(anonymous_16)
FN:378,(anonymous_17)
FN:390,(anonymous_18)
FNF:19
FNH:0
FNDA:0,(anonymous_0)
FNDA:0,(anonymous_1)
FNDA:0,(anonymous_2)
FNDA:0,(anonymous_3)
FNDA:0,(anonymous_4)
FNDA:0,(anonymous_5)
FNDA:0,(anonymous_6)
FNDA:0,(anonymous_7)
FNDA:0,(anonymous_8)
FNDA:0,(anonymous_9)
FNDA:0,(anonymous_10)
FNDA:0,(anonymous_11)
FNDA:0,(anonymous_12)
FNDA:0,(anonymous_13)
FNDA:0,(anonymous_14)
FNDA:0,(anonymous_15)
FNDA:0,(anonymous_16)
FNDA:0,(anonymous_17)
FNDA:0,(anonymous_18)
DA:14,0
DA:53,0
DA:54,0
DA:55,0
DA:56,0
DA:57,0
DA:63,0
DA:65,0
DA:66,0
DA:67,0
DA:68,0
DA:72,0
DA:79,0
DA:80,0
DA:82,0
DA:95,0
DA:96,0
DA:99,0
DA:109,0
DA:122,0
DA:123,0
DA:135,0
DA:136,0
DA:137,0
DA:140,0
DA:143,0
DA:144,0
DA:146,0
DA:154,0
DA:155,0
DA:168,0
DA:169,0
DA:170,0
DA:172,0
DA:173,0
DA:186,0
DA:187,0
DA:200,0
DA:201,0
DA:215,0
DA:231,0
DA:232,0
DA:252,0
DA:260,0
DA:263,0
DA:264,0
DA:268,0
DA:269,0
DA:283,0
DA:284,0
DA:286,0
DA:287,0
DA:289,0
DA:290,0
DA:292,0
DA:299,0
DA:300,0
DA:302,0
DA:304,0
DA:305,0
DA:306,0
DA:310,0
DA:312,0
DA:320,0
DA:327,0
DA:328,0
DA:330,0
DA:331,0
DA:332,0
DA:338,0
DA:347,0
DA:349,0
DA:363,0
DA:364,0
DA:365,0
DA:368,0
DA:369,0
DA:376,0
DA:377,0
DA:378,0
DA:380,0
DA:391,0
DA:392,0
DA:394,0
DA:395,0
DA:400,0
LF:86
LH:0
BRDA:53,0,0,0
BRDA:53,0,1,0
BRDA:79,1,0,0
BRDA:122,2,0,0
BRDA:136,3,0,0
BRDA:144,4,0,0
BRDA:144,4,1,0
BRDA:172,5,0,0
BRDA:172,5,1,0
BRDA:186,6,0,0
BRDA:186,6,1,0
BRDA:200,7,0,0
BRDA:200,7,1,0
BRDA:231,8,0,0
BRDA:263,9,0,0
BRDA:268,10,0,0
BRDA:283,11,0,0
BRDA:286,12,0,0
BRDA:289,13,0,0
BRDA:305,14,0,0
BRDA:331,15,0,0
BRDA:368,16,0,0
BRDA:391,17,0,0
BRF:23
BRH:0
end_of_record
TN:
SF:src\middleware\errorHandlerMiddleware.ts
FN:7,(anonymous_0)
FNF:1
FNH:0
FNDA:0,(anonymous_0)
DA:2,0
DA:3,0
DA:7,0
DA:11,0
DA:12,0
DA:17,0
DA:21,0
DA:22,0
DA:24,0
LF:9
LH:0
BRDA:9,0,0,0
BRDA:11,1,0,0
BRDA:21,2,0,0
BRDA:21,2,1,0
BRF:4
BRH:0
end_of_record
TN:
SF:src\middleware\permissionsMiddleware.ts
FN:10,(anonymous_0)
FN:77,(anonymous_1)
FN:169,(anonymous_2)
FN:182,(anonymous_3)
FN:194,(anonymous_4)
FN:195,(anonymous_5)
FN:209,(anonymous_6)
FN:210,(anonymous_7)
FN:224,(anonymous_8)
FN:231,(anonymous_9)
FN:264,RequirePermission
FN:265,(anonymous_11)
FN:268,(anonymous_12)
FNF:13
FNH:0
FNDA:0,(anonymous_0)
FNDA:0,(anonymous_1)
FNDA:0,(anonymous_2)
FNDA:0,(anonymous_3)
FNDA:0,(anonymous_4)
FNDA:0,(anonymous_5)
FNDA:0,(anonymous_6)
FNDA:0,(anonymous_7)
FNDA:0,(anonymous_8)
FNDA:0,(anonymous_9)
FNDA:0,RequirePermission
FNDA:0,(anonymous_11)
FNDA:0,(anonymous_12)
DA:3,0
DA:10,0
DA:12,0
DA:13,0
DA:14,0
DA:17,0
DA:18,0
DA:19,0
DA:22,0
DA:23,0
DA:24,0
DA:27,0
DA:28,0
DA:29,0
DA:35,0
DA:73,0
DA:78,0
DA:80,0
DA:81,0
DA:84,0
DA:91,0
DA:93,0
DA:94,0
DA:101,0
DA:108,0
DA:110,0
DA:111,0
DA:120,0
DA:128,0
DA:129,0
DA:130,0
DA:137,0
DA:145,0
DA:153,0
DA:155,0
DA:159,0
DA:170,0
DA:171,0
DA:172,0
DA:173,0
DA:176,0
DA:183,0
DA:184,0
DA:185,0
DA:188,0
DA:195,0
DA:196,0
DA:198,0
DA:199,0
DA:202,0
DA:210,0
DA:211,0
DA:213,0
DA:214,0
DA:217,0
DA:225,0
DA:239,0
DA:240,0
DA:244,0
DA:245,0
DA:257,0
DA:264,0
DA:265,0
DA:266,0
DA:268,0
DA:269,0
DA:271,0
DA:272,0
DA:275,0
DA:278,0
DA:282,0
LF:71
LH:0
BRDA:10,0,0,0
BRDA:10,0,1,0
BRDA:80,1,0,0
BRDA:80,2,0,0
BRDA:80,2,1,0
BRDA:93,3,0,0
BRDA:110,4,0,0
BRDA:128,5,0,0
BRDA:128,6,0,0
BRDA:128,6,1,0
BRDA:129,7,0,0
BRDA:172,8,0,0
BRDA:184,9,0,0
BRDA:198,10,0,0
BRDA:199,11,0,0
BRDA:199,11,1,0
BRDA:213,12,0,0
BRDA:214,13,0,0
BRDA:214,13,1,0
BRDA:225,14,0,0
BRDA:225,14,1,0
BRDA:239,15,0,0
BRDA:244,16,0,0
BRDA:244,17,0,0
BRDA:244,17,1,0
BRDA:271,18,0,0
BRF:26
BRH:0
end_of_record
TN:
SF:src\middleware\examples\middlewareExamples.ts
FN:14,createMockUser
FN:59,exampleBasicPermissions
FN:76,(anonymous_2)
FN:88,(anonymous_3)
FN:104,exampleRequestLogging
FN:121,(anonymous_5)
FN:134,exampleErrorLogging
FN:146,(anonymous_7)
FN:159,examplePerformanceMonitoring
FN:173,(anonymous_9)
FN:211,(anonymous_10)
FN:225,exampleIntegratedMiddleware
FN:279,getUIPermissions
FN:292,runAllExamples
FNF:14
FNH:0
FNDA:0,createMockUser
FNDA:0,exampleBasicPermissions
FNDA:0,(anonymous_2)
FNDA:0,(anonymous_3)
FNDA:0,exampleRequestLogging
FNDA:0,(anonymous_5)
FNDA:0,exampleErrorLogging
FNDA:0,(anonymous_7)
FNDA:0,examplePerformanceMonitoring
FNDA:0,(anonymous_9)
FNDA:0,(anonymous_10)
FNDA:0,exampleIntegratedMiddleware
FNDA:0,getUIPermissions
FNDA:0,runAllExamples
DA:7,0
DA:8,0
DA:9,0
DA:15,0
DA:17,0
DA:18,0
DA:19,0
DA:20,0
DA:22,0
DA:25,0
DA:27,0
DA:36,0
DA:45,0
DA:59,0
DA:60,0
DA:63,0
DA:65,0
DA:66,0
DA:68,0
DA:75,0
DA:78,0
DA:80,0
DA:81,0
DA:84,0
DA:85,0
DA:90,0
DA:92,0
DA:93,0
DA:96,0
DA:97,0
DA:104,0
DA:105,0
DA:106,0
DA:112,0
DA:121,0
DA:122,0
DA:127,0
DA:134,0
DA:135,0
DA:138,0
DA:146,0
DA:147,0
DA:152,0
DA:159,0
DA:161,0
DA:163,0
DA:164,0
DA:165,0
DA:166,0
DA:178,0
DA:180,0
DA:181,0
DA:183,0
DA:184,0
DA:186,0
DA:187,0
DA:189,0
DA:194,0
DA:195,0
DA:197,0
DA:202,0
DA:207,0
DA:215,0
DA:225,0
DA:226,0
DA:229,0
DA:231,0
DA:232,0
DA:233,0
DA:237,0
DA:238,0
DA:245,0
DA:247,0
DA:253,0
DA:258,0
DA:259,0
DA:260,0
DA:262,0
DA:267,0
DA:272,0
DA:279,0
DA:280,0
DA:292,0
DA:293,0
DA:296,0
DA:299,0
DA:300,0
DA:303,0
DA:306,0
DA:307,0
DA:309,0
DA:310,0
DA:311,0
DA:312,0
DA:313,0
DA:316,0
DA:317,0
DA:319,0
DA:322,0
DA:326,0
DA:327,0
LF:101
LH:0
BRDA:17,0,0,0
BRDA:17,0,1,0
BRDA:19,1,0,0
BRDA:19,1,1,0
BRDA:25,2,0,0
BRDA:25,2,1,0
BRDA:25,2,2,0
BRDA:65,3,0,0
BRDA:65,3,1,0
BRDA:80,4,0,0
BRDA:92,5,0,0
BRDA:180,6,0,0
BRDA:205,7,0,0
BRDA:205,7,1,0
BRDA:231,8,0,0
BRDA:270,9,0,0
BRDA:270,9,1,0
BRDA:326,10,0,0
BRF:18
BRH:0
end_of_record
TN:
SF:src\models\Coach.ts
FN:7,(anonymous_0)
FN:16,(anonymous_1)
FN:20,(anonymous_2)
FNF:3
FNH:3
FNDA:41,(anonymous_0)
FNDA:12,(anonymous_1)
FNDA:6,(anonymous_2)
DA:3,3
DA:4,41
DA:5,41
DA:8,41
DA:9,41
DA:10,41
DA:11,41
DA:12,41
DA:13,41
DA:17,12
DA:21,6
DA:22,6
LF:12
LH:12
BRDA:13,0,0,30
BRDA:17,1,0,12
BRDA:17,1,1,10
BRF:3
BRH:3
end_of_record
TN:
SF:src\models\User.ts
FN:6,(anonymous_0)
FN:15,(anonymous_1)
FNF:2
FNH:2
FNDA:29,(anonymous_0)
FNDA:12,(anonymous_1)
DA:5,3
DA:7,29
DA:8,29
DA:9,29
DA:10,29
DA:11,29
DA:12,29
DA:16,12
LF:8
LH:8
BRF:0
BRH:0
end_of_record
TN:
SF:src\models\index.ts
FN:4,(anonymous_0)
FN:5,(anonymous_1)
FNF:2
FNH:0
FNDA:0,(anonymous_0)
FNDA:0,(anonymous_1)
DA:4,0
DA:5,0
LF:2
LH:0
BRF:0
BRH:0
end_of_record
TN:
SF:src\services\PaymentService.ts
FN:7,(anonymous_0)
FN:16,(anonymous_1)
FNF:2
FNH:2
FNDA:15,(anonymous_0)
FNDA:15,(anonymous_1)
DA:2,1
DA:3,1
DA:5,1
DA:8,15
DA:13,15
DA:16,15
DA:18,12
DA:23,3
DA:29,3
LF:9
LH:9
BRF:0
BRH:0
end_of_record
TN:
SF:src\services\SessionService.ts
FN:14,createSessionAndConsumeCredit
FNF:1
FNH:1
FNDA:12,createSessionAndConsumeCredit
DA:2,1
DA:3,1
DA:4,1
DA:14,1
DA:18,12
DA:23,12
DA:25,12
DA:33,12
DA:34,2
DA:37,10
DA:38,2
DA:41,8
DA:42,3
DA:49,5
DA:55,5
DA:56,0
DA:60,5
DA:66,0
DA:68,0
DA:69,0
DA:70,0
DA:75,0
DA:83,0
DA:86,0
DA:95,0
DA:97,12
DA:104,12
DA:105,0
DA:107,0
LF:29
LH:18
BRDA:33,0,0,2
BRDA:37,1,0,2
BRDA:41,2,0,3
BRDA:41,3,0,8
BRDA:41,3,1,1
BRDA:55,4,0,0
BRDA:66,5,0,0
BRDA:104,6,0,0
BRDA:104,6,1,0
BRF:9
BRH:5
end_of_record
TN:
SF:src\services\api\coachApi.ts
FN:10,mapToCoach
FN:24,getAllCoaches
FN:56,getCoachById
FN:93,getAllCoachesWithFallback
FNF:4
FNH:0
FNDA:0,mapToCoach
FNDA:0,getAllCoaches
FNDA:0,getCoachById
FNDA:0,getAllCoachesWithFallback
DA:2,0
DA:3,0
DA:4,0
DA:5,0
DA:11,0
DA:24,0
DA:25,0
DA:26,0
DA:28,0
DA:33,0
DA:34,0
DA:37,0
DA:39,0
DA:43,0
DA:45,0
DA:49,0
DA:56,0
DA:57,0
DA:58,0
DA:60,0
DA:62,0
DA:63,0
DA:64,0
DA:66,0
DA:69,0
DA:71,0
DA:75,0
DA:82,0
DA:93,0
DA:94,0
DA:96,0
DA:98,0
DA:104,0
DA:108,0
LF:34
LH:0
BRDA:12,0,0,0
BRDA:12,0,1,0
BRDA:13,1,0,0
BRDA:13,1,1,0
BRDA:14,2,0,0
BRDA:14,2,1,0
BRDA:15,3,0,0
BRDA:15,3,1,0
BRDA:16,4,0,0
BRDA:16,4,1,0
BRDA:17,5,0,0
BRDA:17,5,1,0
BRDA:33,6,0,0
BRDA:37,7,0,0
BRDA:37,7,1,0
BRDA:62,8,0,0
BRDA:63,9,0,0
BRF:17
BRH:0
end_of_record
TN:
SF:src\services\api\index.ts
FNF:0
FNH:0
DA:2,0
LF:1
LH:0
BRF:0
BRH:0
end_of_record
TN:
SF:src\transformers\CoachTransformer.ts
FN:15,(anonymous_0)
FN:38,(anonymous_1)
FN:72,(anonymous_2)
FN:86,(anonymous_3)
FN:87,(anonymous_4)
FN:93,(anonymous_5)
FN:106,(anonymous_6)
FN:112,(anonymous_7)
FN:139,(anonymous_8)
FN:144,(anonymous_9)
FN:154,(anonymous_10)
FN:165,(anonymous_11)
FN:169,(anonymous_12)
FN:174,(anonymous_13)
FN:179,(anonymous_14)
FN:183,(anonymous_15)
FN:188,(anonymous_16)
FN:198,(anonymous_17)
FN:201,(anonymous_18)
FN:205,(anonymous_19)
FN:213,(anonymous_20)
FN:223,(anonymous_21)
FN:225,(anonymous_22)
FN:231,(anonymous_23)
FN:236,(anonymous_24)
FNF:25
FNH:0
FNDA:0,(anonymous_0)
FNDA:0,(anonymous_1)
FNDA:0,(anonymous_2)
FNDA:0,(anonymous_3)
FNDA:0,(anonymous_4)
FNDA:0,(anonymous_5)
FNDA:0,(anonymous_6)
FNDA:0,(anonymous_7)
FNDA:0,(anonymous_8)
FNDA:0,(anonymous_9)
FNDA:0,(anonymous_10)
FNDA:0,(anonymous_11)
FNDA:0,(anonymous_12)
FNDA:0,(anonymous_13)
FNDA:0,(anonymous_14)
FNDA:0,(anonymous_15)
FNDA:0,(anonymous_16)
FNDA:0,(anonymous_17)
FNDA:0,(anonymous_18)
FNDA:0,(anonymous_19)
FNDA:0,(anonymous_20)
FNDA:0,(anonymous_21)
FNDA:0,(anonymous_22)
FNDA:0,(anonymous_23)
FNDA:0,(anonymous_24)
DA:2,0
DA:3,0
DA:11,0
DA:16,0
DA:17,0
DA:19,0
DA:39,0
DA:40,0
DA:42,0
DA:73,0
DA:87,0
DA:94,0
DA:112,0
DA:114,0
DA:115,0
DA:119,0
DA:120,0
DA:124,0
DA:125,0
DA:129,0
DA:130,0
DA:131,0
DA:134,0
DA:141,0
DA:145,0
DA:146,0
DA:149,0
DA:150,0
DA:151,0
DA:156,0
DA:162,0
DA:166,0
DA:170,0
DA:171,0
DA:175,0
DA:176,0
DA:180,0
DA:184,0
DA:185,0
DA:189,0
DA:198,0
DA:202,0
DA:207,0
DA:208,0
DA:209,0
DA:210,0
DA:214,0
DA:224,0
DA:225,0
DA:226,0
DA:228,0
DA:233,0
DA:237,0
DA:243,0
LF:54
LH:0
BRDA:74,0,0,0
BRDA:74,0,1,0
BRDA:75,1,0,0
BRDA:75,1,1,0
BRDA:76,2,0,0
BRDA:76,2,1,0
BRDA:77,3,0,0
BRDA:77,3,1,0
BRDA:78,4,0,0
BRDA:78,4,1,0
BRDA:79,5,0,0
BRDA:79,5,1,0
BRDA:99,6,0,0
BRDA:99,6,1,0
BRDA:114,7,0,0
BRDA:114,8,0,0
BRDA:114,8,1,0
BRDA:119,9,0,0
BRDA:119,10,0,0
BRDA:119,10,1,0
BRDA:124,11,0,0
BRDA:124,12,0,0
BRDA:124,12,1,0
BRDA:130,13,0,0
BRDA:145,14,0,0
BRDA:170,15,0,0
BRDA:170,15,1,0
BRDA:198,16,0,0
BRDA:198,16,1,0
BRDA:207,17,0,0
BRDA:207,17,1,0
BRDA:243,18,0,0
BRDA:243,18,1,0
BRF:33
BRH:0
end_of_record
TN:
SF:src\transformers\SessionTransformer.ts
FN:18,(anonymous_0)
FN:35,(anonymous_1)
FN:55,(anonymous_2)
FN:70,(anonymous_3)
FN:74,(anonymous_4)
FN:83,(anonymous_5)
FN:99,(anonymous_6)
FN:132,(anonymous_7)
FN:145,(anonymous_8)
FN:146,(anonymous_9)
FN:161,(anonymous_10)
FN:198,(anonymous_11)
FN:205,(anonymous_12)
FN:213,(anonymous_13)
FN:225,(anonymous_14)
FNF:15
FNH:0
FNDA:0,(anonymous_0)
FNDA:0,(anonymous_1)
FNDA:0,(anonymous_2)
FNDA:0,(anonymous_3)
FNDA:0,(anonymous_4)
FNDA:0,(anonymous_5)
FNDA:0,(anonymous_6)
FNDA:0,(anonymous_7)
FNDA:0,(anonymous_8)
FNDA:0,(anonymous_9)
FNDA:0,(anonymous_10)
FNDA:0,(anonymous_11)
FNDA:0,(anonymous_12)
FNDA:0,(anonymous_13)
FNDA:0,(anonymous_14)
DA:14,0
DA:19,0
DA:39,0
DA:56,0
DA:74,0
DA:75,0
DA:76,0
DA:84,0
DA:86,0
DA:104,0
DA:106,0
DA:133,0
DA:146,0
DA:168,0
DA:170,0
DA:171,0
DA:174,0
DA:175,0
DA:178,0
DA:179,0
DA:185,0
DA:186,0
DA:189,0
DA:190,0
DA:193,0
DA:199,0
DA:200,0
DA:202,0
DA:207,0
DA:214,0
DA:231,0
LF:31
LH:0
BRDA:25,0,0,0
BRDA:25,0,1,0
BRDA:58,1,0,0
BRDA:58,1,1,0
BRDA:59,2,0,0
BRDA:59,2,1,0
BRDA:170,3,0,0
BRDA:174,4,0,0
BRDA:178,5,0,0
BRDA:185,6,0,0
BRDA:189,7,0,0
BRDA:202,8,0,0
BRDA:202,8,1,0
BRDA:215,9,0,0
BRDA:215,9,1,0
BRDA:215,9,2,0
BRDA:215,9,3,0
BRDA:218,10,0,0
BRDA:218,10,1,0
BRDA:229,11,0,0
BRF:20
BRH:0
end_of_record
TN:
SF:src\transformers\index.ts
FN:2,(anonymous_0)
FN:3,(anonymous_1)
FNF:2
FNH:0
FNDA:0,(anonymous_0)
FNDA:0,(anonymous_1)
DA:2,0
DA:3,0
LF:2
LH:0
BRF:0
BRH:0
end_of_record
TN:
SF:src\types\index.ts
FNF:0
FNH:0
DA:4,0
LF:1
LH:0
BRF:0
BRH:0
end_of_record
TN:
SF:src\types\dtos\index.ts
FNF:0
FNH:0
DA:2,0
DA:3,0
LF:2
LH:0
BRF:0
BRH:0
end_of_record
TN:
SF:src\utils\CacheManager.ts
FN:56,(anonymous_0)
FN:61,(anonymous_1)
FN:80,(anonymous_2)
FN:102,(anonymous_3)
FN:106,(anonymous_4)
FN:110,(anonymous_5)
FN:114,(anonymous_6)
FN:118,(anonymous_7)
FN:134,(anonymous_8)
FN:138,(anonymous_9)
FN:149,(anonymous_10)
FN:154,(anonymous_11)
FN:174,(anonymous_12)
FN:202,(anonymous_13)
FN:212,(anonymous_14)
FN:215,(anonymous_15)
FN:221,(anonymous_16)
FN:236,(anonymous_17)
FN:251,(anonymous_18)
FN:259,(anonymous_19)
FN:269,(anonymous_20)
FN:290,(anonymous_21)
FN:298,(anonymous_22)
FN:314,(anonymous_23)
FN:322,(anonymous_24)
FN:333,(anonymous_25)
FN:341,(anonymous_26)
FN:359,(anonymous_27)
FN:394,(anonymous_28)
FN:423,(anonymous_29)
FN:455,(anonymous_30)
FN:462,(anonymous_31)
FN:470,(anonymous_32)
FN:477,(anonymous_33)
FN:485,(anonymous_34)
FN:495,(anonymous_35)
FN:505,(anonymous_36)
FN:516,(anonymous_37)
FN:524,(anonymous_38)
FN:532,(anonymous_39)
FN:539,(anonymous_40)
FN:540,(anonymous_41)
FN:547,(anonymous_42)
FN:553,(anonymous_43)
FNF:44
FNH:0
FNDA:0,(anonymous_0)
FNDA:0,(anonymous_1)
FNDA:0,(anonymous_2)
FNDA:0,(anonymous_3)
FNDA:0,(anonymous_4)
FNDA:0,(anonymous_5)
FNDA:0,(anonymous_6)
FNDA:0,(anonymous_7)
FNDA:0,(anonymous_8)
FNDA:0,(anonymous_9)
FNDA:0,(anonymous_10)
FNDA:0,(anonymous_11)
FNDA:0,(anonymous_12)
FNDA:0,(anonymous_13)
FNDA:0,(anonymous_14)
FNDA:0,(anonymous_15)
FNDA:0,(anonymous_16)
FNDA:0,(anonymous_17)
FNDA:0,(anonymous_18)
FNDA:0,(anonymous_19)
FNDA:0,(anonymous_20)
FNDA:0,(anonymous_21)
FNDA:0,(anonymous_22)
FNDA:0,(anonymous_23)
FNDA:0,(anonymous_24)
FNDA:0,(anonymous_25)
FNDA:0,(anonymous_26)
FNDA:0,(anonymous_27)
FNDA:0,(anonymous_28)
FNDA:0,(anonymous_29)
FNDA:0,(anonymous_30)
FNDA:0,(anonymous_31)
FNDA:0,(anonymous_32)
FNDA:0,(anonymous_33)
FNDA:0,(anonymous_34)
FNDA:0,(anonymous_35)
FNDA:0,(anonymous_36)
FNDA:0,(anonymous_37)
FNDA:0,(anonymous_38)
FNDA:0,(anonymous_39)
FNDA:0,(anonymous_40)
FNDA:0,(anonymous_41)
FNDA:0,(anonymous_42)
FNDA:0,(anonymous_43)
DA:53,0
DA:57,0
DA:58,0
DA:62,0
DA:63,0
DA:66,0
DA:67,0
DA:70,0
DA:81,0
DA:83,0
DA:84,0
DA:87,0
DA:90,0
DA:91,0
DA:92,0
DA:96,0
DA:97,0
DA:99,0
DA:103,0
DA:107,0
DA:111,0
DA:115,0
DA:119,0
DA:120,0
DA:122,0
DA:123,0
DA:124,0
DA:125,0
DA:129,0
DA:130,0
DA:135,0
DA:139,0
DA:150,0
DA:151,0
DA:155,0
DA:156,0
DA:158,0
DA:167,0
DA:168,0
DA:170,0
DA:175,0
DA:176,0
DA:177,0
DA:178,0
DA:181,0
DA:182,0
DA:185,0
DA:186,0
DA:187,0
DA:191,0
DA:192,0
DA:193,0
DA:195,0
DA:197,0
DA:198,0
DA:203,0
DA:204,0
DA:205,0
DA:207,0
DA:208,0
DA:213,0
DA:214,0
DA:215,0
DA:217,0
DA:222,0
DA:223,0
DA:224,0
DA:225,0
DA:226,0
DA:227,0
DA:231,0
DA:233,0
DA:237,0
DA:241,0
DA:245,0
DA:246,0
DA:252,0
DA:253,0
DA:260,0
DA:261,0
DA:263,0
DA:274,0
DA:275,0
DA:278,0
DA:279,0
DA:282,0
DA:283,0
DA:291,0
DA:292,0
DA:299,0
DA:300,0
DA:302,0
DA:303,0
DA:305,0
DA:308,0
DA:315,0
DA:316,0
DA:323,0
DA:324,0
DA:326,0
DA:334,0
DA:335,0
DA:346,0
DA:348,0
DA:349,0
DA:350,0
DA:353,0
DA:360,0
DA:363,0
DA:364,0
DA:365,0
DA:366,0
DA:367,0
DA:372,0
DA:373,0
DA:374,0
DA:375,0
DA:376,0
DA:377,0
DA:378,0
DA:379,0
DA:380,0
DA:384,0
DA:388,0
DA:395,0
DA:398,0
DA:399,0
DA:401,0
DA:402,0
DA:403,0
DA:404,0
DA:409,0
DA:410,0
DA:411,0
DA:413,0
DA:417,0
DA:424,0
DA:425,0
DA:427,0
DA:428,0
DA:429,0
DA:431,0
DA:432,0
DA:433,0
DA:435,0
DA:436,0
DA:438,0
DA:441,0
DA:456,0
DA:463,0
DA:464,0
DA:471,0
DA:478,0
DA:479,0
DA:486,0
DA:496,0
DA:506,0
DA:507,0
DA:517,0
DA:518,0
DA:525,0
DA:526,0
DA:533,0
DA:540,0
DA:541,0
DA:542,0
DA:543,0
DA:547,0
DA:554,0
DA:555,0
LF:170
LH:0
BRDA:56,0,0,0
BRDA:61,1,0,0
BRDA:63,2,0,0
BRDA:63,2,1,0
BRDA:66,3,0,0
BRDA:66,4,0,0
BRDA:66,4,1,0
BRDA:83,5,0,0
BRDA:90,6,0,0
BRDA:123,7,0,0
BRDA:129,8,0,0
BRDA:135,9,0,0
BRDA:135,9,1,0
BRDA:149,10,0,0
BRDA:154,11,0,0
BRDA:156,12,0,0
BRDA:156,12,1,0
BRDA:177,13,0,0
BRDA:185,14,0,0
BRDA:226,15,0,0
BRDA:226,16,0,0
BRDA:226,16,1,0
BRDA:260,17,0,0
BRDA:274,18,0,0
BRDA:278,19,0,0
BRDA:282,20,0,0
BRDA:290,21,0,0
BRDA:291,22,0,0
BRDA:291,22,1,0
BRDA:298,23,0,0
BRDA:299,24,0,0
BRDA:299,24,1,0
BRDA:302,25,0,0
BRDA:302,25,1,0
BRDA:314,26,0,0
BRDA:315,27,0,0
BRDA:315,27,1,0
BRDA:322,28,0,0
BRDA:323,29,0,0
BRDA:323,29,1,0
BRDA:344,30,0,0
BRDA:348,31,0,0
BRDA:365,32,0,0
BRDA:365,33,0,0
BRDA:365,33,1,0
BRDA:376,34,0,0
BRDA:378,35,0,0
BRDA:378,36,0,0
BRDA:378,36,1,0
BRDA:402,37,0,0
BRDA:411,38,0,0
BRDA:432,39,0,0
BRDA:435,40,0,0
BRDA:445,41,0,0
BRDA:445,41,1,0
BRDA:462,42,0,0
BRDA:463,43,0,0
BRDA:463,43,1,0
BRDA:470,44,0,0
BRDA:477,45,0,0
BRDA:478,46,0,0
BRDA:478,46,1,0
BRDA:485,47,0,0
BRDA:495,48,0,0
BRDA:505,49,0,0
BRDA:539,50,0,0
BRDA:542,51,0,0
BRF:67
BRH:0
end_of_record
TN:
SF:src\utils\ConfigManager.ts
FN:63,(anonymous_0)
FN:71,(anonymous_1)
FN:81,(anonymous_2)
FN:116,(anonymous_3)
FN:124,(anonymous_4)
FN:144,(anonymous_5)
FN:185,(anonymous_6)
FN:191,(anonymous_7)
FN:231,(anonymous_8)
FN:241,(anonymous_9)
FN:248,(anonymous_10)
FN:256,(anonymous_11)
FN:270,(anonymous_12)
FN:316,(anonymous_13)
FN:351,(anonymous_14)
FN:366,(anonymous_15)
FN:377,(anonymous_16)
FN:418,(anonymous_17)
FN:427,(anonymous_18)
FN:438,(anonymous_19)
FN:445,(anonymous_20)
FNF:21
FNH:0
FNDA:0,(anonymous_0)
FNDA:0,(anonymous_1)
FNDA:0,(anonymous_2)
FNDA:0,(anonymous_3)
FNDA:0,(anonymous_4)
FNDA:0,(anonymous_5)
FNDA:0,(anonymous_6)
FNDA:0,(anonymous_7)
FNDA:0,(anonymous_8)
FNDA:0,(anonymous_9)
FNDA:0,(anonymous_10)
FNDA:0,(anonymous_11)
FNDA:0,(anonymous_12)
FNDA:0,(anonymous_13)
FNDA:0,(anonymous_14)
FNDA:0,(anonymous_15)
FNDA:0,(anonymous_16)
FNDA:0,(anonymous_17)
FNDA:0,(anonymous_18)
FNDA:0,(anonymous_19)
FNDA:0,(anonymous_20)
DA:54,0
DA:57,0
DA:58,0
DA:64,0
DA:72,0
DA:73,0
DA:75,0
DA:82,0
DA:83,0
DA:84,0
DA:87,0
DA:89,0
DA:92,0
DA:95,0
DA:96,0
DA:97,0
DA:101,0
DA:102,0
DA:105,0
DA:106,0
DA:108,0
DA:109,0
DA:117,0
DA:118,0
DA:125,0
DA:127,0
DA:128,0
DA:130,0
DA:131,0
DA:132,0
DA:134,0
DA:138,0
DA:145,0
DA:147,0
DA:148,0
DA:149,0
DA:152,0
DA:153,0
DA:154,0
DA:156,0
DA:160,0
DA:163,0
DA:166,0
DA:172,0
DA:173,0
DA:177,0
DA:179,0
DA:186,0
DA:188,0
DA:191,0
DA:192,0
DA:193,0
DA:195,0
DA:196,0
DA:197,0
DA:199,0
DA:201,0
DA:202,0
DA:203,0
DA:208,0
DA:211,0
DA:217,0
DA:218,0
DA:219,0
DA:223,0
DA:225,0
DA:232,0
DA:233,0
DA:234,0
DA:235,0
DA:242,0
DA:249,0
DA:250,0
DA:257,0
DA:258,0
DA:259,0
DA:260,0
DA:262,0
DA:263,0
DA:271,0
DA:272,0
DA:275,0
DA:276,0
DA:278,0
DA:279,0
DA:281,0
DA:282,0
DA:286,0
DA:287,0
DA:289,0
DA:290,0
DA:294,0
DA:295,0
DA:297,0
DA:298,0
DA:302,0
DA:303,0
DA:306,0
DA:318,0
DA:319,0
DA:321,0
DA:322,0
DA:326,0
DA:327,0
DA:329,0
DA:330,0
DA:334,0
DA:335,0
DA:338,0
DA:339,0
DA:343,0
DA:344,0
DA:352,0
DA:353,0
DA:354,0
DA:355,0
DA:356,0
DA:359,0
DA:367,0
DA:368,0
DA:370,0
DA:378,0
DA:419,0
DA:420,0
DA:428,0
DA:429,0
DA:431,0
DA:439,0
DA:446,0
LF:129
LH:0
BRDA:72,0,0,0
BRDA:82,1,0,0
BRDA:96,2,0,0
BRDA:101,3,0,0
BRDA:131,4,0,0
BRDA:131,4,1,0
BRDA:131,5,0,0
BRDA:131,5,1,0
BRDA:131,5,2,0
BRDA:153,6,0,0
BRDA:153,7,0,0
BRDA:153,7,1,0
BRDA:172,8,0,0
BRDA:191,9,0,0
BRDA:193,10,0,0
BRDA:193,10,1,0
BRDA:195,11,0,0
BRDA:195,11,1,0
BRDA:195,12,0,0
BRDA:195,12,1,0
BRDA:195,12,2,0
BRDA:196,13,0,0
BRDA:196,14,0,0
BRDA:196,14,1,0
BRDA:218,15,0,0
BRDA:262,16,0,0
BRDA:262,16,1,0
BRDA:275,17,0,0
BRDA:278,18,0,0
BRDA:281,19,0,0
BRDA:281,20,0,0
BRDA:281,20,1,0
BRDA:286,21,0,0
BRDA:289,22,0,0
BRDA:294,23,0,0
BRDA:297,24,0,0
BRDA:302,25,0,0
BRDA:302,26,0,0
BRDA:302,26,1,0
BRDA:318,27,0,0
BRDA:321,28,0,0
BRDA:326,29,0,0
BRDA:329,30,0,0
BRDA:334,31,0,0
BRDA:338,32,0,0
BRDA:343,33,0,0
BRDA:354,34,0,0
BRDA:419,35,0,0
BRF:48
BRH:0
end_of_record
TN:
SF:src\utils\arrayUtils.ts
FN:13,(anonymous_0)
FN:15,(anonymous_1)
FN:25,(anonymous_2)
FN:30,(anonymous_3)
FN:42,(anonymous_4)
FN:43,(anonymous_5)
FN:57,(anonymous_6)
FN:61,(anonymous_7)
FN:67,(anonymous_8)
FN:79,(anonymous_9)
FN:87,(anonymous_10)
FN:88,(anonymous_11)
FN:93,(anonymous_12)
FN:94,(anonymous_13)
FN:97,(anonymous_14)
FN:98,(anonymous_15)
FN:103,(anonymous_16)
FN:112,(anonymous_17)
FN:119,(anonymous_18)
FN:123,(anonymous_19)
FN:134,(anonymous_20)
FN:135,(anonymous_21)
FN:140,(anonymous_22)
FN:141,(anonymous_23)
FN:144,(anonymous_24)
FN:148,(anonymous_25)
FN:153,(anonymous_26)
FN:163,(anonymous_27)
FN:167,(anonymous_28)
FN:174,(anonymous_29)
FN:175,(anonymous_30)
FN:180,(anonymous_31)
FN:181,(anonymous_32)
FN:184,(anonymous_33)
FN:185,(anonymous_34)
FN:188,(anonymous_35)
FN:191,(anonymous_36)
FN:194,(anonymous_37)
FN:201,(anonymous_38)
FN:207,(anonymous_39)
FN:210,(anonymous_40)
FN:213,(anonymous_41)
FNF:42
FNH:37
FNDA:0,(anonymous_0)
FNDA:0,(anonymous_1)
FNDA:1,(anonymous_2)
FNDA:3,(anonymous_3)
FNDA:3,(anonymous_4)
FNDA:15,(anonymous_5)
FNDA:2,(anonymous_6)
FNDA:3,(anonymous_7)
FNDA:3,(anonymous_8)
FNDA:4,(anonymous_9)
FNDA:11,(anonymous_10)
FNDA:20,(anonymous_11)
FNDA:2,(anonymous_12)
FNDA:6,(anonymous_13)
FNDA:1,(anonymous_14)
FNDA:4,(anonymous_15)
FNDA:3,(anonymous_16)
FNDA:2,(anonymous_17)
FNDA:1,(anonymous_18)
FNDA:6,(anonymous_19)
FNDA:2,(anonymous_20)
FNDA:4,(anonymous_21)
FNDA:4,(anonymous_22)
FNDA:13,(anonymous_23)
FNDA:2,(anonymous_24)
FNDA:2,(anonymous_25)
FNDA:5,(anonymous_26)
FNDA:2,(anonymous_27)
FNDA:10,(anonymous_28)
FNDA:6,(anonymous_29)
FNDA:3,(anonymous_30)
FNDA:1,(anonymous_31)
FNDA:6,(anonymous_32)
FNDA:1,(anonymous_33)
FNDA:3,(anonymous_34)
FNDA:0,(anonymous_35)
FNDA:0,(anonymous_36)
FNDA:0,(anonymous_37)
FNDA:3,(anonymous_38)
FNDA:9,(anonymous_39)
FNDA:18,(anonymous_40)
FNDA:11,(anonymous_41)
DA:10,1
DA:16,0
DA:17,0
DA:19,0
DA:25,1
DA:29,1
DA:31,3
DA:32,3
DA:33,2
DA:35,3
DA:36,3
DA:42,1
DA:43,3
DA:44,15
DA:45,15
DA:47,15
DA:48,5
DA:50,10
DA:51,9
DA:53,1
DA:57,1
DA:58,2
DA:61,1
DA:62,3
DA:63,2
DA:66,1
DA:67,1
DA:68,3
DA:69,3
DA:70,1
DA:72,2
DA:73,2
DA:79,1
DA:80,4
DA:81,4
DA:82,7
DA:84,4
DA:87,1
DA:88,11
DA:89,20
DA:93,1
DA:94,6
DA:97,1
DA:98,4
DA:103,1
DA:104,3
DA:105,3
DA:106,15
DA:107,15
DA:109,3
DA:112,1
DA:113,2
DA:114,2
DA:119,1
DA:120,1
DA:121,1
DA:123,1
DA:124,6
DA:125,3
DA:127,3
DA:131,1
DA:134,1
DA:135,4
DA:140,1
DA:141,13
DA:144,1
DA:145,2
DA:148,1
DA:149,2
DA:150,0
DA:153,5
DA:154,2
DA:156,2
DA:157,1
DA:160,1
DA:163,1
DA:164,2
DA:165,2
DA:167,2
DA:168,10
DA:169,10
DA:170,10
DA:173,2
DA:174,6
DA:175,3
DA:180,1
DA:181,6
DA:184,1
DA:185,3
DA:188,1
DA:191,0
DA:194,1
DA:198,0
DA:201,1
DA:205,3
DA:207,3
DA:208,9
DA:210,18
DA:213,11
LF:99
LH:93
BRDA:16,0,0,0
BRDA:32,1,0,2
BRDA:42,2,0,1
BRDA:47,3,0,5
BRDA:48,4,0,1
BRDA:48,4,1,4
BRDA:50,5,0,9
BRDA:51,6,0,2
BRDA:51,6,1,7
BRDA:62,7,0,2
BRDA:69,8,0,1
BRDA:89,9,0,8
BRDA:89,9,1,12
BRDA:112,10,0,0
BRDA:124,11,0,3
BRDA:124,11,1,3
BRDA:145,12,0,2
BRDA:145,12,1,0
BRDA:149,13,0,0
BRDA:156,14,0,1
BRDA:168,15,0,10
BRDA:168,15,1,6
BRDA:196,16,0,0
BRF:23
BRH:18
end_of_record
TN:
SF:src\utils\browserUtils.ts
FN:14,(anonymous_0)
FN:16,(anonymous_1)
FN:26,(anonymous_2)
FN:28,(anonymous_3)
FN:29,(anonymous_4)
FN:30,(anonymous_5)
FN:31,(anonymous_6)
FN:32,(anonymous_7)
FN:33,(anonymous_8)
FN:34,(anonymous_9)
FN:42,(anonymous_10)
FN:43,(anonymous_11)
FN:51,(anonymous_12)
FN:93,(anonymous_13)
FN:94,(anonymous_14)
FN:95,(anonymous_15)
FN:97,(anonymous_16)
FN:114,(anonymous_17)
FN:142,(anonymous_18)
FN:158,(anonymous_19)
FN:173,(anonymous_20)
FN:182,(anonymous_21)
FN:188,(anonymous_22)
FN:190,(anonymous_23)
FN:194,(anonymous_24)
FN:200,(anonymous_25)
FN:204,(anonymous_26)
FN:224,(anonymous_27)
FN:235,(anonymous_28)
FN:243,(anonymous_29)
FN:255,(anonymous_30)
FN:267,(anonymous_31)
FN:279,(anonymous_32)
FN:292,(anonymous_33)
FN:306,(anonymous_34)
FN:310,(anonymous_35)
FN:319,(anonymous_36)
FN:321,(anonymous_37)
FN:324,(anonymous_38)
FN:329,(anonymous_39)
FN:330,(anonymous_40)
FN:332,(anonymous_41)
FN:338,(anonymous_42)
FN:340,(anonymous_43)
FN:345,(anonymous_44)
FN:346,(anonymous_45)
FN:355,(anonymous_46)
FN:362,(anonymous_47)
FN:367,(anonymous_48)
FN:368,(anonymous_49)
FN:375,(anonymous_50)
FNF:51
FNH:0
FNDA:0,(anonymous_0)
FNDA:0,(anonymous_1)
FNDA:0,(anonymous_2)
FNDA:0,(anonymous_3)
FNDA:0,(anonymous_4)
FNDA:0,(anonymous_5)
FNDA:0,(anonymous_6)
FNDA:0,(anonymous_7)
FNDA:0,(anonymous_8)
FNDA:0,(anonymous_9)
FNDA:0,(anonymous_10)
FNDA:0,(anonymous_11)
FNDA:0,(anonymous_12)
FNDA:0,(anonymous_13)
FNDA:0,(anonymous_14)
FNDA:0,(anonymous_15)
FNDA:0,(anonymous_16)
FNDA:0,(anonymous_17)
FNDA:0,(anonymous_18)
FNDA:0,(anonymous_19)
FNDA:0,(anonymous_20)
FNDA:0,(anonymous_21)
FNDA:0,(anonymous_22)
FNDA:0,(anonymous_23)
FNDA:0,(anonymous_24)
FNDA:0,(anonymous_25)
FNDA:0,(anonymous_26)
FNDA:0,(anonymous_27)
FNDA:0,(anonymous_28)
FNDA:0,(anonymous_29)
FNDA:0,(anonymous_30)
FNDA:0,(anonymous_31)
FNDA:0,(anonymous_32)
FNDA:0,(anonymous_33)
FNDA:0,(anonymous_34)
FNDA:0,(anonymous_35)
FNDA:0,(anonymous_36)
FNDA:0,(anonymous_37)
FNDA:0,(anonymous_38)
FNDA:0,(anonymous_39)
FNDA:0,(anonymous_40)
FNDA:0,(anonymous_41)
FNDA:0,(anonymous_42)
FNDA:0,(anonymous_43)
FNDA:0,(anonymous_44)
FNDA:0,(anonymous_45)
FNDA:0,(anonymous_46)
FNDA:0,(anonymous_47)
FNDA:0,(anonymous_48)
FNDA:0,(anonymous_49)
FNDA:0,(anonymous_50)
DA:11,0
DA:17,0
DA:18,0
DA:20,0
DA:26,0
DA:27,0
DA:28,0
DA:29,0
DA:30,0
DA:31,0
DA:32,0
DA:33,0
DA:35,0
DA:36,0
DA:37,0
DA:39,0
DA:42,0
DA:43,0
DA:46,0
DA:51,0
DA:52,0
DA:55,0
DA:56,0
DA:57,0
DA:58,0
DA:59,0
DA:63,0
DA:64,0
DA:65,0
DA:66,0
DA:67,0
DA:68,0
DA:69,0
DA:70,0
DA:71,0
DA:72,0
DA:73,0
DA:77,0
DA:78,0
DA:79,0
DA:80,0
DA:81,0
DA:82,0
DA:83,0
DA:84,0
DA:85,0
DA:86,0
DA:87,0
DA:90,0
DA:93,0
DA:94,0
DA:95,0
DA:97,0
DA:98,0
DA:100,0
DA:102,0
DA:114,0
DA:115,0
DA:116,0
DA:117,0
DA:118,0
DA:121,0
DA:122,0
DA:123,0
DA:124,0
DA:125,0
DA:126,0
DA:127,0
DA:128,0
DA:130,0
DA:131,0
DA:132,0
DA:135,0
DA:136,0
DA:142,0
DA:143,0
DA:144,0
DA:146,0
DA:147,0
DA:148,0
DA:149,0
DA:150,0
DA:152,0
DA:153,0
DA:158,0
DA:162,0
DA:164,0
DA:165,0
DA:173,0
DA:174,0
DA:182,0
DA:188,0
DA:189,0
DA:190,0
DA:194,0
DA:200,0
DA:201,0
DA:202,0
DA:203,0
DA:204,0
DA:222,0
DA:225,0
DA:226,0
DA:228,0
DA:229,0
DA:231,0
DA:236,0
DA:237,0
DA:239,0
DA:244,0
DA:245,0
DA:246,0
DA:248,0
DA:251,0
DA:256,0
DA:257,0
DA:258,0
DA:260,0
DA:263,0
DA:268,0
DA:269,0
DA:270,0
DA:272,0
DA:275,0
DA:280,0
DA:281,0
DA:282,0
DA:284,0
DA:285,0
DA:288,0
DA:293,0
DA:294,0
DA:296,0
DA:301,0
DA:302,0
DA:306,0
DA:307,0
DA:310,0
DA:311,0
DA:312,0
DA:313,0
DA:315,0
DA:319,0
DA:320,0
DA:321,0
DA:324,0
DA:326,0
DA:329,0
DA:330,0
DA:331,0
DA:332,0
DA:333,0
DA:334,0
DA:338,0
DA:340,0
DA:341,0
DA:342,0
DA:345,0
DA:346,0
DA:347,0
DA:348,0
DA:351,0
DA:355,0
DA:356,0
DA:362,0
DA:367,0
DA:368,0
DA:369,0
DA:373,0
DA:375,0
LF:170
LH:0
BRDA:17,0,0,0
BRDA:33,1,0,0
BRDA:33,1,1,0
BRDA:37,2,0,0
BRDA:37,2,1,0
BRDA:43,3,0,0
BRDA:43,3,1,0
BRDA:46,4,0,0
BRDA:46,4,1,0
BRDA:56,5,0,0
BRDA:56,5,1,0
BRDA:58,6,0,0
BRDA:64,7,0,0
BRDA:64,7,1,0
BRDA:66,8,0,0
BRDA:66,8,1,0
BRDA:68,9,0,0
BRDA:68,9,1,0
BRDA:70,10,0,0
BRDA:70,10,1,0
BRDA:72,11,0,0
BRDA:78,12,0,0
BRDA:78,12,1,0
BRDA:80,13,0,0
BRDA:80,13,1,0
BRDA:82,14,0,0
BRDA:82,14,1,0
BRDA:84,15,0,0
BRDA:84,15,1,0
BRDA:86,16,0,0
BRDA:100,17,0,0
BRDA:100,17,1,0
BRDA:116,18,0,0
BRDA:116,18,1,0
BRDA:116,19,0,0
BRDA:116,19,1,0
BRDA:143,20,0,0
BRDA:143,20,1,0
BRDA:143,21,0,0
BRDA:143,21,1,0
BRDA:162,22,0,0
BRDA:162,22,1,0
BRDA:164,23,0,0
BRDA:175,24,0,0
BRDA:175,24,1,0
BRDA:176,25,0,0
BRDA:176,25,1,0
BRDA:201,26,0,0
BRDA:237,27,0,0
BRDA:237,27,1,0
BRDA:237,28,0,0
BRDA:237,28,1,0
BRDA:239,29,0,0
BRDA:239,29,1,0
BRDA:245,30,0,0
BRDA:245,30,1,0
BRDA:257,31,0,0
BRDA:257,31,1,0
BRDA:269,32,0,0
BRDA:269,32,1,0
BRDA:281,33,0,0
BRDA:281,33,1,0
BRDA:285,34,0,0
BRDA:285,34,1,0
BRDA:294,35,0,0
BRDA:294,35,1,0
BRDA:313,36,0,0
BRDA:313,36,1,0
BRDA:341,37,0,0
BRDA:357,38,0,0
BRDA:357,38,1,0
BRDA:358,39,0,0
BRDA:358,39,1,0
BRF:73
BRH:0
end_of_record
TN:
SF:src\utils\dateFormatter.ts
FN:30,(anonymous_0)
FN:32,(anonymous_1)
FN:39,(anonymous_2)
FN:44,(anonymous_3)
FN:48,(anonymous_4)
FN:52,(anonymous_5)
FN:80,(anonymous_6)
FN:126,(anonymous_7)
FN:142,(anonymous_8)
FN:147,(anonymous_9)
FN:163,(anonymous_10)
FN:171,(anonymous_11)
FN:202,(anonymous_12)
FN:215,(anonymous_13)
FN:219,(anonymous_14)
FN:230,(anonymous_15)
FN:234,(anonymous_16)
FN:249,(anonymous_17)
FN:259,(anonymous_18)
FN:269,(anonymous_19)
FN:279,(anonymous_20)
FN:292,(anonymous_21)
FN:302,(anonymous_22)
FN:306,(anonymous_23)
FN:350,(anonymous_24)
FN:367,(anonymous_25)
FN:390,(anonymous_26)
FN:406,(anonymous_27)
FNF:28
FNH:22
FNDA:1,(anonymous_0)
FNDA:24,(anonymous_1)
FNDA:2,(anonymous_2)
FNDA:2,(anonymous_3)
FNDA:2,(anonymous_4)
FNDA:19,(anonymous_5)
FNDA:14,(anonymous_6)
FNDA:19,(anonymous_7)
FNDA:2,(anonymous_8)
FNDA:3,(anonymous_9)
FNDA:2,(anonymous_10)
FNDA:6,(anonymous_11)
FNDA:62,(anonymous_12)
FNDA:8,(anonymous_13)
FNDA:13,(anonymous_14)
FNDA:5,(anonymous_15)
FNDA:4,(anonymous_16)
FNDA:4,(anonymous_17)
FNDA:4,(anonymous_18)
FNDA:4,(anonymous_19)
FNDA:3,(anonymous_20)
FNDA:5,(anonymous_21)
FNDA:0,(anonymous_22)
FNDA:0,(anonymous_23)
FNDA:0,(anonymous_24)
FNDA:0,(anonymous_25)
FNDA:0,(anonymous_26)
FNDA:0,(anonymous_27)
DA:25,1
DA:27,1
DA:28,1
DA:33,24
DA:34,1
DA:36,24
DA:40,2
DA:41,2
DA:45,2
DA:49,2
DA:53,19
DA:54,19
DA:55,1
DA:58,18
DA:59,18
DA:61,18
DA:62,4
DA:68,14
DA:74,14
DA:85,14
DA:87,14
DA:89,1
DA:90,1
DA:91,1
DA:92,1
DA:94,8
DA:95,8
DA:96,8
DA:97,8
DA:99,4
DA:100,4
DA:101,4
DA:102,4
DA:103,4
DA:105,1
DA:106,1
DA:107,1
DA:108,1
DA:109,1
DA:110,1
DA:113,14
DA:114,5
DA:115,5
DA:116,5
DA:117,2
DA:119,3
DA:123,14
DA:127,19
DA:128,16
DA:131,3
DA:132,3
DA:133,3
DA:136,0
DA:142,1
DA:143,2
DA:144,2
DA:147,1
DA:152,3
DA:153,3
DA:163,1
DA:167,2
DA:168,2
DA:171,1
DA:175,6
DA:176,6
DA:177,1
DA:180,5
DA:181,5
DA:182,5
DA:183,5
DA:184,5
DA:185,5
DA:187,5
DA:189,5
DA:190,1
DA:191,4
DA:192,1
DA:193,3
DA:194,2
DA:195,1
DA:196,1
DA:198,0
DA:202,1
DA:203,62
DA:204,39
DA:207,23
DA:208,18
DA:209,18
DA:212,5
DA:215,1
DA:216,8
DA:219,1
DA:220,13
DA:221,13
DA:222,1
DA:225,12
DA:226,12
DA:227,12
DA:230,1
DA:231,5
DA:234,1
DA:238,4
DA:239,4
DA:241,4
DA:242,1
DA:245,3
DA:246,3
DA:249,1
DA:250,4
DA:251,4
DA:252,1
DA:255,3
DA:256,3
DA:259,1
DA:260,4
DA:261,4
DA:262,1
DA:265,3
DA:266,3
DA:269,1
DA:270,4
DA:271,4
DA:272,1
DA:275,3
DA:276,3
DA:279,1
DA:280,3
DA:281,3
DA:282,1
DA:285,2
DA:286,2
DA:287,2
DA:289,2
DA:292,1
DA:293,5
DA:294,5
DA:295,1
DA:298,4
DA:299,4
DA:302,1
DA:303,0
DA:306,1
DA:311,0
DA:312,0
DA:313,0
DA:317,0
DA:329,0
DA:341,0
DA:342,0
DA:343,0
DA:345,0
DA:350,1
DA:351,0
DA:352,0
DA:353,0
DA:356,0
DA:357,0
DA:358,0
DA:359,0
DA:360,0
DA:361,0
DA:363,0
DA:367,1
DA:371,0
DA:372,0
DA:374,0
DA:375,0
DA:378,0
DA:379,0
DA:380,0
DA:381,0
DA:383,0
DA:384,0
DA:386,0
DA:390,1
DA:394,0
DA:395,0
DA:396,0
DA:399,0
DA:400,0
DA:401,0
DA:403,0
DA:406,1
DA:412,0
DA:413,0
DA:414,0
DA:416,0
DA:417,0
DA:418,0
DA:421,0
LF:190
LH:143
BRDA:33,0,0,1
BRDA:52,1,0,4
BRDA:54,2,0,1
BRDA:58,3,0,18
BRDA:58,3,1,12
BRDA:59,4,0,18
BRDA:59,4,1,18
BRDA:61,5,0,4
BRDA:69,6,0,14
BRDA:69,6,1,7
BRDA:87,7,0,1
BRDA:87,7,1,8
BRDA:87,7,2,4
BRDA:87,7,3,1
BRDA:113,8,0,5
BRDA:116,9,0,2
BRDA:116,9,1,3
BRDA:127,10,0,16
BRDA:128,11,0,0
BRDA:128,11,1,16
BRDA:131,12,0,3
BRDA:131,13,0,3
BRDA:131,13,1,1
BRDA:133,14,0,1
BRDA:133,14,1,2
BRDA:142,15,0,1
BRDA:149,16,0,1
BRDA:150,17,0,1
BRDA:165,18,0,1
BRDA:173,19,0,6
BRDA:176,20,0,1
BRDA:189,21,0,1
BRDA:189,21,1,4
BRDA:191,22,0,1
BRDA:191,22,1,3
BRDA:193,23,0,2
BRDA:193,23,1,1
BRDA:195,24,0,1
BRDA:195,24,1,0
BRDA:203,25,0,39
BRDA:204,26,0,2
BRDA:204,26,1,37
BRDA:207,27,0,18
BRDA:207,28,0,23
BRDA:207,28,1,7
BRDA:209,29,0,10
BRDA:209,29,1,8
BRDA:221,30,0,1
BRDA:241,31,0,1
BRDA:241,32,0,4
BRDA:241,32,1,3
BRDA:251,33,0,1
BRDA:261,34,0,1
BRDA:271,35,0,1
BRDA:281,36,0,1
BRDA:289,37,0,2
BRDA:289,37,1,2
BRDA:294,38,0,1
BRDA:299,39,0,4
BRDA:299,39,1,2
BRDA:312,40,0,0
BRDA:352,41,0,0
BRDA:356,42,0,0
BRDA:356,42,1,0
BRDA:358,43,0,0
BRDA:358,43,1,0
BRDA:360,44,0,0
BRDA:360,44,1,0
BRDA:374,45,0,0
BRDA:374,46,0,0
BRDA:374,46,1,0
BRDA:383,47,0,0
BRDA:383,47,1,0
BRDA:392,48,0,0
BRDA:395,49,0,0
BRDA:408,50,0,0
BRDA:409,51,0,0
BRDA:410,52,0,0
BRF:78
BRH:58
end_of_record
TN:
SF:src\utils\index.ts
FN:9,(anonymous_0)
FN:10,(anonymous_1)
FN:14,(anonymous_2)
FN:15,(anonymous_3)
FN:16,(anonymous_4)
FN:17,(anonymous_5)
FN:18,(anonymous_6)
FN:19,(anonymous_7)
FN:20,(anonymous_8)
FN:21,(anonymous_9)
FN:22,(anonymous_10)
FN:23,(anonymous_11)
FN:24,(anonymous_12)
FN:25,(anonymous_13)
FN:26,(anonymous_14)
FN:27,(anonymous_15)
FN:28,(anonymous_16)
FN:29,(anonymous_17)
FN:30,(anonymous_18)
FN:31,(anonymous_19)
FN:32,(anonymous_20)
FN:33,(anonymous_21)
FN:34,(anonymous_22)
FN:39,(anonymous_23)
FN:40,(anonymous_24)
FN:41,(anonymous_25)
FN:42,(anonymous_26)
FN:43,(anonymous_27)
FN:44,(anonymous_28)
FN:45,(anonymous_29)
FN:46,(anonymous_30)
FN:47,(anonymous_31)
FN:48,(anonymous_32)
FN:49,(anonymous_33)
FN:50,(anonymous_34)
FN:51,(anonymous_35)
FN:52,(anonymous_36)
FN:53,(anonymous_37)
FN:54,(anonymous_38)
FN:55,(anonymous_39)
FN:56,(anonymous_40)
FN:57,(anonymous_41)
FN:58,(anonymous_42)
FN:59,(anonymous_43)
FN:60,(anonymous_44)
FN:61,(anonymous_45)
FN:62,(anonymous_46)
FN:63,(anonymous_47)
FN:64,(anonymous_48)
FN:65,(anonymous_49)
FN:66,(anonymous_50)
FN:67,(anonymous_51)
FN:68,(anonymous_52)
FN:69,(anonymous_53)
FN:70,(anonymous_54)
FN:71,(anonymous_55)
FN:72,(anonymous_56)
FN:77,(anonymous_57)
FN:78,(anonymous_58)
FN:79,(anonymous_59)
FN:80,(anonymous_60)
FN:81,(anonymous_61)
FN:82,(anonymous_62)
FN:83,(anonymous_63)
FN:84,(anonymous_64)
FN:85,(anonymous_65)
FN:86,(anonymous_66)
FN:87,(anonymous_67)
FN:88,(anonymous_68)
FN:89,(anonymous_69)
FN:90,(anonymous_70)
FN:91,(anonymous_71)
FN:92,(anonymous_72)
FN:93,(anonymous_73)
FN:94,(anonymous_74)
FN:95,(anonymous_75)
FN:96,(anonymous_76)
FN:97,(anonymous_77)
FN:98,(anonymous_78)
FN:99,(anonymous_79)
FN:100,(anonymous_80)
FN:101,(anonymous_81)
FN:102,(anonymous_82)
FN:103,(anonymous_83)
FN:104,(anonymous_84)
FN:105,(anonymous_85)
FN:106,(anonymous_86)
FN:107,(anonymous_87)
FN:108,(anonymous_88)
FN:113,(anonymous_89)
FN:114,(anonymous_90)
FN:115,(anonymous_91)
FN:116,(anonymous_92)
FN:117,(anonymous_93)
FN:118,(anonymous_94)
FN:119,(anonymous_95)
FN:120,(anonymous_96)
FN:121,(anonymous_97)
FN:122,(anonymous_98)
FN:123,(anonymous_99)
FN:124,(anonymous_100)
FN:125,(anonymous_101)
FN:126,(anonymous_102)
FN:127,(anonymous_103)
FN:128,(anonymous_104)
FN:129,(anonymous_105)
FN:130,(anonymous_106)
FN:131,(anonymous_107)
FN:132,(anonymous_108)
FN:133,(anonymous_109)
FN:134,(anonymous_110)
FN:135,(anonymous_111)
FN:136,(anonymous_112)
FN:137,(anonymous_113)
FN:138,(anonymous_114)
FN:139,(anonymous_115)
FN:140,(anonymous_116)
FN:141,(anonymous_117)
FN:142,(anonymous_118)
FN:143,(anonymous_119)
FN:148,(anonymous_120)
FN:149,(anonymous_121)
FN:150,(anonymous_122)
FN:151,(anonymous_123)
FN:152,(anonymous_124)
FN:153,(anonymous_125)
FN:154,(anonymous_126)
FN:155,(anonymous_127)
FN:156,(anonymous_128)
FN:157,(anonymous_129)
FN:158,(anonymous_130)
FN:159,(anonymous_131)
FN:160,(anonymous_132)
FN:161,(anonymous_133)
FN:162,(anonymous_134)
FN:163,(anonymous_135)
FN:164,(anonymous_136)
FN:165,(anonymous_137)
FN:166,(anonymous_138)
FN:167,(anonymous_139)
FN:168,(anonymous_140)
FN:169,(anonymous_141)
FN:174,(anonymous_142)
FN:175,(anonymous_143)
FN:176,(anonymous_144)
FN:177,(anonymous_145)
FN:178,(anonymous_146)
FN:179,(anonymous_147)
FN:180,(anonymous_148)
FN:181,(anonymous_149)
FN:182,(anonymous_150)
FN:183,(anonymous_151)
FN:184,(anonymous_152)
FN:185,(anonymous_153)
FN:186,(anonymous_154)
FN:187,(anonymous_155)
FN:188,(anonymous_156)
FN:189,(anonymous_157)
FN:190,(anonymous_158)
FN:191,(anonymous_159)
FN:196,(anonymous_160)
FN:197,(anonymous_161)
FN:198,(anonymous_162)
FN:199,(anonymous_163)
FN:200,(anonymous_164)
FN:201,(anonymous_165)
FN:202,(anonymous_166)
FN:203,(anonymous_167)
FN:204,(anonymous_168)
FN:205,(anonymous_169)
FN:206,(anonymous_170)
FN:207,(anonymous_171)
FN:208,(anonymous_172)
FN:209,(anonymous_173)
FN:210,(anonymous_174)
FN:211,(anonymous_175)
FN:212,(anonymous_176)
FN:213,(anonymous_177)
FN:214,(anonymous_178)
FN:215,(anonymous_179)
FN:216,(anonymous_180)
FN:217,(anonymous_181)
FN:218,(anonymous_182)
FN:219,(anonymous_183)
FNF:184
FNH:0
FNDA:0,(anonymous_0)
FNDA:0,(anonymous_1)
FNDA:0,(anonymous_2)
FNDA:0,(anonymous_3)
FNDA:0,(anonymous_4)
FNDA:0,(anonymous_5)
FNDA:0,(anonymous_6)
FNDA:0,(anonymous_7)
FNDA:0,(anonymous_8)
FNDA:0,(anonymous_9)
FNDA:0,(anonymous_10)
FNDA:0,(anonymous_11)
FNDA:0,(anonymous_12)
FNDA:0,(anonymous_13)
FNDA:0,(anonymous_14)
FNDA:0,(anonymous_15)
FNDA:0,(anonymous_16)
FNDA:0,(anonymous_17)
FNDA:0,(anonymous_18)
FNDA:0,(anonymous_19)
FNDA:0,(anonymous_20)
FNDA:0,(anonymous_21)
FNDA:0,(anonymous_22)
FNDA:0,(anonymous_23)
FNDA:0,(anonymous_24)
FNDA:0,(anonymous_25)
FNDA:0,(anonymous_26)
FNDA:0,(anonymous_27)
FNDA:0,(anonymous_28)
FNDA:0,(anonymous_29)
FNDA:0,(anonymous_30)
FNDA:0,(anonymous_31)
FNDA:0,(anonymous_32)
FNDA:0,(anonymous_33)
FNDA:0,(anonymous_34)
FNDA:0,(anonymous_35)
FNDA:0,(anonymous_36)
FNDA:0,(anonymous_37)
FNDA:0,(anonymous_38)
FNDA:0,(anonymous_39)
FNDA:0,(anonymous_40)
FNDA:0,(anonymous_41)
FNDA:0,(anonymous_42)
FNDA:0,(anonymous_43)
FNDA:0,(anonymous_44)
FNDA:0,(anonymous_45)
FNDA:0,(anonymous_46)
FNDA:0,(anonymous_47)
FNDA:0,(anonymous_48)
FNDA:0,(anonymous_49)
FNDA:0,(anonymous_50)
FNDA:0,(anonymous_51)
FNDA:0,(anonymous_52)
FNDA:0,(anonymous_53)
FNDA:0,(anonymous_54)
FNDA:0,(anonymous_55)
FNDA:0,(anonymous_56)
FNDA:0,(anonymous_57)
FNDA:0,(anonymous_58)
FNDA:0,(anonymous_59)
FNDA:0,(anonymous_60)
FNDA:0,(anonymous_61)
FNDA:0,(anonymous_62)
FNDA:0,(anonymous_63)
FNDA:0,(anonymous_64)
FNDA:0,(anonymous_65)
FNDA:0,(anonymous_66)
FNDA:0,(anonymous_67)
FNDA:0,(anonymous_68)
FNDA:0,(anonymous_69)
[...]
BRDA:334,40,0,0
BRDA:334,40,1,0
BRDA:338,41,0,0
BRDA:338,41,1,0
BRDA:345,42,0,0
BRDA:345,42,1,0
BRDA:347,43,0,0
BRDA:347,43,1,0
BRDA:349,44,0,0
BRDA:349,44,1,0
BRDA:351,45,0,0
BRDA:397,46,0,0
BRDA:397,47,0,0
BRDA:397,47,1,0
BRF:75
BRH:22
end_of_record
TN:
SF:src\utils\objectUtils.ts
FN:11,(anonymous_0)
FN:13,(anonymous_1)
FN:23,(anonymous_2)
FN:33,(anonymous_3)
FN:49,(anonymous_4)
FN:70,(anonymous_5)
FN:72,(anonymous_6)
FN:80,(anonymous_7)
FN:82,(anonymous_8)
FN:90,(anonymous_9)
FN:106,(anonymous_10)
FN:127,(anonymous_11)
FN:128,(anonymous_12)
FN:133,(anonymous_13)
FN:137,(anonymous_14)
FN:149,(anonymous_15)
FN:153,(anonymous_16)
FN:166,(anonymous_17)
FN:193,(anonymous_18)
FN:198,(anonymous_19)
FN:211,(anonymous_20)
FN:225,(anonymous_21)
FN:240,(anonymous_22)
FN:246,(anonymous_23)
FN:265,(anonymous_24)
FN:266,(anonymous_25)
FN:274,(anonymous_26)
FN:277,(anonymous_27)
FNF:28
FNH:6
FNDA:1,(anonymous_0)
FNDA:2,(anonymous_1)
FNDA:10937,(anonymous_2)
FNDA:18,(anonymous_3)
FNDA:14,(anonymous_4)
FNDA:0,(anonymous_5)
FNDA:0,(anonymous_6)
FNDA:0,(anonymous_7)
FNDA:0,(anonymous_8)
FNDA:0,(anonymous_9)
FNDA:0,(anonymous_10)
FNDA:0,(anonymous_11)
FNDA:0,(anonymous_12)
FNDA:0,(anonymous_13)
FNDA:0,(anonymous_14)
FNDA:0,(anonymous_15)
FNDA:0,(anonymous_16)
FNDA:0,(anonymous_17)
FNDA:0,(anonymous_18)
FNDA:0,(anonymous_19)
FNDA:0,(anonymous_20)
FNDA:0,(anonymous_21)
FNDA:24,(anonymous_22)
FNDA:0,(anonymous_23)
FNDA:0,(anonymous_24)
FNDA:0,(anonymous_25)
FNDA:0,(anonymous_26)
FNDA:0,(anonymous_27)
DA:8,1
DA:14,2
DA:15,1
DA:17,2
DA:23,1
DA:24,10937
DA:25,5474
DA:28,5463
DA:29,2
DA:32,5461
DA:33,18
DA:36,5453
DA:37,5453
DA:38,5453
DA:39,10908
DA:40,10908
DA:43,10
DA:46,0
DA:49,1
DA:50,14
DA:52,14
DA:53,18
DA:54,18
DA:55,18
DA:57,18
DA:58,5
DA:60,13
DA:65,14
DA:70,1
DA:71,0
DA:72,0
DA:73,0
DA:74,0
DA:77,0
DA:80,1
DA:81,0
DA:82,0
DA:83,0
DA:85,0
DA:90,1
DA:91,0
DA:93,0
DA:94,0
DA:96,0
DA:97,0
DA:99,0
DA:103,0
DA:106,1
DA:107,0
DA:109,0
DA:110,0
DA:111,0
DA:113,0
DA:114,0
DA:115,0
DA:116,0
DA:118,0
DA:121,0
DA:124,0
DA:127,1
DA:128,0
DA:129,0
DA:133,1
DA:134,0
DA:135,0
DA:137,0
DA:138,0
DA:139,0
DA:141,0
DA:144,0
DA:149,1
DA:150,0
DA:153,1
DA:154,0
DA:155,0
DA:157,0
DA:158,0
DA:160,0
DA:161,0
DA:163,0
DA:166,1
DA:167,0
DA:168,0
DA:171,0
DA:172,0
DA:174,0
DA:175,0
DA:178,0
DA:179,0
DA:182,0
DA:183,0
DA:186,0
DA:187,0
DA:189,0
DA:190,0
DA:193,0
DA:198,1
DA:202,0
DA:204,0
DA:205,0
DA:208,0
DA:211,1
DA:215,0
DA:217,0
DA:218,0
DA:219,0
DA:222,0
DA:225,1
DA:229,0
DA:231,0
DA:232,0
DA:235,0
DA:240,1
DA:241,24
DA:246,1
DA:247,0
DA:249,0
DA:250,0
DA:251,0
DA:252,0
DA:253,0
DA:254,0
DA:257,0
DA:262,0
DA:265,1
DA:266,0
DA:267,0
DA:268,0
DA:270,0
DA:274,1
DA:275,0
DA:277,0
DA:278,0
DA:279,0
DA:281,0
DA:282,0
DA:283,0
DA:284,0
DA:289,0
DA:290,0
LF:140
LH:44
BRDA:14,0,0,1
BRDA:24,1,0,5474
BRDA:24,2,0,10937
BRDA:24,2,1,10936
BRDA:28,3,0,2
BRDA:32,4,0,8
BRDA:36,5,0,5453
BRDA:39,6,0,10908
BRDA:53,7,0,18
BRDA:57,8,0,5
BRDA:57,8,1,13
BRDA:57,9,0,18
BRDA:57,9,1,6
BRDA:73,10,0,0
BRDA:90,11,0,0
BRDA:94,12,0,0
BRDA:94,12,1,0
BRDA:96,13,0,0
BRDA:96,13,1,0
BRDA:96,14,0,0
BRDA:96,14,1,0
BRDA:96,14,2,0
BRDA:115,15,0,0
BRDA:129,16,0,0
BRDA:129,16,1,0
BRDA:129,17,0,0
BRDA:129,17,1,0
BRDA:138,18,0,0
BRDA:154,19,0,0
BRDA:154,20,0,0
BRDA:154,20,1,0
BRDA:157,21,0,0
BRDA:157,22,0,0
BRDA:157,22,1,0
BRDA:160,23,0,0
BRDA:167,24,0,0
BRDA:171,25,0,0
BRDA:171,26,0,0
BRDA:171,26,1,0
BRDA:174,27,0,0
BRDA:178,28,0,0
BRDA:182,29,0,0
BRDA:189,30,0,0
BRDA:241,31,0,24
BRDA:241,31,1,24
BRDA:241,31,2,13
BRDA:250,32,0,0
BRDA:250,33,0,0
BRDA:250,33,1,0
BRDA:250,33,2,0
BRDA:251,34,0,0
BRDA:251,34,1,0
BRDA:253,35,0,0
BRDA:267,36,0,0
BRDA:277,37,0,0
BRDA:279,38,0,0
BRDA:279,38,1,0
BRDA:281,39,0,0
BRDA:281,39,1,0
BRDA:283,40,0,0
BRF:60
BRH:16
end_of_record
TN:
SF:src\utils\stringFormatter.ts
FN:24,(anonymous_0)
FN:26,(anonymous_1)
FN:33,(anonymous_2)
FN:37,(anonymous_3)
FN:44,(anonymous_4)
FN:51,(anonymous_5)
FN:53,(anonymous_6)
FN:59,(anonymous_7)
FN:60,(anonymous_8)
FN:63,(anonymous_9)
FN:70,(anonymous_10)
FN:79,(anonymous_11)
FN:86,(anonymous_12)
FN:90,(anonymous_13)
FN:100,(anonymous_14)
FN:116,(anonymous_15)
FN:139,(anonymous_16)
FN:144,(anonymous_17)
FN:159,(anonymous_18)
FN:167,(anonymous_19)
FN:173,(anonymous_20)
FN:207,(anonymous_21)
FN:231,(anonymous_22)
FN:244,(anonymous_23)
FN:250,(anonymous_24)
FN:256,(anonymous_25)
FN:264,(anonymous_26)
FN:276,(anonymous_27)
FN:306,(anonymous_28)
FN:316,(anonymous_29)
FN:322,(anonymous_30)
FN:326,(anonymous_31)
FN:330,(anonymous_32)
FN:331,(anonymous_33)
FN:334,(anonymous_34)
FN:349,(anonymous_35)
FN:358,(anonymous_36)
FN:362,(anonymous_37)
FN:365,(anonymous_38)
FN:370,(anonymous_39)
FN:377,(anonymous_40)
FN:386,(anonymous_41)
FN:390,(anonymous_42)
FN:401,(anonymous_43)
FNF:44
FNH:28
FNDA:0,(anonymous_0)
FNDA:0,(anonymous_1)
FNDA:0,(anonymous_2)
FNDA:0,(anonymous_3)
FNDA:8,(anonymous_4)
FNDA:2,(anonymous_5)
FNDA:4,(anonymous_6)
FNDA:2,(anonymous_7)
FNDA:4,(anonymous_8)
FNDA:2,(anonymous_9)
FNDA:2,(anonymous_10)
FNDA:3,(anonymous_11)
FNDA:6,(anonymous_12)
FNDA:3,(anonymous_13)
FNDA:1,(anonymous_14)
FNDA:1,(anonymous_15)
FNDA:6,(anonymous_16)
FNDA:4,(anonymous_17)
FNDA:2,(anonymous_18)
FNDA:5,(anonymous_19)
FNDA:3,(anonymous_20)
FNDA:2,(anonymous_21)
FNDA:1,(anonymous_22)
FNDA:2,(anonymous_23)
FNDA:1,(anonymous_24)
FNDA:1,(anonymous_25)
FNDA:4,(anonymous_26)
FNDA:3,(anonymous_27)
FNDA:2,(anonymous_28)
FNDA:0,(anonymous_29)
FNDA:0,(anonymous_30)
FNDA:0,(anonymous_31)
FNDA:0,(anonymous_32)
FNDA:0,(anonymous_33)
FNDA:0,(anonymous_34)
FNDA:0,(anonymous_35)
FNDA:7,(anonymous_36)
FNDA:310,(anonymous_37)
FNDA:2,(anonymous_38)
FNDA:0,(anonymous_39)
FNDA:0,(anonymous_40)
FNDA:0,(anonymous_41)
FNDA:0,(anonymous_42)
FNDA:0,(anonymous_43)
DA:20,1
DA:22,0
DA:27,0
DA:28,0
DA:30,0
DA:34,0
DA:38,0
DA:44,1
DA:45,8
DA:46,2
DA:48,6
DA:51,1
DA:52,2
DA:54,4
DA:59,1
DA:60,4
DA:63,1
DA:64,2
DA:70,1
DA:71,2
DA:79,1
DA:80,3
DA:81,1
DA:83,2
DA:86,1
DA:87,6
DA:90,1
DA:91,3
DA:100,1
DA:101,1
DA:102,0
DA:105,1
DA:106,1
DA:107,0
DA:111,1
DA:113,1
DA:116,1
DA:117,1
DA:118,0
DA:121,1
DA:122,1
DA:123,0
DA:126,1
DA:128,1
DA:129,0
DA:131,0
DA:134,0
DA:139,1
DA:140,6
DA:141,6
DA:144,1
DA:145,4
DA:147,4
DA:149,4
DA:151,0
DA:153,0
DA:159,1
DA:160,2
DA:161,0
DA:164,2
DA:165,2
DA:167,5
DA:170,2
DA:173,1
DA:174,3
DA:175,1
DA:178,2
DA:180,2
DA:181,1
DA:182,1
DA:183,0
DA:184,1
DA:185,0
DA:187,1
DA:191,0
DA:198,0
DA:199,0
DA:200,0
DA:202,0
DA:207,1
DA:208,2
DA:209,2
DA:210,0
DA:211,2
DA:212,1
DA:213,1
DA:214,1
DA:217,0
DA:218,0
DA:219,0
DA:220,0
DA:221,0
DA:222,0
DA:226,0
DA:231,1
DA:236,1
DA:237,0
DA:240,1
DA:241,1
DA:244,1
DA:245,2
DA:246,2
DA:247,2
DA:250,1
DA:251,1
DA:252,1
DA:253,1
DA:256,1
DA:257,1
DA:258,1
DA:259,1
DA:264,1
DA:265,4
DA:266,4
DA:268,4
DA:269,1
DA:272,3
DA:273,3
DA:276,1
DA:277,3
DA:279,3
DA:280,18
DA:283,3
DA:284,18
DA:287,3
DA:288,15
DA:289,75
DA:290,16
DA:292,59
DA:301,3
DA:306,1
DA:307,2
DA:308,0
DA:310,2
DA:311,0
DA:313,2
DA:316,1
DA:317,0
DA:318,0
DA:319,0
DA:322,1
DA:323,0
DA:326,1
DA:327,0
DA:330,0
DA:331,0
DA:334,1
DA:335,0
DA:336,0
DA:338,0
DA:339,0
DA:341,0
DA:342,0
DA:345,0
DA:346,0
DA:349,1
DA:350,0
DA:351,0
DA:352,0
DA:355,0
DA:358,1
DA:359,7
DA:362,310
DA:365,1
DA:366,2
DA:367,2
DA:370,1
DA:371,0
DA:377,1
DA:378,0
DA:383,0
DA:386,1
DA:387,0
DA:390,1
DA:391,0
DA:392,0
DA:394,0
DA:395,0
DA:398,0
DA:401,1
DA:402,0
LF:181
LH:118
BRDA:27,0,0,0
BRDA:45,1,0,2
BRDA:54,2,0,2
BRDA:54,2,1,2
BRDA:79,3,0,2
BRDA:80,4,0,1
BRDA:80,5,0,3
BRDA:80,5,1,3
BRDA:101,6,0,0
BRDA:101,7,0,1
BRDA:101,7,1,1
BRDA:106,8,0,0
BRDA:117,9,0,0
BRDA:122,10,0,0
BRDA:126,11,0,1
BRDA:126,11,1,0
BRDA:129,12,0,0
BRDA:144,13,0,4
BRDA:147,14,0,4
BRDA:147,14,1,0
BRDA:147,14,2,0
BRDA:149,15,0,4
BRDA:149,15,1,2
BRDA:149,15,2,0
BRDA:151,16,0,0
BRDA:151,16,1,0
BRDA:151,16,2,0
BRDA:153,17,0,0
BRDA:153,17,1,0
BRDA:159,18,0,1
BRDA:160,19,0,0
BRDA:173,20,0,2
BRDA:174,21,0,1
BRDA:178,22,0,2
BRDA:178,22,1,0
BRDA:180,23,0,1
BRDA:180,23,1,1
BRDA:180,24,0,2
BRDA:180,24,1,2
BRDA:180,24,2,2
BRDA:182,25,0,0
BRDA:182,25,1,1
BRDA:184,26,0,0
BRDA:184,26,1,1
BRDA:191,27,0,0
BRDA:191,27,1,0
BRDA:192,28,0,0
BRDA:192,28,1,0
BRDA:192,28,2,0
BRDA:192,28,3,0
BRDA:192,28,4,0
BRDA:199,29,0,0
BRDA:199,29,1,0
BRDA:199,30,0,0
BRDA:199,30,1,0
BRDA:207,31,0,1
BRDA:208,32,0,2
BRDA:208,32,1,0
BRDA:209,33,0,0
BRDA:209,33,1,2
BRDA:211,34,0,1
BRDA:211,34,1,1
BRDA:213,35,0,1
BRDA:217,36,0,0
BRDA:217,36,1,0
BRDA:219,37,0,0
BRDA:219,37,1,0
BRDA:221,38,0,0
BRDA:234,39,0,1
BRDA:236,40,0,0
BRDA:247,41,0,2
BRDA:247,41,1,0
BRDA:247,41,2,0
BRDA:259,42,0,1
BRDA:259,42,1,0
BRDA:259,42,2,0
BRDA:265,43,0,0
BRDA:265,43,1,4
BRDA:266,44,0,0
BRDA:266,44,1,4
BRDA:268,45,0,1
BRDA:289,46,0,16
BRDA:289,46,1,59
BRDA:307,47,0,0
BRDA:307,48,0,2
BRDA:307,48,1,0
BRDA:310,49,0,0
BRDA:335,50,0,0
BRDA:338,51,0,0
BRDA:341,52,0,0
BRDA:349,53,0,0
BRDA:351,54,0,0
BRDA:365,55,0,1
BRDA:377,56,0,0
BRDA:390,57,0,0
BRF:95
BRH:41
end_of_record
TN:
SF:src\utils\validationUtils.ts
FN:30,(anonymous_0)
FN:36,(anonymous_1)
FN:40,(anonymous_2)
FN:53,(anonymous_3)
FN:55,(anonymous_4)
FN:62,(anonymous_5)
FN:66,(anonymous_6)
FN:70,(anonymous_7)
FN:74,(anonymous_8)
FN:81,(anonymous_9)
FN:82,(anonymous_10)
FN:99,(anonymous_11)
FN:100,(anonymous_12)
FN:114,(anonymous_13)
FN:115,(anonymous_14)
FN:129,(anonymous_15)
FN:130,(anonymous_16)
FN:144,(anonymous_17)
FN:145,(anonymous_18)
FN:173,(anonymous_19)
FN:174,(anonymous_20)
FN:188,(anonymous_21)
FN:191,(anonymous_22)
FN:206,(anonymous_23)
FN:209,(anonymous_24)
FN:222,(anonymous_25)
FN:225,(anonymous_26)
FN:238,(anonymous_27)
FN:239,(anonymous_28)
FN:253,(anonymous_29)
FN:257,(anonymous_30)
FN:272,(anonymous_31)
FN:273,(anonymous_32)
FN:286,(anonymous_33)
FN:287,(anonymous_34)
FN:300,(anonymous_35)
FN:309,(anonymous_36)
FN:310,(anonymous_37)
FN:343,(anonymous_38)
FN:344,(anonymous_39)
FN:371,(anonymous_40)
FN:372,(anonymous_41)
FN:383,(anonymous_42)
FN:384,(anonymous_43)
FN:408,(anonymous_44)
FN:412,(anonymous_45)
FN:420,(anonymous_46)
FN:425,(anonymous_47)
FN:437,(anonymous_48)
FN:438,(anonymous_49)
FN:449,(anonymous_50)
FN:452,(anonymous_51)
FN:466,(anonymous_52)
FN:469,(anonymous_53)
FN:493,(anonymous_54)
FN:511,(anonymous_55)
FN:532,(anonymous_56)
FN:536,(anonymous_57)
FNF:58
FNH:0
FNDA:0,(anonymous_0)
FNDA:0,(anonymous_1)
FNDA:0,(anonymous_2)
FNDA:0,(anonymous_3)
FNDA:0,(anonymous_4)
FNDA:0,(anonymous_5)
FNDA:0,(anonymous_6)
FNDA:0,(anonymous_7)
FNDA:0,(anonymous_8)
FNDA:0,(anonymous_9)
FNDA:0,(anonymous_10)
FNDA:0,(anonymous_11)
FNDA:0,(anonymous_12)
FNDA:0,(anonymous_13)
FNDA:0,(anonymous_14)
FNDA:0,(anonymous_15)
FNDA:0,(anonymous_16)
FNDA:0,(anonymous_17)
FNDA:0,(anonymous_18)
FNDA:0,(anonymous_19)
FNDA:0,(anonymous_20)
FNDA:0,(anonymous_21)
FNDA:0,(anonymous_22)
FNDA:0,(anonymous_23)
FNDA:0,(anonymous_24)
FNDA:0,(anonymous_25)
FNDA:0,(anonymous_26)
FNDA:0,(anonymous_27)
FNDA:0,(anonymous_28)
FNDA:0,(anonymous_29)
FNDA:0,(anonymous_30)
FNDA:0,(anonymous_31)
FNDA:0,(anonymous_32)
FNDA:0,(anonymous_33)
FNDA:0,(anonymous_34)
FNDA:0,(anonymous_35)
FNDA:0,(anonymous_36)
FNDA:0,(anonymous_37)
FNDA:0,(anonymous_38)
FNDA:0,(anonymous_39)
FNDA:0,(anonymous_40)
FNDA:0,(anonymous_41)
FNDA:0,(anonymous_42)
FNDA:0,(anonymous_43)
FNDA:0,(anonymous_44)
FNDA:0,(anonymous_45)
FNDA:0,(anonymous_46)
FNDA:0,(anonymous_47)
FNDA:0,(anonymous_48)
FNDA:0,(anonymous_49)
FNDA:0,(anonymous_50)
FNDA:0,(anonymous_51)
FNDA:0,(anonymous_52)
FNDA:0,(anonymous_53)
FNDA:0,(anonymous_54)
FNDA:0,(anonymous_55)
FNDA:0,(anonymous_56)
FNDA:0,(anonymous_57)
DA:27,0
DA:31,0
DA:37,0
DA:41,0
DA:48,0
DA:50,0
DA:51,0
DA:56,0
DA:57,0
DA:59,0
DA:63,0
DA:67,0
DA:71,0
DA:75,0
DA:81,0
DA:82,0
DA:83,0
DA:84,0
DA:87,0
DA:88,0
DA:91,0
DA:92,0
DA:95,0
DA:99,0
DA:100,0
DA:101,0
DA:102,0
DA:105,0
DA:106,0
DA:107,0
DA:110,0
DA:114,0
DA:115,0
DA:116,0
DA:117,0
DA:120,0
DA:121,0
DA:122,0
DA:125,0
DA:129,0
DA:130,0
DA:131,0
DA:132,0
DA:135,0
DA:136,0
DA:137,0
DA:140,0
DA:144,0
DA:145,0
DA:146,0
DA:147,0
DA:150,0
DA:151,0
DA:153,0
DA:155,0
DA:156,0
DA:158,0
DA:159,0
DA:161,0
DA:164,0
DA:165,0
DA:166,0
DA:169,0
DA:173,0
DA:174,0
DA:175,0
DA:176,0
DA:179,0
DA:180,0
DA:181,0
DA:183,0
DA:188,0
DA:191,0
DA:192,0
DA:193,0
DA:196,0
DA:198,0
DA:199,0
DA:202,0
DA:206,0
DA:209,0
DA:210,0
DA:211,0
DA:214,0
DA:215,0
DA:218,0
DA:222,0
DA:225,0
DA:226,0
DA:227,0
DA:230,0
DA:231,0
DA:234,0
DA:238,0
DA:239,0
DA:240,0
DA:241,0
DA:244,0
DA:245,0
DA:246,0
DA:249,0
DA:253,0
DA:257,0
DA:258,0
DA:259,0
DA:262,0
DA:263,0
DA:266,0
DA:272,0
DA:273,0
DA:274,0
DA:275,0
DA:278,0
DA:279,0
DA:282,0
DA:286,0
DA:287,0
DA:288,0
DA:289,0
DA:292,0
DA:293,0
DA:296,0
DA:297,0
DA:300,0
DA:301,0
DA:302,0
DA:305,0
DA:309,0
DA:310,0
DA:311,0
DA:312,0
DA:315,0
DA:317,0
DA:318,0
DA:321,0
DA:322,0
DA:324,0
DA:325,0
DA:331,0
DA:332,0
DA:333,0
DA:339,0
DA:343,0
DA:344,0
DA:345,0
DA:346,0
DA:349,0
DA:350,0
DA:353,0
DA:359,0
DA:361,0
DA:362,0
DA:365,0
DA:371,0
DA:372,0
DA:373,0
DA:374,0
DA:375,0
DA:376,0
DA:379,0
DA:383,0
DA:384,0
DA:385,0
DA:386,0
DA:388,0
DA:389,0
DA:390,0
DA:391,0
DA:393,0
DA:394,0
DA:398,0
DA:408,0
DA:412,0
DA:413,0
DA:414,0
DA:416,0
DA:420,0
DA:425,0
DA:426,0
DA:427,0
DA:429,0
DA:437,0
DA:438,0
DA:439,0
DA:440,0
DA:441,0
DA:442,0
DA:445,0
DA:449,0
DA:452,0
DA:453,0
DA:454,0
DA:457,0
DA:458,0
DA:459,0
DA:462,0
DA:466,0
DA:469,0
DA:470,0
DA:471,0
DA:474,0
DA:475,0
DA:476,0
DA:479,0
DA:493,0
DA:494,0
DA:496,0
DA:497,0
DA:499,0
DA:500,0
DA:501,0
DA:502,0
DA:503,0
DA:508,0
DA:511,0
DA:515,0
DA:517,0
DA:518,0
DA:520,0
DA:521,0
DA:522,0
DA:523,0
DA:524,0
DA:529,0
DA:532,0
DA:533,0
DA:536,0
DA:537,0
DA:538,0
DA:543,0
DA:557,0
DA:569,0
LF:232
LH:0
BRDA:30,0,0,0
BRDA:56,1,0,0
BRDA:81,2,0,0
BRDA:83,3,0,0
BRDA:83,4,0,0
BRDA:83,4,1,0
BRDA:83,4,2,0
BRDA:87,5,0,0
BRDA:87,6,0,0
BRDA:87,6,1,0
BRDA:91,7,0,0
BRDA:91,8,0,0
BRDA:91,8,1,0
BRDA:101,9,0,0
BRDA:105,10,0,0
BRDA:107,11,0,0
BRDA:107,11,1,0
BRDA:116,12,0,0
BRDA:120,13,0,0
BRDA:122,14,0,0
BRDA:122,14,1,0
BRDA:129,15,0,0
BRDA:131,16,0,0
BRDA:136,17,0,0
BRDA:144,18,0,0
BRDA:146,19,0,0
BRDA:153,20,0,0
BRDA:153,20,1,0
BRDA:153,20,2,0
BRDA:155,21,0,0
BRDA:155,21,1,0
BRDA:155,21,2,0
BRDA:158,22,0,0
BRDA:158,22,1,0
BRDA:158,22,2,0
BRDA:161,23,0,0
BRDA:161,23,1,0
BRDA:164,24,0,0
BRDA:166,25,0,0
BRDA:166,25,1,0
BRDA:173,26,0,0
BRDA:175,27,0,0
BRDA:189,28,0,0
BRDA:192,29,0,0
BRDA:196,30,0,0
BRDA:196,30,1,0
BRDA:198,31,0,0
BRDA:207,32,0,0
BRDA:210,33,0,0
BRDA:210,34,0,0
BRDA:210,34,1,0
BRDA:214,35,0,0
BRDA:214,36,0,0
BRDA:214,36,1,0
BRDA:214,36,2,0
BRDA:223,37,0,0
BRDA:226,38,0,0
BRDA:226,39,0,0
BRDA:226,39,1,0
BRDA:230,40,0,0
BRDA:240,41,0,0
BRDA:240,42,0,0
BRDA:240,42,1,0
BRDA:244,43,0,0
BRDA:244,44,0,0
BRDA:244,44,1,0
BRDA:246,45,0,0
BRDA:246,45,1,0
BRDA:255,46,0,0
BRDA:258,47,0,0
BRDA:262,48,0,0
BRDA:272,49,0,0
BRDA:272,50,0,0
BRDA:274,51,0,0
BRDA:274,52,0,0
BRDA:274,52,1,0
BRDA:278,53,0,0
BRDA:278,54,0,0
BRDA:278,54,1,0
BRDA:278,54,2,0
BRDA:286,55,0,0
BRDA:288,56,0,0
BRDA:292,57,0,0
BRDA:296,58,0,0
BRDA:300,59,0,0
BRDA:300,59,1,0
BRDA:301,60,0,0
BRDA:311,61,0,0
BRDA:315,62,0,0
BRDA:315,62,1,0
BRDA:317,63,0,0
BRDA:324,64,0,0
BRDA:332,65,0,0
BRDA:343,66,0,0
BRDA:345,67,0,0
BRDA:345,68,0,0
BRDA:345,68,1,0
BRDA:349,69,0,0
BRDA:349,70,0,0
BRDA:349,70,1,0
BRDA:349,70,2,0
BRDA:359,71,0,0
BRDA:359,71,1,0
BRDA:361,72,0,0
BRDA:375,73,0,0
BRDA:390,74,0,0
BRDA:390,75,0,0
BRDA:390,75,1,0
BRDA:393,76,0,0
BRDA:400,77,0,0
BRDA:400,77,1,0
BRDA:401,78,0,0
BRDA:401,78,1,0
BRDA:413,79,0,0
BRDA:426,80,0,0
BRDA:441,81,0,0
BRDA:453,82,0,0
BRDA:458,83,0,0
BRDA:470,84,0,0
BRDA:470,85,0,0
BRDA:470,85,1,0
BRDA:470,85,2,0
BRDA:475,86,0,0
BRDA:501,87,0,0
BRDA:501,88,0,0
BRDA:501,88,1,0
BRDA:522,89,0,0
BRDA:522,90,0,0
BRDA:522,90,1,0
BRDA:538,91,0,0
BRDA:538,91,1,0
BRF:131
BRH:0
end_of_record
TN:
SF:src\validators\BaseValidator.ts
FN:33,(anonymous_0)
FN:40,(anonymous_1)
FN:41,(anonymous_2)
FN:51,(anonymous_3)
FN:58,(anonymous_4)
FN:66,(anonymous_5)
FN:89,(anonymous_6)
FN:105,(anonymous_7)
FN:117,(anonymous_8)
FN:125,(anonymous_9)
FN:143,(anonymous_10)
FN:148,(anonymous_11)
FN:154,(anonymous_12)
FN:155,(anonymous_13)
FNF:14
FNH:4
FNDA:27,(anonymous_0)
FNDA:0,(anonymous_1)
FNDA:0,(anonymous_2)
FNDA:45,(anonymous_3)
FNDA:0,(anonymous_4)
FNDA:4,(anonymous_5)
FNDA:13,(anonymous_6)
FNDA:0,(anonymous_7)
FNDA:0,(anonymous_8)
FNDA:0,(anonymous_9)
FNDA:0,(anonymous_10)
FNDA:0,(anonymous_11)
FNDA:0,(anonymous_12)
FNDA:0,(anonymous_13)
DA:24,1
DA:34,27
DA:41,0
DA:42,0
DA:52,45
DA:53,17
DA:55,28
DA:59,0
DA:60,0
DA:61,0
DA:63,0
DA:72,4
DA:73,0
DA:79,4
DA:80,1
DA:86,3
DA:95,13
DA:96,4
DA:102,9
DA:111,0
DA:112,0
DA:114,0
DA:118,0
DA:119,0
DA:120,0
DA:122,0
DA:126,0
DA:127,0
DA:128,0
DA:131,0
DA:132,0
DA:134,0
DA:135,0
DA:137,0
DA:144,0
DA:145,0
DA:148,0
DA:155,0
LF:38
LH:12
BRDA:52,0,0,17
BRDA:52,1,0,45
BRDA:52,1,1,45
BRDA:52,1,2,28
BRDA:58,2,0,0
BRDA:60,3,0,0
BRDA:72,4,0,0
BRDA:79,5,0,1
BRDA:95,6,0,4
BRDA:95,7,0,13
BRDA:95,7,1,11
BRDA:111,8,0,0
BRDA:119,9,0,0
BRDA:127,10,0,0
BRDA:134,11,0,0
BRDA:144,12,0,0
BRF:16
BRH:8
end_of_record
TN:
SF:src\validators\CreateSessionValidator.ts
FN:11,(anonymous_0)
FN:83,(anonymous_1)
FN:112,(anonymous_2)
FN:148,(anonymous_3)
FN:164,(anonymous_4)
FN:192,(anonymous_5)
FNF:6
FNH:1
FNDA:15,(anonymous_0)
FNDA:0,(anonymous_1)
FNDA:0,(anonymous_2)
FNDA:0,(anonymous_3)
FNDA:0,(anonymous_4)
FNDA:0,(anonymous_5)
DA:2,1
DA:10,1
DA:12,15
DA:15,15
DA:16,15
DA:17,2
DA:21,15
DA:22,15
DA:23,0
DA:27,15
DA:28,15
DA:29,15
DA:32,0
DA:33,0
DA:34,0
DA:37,0
DA:38,0
DA:39,0
DA:43,0
DA:44,0
DA:45,0
DA:51,15
DA:52,0
DA:53,0
DA:54,0
DA:59,15
DA:60,3
DA:61,3
DA:62,1
DA:67,15
DA:68,0
DA:69,0
DA:70,0
DA:74,15
DA:84,0
DA:85,0
DA:86,0
DA:89,0
DA:90,0
DA:98,0
DA:99,0
DA:106,0
DA:113,0
DA:134,0
DA:135,0
DA:142,0
DA:150,0
DA:151,0
DA:158,0
DA:165,0
DA:166,0
DA:168,0
DA:169,0
DA:170,0
DA:173,0
DA:174,0
DA:175,0
DA:178,0
DA:179,0
DA:180,0
DA:183,0
DA:193,0
DA:194,0
DA:196,0
DA:197,0
DA:198,0
DA:201,0
LF:67
LH:18
BRDA:16,0,0,2
BRDA:22,1,0,0
BRDA:28,2,0,15
BRDA:28,2,1,0
BRDA:33,3,0,0
BRDA:33,3,1,0
BRDA:38,4,0,0
BRDA:44,5,0,0
BRDA:51,6,0,0
BRDA:53,7,0,0
BRDA:59,8,0,3
BRDA:61,9,0,1
BRDA:67,10,0,0
BRDA:69,11,0,0
BRDA:89,12,0,0
BRDA:89,13,0,0
BRDA:89,13,1,0
BRDA:98,14,0,0
BRDA:98,15,0,0
BRDA:98,15,1,0
BRDA:134,16,0,0
BRDA:150,17,0,0
BRDA:169,18,0,0
BRDA:174,19,0,0
BRDA:179,20,0,0
BRDA:197,21,0,0
BRF:26
BRH:4
end_of_record
TN:
SF:src\validators\SearchCoachValidator.ts
FN:11,(anonymous_0)
FN:109,(anonymous_1)
FN:149,(anonymous_2)
FN:189,(anonymous_3)
FN:206,(anonymous_4)
FN:223,(anonymous_5)
FN:253,(anonymous_6)
FNF:7
FNH:5
FNDA:10,(anonymous_0)
FNDA:4,(anonymous_1)
FNDA:2,(anonymous_2)
FNDA:10,(anonymous_3)
FNDA:10,(anonymous_4)
FNDA:0,(anonymous_5)
FNDA:0,(anonymous_6)
DA:3,1
DA:10,1
DA:12,10
DA:15,10
DA:16,4
DA:17,4
DA:18,4
DA:23,10
DA:24,3
DA:25,3
DA:26,2
DA:31,10
DA:32,0
DA:33,0
DA:34,0
DA:39,10
DA:40,0
DA:41,0
DA:52,10
DA:53,2
DA:54,2
DA:55,1
DA:60,10
DA:61,0
DA:62,0
DA:69,10
DA:70,10
DA:71,10
DA:72,2
DA:77,10
DA:78,10
DA:79,10
DA:80,0
DA:85,10
DA:86,10
DA:87,10
DA:88,0
DA:93,10
DA:94,1
DA:95,1
DA:96,0
DA:100,10
DA:110,4
DA:135,4
DA:136,4
DA:143,0
DA:150,2
DA:151,0
DA:158,2
DA:159,0
DA:166,2
DA:167,1
DA:175,1
DA:176,0
DA:183,1
DA:190,10
DA:192,10
DA:193,0
DA:200,10
DA:207,10
DA:209,10
DA:210,0
DA:217,10
DA:224,0
DA:228,0
DA:230,0
DA:231,0
DA:232,0
DA:233,0
DA:237,0
DA:238,0
DA:239,0
DA:240,0
DA:244,0
DA:254,0
LF:75
LH:47
BRDA:15,0,0,4
BRDA:15,1,0,10
BRDA:15,1,1,4
BRDA:17,2,0,4
BRDA:23,3,0,3
BRDA:25,4,0,2
BRDA:31,5,0,0
BRDA:33,6,0,0
BRDA:39,7,0,0
BRDA:39,8,0,10
BRDA:39,8,1,3
BRDA:40,9,0,0
BRDA:52,10,0,2
BRDA:54,11,0,1
BRDA:60,12,0,0
BRDA:61,13,0,0
BRDA:69,14,0,10
BRDA:71,15,0,2
BRDA:77,16,0,10
BRDA:79,17,0,0
BRDA:85,18,0,10
BRDA:87,19,0,0
BRDA:93,20,0,1
BRDA:93,21,0,10
BRDA:93,21,1,1
BRDA:95,22,0,0
BRDA:135,23,0,4
BRDA:150,24,0,0
BRDA:158,25,0,0
BRDA:166,26,0,1
BRDA:175,27,0,0
BRDA:192,28,0,0
BRDA:209,29,0,0
BRDA:230,30,0,0
BRDA:232,31,0,0
BRDA:237,32,0,0
BRDA:239,33,0,0
BRF:37
BRH:19
end_of_record
TN:
SF:src\validators\index.ts
FN:2,(anonymous_0)
FN:3,(anonymous_1)
FN:4,(anonymous_2)
FNF:3
FNH:0
FNDA:0,(anonymous_0)
FNDA:0,(anonymous_1)
FNDA:0,(anonymous_2)
DA:2,0
DA:3,0
DA:4,0
LF:3
LH:0
BRF:0
BRH:0
end_of_record
